Log Started on 09-Mar-2018

Adding Noise
Optimizing for pentagon_speckle_low_optimal
Running polya filter for radius = 1, bins = 32, delta = 20.
Initial MSE: 594.9442
Iteration 1 of 50 | Duration = 3.940 | MSE = 596.1566

Running polya filter for radius = 1, bins = 32, delta = 40.
Initial MSE: 594.9442
Iteration 1 of 50 | Duration = 3.940 | MSE = 596.1566

Running polya filter for radius = 1, bins = 32, delta = 60.
Initial MSE: 594.9442
Iteration 1 of 50 | Duration = 4.535 | MSE = 596.1566

Running polya filter for radius = 1, bins = 32, delta = 80.
Initial MSE: 594.9442
Iteration 1 of 50 | Duration = 4.762 | MSE = 596.1566

Running polya filter for radius = 1, bins = 32, delta = 100.
Initial MSE: 594.9442
Iteration 1 of 50 | Duration = 8.818 | MSE = 304.3395
Iteration 2 of 50 | Duration = 4.112 | MSE = 259.2620
Iteration 3 of 50 | Duration = 3.624 | MSE = 238.8081
Iteration 4 of 50 | Duration = 3.327 | MSE = 228.8607
Iteration 5 of 50 | Duration = 3.634 | MSE = 221.3054
Iteration 6 of 50 | Duration = 3.219 | MSE = 216.3447
Iteration 7 of 50 | Duration = 3.107 | MSE = 214.3930
Iteration 8 of 50 | Duration = 3.481 | MSE = 213.3749
Iteration 9 of 50 | Duration = 3.254 | MSE = 212.3693
Iteration 10 of 50 | Duration = 3.306 | MSE = 211.5442
Iteration 11 of 50 | Duration = 3.271 | MSE = 211.0400
Iteration 12 of 50 | Duration = 3.425 | MSE = 210.6369
New optimal MSE: 210.6369

Running polya filter for radius = 1, bins = 32, delta = 120.
Initial MSE: 594.9442
Iteration 1 of 50 | Duration = 4.167 | MSE = 297.5145
Iteration 2 of 50 | Duration = 4.520 | MSE = 248.9494
Iteration 3 of 50 | Duration = 3.595 | MSE = 219.6741
Iteration 4 of 50 | Duration = 3.474 | MSE = 215.0821
Iteration 5 of 50 | Duration = 3.547 | MSE = 212.0989
Iteration 6 of 50 | Duration = 3.325 | MSE = 209.9987
Iteration 7 of 50 | Duration = 3.456 | MSE = 207.2106
Iteration 8 of 50 | Duration = 3.170 | MSE = 206.6251
Iteration 9 of 50 | Duration = 2.979 | MSE = 205.8773
Iteration 10 of 50 | Duration = 3.232 | MSE = 205.3103
Iteration 11 of 50 | Duration = 3.116 | MSE = 204.5089
Iteration 12 of 50 | Duration = 3.174 | MSE = 204.4220
New optimal MSE: 204.4220

Running polya filter for radius = 1, bins = 32, delta = 140.
Initial MSE: 594.9442
Iteration 1 of 50 | Duration = 4.132 | MSE = 297.5145
Iteration 2 of 50 | Duration = 4.433 | MSE = 248.9494
Iteration 3 of 50 | Duration = 3.318 | MSE = 219.7108
Iteration 4 of 50 | Duration = 3.156 | MSE = 215.0421
Iteration 5 of 50 | Duration = 3.231 | MSE = 212.0669
Iteration 6 of 50 | Duration = 3.252 | MSE = 209.9864
Iteration 7 of 50 | Duration = 3.183 | MSE = 207.2017
Iteration 8 of 50 | Duration = 3.225 | MSE = 206.5979
Iteration 9 of 50 | Duration = 3.054 | MSE = 205.8515
Iteration 10 of 50 | Duration = 3.109 | MSE = 205.2927
Iteration 11 of 50 | Duration = 2.967 | MSE = 204.4990
Iteration 12 of 50 | Duration = 3.317 | MSE = 204.4076
New optimal MSE: 204.4076

Running polya filter for radius = 1, bins = 32, delta = 160.
Initial MSE: 594.9442
Iteration 1 of 50 | Duration = 4.024 | MSE = 297.5145
Iteration 2 of 50 | Duration = 4.573 | MSE = 248.9494
Iteration 3 of 50 | Duration = 3.206 | MSE = 220.4806
Iteration 4 of 50 | Duration = 3.051 | MSE = 214.1159
Iteration 5 of 50 | Duration = 3.586 | MSE = 211.1327
Iteration 6 of 50 | Duration = 3.775 | MSE = 209.4208
Iteration 7 of 50 | Duration = 3.829 | MSE = 206.8361
Iteration 8 of 50 | Duration = 3.641 | MSE = 206.1142
Iteration 9 of 50 | Duration = 3.488 | MSE = 205.4214
Iteration 10 of 50 | Duration = 3.710 | MSE = 205.0222

Running polya filter for radius = 1, bins = 32, delta = 180.
Initial MSE: 594.9442
Iteration 1 of 50 | Duration = 4.661 | MSE = 297.5145
Iteration 2 of 50 | Duration = 4.771 | MSE = 248.9188
Iteration 3 of 50 | Duration = 3.528 | MSE = 220.3754
Iteration 4 of 50 | Duration = 3.342 | MSE = 214.0787
Iteration 5 of 50 | Duration = 3.392 | MSE = 211.0765
Iteration 6 of 50 | Duration = 3.272 | MSE = 209.3511
Iteration 7 of 50 | Duration = 3.211 | MSE = 206.7820
Iteration 8 of 50 | Duration = 3.215 | MSE = 206.0736
Iteration 9 of 50 | Duration = 3.266 | MSE = 205.3918
Iteration 10 of 50 | Duration = 3.689 | MSE = 204.9950

Running polya filter for radius = 1, bins = 32, delta = 200.
Initial MSE: 594.9442
Iteration 1 of 50 | Duration = 4.126 | MSE = 297.5145
Iteration 2 of 50 | Duration = 4.565 | MSE = 248.9183
Iteration 3 of 50 | Duration = 3.378 | MSE = 220.3771
Iteration 4 of 50 | Duration = 3.157 | MSE = 214.0812
Iteration 5 of 50 | Duration = 3.082 | MSE = 211.0787
Iteration 6 of 50 | Duration = 3.317 | MSE = 209.3529
Iteration 7 of 50 | Duration = 3.335 | MSE = 206.7838
Iteration 8 of 50 | Duration = 2.963 | MSE = 206.0755
Iteration 9 of 50 | Duration = 3.097 | MSE = 205.3935
Iteration 10 of 50 | Duration = 3.214 | MSE = 204.9967

Running polya filter for radius = 1, bins = 64, delta = 20.
Initial MSE: 594.9442
Iteration 1 of 50 | Duration = 6.173 | MSE = 589.7518
Iteration 2 of 50 | Duration = 5.098 | MSE = 589.7518
Iteration 3 of 50 | Duration = 5.200 | MSE = 589.7518

Running polya filter for radius = 1, bins = 64, delta = 40.
Initial MSE: 594.9442
Iteration 1 of 50 | Duration = 6.621 | MSE = 589.7518
Iteration 2 of 50 | Duration = 5.059 | MSE = 589.7518
Iteration 3 of 50 | Duration = 4.988 | MSE = 333.5692
Iteration 4 of 50 | Duration = 5.621 | MSE = 283.7278
Iteration 5 of 50 | Duration = 5.807 | MSE = 276.5057
Iteration 6 of 50 | Duration = 6.114 | MSE = 235.5404
Iteration 7 of 50 | Duration = 5.828 | MSE = 224.7817
Iteration 8 of 50 | Duration = 5.866 | MSE = 222.5918
Iteration 9 of 50 | Duration = 6.122 | MSE = 214.6194
Iteration 10 of 50 | Duration = 5.576 | MSE = 213.8078
Iteration 11 of 50 | Duration = 5.243 | MSE = 212.8817
Iteration 12 of 50 | Duration = 5.258 | MSE = 212.4907

Running polya filter for radius = 1, bins = 64, delta = 60.
Initial MSE: 594.9442
Iteration 1 of 50 | Duration = 6.236 | MSE = 589.7518
Iteration 2 of 50 | Duration = 4.980 | MSE = 333.5692
Iteration 3 of 50 | Duration = 5.001 | MSE = 282.7700
Iteration 4 of 50 | Duration = 5.609 | MSE = 235.4458
Iteration 5 of 50 | Duration = 5.149 | MSE = 223.1062
Iteration 6 of 50 | Duration = 5.211 | MSE = 214.5717
Iteration 7 of 50 | Duration = 5.188 | MSE = 213.6444
Iteration 8 of 50 | Duration = 5.211 | MSE = 212.2871
Iteration 9 of 50 | Duration = 5.496 | MSE = 210.9738
Iteration 10 of 50 | Duration = 5.898 | MSE = 209.1369
Iteration 11 of 50 | Duration = 5.317 | MSE = 208.3941
Iteration 12 of 50 | Duration = 5.549 | MSE = 206.7296
Iteration 13 of 50 | Duration = 5.458 | MSE = 206.0884
Iteration 14 of 50 | Duration = 4.988 | MSE = 204.7730
Iteration 15 of 50 | Duration = 4.958 | MSE = 204.5124

Running polya filter for radius = 1, bins = 64, delta = 80.
Initial MSE: 594.9442
Iteration 1 of 50 | Duration = 6.563 | MSE = 589.7518
Iteration 2 of 50 | Duration = 5.231 | MSE = 333.5692
Iteration 3 of 50 | Duration = 5.060 | MSE = 285.3926
Iteration 4 of 50 | Duration = 5.636 | MSE = 235.7824
Iteration 5 of 50 | Duration = 5.467 | MSE = 223.6867
Iteration 6 of 50 | Duration = 5.975 | MSE = 214.8024
Iteration 7 of 50 | Duration = 5.628 | MSE = 212.6275
Iteration 8 of 50 | Duration = 5.500 | MSE = 210.6289
Iteration 9 of 50 | Duration = 5.435 | MSE = 209.6228
Iteration 10 of 50 | Duration = 5.419 | MSE = 207.9329
Iteration 11 of 50 | Duration = 5.715 | MSE = 207.3734
Iteration 12 of 50 | Duration = 6.116 | MSE = 205.9187
Iteration 13 of 50 | Duration = 5.468 | MSE = 205.3899
Iteration 14 of 50 | Duration = 5.559 | MSE = 204.1767
Iteration 15 of 50 | Duration = 6.077 | MSE = 203.9860
New optimal MSE: 203.9860

Running polya filter for radius = 1, bins = 64, delta = 100.
Initial MSE: 594.9442
Iteration 1 of 50 | Duration = 10.265 | MSE = 298.3445
Iteration 2 of 50 | Duration = 6.456 | MSE = 255.3596
Iteration 3 of 50 | Duration = 6.434 | MSE = 234.3692
Iteration 4 of 50 | Duration = 5.649 | MSE = 223.5763
Iteration 5 of 50 | Duration = 5.394 | MSE = 216.4173
Iteration 6 of 50 | Duration = 5.351 | MSE = 212.4164
Iteration 7 of 50 | Duration = 5.643 | MSE = 210.5964
Iteration 8 of 50 | Duration = 5.427 | MSE = 209.4647
Iteration 9 of 50 | Duration = 5.261 | MSE = 208.5555
Iteration 10 of 50 | Duration = 5.208 | MSE = 207.8141
Iteration 11 of 50 | Duration = 5.879 | MSE = 207.2970
Iteration 12 of 50 | Duration = 5.977 | MSE = 206.8265

Running polya filter for radius = 1, bins = 64, delta = 120.
Initial MSE: 594.9442
Iteration 1 of 50 | Duration = 6.513 | MSE = 293.5251
Iteration 2 of 50 | Duration = 7.156 | MSE = 241.3240
Iteration 3 of 50 | Duration = 6.045 | MSE = 216.0438
Iteration 4 of 50 | Duration = 5.568 | MSE = 211.6548
Iteration 5 of 50 | Duration = 5.763 | MSE = 208.2405
Iteration 6 of 50 | Duration = 6.127 | MSE = 205.9908
Iteration 7 of 50 | Duration = 5.449 | MSE = 203.9152
Iteration 8 of 50 | Duration = 5.163 | MSE = 203.1699
Iteration 9 of 50 | Duration = 5.219 | MSE = 202.4017
Iteration 10 of 50 | Duration = 5.537 | MSE = 201.8250
Iteration 11 of 50 | Duration = 5.473 | MSE = 201.2516
Iteration 12 of 50 | Duration = 5.412 | MSE = 201.1034
New optimal MSE: 201.1034

Running polya filter for radius = 1, bins = 64, delta = 140.
Initial MSE: 594.9442
Iteration 1 of 50 | Duration = 6.967 | MSE = 293.5251
Iteration 2 of 50 | Duration = 8.033 | MSE = 241.3240
Iteration 3 of 50 | Duration = 5.676 | MSE = 216.0778
Iteration 4 of 50 | Duration = 5.312 | MSE = 211.5980
Iteration 5 of 50 | Duration = 5.538 | MSE = 208.2235
Iteration 6 of 50 | Duration = 5.793 | MSE = 205.9780
Iteration 7 of 50 | Duration = 5.182 | MSE = 203.8956
Iteration 8 of 50 | Duration = 5.396 | MSE = 203.1440
Iteration 9 of 50 | Duration = 5.972 | MSE = 202.3823
Iteration 10 of 50 | Duration = 5.913 | MSE = 201.8062
Iteration 11 of 50 | Duration = 5.543 | MSE = 201.2393
Iteration 12 of 50 | Duration = 5.103 | MSE = 201.0913
New optimal MSE: 201.0913

Running polya filter for radius = 1, bins = 64, delta = 160.
Initial MSE: 594.9442
Iteration 1 of 50 | Duration = 7.035 | MSE = 293.5251
Iteration 2 of 50 | Duration = 7.407 | MSE = 241.3240
Iteration 3 of 50 | Duration = 5.375 | MSE = 216.8983
Iteration 4 of 50 | Duration = 5.587 | MSE = 210.3118
Iteration 5 of 50 | Duration = 5.809 | MSE = 207.5108
Iteration 6 of 50 | Duration = 5.210 | MSE = 205.5653
Iteration 7 of 50 | Duration = 5.408 | MSE = 203.4730
Iteration 8 of 50 | Duration = 5.484 | MSE = 202.6673
Iteration 9 of 50 | Duration = 5.676 | MSE = 202.0460
Iteration 10 of 50 | Duration = 5.282 | MSE = 201.6086

Running polya filter for radius = 1, bins = 64, delta = 180.
Initial MSE: 594.9442
Iteration 1 of 50 | Duration = 6.321 | MSE = 293.5251
Iteration 2 of 50 | Duration = 7.513 | MSE = 241.2869
Iteration 3 of 50 | Duration = 5.704 | MSE = 216.7832
Iteration 4 of 50 | Duration = 5.317 | MSE = 210.3020
Iteration 5 of 50 | Duration = 4.999 | MSE = 207.4517
Iteration 6 of 50 | Duration = 5.774 | MSE = 205.5055
Iteration 7 of 50 | Duration = 5.238 | MSE = 203.4327
Iteration 8 of 50 | Duration = 5.010 | MSE = 202.6368
Iteration 9 of 50 | Duration = 5.048 | MSE = 202.0156
Iteration 10 of 50 | Duration = 5.608 | MSE = 201.5861

Running polya filter for radius = 1, bins = 64, delta = 200.
Initial MSE: 594.9442
Iteration 1 of 50 | Duration = 6.476 | MSE = 293.5251
Iteration 2 of 50 | Duration = 7.009 | MSE = 241.2861
Iteration 3 of 50 | Duration = 5.995 | MSE = 216.7848
Iteration 4 of 50 | Duration = 5.606 | MSE = 210.3042
Iteration 5 of 50 | Duration = 5.322 | MSE = 207.4539
Iteration 6 of 50 | Duration = 5.337 | MSE = 205.5076
Iteration 7 of 50 | Duration = 5.755 | MSE = 203.4347
Iteration 8 of 50 | Duration = 5.705 | MSE = 202.6386
Iteration 9 of 50 | Duration = 5.057 | MSE = 202.0174
Iteration 10 of 50 | Duration = 5.222 | MSE = 201.5879

Running polya filter for radius = 1, bins = 128, delta = 20.
Initial MSE: 594.9442
Iteration 1 of 50 | Duration = 25.323 | MSE = 586.1968
Iteration 2 of 50 | Duration = 25.208 | MSE = 586.1968
Iteration 3 of 50 | Duration = 24.405 | MSE = 586.1968

Running polya filter for radius = 1, bins = 128, delta = 40.
Initial MSE: 594.9442
Iteration 1 of 50 | Duration = 25.108 | MSE = 586.1968
Iteration 2 of 50 | Duration = 24.676 | MSE = 586.1968
Iteration 3 of 50 | Duration = 24.776 | MSE = 336.4444
Iteration 4 of 50 | Duration = 25.205 | MSE = 287.5660
Iteration 5 of 50 | Duration = 25.069 | MSE = 280.4085
Iteration 6 of 50 | Duration = 26.289 | MSE = 234.1771
Iteration 7 of 50 | Duration = 24.762 | MSE = 223.0647
Iteration 8 of 50 | Duration = 24.712 | MSE = 220.2449
Iteration 9 of 50 | Duration = 25.008 | MSE = 213.2597
Iteration 10 of 50 | Duration = 25.160 | MSE = 212.4122
Iteration 11 of 50 | Duration = 25.110 | MSE = 211.5071
Iteration 12 of 50 | Duration = 24.965 | MSE = 211.0417

Running polya filter for radius = 1, bins = 128, delta = 60.
Initial MSE: 594.9442
Iteration 1 of 50 | Duration = 24.848 | MSE = 586.1968
Iteration 2 of 50 | Duration = 24.415 | MSE = 336.4444
Iteration 3 of 50 | Duration = 25.377 | MSE = 286.3696
Iteration 4 of 50 | Duration = 29.030 | MSE = 233.8019
Iteration 5 of 50 | Duration = 27.538 | MSE = 220.7088
Iteration 6 of 50 | Duration = 27.010 | MSE = 213.2650
Iteration 7 of 50 | Duration = 26.487 | MSE = 212.2823
Iteration 8 of 50 | Duration = 24.648 | MSE = 210.8784
Iteration 9 of 50 | Duration = 23.881 | MSE = 209.4617
Iteration 10 of 50 | Duration = 24.949 | MSE = 207.5596
Iteration 11 of 50 | Duration = 24.782 | MSE = 206.7483
Iteration 12 of 50 | Duration = 24.803 | MSE = 205.2521
Iteration 13 of 50 | Duration = 25.526 | MSE = 204.6137
Iteration 14 of 50 | Duration = 24.986 | MSE = 203.5267
Iteration 15 of 50 | Duration = 23.652 | MSE = 203.2241

Running polya filter for radius = 1, bins = 128, delta = 80.
Initial MSE: 594.9442
Iteration 1 of 50 | Duration = 25.957 | MSE = 586.1968
Iteration 2 of 50 | Duration = 24.285 | MSE = 336.4444
Iteration 3 of 50 | Duration = 23.814 | MSE = 289.4916
Iteration 4 of 50 | Duration = 25.818 | MSE = 234.3506
Iteration 5 of 50 | Duration = 24.922 | MSE = 221.5110
Iteration 6 of 50 | Duration = 24.794 | MSE = 213.4460
Iteration 7 of 50 | Duration = 24.594 | MSE = 211.0738
Iteration 8 of 50 | Duration = 25.286 | MSE = 209.1844
Iteration 9 of 50 | Duration = 23.829 | MSE = 208.1456
Iteration 10 of 50 | Duration = 24.877 | MSE = 206.5198
Iteration 11 of 50 | Duration = 25.999 | MSE = 205.8965
Iteration 12 of 50 | Duration = 24.533 | MSE = 204.5035
Iteration 13 of 50 | Duration = 23.912 | MSE = 203.9748
Iteration 14 of 50 | Duration = 24.824 | MSE = 202.9433
Iteration 15 of 50 | Duration = 24.600 | MSE = 202.7296

Running polya filter for radius = 1, bins = 128, delta = 100.
Initial MSE: 594.9442
Iteration 1 of 50 | Duration = 29.996 | MSE = 296.0868
Iteration 2 of 50 | Duration = 26.890 | MSE = 253.6760
Iteration 3 of 50 | Duration = 25.962 | MSE = 232.4680
Iteration 4 of 50 | Duration = 24.306 | MSE = 221.3016
Iteration 5 of 50 | Duration = 23.520 | MSE = 214.5322
Iteration 6 of 50 | Duration = 24.036 | MSE = 210.9291
Iteration 7 of 50 | Duration = 24.358 | MSE = 209.1463
Iteration 8 of 50 | Duration = 23.390 | MSE = 207.9632
Iteration 9 of 50 | Duration = 23.474 | MSE = 207.1314
Iteration 10 of 50 | Duration = 23.570 | MSE = 206.3991
Iteration 11 of 50 | Duration = 23.102 | MSE = 205.8712
Iteration 12 of 50 | Duration = 24.613 | MSE = 205.3749

Running polya filter for radius = 1, bins = 128, delta = 120.
Initial MSE: 594.9442
Iteration 1 of 50 | Duration = 24.952 | MSE = 291.6223
Iteration 2 of 50 | Duration = 26.252 | MSE = 238.1968
Iteration 3 of 50 | Duration = 24.086 | MSE = 214.5772
Iteration 4 of 50 | Duration = 24.760 | MSE = 210.3462
Iteration 5 of 50 | Duration = 23.359 | MSE = 206.6883
Iteration 6 of 50 | Duration = 24.776 | MSE = 204.4560
Iteration 7 of 50 | Duration = 24.577 | MSE = 202.6879
Iteration 8 of 50 | Duration = 54.537 | MSE = 201.8513
Iteration 9 of 50 | Duration = 25.267 | MSE = 201.1172
Iteration 10 of 50 | Duration = 26.766 | MSE = 200.5529
Iteration 11 of 50 | Duration = 25.811 | MSE = 200.0333
Iteration 12 of 50 | Duration = 24.796 | MSE = 199.8763
New optimal MSE: 199.8763

Running polya filter for radius = 1, bins = 128, delta = 140.
Initial MSE: 594.9442
Iteration 1 of 50 | Duration = 22.841 | MSE = 291.6223
Iteration 2 of 50 | Duration = 23.967 | MSE = 238.1968
Iteration 3 of 50 | Duration = 21.718 | MSE = 214.6110
Iteration 4 of 50 | Duration = 22.518 | MSE = 210.2816
Iteration 5 of 50 | Duration = 22.336 | MSE = 206.6772
Iteration 6 of 50 | Duration = 22.230 | MSE = 204.4341
Iteration 7 of 50 | Duration = 21.206 | MSE = 202.6647
Iteration 8 of 50 | Duration = 21.661 | MSE = 201.8300
Iteration 9 of 50 | Duration = 21.708 | MSE = 201.1009
Iteration 10 of 50 | Duration = 21.881 | MSE = 200.5362
Iteration 11 of 50 | Duration = 22.652 | MSE = 200.0229
Iteration 12 of 50 | Duration = 21.655 | MSE = 199.8661
New optimal MSE: 199.8661

Running polya filter for radius = 1, bins = 128, delta = 160.
Initial MSE: 594.9442
Iteration 1 of 50 | Duration = 21.695 | MSE = 291.6223
Iteration 2 of 50 | Duration = 24.635 | MSE = 238.1968
Iteration 3 of 50 | Duration = 22.357 | MSE = 215.4149
Iteration 4 of 50 | Duration = 21.448 | MSE = 208.8406
Iteration 5 of 50 | Duration = 21.965 | MSE = 206.0689
Iteration 6 of 50 | Duration = 21.633 | MSE = 204.0624
Iteration 7 of 50 | Duration = 21.595 | MSE = 202.2209
Iteration 8 of 50 | Duration = 22.727 | MSE = 201.3820
Iteration 9 of 50 | Duration = 22.019 | MSE = 200.7975
Iteration 10 of 50 | Duration = 21.860 | MSE = 200.3569

Running polya filter for radius = 1, bins = 128, delta = 180.
Initial MSE: 594.9442
Iteration 1 of 50 | Duration = 22.800 | MSE = 291.6223
Iteration 2 of 50 | Duration = 23.663 | MSE = 238.1545
Iteration 3 of 50 | Duration = 22.224 | MSE = 215.3043
Iteration 4 of 50 | Duration = 22.206 | MSE = 208.8387
Iteration 5 of 50 | Duration = 22.695 | MSE = 206.0102
Iteration 6 of 50 | Duration = 20.760 | MSE = 204.0121
Iteration 7 of 50 | Duration = 22.183 | MSE = 202.1851
Iteration 8 of 50 | Duration = 22.045 | MSE = 201.3546
Iteration 9 of 50 | Duration = 21.803 | MSE = 200.7728
Iteration 10 of 50 | Duration = 21.399 | MSE = 200.3379

Running polya filter for radius = 1, bins = 128, delta = 200.
Initial MSE: 594.9442
Iteration 1 of 50 | Duration = 21.806 | MSE = 291.6223
Iteration 2 of 50 | Duration = 23.881 | MSE = 238.1537
Iteration 3 of 50 | Duration = 22.266 | MSE = 215.3063
Iteration 4 of 50 | Duration = 22.135 | MSE = 208.8409
Iteration 5 of 50 | Duration = 21.745 | MSE = 206.0120
Iteration 6 of 50 | Duration = 21.265 | MSE = 204.0139
Iteration 7 of 50 | Duration = 22.023 | MSE = 202.1868
Iteration 8 of 50 | Duration = 22.096 | MSE = 201.3561
Iteration 9 of 50 | Duration = 21.791 | MSE = 200.7742
Iteration 10 of 50 | Duration = 21.551 | MSE = 200.3393

Running polya filter for radius = 1, bins = 256, delta = 20.
Initial MSE: 594.9442
Iteration 1 of 50 | Duration = 35.332 | MSE = 594.7803
Iteration 2 of 50 | Duration = 35.035 | MSE = 594.7803
Iteration 3 of 50 | Duration = 35.134 | MSE = 594.7803

Running polya filter for radius = 1, bins = 256, delta = 40.
Initial MSE: 594.9442
Iteration 1 of 50 | Duration = 34.126 | MSE = 594.7803
Iteration 2 of 50 | Duration = 33.954 | MSE = 594.7803
Iteration 3 of 50 | Duration = 34.175 | MSE = 342.9387
Iteration 4 of 50 | Duration = 34.734 | MSE = 293.9385
Iteration 5 of 50 | Duration = 34.363 | MSE = 286.5826
Iteration 6 of 50 | Duration = 36.077 | MSE = 236.4618
Iteration 7 of 50 | Duration = 35.309 | MSE = 224.8509
Iteration 8 of 50 | Duration = 34.684 | MSE = 221.5386
Iteration 9 of 50 | Duration = 35.170 | MSE = 214.8133
Iteration 10 of 50 | Duration = 35.815 | MSE = 213.9239
Iteration 11 of 50 | Duration = 35.607 | MSE = 212.9802
Iteration 12 of 50 | Duration = 35.312 | MSE = 212.4660
Iteration 13 of 50 | Duration = 35.505 | MSE = 211.2184
Iteration 14 of 50 | Duration = 36.465 | MSE = 209.9460
Iteration 15 of 50 | Duration = 35.267 | MSE = 208.5608
Iteration 16 of 50 | Duration = 34.939 | MSE = 208.0890

Running polya filter for radius = 1, bins = 256, delta = 60.
Initial MSE: 594.9442
Iteration 1 of 50 | Duration = 34.847 | MSE = 594.7803
Iteration 2 of 50 | Duration = 34.391 | MSE = 342.9387
Iteration 3 of 50 | Duration = 34.154 | MSE = 292.5655
Iteration 4 of 50 | Duration = 35.434 | MSE = 235.9032
Iteration 5 of 50 | Duration = 35.643 | MSE = 221.9864
Iteration 6 of 50 | Duration = 35.079 | MSE = 214.8330
Iteration 7 of 50 | Duration = 34.879 | MSE = 213.8069
Iteration 8 of 50 | Duration = 35.816 | MSE = 212.3231
Iteration 9 of 50 | Duration = 36.560 | MSE = 210.8239
Iteration 10 of 50 | Duration = 36.217 | MSE = 208.8154
Iteration 11 of 50 | Duration = 36.152 | MSE = 207.9416
Iteration 12 of 50 | Duration = 36.530 | MSE = 206.5029
Iteration 13 of 50 | Duration = 36.493 | MSE = 205.8362
Iteration 14 of 50 | Duration = 36.761 | MSE = 204.7967
Iteration 15 of 50 | Duration = 36.177 | MSE = 204.4683

Running polya filter for radius = 1, bins = 256, delta = 80.
Initial MSE: 594.9442
Iteration 1 of 50 | Duration = 35.239 | MSE = 594.7803
Iteration 2 of 50 | Duration = 34.931 | MSE = 342.9387
Iteration 3 of 50 | Duration = 35.722 | MSE = 295.9892
Iteration 4 of 50 | Duration = 36.644 | MSE = 236.6130
Iteration 5 of 50 | Duration = 36.169 | MSE = 222.9724
Iteration 6 of 50 | Duration = 36.156 | MSE = 214.9911
Iteration 7 of 50 | Duration = 36.349 | MSE = 212.4250
Iteration 8 of 50 | Duration = 35.572 | MSE = 210.5592
Iteration 9 of 50 | Duration = 35.390 | MSE = 209.4678
Iteration 10 of 50 | Duration = 35.933 | MSE = 207.8090
Iteration 11 of 50 | Duration = 36.586 | MSE = 207.1443
Iteration 12 of 50 | Duration = 36.428 | MSE = 205.7401
Iteration 13 of 50 | Duration = 35.640 | MSE = 205.1966
Iteration 14 of 50 | Duration = 35.178 | MSE = 204.1957
Iteration 15 of 50 | Duration = 35.511 | MSE = 203.9678

Running polya filter for radius = 1, bins = 256, delta = 100.
Initial MSE: 594.9442
Iteration 1 of 50 | Duration = 39.708 | MSE = 299.5077
Iteration 2 of 50 | Duration = 36.559 | MSE = 256.4855
Iteration 3 of 50 | Duration = 36.163 | MSE = 234.5832
Iteration 4 of 50 | Duration = 36.769 | MSE = 222.9406
Iteration 5 of 50 | Duration = 35.679 | MSE = 216.1309
Iteration 6 of 50 | Duration = 35.992 | MSE = 212.6049
Iteration 7 of 50 | Duration = 36.131 | MSE = 210.7788
Iteration 8 of 50 | Duration = 36.127 | MSE = 209.5831
Iteration 9 of 50 | Duration = 37.338 | MSE = 208.7536
Iteration 10 of 50 | Duration = 36.475 | MSE = 207.9853
Iteration 11 of 50 | Duration = 35.925 | MSE = 207.4423
Iteration 12 of 50 | Duration = 36.190 | MSE = 206.9309
Iteration 13 of 50 | Duration = 37.032 | MSE = 206.4537

Running polya filter for radius = 1, bins = 256, delta = 120.
Initial MSE: 594.9442
Iteration 1 of 50 | Duration = 35.451 | MSE = 294.9643
Iteration 2 of 50 | Duration = 37.266 | MSE = 239.5993
Iteration 3 of 50 | Duration = 36.382 | MSE = 216.1305
Iteration 4 of 50 | Duration = 37.213 | MSE = 211.8894
Iteration 5 of 50 | Duration = 36.408 | MSE = 207.9650
Iteration 6 of 50 | Duration = 36.998 | MSE = 205.6741
Iteration 7 of 50 | Duration = 37.063 | MSE = 203.9652
Iteration 8 of 50 | Duration = 36.141 | MSE = 203.0518
Iteration 9 of 50 | Duration = 36.063 | MSE = 202.3021
Iteration 10 of 50 | Duration = 36.552 | MSE = 201.7293
Iteration 11 of 50 | Duration = 36.239 | MSE = 201.2237
Iteration 12 of 50 | Duration = 36.668 | MSE = 201.0493

Running polya filter for radius = 1, bins = 256, delta = 140.
Initial MSE: 594.9442
Iteration 1 of 50 | Duration = 36.064 | MSE = 294.9643
Iteration 2 of 50 | Duration = 38.308 | MSE = 239.5993
Iteration 3 of 50 | Duration = 36.287 | MSE = 216.1610
Iteration 4 of 50 | Duration = 37.015 | MSE = 211.8199
Iteration 5 of 50 | Duration = 37.003 | MSE = 207.9548
Iteration 6 of 50 | Duration = 36.255 | MSE = 205.6473
Iteration 7 of 50 | Duration = 36.723 | MSE = 203.9432
Iteration 8 of 50 | Duration = 36.282 | MSE = 203.0331
Iteration 9 of 50 | Duration = 36.199 | MSE = 202.2859
Iteration 10 of 50 | Duration = 37.458 | MSE = 201.7120
Iteration 11 of 50 | Duration = 37.090 | MSE = 201.2131

Running polya filter for radius = 1, bins = 256, delta = 160.
Initial MSE: 594.9442
Iteration 1 of 50 | Duration = 34.853 | MSE = 294.9643
Iteration 2 of 50 | Duration = 38.162 | MSE = 239.5993
Iteration 3 of 50 | Duration = 37.826 | MSE = 216.9704
Iteration 4 of 50 | Duration = 35.744 | MSE = 210.2274
Iteration 5 of 50 | Duration = 35.852 | MSE = 207.3673
Iteration 6 of 50 | Duration = 36.241 | MSE = 205.2605
Iteration 7 of 50 | Duration = 36.462 | MSE = 203.4680
Iteration 8 of 50 | Duration = 36.220 | MSE = 202.5786
Iteration 9 of 50 | Duration = 35.913 | MSE = 201.9976
Iteration 10 of 50 | Duration = 35.820 | MSE = 201.5442

Running polya filter for radius = 1, bins = 256, delta = 180.
Initial MSE: 594.9442
Iteration 1 of 50 | Duration = 35.333 | MSE = 294.9643
Iteration 2 of 50 | Duration = 38.200 | MSE = 239.5518
Iteration 3 of 50 | Duration = 36.641 | MSE = 216.8593
Iteration 4 of 50 | Duration = 35.656 | MSE = 210.2284
Iteration 5 of 50 | Duration = 36.547 | MSE = 207.3054
Iteration 6 of 50 | Duration = 35.386 | MSE = 205.2102
Iteration 7 of 50 | Duration = 35.980 | MSE = 203.4288
Iteration 8 of 50 | Duration = 36.471 | MSE = 202.5489
Iteration 9 of 50 | Duration = 36.469 | MSE = 201.9722
Iteration 10 of 50 | Duration = 36.300 | MSE = 201.5244

Running polya filter for radius = 1, bins = 256, delta = 200.
Initial MSE: 594.9442
Iteration 1 of 50 | Duration = 35.138 | MSE = 294.9643
Iteration 2 of 50 | Duration = 37.740 | MSE = 239.5510
Iteration 3 of 50 | Duration = 36.807 | MSE = 216.8616
Iteration 4 of 50 | Duration = 36.793 | MSE = 210.2307
Iteration 5 of 50 | Duration = 36.820 | MSE = 207.3074
Iteration 6 of 50 | Duration = 36.604 | MSE = 205.2120
Iteration 7 of 50 | Duration = 35.410 | MSE = 203.4307
Iteration 8 of 50 | Duration = 36.219 | MSE = 202.5506
Iteration 9 of 50 | Duration = 36.080 | MSE = 201.9738
Iteration 10 of 50 | Duration = 36.781 | MSE = 201.5260

Running polya filter for radius = 2, bins = 32, delta = 20.
Initial MSE: 594.9442
Iteration 1 of 50 | Duration = 5.049 | MSE = 596.1566

Running polya filter for radius = 2, bins = 32, delta = 40.
Initial MSE: 594.9442
Iteration 1 of 50 | Duration = 4.988 | MSE = 596.1566

Running polya filter for radius = 2, bins = 32, delta = 60.
Initial MSE: 594.9442
Iteration 1 of 50 | Duration = 4.019 | MSE = 596.1566

Running polya filter for radius = 2, bins = 32, delta = 80.
Initial MSE: 594.9442
Iteration 1 of 50 | Duration = 4.004 | MSE = 596.1566

Running polya filter for radius = 2, bins = 32, delta = 100.
Initial MSE: 594.9442
Iteration 1 of 50 | Duration = 7.902 | MSE = 237.6492
Iteration 2 of 50 | Duration = 3.925 | MSE = 189.3393
Iteration 3 of 50 | Duration = 3.233 | MSE = 182.7854
Iteration 4 of 50 | Duration = 3.656 | MSE = 180.1705
Iteration 5 of 50 | Duration = 3.515 | MSE = 178.4607
Iteration 6 of 50 | Duration = 3.365 | MSE = 177.1275
Iteration 7 of 50 | Duration = 3.494 | MSE = 176.8275
New optimal MSE: 176.8275

Running polya filter for radius = 2, bins = 32, delta = 120.
Initial MSE: 594.9442
Iteration 1 of 50 | Duration = 4.107 | MSE = 213.7796
Iteration 2 of 50 | Duration = 4.043 | MSE = 190.8354
Iteration 3 of 50 | Duration = 3.035 | MSE = 181.0337
Iteration 4 of 50 | Duration = 3.348 | MSE = 179.3513
Iteration 5 of 50 | Duration = 3.136 | MSE = 178.3299
Iteration 6 of 50 | Duration = 3.525 | MSE = 177.9564

Running polya filter for radius = 2, bins = 32, delta = 140.
Initial MSE: 594.9442
Iteration 1 of 50 | Duration = 4.277 | MSE = 213.7796
Iteration 2 of 50 | Duration = 4.289 | MSE = 190.8344
Iteration 3 of 50 | Duration = 3.301 | MSE = 181.0988
Iteration 4 of 50 | Duration = 3.538 | MSE = 179.3410
Iteration 5 of 50 | Duration = 3.199 | MSE = 178.3129
Iteration 6 of 50 | Duration = 3.222 | MSE = 177.9524

Running polya filter for radius = 2, bins = 32, delta = 160.
Initial MSE: 594.9442
Iteration 1 of 50 | Duration = 4.149 | MSE = 213.7796
Iteration 2 of 50 | Duration = 4.234 | MSE = 190.8320
Iteration 3 of 50 | Duration = 3.335 | MSE = 181.3523
Iteration 4 of 50 | Duration = 3.297 | MSE = 179.3882
Iteration 5 of 50 | Duration = 3.024 | MSE = 178.2103
Iteration 6 of 50 | Duration = 3.088 | MSE = 177.8863

Running polya filter for radius = 2, bins = 32, delta = 180.
Initial MSE: 594.9442
Iteration 1 of 50 | Duration = 3.909 | MSE = 213.7796
Iteration 2 of 50 | Duration = 4.635 | MSE = 190.6359
Iteration 3 of 50 | Duration = 3.475 | MSE = 181.1822
Iteration 4 of 50 | Duration = 3.022 | MSE = 179.3458
Iteration 5 of 50 | Duration = 3.141 | MSE = 178.2362
Iteration 6 of 50 | Duration = 3.058 | MSE = 177.9324

Running polya filter for radius = 2, bins = 32, delta = 200.
Initial MSE: 594.9442
Iteration 1 of 50 | Duration = 4.416 | MSE = 213.7796
Iteration 2 of 50 | Duration = 4.557 | MSE = 190.6345
Iteration 3 of 50 | Duration = 3.060 | MSE = 181.1792
Iteration 4 of 50 | Duration = 3.139 | MSE = 179.3428
Iteration 5 of 50 | Duration = 3.106 | MSE = 178.2344
Iteration 6 of 50 | Duration = 3.086 | MSE = 177.9327

Running polya filter for radius = 2, bins = 64, delta = 20.
Initial MSE: 594.9442
Iteration 1 of 50 | Duration = 6.552 | MSE = 589.7518
Iteration 2 of 50 | Duration = 4.930 | MSE = 589.7518
Iteration 3 of 50 | Duration = 4.944 | MSE = 589.7518

Running polya filter for radius = 2, bins = 64, delta = 40.
Initial MSE: 594.9442
Iteration 1 of 50 | Duration = 6.429 | MSE = 589.7518
Iteration 2 of 50 | Duration = 4.476 | MSE = 589.7518
Iteration 3 of 50 | Duration = 4.581 | MSE = 362.7307
Iteration 4 of 50 | Duration = 4.781 | MSE = 262.0242
Iteration 5 of 50 | Duration = 5.074 | MSE = 218.3288
Iteration 6 of 50 | Duration = 5.567 | MSE = 189.0004
Iteration 7 of 50 | Duration = 5.094 | MSE = 180.9668
Iteration 8 of 50 | Duration = 5.263 | MSE = 177.5655
Iteration 9 of 50 | Duration = 5.502 | MSE = 176.1642
Iteration 10 of 50 | Duration = 5.298 | MSE = 175.5166
Iteration 11 of 50 | Duration = 4.823 | MSE = 175.1586
New optimal MSE: 175.1586

Running polya filter for radius = 2, bins = 64, delta = 60.
Initial MSE: 594.9442
Iteration 1 of 50 | Duration = 6.086 | MSE = 589.7518
Iteration 2 of 50 | Duration = 4.668 | MSE = 337.9224
Iteration 3 of 50 | Duration = 4.570 | MSE = 227.6483
Iteration 4 of 50 | Duration = 5.071 | MSE = 185.7403
Iteration 5 of 50 | Duration = 5.491 | MSE = 178.9506
Iteration 6 of 50 | Duration = 5.355 | MSE = 176.6578
Iteration 7 of 50 | Duration = 5.086 | MSE = 175.9955
Iteration 8 of 50 | Duration = 5.054 | MSE = 175.2750
Iteration 9 of 50 | Duration = 5.456 | MSE = 174.9675
New optimal MSE: 174.9675

Running polya filter for radius = 2, bins = 64, delta = 80.
Initial MSE: 594.9442
Iteration 1 of 50 | Duration = 6.114 | MSE = 589.7518
Iteration 2 of 50 | Duration = 4.541 | MSE = 339.2448
Iteration 3 of 50 | Duration = 4.508 | MSE = 231.9162
Iteration 4 of 50 | Duration = 5.603 | MSE = 185.2112
Iteration 5 of 50 | Duration = 5.027 | MSE = 178.7597
Iteration 6 of 50 | Duration = 4.963 | MSE = 176.5774
Iteration 7 of 50 | Duration = 5.338 | MSE = 175.9219
Iteration 8 of 50 | Duration = 5.341 | MSE = 175.2654
Iteration 9 of 50 | Duration = 4.887 | MSE = 175.1269

Running polya filter for radius = 2, bins = 64, delta = 100.
Initial MSE: 594.9442
Iteration 1 of 50 | Duration = 9.371 | MSE = 232.0206
Iteration 2 of 50 | Duration = 6.734 | MSE = 186.3737
Iteration 3 of 50 | Duration = 4.947 | MSE = 179.2457
Iteration 4 of 50 | Duration = 5.269 | MSE = 176.9287
Iteration 5 of 50 | Duration = 5.742 | MSE = 175.2960
Iteration 6 of 50 | Duration = 5.662 | MSE = 174.2695
Iteration 7 of 50 | Duration = 4.890 | MSE = 174.0596
New optimal MSE: 174.0596

Running polya filter for radius = 2, bins = 64, delta = 120.
Initial MSE: 594.9442
Iteration 1 of 50 | Duration = 5.873 | MSE = 210.7501
Iteration 2 of 50 | Duration = 6.813 | MSE = 186.3875
Iteration 3 of 50 | Duration = 4.900 | MSE = 178.4220
Iteration 4 of 50 | Duration = 4.778 | MSE = 176.5727
Iteration 5 of 50 | Duration = 5.533 | MSE = 175.5890
Iteration 6 of 50 | Duration = 5.584 | MSE = 175.1379

Running polya filter for radius = 2, bins = 64, delta = 140.
Initial MSE: 594.9442
Iteration 1 of 50 | Duration = 6.045 | MSE = 210.7501
Iteration 2 of 50 | Duration = 6.894 | MSE = 186.3863
Iteration 3 of 50 | Duration = 5.222 | MSE = 178.4829
Iteration 4 of 50 | Duration = 4.636 | MSE = 176.5289
Iteration 5 of 50 | Duration = 4.711 | MSE = 175.5564
Iteration 6 of 50 | Duration = 5.193 | MSE = 175.1500

Running polya filter for radius = 2, bins = 64, delta = 160.
Initial MSE: 594.9442
Iteration 1 of 50 | Duration = 6.671 | MSE = 210.7501
Iteration 2 of 50 | Duration = 7.011 | MSE = 186.3842
Iteration 3 of 50 | Duration = 5.764 | MSE = 178.7222
Iteration 4 of 50 | Duration = 5.303 | MSE = 176.4802
Iteration 5 of 50 | Duration = 4.737 | MSE = 175.5769
Iteration 6 of 50 | Duration = 4.726 | MSE = 175.1623

Running polya filter for radius = 2, bins = 64, delta = 180.
Initial MSE: 594.9442
Iteration 1 of 50 | Duration = 6.518 | MSE = 210.7501
Iteration 2 of 50 | Duration = 6.804 | MSE = 186.2019
Iteration 3 of 50 | Duration = 5.414 | MSE = 178.5605
Iteration 4 of 50 | Duration = 5.751 | MSE = 176.4663
Iteration 5 of 50 | Duration = 5.613 | MSE = 175.6007
Iteration 6 of 50 | Duration = 4.632 | MSE = 175.1880

Running polya filter for radius = 2, bins = 64, delta = 200.
Initial MSE: 594.9442
Iteration 1 of 50 | Duration = 6.016 | MSE = 210.7501
Iteration 2 of 50 | Duration = 6.920 | MSE = 186.2006
Iteration 3 of 50 | Duration = 5.084 | MSE = 178.5582
Iteration 4 of 50 | Duration = 5.424 | MSE = 176.4636
Iteration 5 of 50 | Duration = 5.772 | MSE = 175.6017
Iteration 6 of 50 | Duration = 6.329 | MSE = 175.1892

Running polya filter for radius = 2, bins = 128, delta = 20.
Initial MSE: 594.9442
Iteration 1 of 50 | Duration = 21.486 | MSE = 586.1968
Iteration 2 of 50 | Duration = 22.849 | MSE = 586.1968
Iteration 3 of 50 | Duration = 21.765 | MSE = 586.1968

Running polya filter for radius = 2, bins = 128, delta = 40.
Initial MSE: 594.9442
Iteration 1 of 50 | Duration = 22.268 | MSE = 586.1968
Iteration 2 of 50 | Duration = 21.596 | MSE = 586.1968
Iteration 3 of 50 | Duration = 23.268 | MSE = 382.9902
Iteration 4 of 50 | Duration = 21.714 | MSE = 282.6613
Iteration 5 of 50 | Duration = 23.360 | MSE = 236.2382
Iteration 6 of 50 | Duration = 23.084 | MSE = 196.7099
Iteration 7 of 50 | Duration = 23.337 | MSE = 184.8122
Iteration 8 of 50 | Duration = 22.950 | MSE = 178.4522
Iteration 9 of 50 | Duration = 23.357 | MSE = 176.1476
Iteration 10 of 50 | Duration = 23.156 | MSE = 175.0394
Iteration 11 of 50 | Duration = 23.204 | MSE = 174.5206
Iteration 12 of 50 | Duration = 23.372 | MSE = 174.2242

Running polya filter for radius = 2, bins = 128, delta = 60.
Initial MSE: 594.9442
Iteration 1 of 50 | Duration = 21.676 | MSE = 586.1968
Iteration 2 of 50 | Duration = 22.168 | MSE = 356.4206
Iteration 3 of 50 | Duration = 22.184 | MSE = 245.4031
Iteration 4 of 50 | Duration = 23.695 | MSE = 190.1387
Iteration 5 of 50 | Duration = 22.771 | MSE = 179.4321
Iteration 6 of 50 | Duration = 23.547 | MSE = 176.1967
Iteration 7 of 50 | Duration = 22.729 | MSE = 175.2331
Iteration 8 of 50 | Duration = 23.936 | MSE = 174.5223
Iteration 9 of 50 | Duration = 22.456 | MSE = 174.1963

Running polya filter for radius = 2, bins = 128, delta = 80.
Initial MSE: 594.9442
Iteration 1 of 50 | Duration = 22.180 | MSE = 586.1968
Iteration 2 of 50 | Duration = 21.610 | MSE = 357.2798
Iteration 3 of 50 | Duration = 22.764 | MSE = 251.2625
Iteration 4 of 50 | Duration = 22.749 | MSE = 189.5526
Iteration 5 of 50 | Duration = 23.430 | MSE = 179.3913
Iteration 6 of 50 | Duration = 23.006 | MSE = 176.1006
Iteration 7 of 50 | Duration = 24.123 | MSE = 175.1588
Iteration 8 of 50 | Duration = 22.170 | MSE = 174.5701
Iteration 9 of 50 | Duration = 23.087 | MSE = 174.3652

Running polya filter for radius = 2, bins = 128, delta = 100.
Initial MSE: 594.9442
Iteration 1 of 50 | Duration = 25.507 | MSE = 230.2357
Iteration 2 of 50 | Duration = 25.678 | MSE = 185.4140
Iteration 3 of 50 | Duration = 22.999 | MSE = 178.1227
Iteration 4 of 50 | Duration = 23.244 | MSE = 175.9649
Iteration 5 of 50 | Duration = 22.760 | MSE = 174.4236
Iteration 6 of 50 | Duration = 23.454 | MSE = 173.5654
Iteration 7 of 50 | Duration = 22.665 | MSE = 173.3094
New optimal MSE: 173.3094

Running polya filter for radius = 2, bins = 128, delta = 120.
Initial MSE: 594.9442
Iteration 1 of 50 | Duration = 21.647 | MSE = 209.6222
Iteration 2 of 50 | Duration = 25.086 | MSE = 185.1467
Iteration 3 of 50 | Duration = 22.359 | MSE = 177.6638
Iteration 4 of 50 | Duration = 23.263 | MSE = 175.8371
Iteration 5 of 50 | Duration = 22.453 | MSE = 174.8105
Iteration 6 of 50 | Duration = 24.089 | MSE = 174.3968

Running polya filter for radius = 2, bins = 128, delta = 140.
Initial MSE: 594.9442
Iteration 1 of 50 | Duration = 20.781 | MSE = 209.6222
Iteration 2 of 50 | Duration = 25.981 | MSE = 185.1451
Iteration 3 of 50 | Duration = 22.702 | MSE = 177.7158
Iteration 4 of 50 | Duration = 23.241 | MSE = 175.7811
Iteration 5 of 50 | Duration = 23.409 | MSE = 174.7943
Iteration 6 of 50 | Duration = 23.425 | MSE = 174.4298

Running polya filter for radius = 2, bins = 128, delta = 160.
Initial MSE: 594.9442
Iteration 1 of 50 | Duration = 21.241 | MSE = 209.6222
Iteration 2 of 50 | Duration = 25.658 | MSE = 185.1434
Iteration 3 of 50 | Duration = 22.899 | MSE = 177.9356
Iteration 4 of 50 | Duration = 22.394 | MSE = 175.7082
Iteration 5 of 50 | Duration = 23.211 | MSE = 174.8811
Iteration 6 of 50 | Duration = 22.687 | MSE = 174.4727

Running polya filter for radius = 2, bins = 128, delta = 180.
Initial MSE: 594.9442
Iteration 1 of 50 | Duration = 22.407 | MSE = 209.6222
Iteration 2 of 50 | Duration = 24.267 | MSE = 184.9475
Iteration 3 of 50 | Duration = 23.583 | MSE = 177.7827
Iteration 4 of 50 | Duration = 23.260 | MSE = 175.7087
Iteration 5 of 50 | Duration = 23.334 | MSE = 174.9170
Iteration 6 of 50 | Duration = 23.178 | MSE = 174.5161

Running polya filter for radius = 2, bins = 128, delta = 200.
Initial MSE: 594.9442
Iteration 1 of 50 | Duration = 20.904 | MSE = 209.6222
Iteration 2 of 50 | Duration = 24.939 | MSE = 184.9458
Iteration 3 of 50 | Duration = 23.196 | MSE = 177.7806
Iteration 4 of 50 | Duration = 22.387 | MSE = 175.7057
Iteration 5 of 50 | Duration = 23.174 | MSE = 174.9181
Iteration 6 of 50 | Duration = 22.568 | MSE = 174.5156

Running polya filter for radius = 2, bins = 256, delta = 20.
Initial MSE: 594.9442
Iteration 1 of 50 | Duration = 35.233 | MSE = 594.7803
Iteration 2 of 50 | Duration = 35.067 | MSE = 594.7803
Iteration 3 of 50 | Duration = 36.109 | MSE = 594.7803

Running polya filter for radius = 2, bins = 256, delta = 40.
Initial MSE: 594.9442
Iteration 1 of 50 | Duration = 35.009 | MSE = 594.7803
Iteration 2 of 50 | Duration = 36.022 | MSE = 594.7803
Iteration 3 of 50 | Duration = 36.140 | MSE = 399.8982
Iteration 4 of 50 | Duration = 36.522 | MSE = 298.9390
Iteration 5 of 50 | Duration = 35.313 | MSE = 250.6375
Iteration 6 of 50 | Duration = 37.182 | MSE = 203.9147
Iteration 7 of 50 | Duration = 38.248 | MSE = 188.9393
Iteration 8 of 50 | Duration = 37.474 | MSE = 180.1722
Iteration 9 of 50 | Duration = 36.938 | MSE = 176.7951
Iteration 10 of 50 | Duration = 36.888 | MSE = 175.0885
Iteration 11 of 50 | Duration = 37.337 | MSE = 174.3051
Iteration 12 of 50 | Duration = 36.969 | MSE = 173.8866

Running polya filter for radius = 2, bins = 256, delta = 60.
Initial MSE: 594.9442
Iteration 1 of 50 | Duration = 34.576 | MSE = 594.7803
Iteration 2 of 50 | Duration = 35.256 | MSE = 371.9716
Iteration 3 of 50 | Duration = 36.084 | MSE = 259.6691
Iteration 4 of 50 | Duration = 36.939 | MSE = 195.0516
Iteration 5 of 50 | Duration = 37.152 | MSE = 180.8302
Iteration 6 of 50 | Duration = 38.076 | MSE = 176.3372
Iteration 7 of 50 | Duration = 38.170 | MSE = 174.9911
Iteration 8 of 50 | Duration = 37.672 | MSE = 174.2026
Iteration 9 of 50 | Duration = 39.779 | MSE = 173.8327

Running polya filter for radius = 2, bins = 256, delta = 80.
Initial MSE: 594.9442
Iteration 1 of 50 | Duration = 38.740 | MSE = 594.7803
Iteration 2 of 50 | Duration = 40.249 | MSE = 372.5204
Iteration 3 of 50 | Duration = 40.297 | MSE = 266.7553
Iteration 4 of 50 | Duration = 38.143 | MSE = 194.1377
Iteration 5 of 50 | Duration = 38.750 | MSE = 180.9120
Iteration 6 of 50 | Duration = 37.637 | MSE = 176.1666
Iteration 7 of 50 | Duration = 37.391 | MSE = 174.8507
Iteration 8 of 50 | Duration = 36.906 | MSE = 174.2425
Iteration 9 of 50 | Duration = 37.101 | MSE = 173.9913

Running polya filter for radius = 2, bins = 256, delta = 100.
Initial MSE: 594.9442
Iteration 1 of 50 | Duration = 39.248 | MSE = 232.3540
Iteration 2 of 50 | Duration = 38.839 | MSE = 185.9108
Iteration 3 of 50 | Duration = 37.830 | MSE = 178.2124
Iteration 4 of 50 | Duration = 37.276 | MSE = 175.8684
Iteration 5 of 50 | Duration = 40.310 | MSE = 174.2099
Iteration 6 of 50 | Duration = 42.869 | MSE = 173.3601
Iteration 7 of 50 | Duration = 44.099 | MSE = 173.0080
New optimal MSE: 173.0080

Running polya filter for radius = 2, bins = 256, delta = 120.
Initial MSE: 594.9442
Iteration 1 of 50 | Duration = 38.101 | MSE = 210.6041
Iteration 2 of 50 | Duration = 39.892 | MSE = 185.3094
Iteration 3 of 50 | Duration = 37.799 | MSE = 177.5649
Iteration 4 of 50 | Duration = 36.526 | MSE = 175.6555
Iteration 5 of 50 | Duration = 36.977 | MSE = 174.4825
Iteration 6 of 50 | Duration = 37.255 | MSE = 173.9929

Running polya filter for radius = 2, bins = 256, delta = 140.
Initial MSE: 594.9442
Iteration 1 of 50 | Duration = 35.728 | MSE = 210.6041
Iteration 2 of 50 | Duration = 40.403 | MSE = 185.3077
Iteration 3 of 50 | Duration = 38.843 | MSE = 177.6127
Iteration 4 of 50 | Duration = 38.662 | MSE = 175.5936
Iteration 5 of 50 | Duration = 38.117 | MSE = 174.4765
Iteration 6 of 50 | Duration = 37.941 | MSE = 174.0238

Running polya filter for radius = 2, bins = 256, delta = 160.
Initial MSE: 594.9442
Iteration 1 of 50 | Duration = 34.067 | MSE = 210.6041
Iteration 2 of 50 | Duration = 40.609 | MSE = 185.3060
Iteration 3 of 50 | Duration = 38.310 | MSE = 177.8201
Iteration 4 of 50 | Duration = 37.831 | MSE = 175.4491
Iteration 5 of 50 | Duration = 39.013 | MSE = 174.5536
Iteration 6 of 50 | Duration = 38.843 | MSE = 174.0636

Running polya filter for radius = 2, bins = 256, delta = 180.
Initial MSE: 594.9442
Iteration 1 of 50 | Duration = 34.592 | MSE = 210.6041
Iteration 2 of 50 | Duration = 39.390 | MSE = 185.1013
Iteration 3 of 50 | Duration = 38.126 | MSE = 177.6596
Iteration 4 of 50 | Duration = 38.179 | MSE = 175.4500
Iteration 5 of 50 | Duration = 37.940 | MSE = 174.5769
Iteration 6 of 50 | Duration = 37.789 | MSE = 174.1005

Running polya filter for radius = 2, bins = 256, delta = 200.
Initial MSE: 594.9442
Iteration 1 of 50 | Duration = 34.651 | MSE = 210.6041
Iteration 2 of 50 | Duration = 40.036 | MSE = 185.0996
Iteration 3 of 50 | Duration = 38.202 | MSE = 177.6573
Iteration 4 of 50 | Duration = 38.637 | MSE = 175.4473
Iteration 5 of 50 | Duration = 38.332 | MSE = 174.5781
Iteration 6 of 50 | Duration = 38.553 | MSE = 174.1001

Running polya filter for radius = 3, bins = 32, delta = 20.
Initial MSE: 594.9442
Iteration 1 of 50 | Duration = 5.461 | MSE = 596.1566

Running polya filter for radius = 3, bins = 32, delta = 40.
Initial MSE: 594.9442
Iteration 1 of 50 | Duration = 4.637 | MSE = 596.1566

Running polya filter for radius = 3, bins = 32, delta = 60.
Initial MSE: 594.9442
Iteration 1 of 50 | Duration = 4.312 | MSE = 596.1566

Running polya filter for radius = 3, bins = 32, delta = 80.
Initial MSE: 594.9442
Iteration 1 of 50 | Duration = 4.540 | MSE = 596.1566

Running polya filter for radius = 3, bins = 32, delta = 100.
Initial MSE: 594.9442
Iteration 1 of 50 | Duration = 7.786 | MSE = 218.5443
Iteration 2 of 50 | Duration = 4.155 | MSE = 187.6946
Iteration 3 of 50 | Duration = 3.896 | MSE = 188.9516

Running polya filter for radius = 3, bins = 32, delta = 120.
Initial MSE: 594.9442
Iteration 1 of 50 | Duration = 5.220 | MSE = 204.2999
Iteration 2 of 50 | Duration = 5.127 | MSE = 192.7689
Iteration 3 of 50 | Duration = 3.231 | MSE = 190.0528
Iteration 4 of 50 | Duration = 3.306 | MSE = 190.6455
Iteration 5 of 50 | Duration = 3.509 | MSE = 191.3289

Running polya filter for radius = 3, bins = 32, delta = 140.
Initial MSE: 594.9442
Iteration 1 of 50 | Duration = 4.832 | MSE = 204.2999
Iteration 2 of 50 | Duration = 4.493 | MSE = 192.7486
Iteration 3 of 50 | Duration = 3.554 | MSE = 190.0649
Iteration 4 of 50 | Duration = 3.496 | MSE = 190.7481
Iteration 5 of 50 | Duration = 3.790 | MSE = 191.4889

Running polya filter for radius = 3, bins = 32, delta = 160.
Initial MSE: 594.9442
Iteration 1 of 50 | Duration = 5.379 | MSE = 204.2999
Iteration 2 of 50 | Duration = 4.616 | MSE = 192.7320
Iteration 3 of 50 | Duration = 3.382 | MSE = 190.0973
Iteration 4 of 50 | Duration = 3.476 | MSE = 190.8173
Iteration 5 of 50 | Duration = 3.365 | MSE = 191.6418

Running polya filter for radius = 3, bins = 32, delta = 180.
Initial MSE: 594.9442
Iteration 1 of 50 | Duration = 4.539 | MSE = 204.2999
Iteration 2 of 50 | Duration = 4.312 | MSE = 192.5956
Iteration 3 of 50 | Duration = 3.194 | MSE = 190.0999
Iteration 4 of 50 | Duration = 3.557 | MSE = 191.0021

Running polya filter for radius = 3, bins = 32, delta = 200.
Initial MSE: 594.9442
Iteration 1 of 50 | Duration = 5.410 | MSE = 204.2999
Iteration 2 of 50 | Duration = 4.861 | MSE = 192.5911
Iteration 3 of 50 | Duration = 3.501 | MSE = 190.1076
Iteration 4 of 50 | Duration = 3.554 | MSE = 191.0095

Running polya filter for radius = 3, bins = 64, delta = 20.
Initial MSE: 594.9442
Iteration 1 of 50 | Duration = 6.810 | MSE = 589.7518
Iteration 2 of 50 | Duration = 5.443 | MSE = 589.7518
Iteration 3 of 50 | Duration = 5.471 | MSE = 589.7518

Running polya filter for radius = 3, bins = 64, delta = 40.
Initial MSE: 594.9442
Iteration 1 of 50 | Duration = 7.256 | MSE = 589.7518
Iteration 2 of 50 | Duration = 5.452 | MSE = 589.7518
Iteration 3 of 50 | Duration = 5.267 | MSE = 390.3794
Iteration 4 of 50 | Duration = 5.770 | MSE = 272.6944
Iteration 5 of 50 | Duration = 5.451 | MSE = 216.4895
Iteration 6 of 50 | Duration = 5.620 | MSE = 196.2366
Iteration 7 of 50 | Duration = 5.698 | MSE = 190.5855
Iteration 8 of 50 | Duration = 5.671 | MSE = 189.4220
Iteration 9 of 50 | Duration = 5.299 | MSE = 189.4896

Running polya filter for radius = 3, bins = 64, delta = 60.
Initial MSE: 594.9442
Iteration 1 of 50 | Duration = 6.949 | MSE = 589.7518
Iteration 2 of 50 | Duration = 5.974 | MSE = 365.0420
Iteration 3 of 50 | Duration = 6.221 | MSE = 224.7033
Iteration 4 of 50 | Duration = 6.359 | MSE = 191.9704
Iteration 5 of 50 | Duration = 5.878 | MSE = 188.6397
Iteration 6 of 50 | Duration = 5.522 | MSE = 188.6144

Running polya filter for radius = 3, bins = 64, delta = 80.
Initial MSE: 594.9442
Iteration 1 of 50 | Duration = 6.722 | MSE = 589.7518
Iteration 2 of 50 | Duration = 5.494 | MSE = 368.7306
Iteration 3 of 50 | Duration = 6.135 | MSE = 226.2847
Iteration 4 of 50 | Duration = 6.304 | MSE = 191.9645
Iteration 5 of 50 | Duration = 5.783 | MSE = 189.0384
Iteration 6 of 50 | Duration = 5.971 | MSE = 189.1906

Running polya filter for radius = 3, bins = 64, delta = 100.
Initial MSE: 594.9442
Iteration 1 of 50 | Duration = 9.878 | MSE = 213.1459
Iteration 2 of 50 | Duration = 7.195 | MSE = 185.1979
Iteration 3 of 50 | Duration = 6.276 | MSE = 185.5887

Running polya filter for radius = 3, bins = 64, delta = 120.
Initial MSE: 594.9442
Iteration 1 of 50 | Duration = 7.058 | MSE = 201.6776
Iteration 2 of 50 | Duration = 7.854 | MSE = 189.7579
Iteration 3 of 50 | Duration = 5.766 | MSE = 187.7257
Iteration 4 of 50 | Duration = 5.310 | MSE = 188.2761

Running polya filter for radius = 3, bins = 64, delta = 140.
Initial MSE: 594.9442
Iteration 1 of 50 | Duration = 7.221 | MSE = 201.6776
Iteration 2 of 50 | Duration = 7.378 | MSE = 189.7368
Iteration 3 of 50 | Duration = 5.427 | MSE = 187.7360
Iteration 4 of 50 | Duration = 5.965 | MSE = 188.3917

Running polya filter for radius = 3, bins = 64, delta = 160.
Initial MSE: 594.9442
Iteration 1 of 50 | Duration = 7.341 | MSE = 201.6776
Iteration 2 of 50 | Duration = 7.329 | MSE = 189.7198
Iteration 3 of 50 | Duration = 6.125 | MSE = 187.7670
Iteration 4 of 50 | Duration = 5.687 | MSE = 188.4892

Running polya filter for radius = 3, bins = 64, delta = 180.
Initial MSE: 594.9442
Iteration 1 of 50 | Duration = 6.660 | MSE = 201.6776
Iteration 2 of 50 | Duration = 7.498 | MSE = 189.5636
Iteration 3 of 50 | Duration = 5.906 | MSE = 187.7823
Iteration 4 of 50 | Duration = 6.252 | MSE = 188.6738

Running polya filter for radius = 3, bins = 64, delta = 200.
Initial MSE: 594.9442
Iteration 1 of 50 | Duration = 7.200 | MSE = 201.6776
Iteration 2 of 50 | Duration = 7.343 | MSE = 189.5596
Iteration 3 of 50 | Duration = 5.638 | MSE = 187.7882
Iteration 4 of 50 | Duration = 5.716 | MSE = 188.6762

Running polya filter for radius = 3, bins = 128, delta = 20.
Initial MSE: 594.9442
Iteration 1 of 50 | Duration = 23.163 | MSE = 586.1968
Iteration 2 of 50 | Duration = 23.615 | MSE = 586.1968
Iteration 3 of 50 | Duration = 23.601 | MSE = 586.1968

Running polya filter for radius = 3, bins = 128, delta = 40.
Initial MSE: 594.9442
Iteration 1 of 50 | Duration = 23.724 | MSE = 586.1968
Iteration 2 of 50 | Duration = 22.975 | MSE = 586.1968
Iteration 3 of 50 | Duration = 23.616 | MSE = 428.4302
Iteration 4 of 50 | Duration = 23.960 | MSE = 310.3087
Iteration 5 of 50 | Duration = 23.835 | MSE = 244.7041
Iteration 6 of 50 | Duration = 24.805 | MSE = 210.7569
Iteration 7 of 50 | Duration = 24.417 | MSE = 196.8157
Iteration 8 of 50 | Duration = 24.725 | MSE = 191.5696
Iteration 9 of 50 | Duration = 24.548 | MSE = 189.9524
Iteration 10 of 50 | Duration = 25.783 | MSE = 189.6108

Running polya filter for radius = 3, bins = 128, delta = 60.
Initial MSE: 594.9442
Iteration 1 of 50 | Duration = 22.267 | MSE = 586.1968
Iteration 2 of 50 | Duration = 23.740 | MSE = 401.9207
Iteration 3 of 50 | Duration = 23.735 | MSE = 255.8849
Iteration 4 of 50 | Duration = 26.777 | MSE = 202.0355
Iteration 5 of 50 | Duration = 25.981 | MSE = 190.3138
Iteration 6 of 50 | Duration = 23.785 | MSE = 188.4870
Iteration 7 of 50 | Duration = 25.166 | MSE = 188.8012

Running polya filter for radius = 3, bins = 128, delta = 80.
Initial MSE: 594.9442
Iteration 1 of 50 | Duration = 23.725 | MSE = 586.1968
Iteration 2 of 50 | Duration = 23.667 | MSE = 404.5334
Iteration 3 of 50 | Duration = 23.520 | MSE = 258.6254
Iteration 4 of 50 | Duration = 25.595 | MSE = 201.5146
Iteration 5 of 50 | Duration = 24.840 | MSE = 190.5246
Iteration 6 of 50 | Duration = 25.067 | MSE = 189.0477
Iteration 7 of 50 | Duration = 24.564 | MSE = 189.4171

Running polya filter for radius = 3, bins = 128, delta = 100.
Initial MSE: 594.9442
Iteration 1 of 50 | Duration = 28.446 | MSE = 211.6372
Iteration 2 of 50 | Duration = 26.490 | MSE = 184.5395
Iteration 3 of 50 | Duration = 24.838 | MSE = 184.4454

Running polya filter for radius = 3, bins = 128, delta = 120.
Initial MSE: 594.9442
Iteration 1 of 50 | Duration = 23.398 | MSE = 200.8762
Iteration 2 of 50 | Duration = 26.562 | MSE = 189.1832
Iteration 3 of 50 | Duration = 24.718 | MSE = 187.1252
Iteration 4 of 50 | Duration = 24.568 | MSE = 187.6294
Iteration 5 of 50 | Duration = 24.223 | MSE = 188.6353

Running polya filter for radius = 3, bins = 128, delta = 140.
Initial MSE: 594.9442
Iteration 1 of 50 | Duration = 23.314 | MSE = 200.8762
Iteration 2 of 50 | Duration = 25.757 | MSE = 189.1604
Iteration 3 of 50 | Duration = 24.487 | MSE = 187.1329
Iteration 4 of 50 | Duration = 23.945 | MSE = 187.7296
Iteration 5 of 50 | Duration = 24.385 | MSE = 188.8075

Running polya filter for radius = 3, bins = 128, delta = 160.
Initial MSE: 594.9442
Iteration 1 of 50 | Duration = 22.991 | MSE = 200.8762
Iteration 2 of 50 | Duration = 26.822 | MSE = 189.1456
Iteration 3 of 50 | Duration = 25.727 | MSE = 187.1619
Iteration 4 of 50 | Duration = 24.099 | MSE = 187.8480
Iteration 5 of 50 | Duration = 24.406 | MSE = 188.9696

Running polya filter for radius = 3, bins = 128, delta = 180.
Initial MSE: 594.9442
Iteration 1 of 50 | Duration = 23.290 | MSE = 200.8762
Iteration 2 of 50 | Duration = 27.296 | MSE = 188.9851
Iteration 3 of 50 | Duration = 24.481 | MSE = 187.1996
Iteration 4 of 50 | Duration = 23.772 | MSE = 188.0188

Running polya filter for radius = 3, bins = 128, delta = 200.
Initial MSE: 594.9442
Iteration 1 of 50 | Duration = 23.058 | MSE = 200.8762
Iteration 2 of 50 | Duration = 27.236 | MSE = 188.9802
Iteration 3 of 50 | Duration = 24.962 | MSE = 187.2032
Iteration 4 of 50 | Duration = 24.560 | MSE = 188.0158

Running polya filter for radius = 3, bins = 256, delta = 20.
Initial MSE: 594.9442
Iteration 1 of 50 | Duration = 35.127 | MSE = 594.7803
Iteration 2 of 50 | Duration = 37.492 | MSE = 594.7803
Iteration 3 of 50 | Duration = 37.231 | MSE = 594.7803

Running polya filter for radius = 3, bins = 256, delta = 40.
Initial MSE: 594.9442
Iteration 1 of 50 | Duration = 35.392 | MSE = 594.7803
Iteration 2 of 50 | Duration = 37.240 | MSE = 594.7803
Iteration 3 of 50 | Duration = 37.567 | MSE = 456.7395
Iteration 4 of 50 | Duration = 37.637 | MSE = 340.6298
Iteration 5 of 50 | Duration = 37.520 | MSE = 270.7117
Iteration 6 of 50 | Duration = 38.969 | MSE = 226.7061
Iteration 7 of 50 | Duration = 38.864 | MSE = 205.5094
Iteration 8 of 50 | Duration = 38.942 | MSE = 195.5045
Iteration 9 of 50 | Duration = 39.499 | MSE = 191.2668
Iteration 10 of 50 | Duration = 38.861 | MSE = 189.6890
Iteration 11 of 50 | Duration = 39.306 | MSE = 189.2049

Running polya filter for radius = 3, bins = 256, delta = 60.
Initial MSE: 594.9442
Iteration 1 of 50 | Duration = 36.049 | MSE = 594.7803
Iteration 2 of 50 | Duration = 37.663 | MSE = 429.5833
Iteration 3 of 50 | Duration = 37.744 | MSE = 282.5434
Iteration 4 of 50 | Duration = 38.634 | MSE = 213.6925
Iteration 5 of 50 | Duration = 39.127 | MSE = 193.5100
Iteration 6 of 50 | Duration = 38.963 | MSE = 188.6402
Iteration 7 of 50 | Duration = 38.868 | MSE = 188.0766
Iteration 8 of 50 | Duration = 40.054 | MSE = 188.3412

Running polya filter for radius = 3, bins = 256, delta = 80.
Initial MSE: 594.9442
Iteration 1 of 50 | Duration = 36.414 | MSE = 594.7803
Iteration 2 of 50 | Duration = 37.024 | MSE = 431.2930
Iteration 3 of 50 | Duration = 37.958 | MSE = 286.3686
Iteration 4 of 50 | Duration = 39.135 | MSE = 212.8878
Iteration 5 of 50 | Duration = 38.883 | MSE = 193.5727
Iteration 6 of 50 | Duration = 39.465 | MSE = 189.1499
Iteration 7 of 50 | Duration = 39.326 | MSE = 188.6161
Iteration 8 of 50 | Duration = 39.591 | MSE = 188.9758

Running polya filter for radius = 3, bins = 256, delta = 100.
Initial MSE: 594.9442
Iteration 1 of 50 | Duration = 41.829 | MSE = 213.1114
Iteration 2 of 50 | Duration = 40.860 | MSE = 184.0250
Iteration 3 of 50 | Duration = 38.535 | MSE = 183.4525
Iteration 4 of 50 | Duration = 40.272 | MSE = 185.2365

Running polya filter for radius = 3, bins = 256, delta = 120.
Initial MSE: 594.9442
Iteration 1 of 50 | Duration = 36.586 | MSE = 200.7566
Iteration 2 of 50 | Duration = 42.128 | MSE = 188.7745
Iteration 3 of 50 | Duration = 39.013 | MSE = 186.2906
Iteration 4 of 50 | Duration = 40.065 | MSE = 186.6585

Running polya filter for radius = 3, bins = 256, delta = 140.
Initial MSE: 594.9442
Iteration 1 of 50 | Duration = 35.856 | MSE = 200.7566
Iteration 2 of 50 | Duration = 41.948 | MSE = 188.7499
Iteration 3 of 50 | Duration = 39.079 | MSE = 186.2967
Iteration 4 of 50 | Duration = 38.805 | MSE = 186.7551

Running polya filter for radius = 3, bins = 256, delta = 160.
Initial MSE: 594.9442
Iteration 1 of 50 | Duration = 35.233 | MSE = 200.7566
Iteration 2 of 50 | Duration = 41.686 | MSE = 188.7343
Iteration 3 of 50 | Duration = 40.020 | MSE = 186.3312
Iteration 4 of 50 | Duration = 39.394 | MSE = 186.8715
Iteration 5 of 50 | Duration = 40.542 | MSE = 187.9720

Running polya filter for radius = 3, bins = 256, delta = 180.
Initial MSE: 594.9442
Iteration 1 of 50 | Duration = 35.591 | MSE = 200.7566
Iteration 2 of 50 | Duration = 41.355 | MSE = 188.5636
Iteration 3 of 50 | Duration = 40.728 | MSE = 186.3654
Iteration 4 of 50 | Duration = 40.180 | MSE = 187.0398

Running polya filter for radius = 3, bins = 256, delta = 200.
Initial MSE: 594.9442
Iteration 1 of 50 | Duration = 36.288 | MSE = 200.7566
Iteration 2 of 50 | Duration = 41.522 | MSE = 188.5587
Iteration 3 of 50 | Duration = 39.806 | MSE = 186.3710
Iteration 4 of 50 | Duration = 39.991 | MSE = 187.0403

