Log Started on 12-Mar-2018

Adding Noise
Optimizing for lena512_speckle_mid_optimal
Running polya filter for radius = 1, bins = 32, delta = 20.
Initial MSE: 633.5815
Iteration 1 of 50 | Duration = 1.392 | MSE = 634.1500

Running polya filter for radius = 1, bins = 32, delta = 40.
Initial MSE: 633.5815
Iteration 1 of 50 | Duration = 1.216 | MSE = 634.1500

Running polya filter for radius = 1, bins = 32, delta = 60.
Initial MSE: 633.5815
Iteration 1 of 50 | Duration = 1.439 | MSE = 634.1500

Running polya filter for radius = 1, bins = 32, delta = 80.
Initial MSE: 633.5815
Iteration 1 of 50 | Duration = 1.217 | MSE = 634.1500

Running polya filter for radius = 1, bins = 32, delta = 100.
Initial MSE: 633.5815
Iteration 1 of 50 | Duration = 2.405 | MSE = 288.7292
Iteration 2 of 50 | Duration = 1.470 | MSE = 194.8713
Iteration 3 of 50 | Duration = 1.274 | MSE = 171.9244
Iteration 4 of 50 | Duration = 1.303 | MSE = 160.9614
Iteration 5 of 50 | Duration = 1.174 | MSE = 153.1999
Iteration 6 of 50 | Duration = 1.290 | MSE = 148.1939
Iteration 7 of 50 | Duration = 1.413 | MSE = 145.9659
Iteration 8 of 50 | Duration = 1.217 | MSE = 144.8717
Iteration 9 of 50 | Duration = 1.171 | MSE = 143.7999
Iteration 10 of 50 | Duration = 1.202 | MSE = 142.9143
Iteration 11 of 50 | Duration = 1.223 | MSE = 142.2137
Iteration 12 of 50 | Duration = 1.292 | MSE = 141.7811
New optimal MSE: 141.7811

Running polya filter for radius = 1, bins = 32, delta = 120.
Initial MSE: 633.5815
Iteration 1 of 50 | Duration = 1.281 | MSE = 230.2605
Iteration 2 of 50 | Duration = 1.569 | MSE = 184.0058
Iteration 3 of 50 | Duration = 1.223 | MSE = 154.7876
Iteration 4 of 50 | Duration = 1.184 | MSE = 150.5422
Iteration 5 of 50 | Duration = 1.202 | MSE = 147.4611
Iteration 6 of 50 | Duration = 1.088 | MSE = 145.1456
Iteration 7 of 50 | Duration = 1.094 | MSE = 142.5116
Iteration 8 of 50 | Duration = 1.137 | MSE = 141.8879
Iteration 9 of 50 | Duration = 1.142 | MSE = 141.0786
Iteration 10 of 50 | Duration = 1.110 | MSE = 140.4651
Iteration 11 of 50 | Duration = 1.173 | MSE = 139.6938
Iteration 12 of 50 | Duration = 1.156 | MSE = 139.5564
New optimal MSE: 139.5564

Running polya filter for radius = 1, bins = 32, delta = 140.
Initial MSE: 633.5815
Iteration 1 of 50 | Duration = 1.436 | MSE = 230.2605
Iteration 2 of 50 | Duration = 1.503 | MSE = 184.0058
Iteration 3 of 50 | Duration = 1.231 | MSE = 154.8250
Iteration 4 of 50 | Duration = 1.180 | MSE = 150.4815
Iteration 5 of 50 | Duration = 1.202 | MSE = 147.4082
Iteration 6 of 50 | Duration = 1.178 | MSE = 145.1201
Iteration 7 of 50 | Duration = 1.163 | MSE = 142.4786
Iteration 8 of 50 | Duration = 1.160 | MSE = 141.8549
Iteration 9 of 50 | Duration = 1.086 | MSE = 141.0579
Iteration 10 of 50 | Duration = 1.107 | MSE = 140.4544
Iteration 11 of 50 | Duration = 1.051 | MSE = 139.6830
Iteration 12 of 50 | Duration = 1.149 | MSE = 139.5324
New optimal MSE: 139.5324

Running polya filter for radius = 1, bins = 32, delta = 160.
Initial MSE: 633.5815
Iteration 1 of 50 | Duration = 1.336 | MSE = 230.2605
Iteration 2 of 50 | Duration = 1.383 | MSE = 184.0058
Iteration 3 of 50 | Duration = 1.198 | MSE = 155.6047
Iteration 4 of 50 | Duration = 1.103 | MSE = 149.3234
Iteration 5 of 50 | Duration = 1.086 | MSE = 146.4101
Iteration 6 of 50 | Duration = 1.121 | MSE = 144.5905
Iteration 7 of 50 | Duration = 1.165 | MSE = 142.1091
Iteration 8 of 50 | Duration = 1.160 | MSE = 141.3752
Iteration 9 of 50 | Duration = 1.057 | MSE = 140.5672
Iteration 10 of 50 | Duration = 1.228 | MSE = 140.1436

Running polya filter for radius = 1, bins = 32, delta = 180.
Initial MSE: 633.5815
Iteration 1 of 50 | Duration = 1.317 | MSE = 230.2605
Iteration 2 of 50 | Duration = 1.398 | MSE = 183.9742
Iteration 3 of 50 | Duration = 1.142 | MSE = 155.5068
Iteration 4 of 50 | Duration = 1.151 | MSE = 149.2846
Iteration 5 of 50 | Duration = 1.047 | MSE = 146.3426
Iteration 6 of 50 | Duration = 1.061 | MSE = 144.5211
Iteration 7 of 50 | Duration = 1.133 | MSE = 142.0558
Iteration 8 of 50 | Duration = 1.128 | MSE = 141.3467
Iteration 9 of 50 | Duration = 1.141 | MSE = 140.5439
Iteration 10 of 50 | Duration = 1.132 | MSE = 140.0953

Running polya filter for radius = 1, bins = 32, delta = 200.
Initial MSE: 633.5815
Iteration 1 of 50 | Duration = 1.382 | MSE = 230.2605
Iteration 2 of 50 | Duration = 1.482 | MSE = 183.9739
Iteration 3 of 50 | Duration = 1.309 | MSE = 155.5034
Iteration 4 of 50 | Duration = 1.272 | MSE = 149.2800
Iteration 5 of 50 | Duration = 1.202 | MSE = 146.3405
Iteration 6 of 50 | Duration = 1.171 | MSE = 144.5187
Iteration 7 of 50 | Duration = 1.230 | MSE = 142.0517
Iteration 8 of 50 | Duration = 1.131 | MSE = 141.3442
Iteration 9 of 50 | Duration = 1.109 | MSE = 140.5414
Iteration 10 of 50 | Duration = 1.205 | MSE = 140.0937

Running polya filter for radius = 1, bins = 64, delta = 20.
Initial MSE: 633.5815
Iteration 1 of 50 | Duration = 2.634 | MSE = 633.2991
Iteration 2 of 50 | Duration = 2.321 | MSE = 633.2991
Iteration 3 of 50 | Duration = 2.386 | MSE = 633.2991

Running polya filter for radius = 1, bins = 64, delta = 40.
Initial MSE: 633.5815
Iteration 1 of 50 | Duration = 2.705 | MSE = 633.2991
Iteration 2 of 50 | Duration = 2.375 | MSE = 633.2991
Iteration 3 of 50 | Duration = 2.329 | MSE = 293.2448
Iteration 4 of 50 | Duration = 2.424 | MSE = 229.5751
Iteration 5 of 50 | Duration = 2.366 | MSE = 221.5654
Iteration 6 of 50 | Duration = 2.467 | MSE = 172.4410
Iteration 7 of 50 | Duration = 2.603 | MSE = 161.7435
Iteration 8 of 50 | Duration = 2.319 | MSE = 159.0127
Iteration 9 of 50 | Duration = 2.748 | MSE = 151.3885
Iteration 10 of 50 | Duration = 2.642 | MSE = 150.5969
Iteration 11 of 50 | Duration = 2.634 | MSE = 149.5606
Iteration 12 of 50 | Duration = 2.531 | MSE = 149.1059

Running polya filter for radius = 1, bins = 64, delta = 60.
Initial MSE: 633.5815
Iteration 1 of 50 | Duration = 2.800 | MSE = 633.2991
Iteration 2 of 50 | Duration = 2.670 | MSE = 293.2448
Iteration 3 of 50 | Duration = 2.777 | MSE = 228.4094
Iteration 4 of 50 | Duration = 2.811 | MSE = 171.7718
Iteration 5 of 50 | Duration = 2.545 | MSE = 159.4652
Iteration 6 of 50 | Duration = 2.594 | MSE = 151.5609
Iteration 7 of 50 | Duration = 2.643 | MSE = 150.5944
Iteration 8 of 50 | Duration = 2.679 | MSE = 149.0186
Iteration 9 of 50 | Duration = 2.670 | MSE = 147.5475
Iteration 10 of 50 | Duration = 2.535 | MSE = 145.5566
Iteration 11 of 50 | Duration = 2.414 | MSE = 144.7279
Iteration 12 of 50 | Duration = 2.291 | MSE = 143.0924
Iteration 13 of 50 | Duration = 2.607 | MSE = 142.4042
Iteration 14 of 50 | Duration = 2.190 | MSE = 141.1646
Iteration 15 of 50 | Duration = 2.246 | MSE = 140.9212

Running polya filter for radius = 1, bins = 64, delta = 80.
Initial MSE: 633.5815
Iteration 1 of 50 | Duration = 2.650 | MSE = 633.2991
Iteration 2 of 50 | Duration = 2.637 | MSE = 293.2448
Iteration 3 of 50 | Duration = 2.460 | MSE = 231.7495
Iteration 4 of 50 | Duration = 2.700 | MSE = 172.6054
Iteration 5 of 50 | Duration = 2.625 | MSE = 160.0991
Iteration 6 of 50 | Duration = 2.740 | MSE = 151.5698
Iteration 7 of 50 | Duration = 2.647 | MSE = 149.2267
Iteration 8 of 50 | Duration = 2.344 | MSE = 147.2495
Iteration 9 of 50 | Duration = 2.655 | MSE = 146.2397
Iteration 10 of 50 | Duration = 2.710 | MSE = 144.3868
Iteration 11 of 50 | Duration = 2.607 | MSE = 143.7975
Iteration 12 of 50 | Duration = 2.623 | MSE = 142.3480
Iteration 13 of 50 | Duration = 2.518 | MSE = 141.7722
Iteration 14 of 50 | Duration = 2.656 | MSE = 140.6523
Iteration 15 of 50 | Duration = 2.164 | MSE = 140.4096

Running polya filter for radius = 1, bins = 64, delta = 100.
Initial MSE: 633.5815
Iteration 1 of 50 | Duration = 3.884 | MSE = 286.5313
Iteration 2 of 50 | Duration = 2.920 | MSE = 192.7734
Iteration 3 of 50 | Duration = 2.082 | MSE = 169.2178
Iteration 4 of 50 | Duration = 2.615 | MSE = 157.3254
Iteration 5 of 50 | Duration = 2.686 | MSE = 149.9283
Iteration 6 of 50 | Duration = 2.606 | MSE = 145.6067
Iteration 7 of 50 | Duration = 2.655 | MSE = 143.5189
Iteration 8 of 50 | Duration = 2.599 | MSE = 142.3213
Iteration 9 of 50 | Duration = 2.599 | MSE = 141.2858
Iteration 10 of 50 | Duration = 2.201 | MSE = 140.4666
Iteration 11 of 50 | Duration = 2.459 | MSE = 139.8324
Iteration 12 of 50 | Duration = 2.587 | MSE = 139.3316
Iteration 13 of 50 | Duration = 2.600 | MSE = 138.7741
Iteration 14 of 50 | Duration = 2.593 | MSE = 138.2940
New optimal MSE: 138.2940

Running polya filter for radius = 1, bins = 64, delta = 120.
Initial MSE: 633.5815
Iteration 1 of 50 | Duration = 2.765 | MSE = 228.7419
Iteration 2 of 50 | Duration = 2.898 | MSE = 179.4251
Iteration 3 of 50 | Duration = 2.695 | MSE = 152.9108
Iteration 4 of 50 | Duration = 2.185 | MSE = 148.6564
Iteration 5 of 50 | Duration = 2.694 | MSE = 145.0204
Iteration 6 of 50 | Duration = 2.608 | MSE = 142.6890
Iteration 7 of 50 | Duration = 2.548 | MSE = 140.6210
Iteration 8 of 50 | Duration = 2.068 | MSE = 139.8621
Iteration 9 of 50 | Duration = 2.584 | MSE = 138.9470
Iteration 10 of 50 | Duration = 2.629 | MSE = 138.3142
Iteration 11 of 50 | Duration = 2.527 | MSE = 137.7075
Iteration 12 of 50 | Duration = 2.652 | MSE = 137.5391
New optimal MSE: 137.5391

Running polya filter for radius = 1, bins = 64, delta = 140.
Initial MSE: 633.5815
Iteration 1 of 50 | Duration = 2.566 | MSE = 228.7419
Iteration 2 of 50 | Duration = 3.029 | MSE = 179.4251
Iteration 3 of 50 | Duration = 2.737 | MSE = 152.9353
Iteration 4 of 50 | Duration = 2.071 | MSE = 148.5953
Iteration 5 of 50 | Duration = 2.652 | MSE = 144.9919
Iteration 6 of 50 | Duration = 2.835 | MSE = 142.6609
Iteration 7 of 50 | Duration = 2.803 | MSE = 140.5827
Iteration 8 of 50 | Duration = 2.589 | MSE = 139.8294
Iteration 9 of 50 | Duration = 2.294 | MSE = 138.9249
Iteration 10 of 50 | Duration = 2.704 | MSE = 138.2967
Iteration 11 of 50 | Duration = 2.637 | MSE = 137.6866
Iteration 12 of 50 | Duration = 2.544 | MSE = 137.5193
New optimal MSE: 137.5193

Running polya filter for radius = 1, bins = 64, delta = 160.
Initial MSE: 633.5815
Iteration 1 of 50 | Duration = 2.889 | MSE = 228.7419
Iteration 2 of 50 | Duration = 3.223 | MSE = 179.4251
Iteration 3 of 50 | Duration = 2.726 | MSE = 153.7289
Iteration 4 of 50 | Duration = 2.692 | MSE = 147.1228
Iteration 5 of 50 | Duration = 2.539 | MSE = 144.2379
Iteration 6 of 50 | Duration = 2.488 | MSE = 142.2523
Iteration 7 of 50 | Duration = 2.419 | MSE = 140.1164
Iteration 8 of 50 | Duration = 2.559 | MSE = 139.2651
Iteration 9 of 50 | Duration = 2.421 | MSE = 138.5155
Iteration 10 of 50 | Duration = 2.237 | MSE = 138.0688

Running polya filter for radius = 1, bins = 64, delta = 180.
Initial MSE: 633.5815
Iteration 1 of 50 | Duration = 2.399 | MSE = 228.7419
Iteration 2 of 50 | Duration = 2.612 | MSE = 179.3939
Iteration 3 of 50 | Duration = 2.282 | MSE = 153.6260
Iteration 4 of 50 | Duration = 2.234 | MSE = 147.0940
Iteration 5 of 50 | Duration = 2.152 | MSE = 144.1559
Iteration 6 of 50 | Duration = 2.268 | MSE = 142.1826
Iteration 7 of 50 | Duration = 2.150 | MSE = 140.0672
Iteration 8 of 50 | Duration = 2.318 | MSE = 139.2277
Iteration 9 of 50 | Duration = 2.170 | MSE = 138.4745
Iteration 10 of 50 | Duration = 2.018 | MSE = 138.0209

Running polya filter for radius = 1, bins = 64, delta = 200.
Initial MSE: 633.5815
Iteration 1 of 50 | Duration = 2.345 | MSE = 228.7419
Iteration 2 of 50 | Duration = 2.571 | MSE = 179.3930
Iteration 3 of 50 | Duration = 1.928 | MSE = 153.6226
Iteration 4 of 50 | Duration = 2.168 | MSE = 147.0892
Iteration 5 of 50 | Duration = 2.254 | MSE = 144.1537
Iteration 6 of 50 | Duration = 2.213 | MSE = 142.1812
Iteration 7 of 50 | Duration = 2.198 | MSE = 140.0640
Iteration 8 of 50 | Duration = 2.185 | MSE = 139.2256
Iteration 9 of 50 | Duration = 1.875 | MSE = 138.4731
Iteration 10 of 50 | Duration = 2.198 | MSE = 138.0198

Running polya filter for radius = 1, bins = 128, delta = 20.
Initial MSE: 633.5815
Iteration 1 of 50 | Duration = 3.579 | MSE = 630.8288
Iteration 2 of 50 | Duration = 3.731 | MSE = 630.8288
Iteration 3 of 50 | Duration = 3.877 | MSE = 630.8288

Running polya filter for radius = 1, bins = 128, delta = 40.
Initial MSE: 633.5815
Iteration 1 of 50 | Duration = 3.609 | MSE = 630.8288
Iteration 2 of 50 | Duration = 3.658 | MSE = 630.8288
Iteration 3 of 50 | Duration = 3.816 | MSE = 298.6949
Iteration 4 of 50 | Duration = 4.078 | MSE = 235.7473
Iteration 5 of 50 | Duration = 3.876 | MSE = 227.5796
Iteration 6 of 50 | Duration = 4.159 | MSE = 170.9197
Iteration 7 of 50 | Duration = 3.942 | MSE = 159.1517
Iteration 8 of 50 | Duration = 3.613 | MSE = 155.7177
Iteration 9 of 50 | Duration = 3.915 | MSE = 148.8438
Iteration 10 of 50 | Duration = 3.875 | MSE = 148.0007
Iteration 11 of 50 | Duration = 3.952 | MSE = 146.9523
Iteration 12 of 50 | Duration = 3.982 | MSE = 146.4421
Iteration 13 of 50 | Duration = 3.979 | MSE = 145.2107
Iteration 14 of 50 | Duration = 3.885 | MSE = 143.9761
Iteration 15 of 50 | Duration = 3.901 | MSE = 142.5836
Iteration 16 of 50 | Duration = 3.902 | MSE = 142.0311
Iteration 17 of 50 | Duration = 3.846 | MSE = 141.4421
Iteration 18 of 50 | Duration = 4.126 | MSE = 140.2945
Iteration 19 of 50 | Duration = 3.827 | MSE = 139.5931
Iteration 20 of 50 | Duration = 3.918 | MSE = 139.4540

Running polya filter for radius = 1, bins = 128, delta = 60.
Initial MSE: 633.5815
Iteration 1 of 50 | Duration = 3.406 | MSE = 630.8288
Iteration 2 of 50 | Duration = 3.771 | MSE = 298.6949
Iteration 3 of 50 | Duration = 3.987 | MSE = 234.2763
Iteration 4 of 50 | Duration = 4.269 | MSE = 169.9375
Iteration 5 of 50 | Duration = 3.717 | MSE = 156.1359
Iteration 6 of 50 | Duration = 3.925 | MSE = 149.0315
Iteration 7 of 50 | Duration = 3.914 | MSE = 148.0390
Iteration 8 of 50 | Duration = 4.145 | MSE = 146.4155
Iteration 9 of 50 | Duration = 3.958 | MSE = 144.7838
Iteration 10 of 50 | Duration = 4.045 | MSE = 142.7955
Iteration 11 of 50 | Duration = 3.968 | MSE = 141.8765
Iteration 12 of 50 | Duration = 4.116 | MSE = 140.3901
Iteration 13 of 50 | Duration = 4.074 | MSE = 139.6831
Iteration 14 of 50 | Duration = 3.871 | MSE = 138.6238
Iteration 15 of 50 | Duration = 3.876 | MSE = 138.3364

Running polya filter for radius = 1, bins = 128, delta = 80.
Initial MSE: 633.5815
Iteration 1 of 50 | Duration = 3.648 | MSE = 630.8288
Iteration 2 of 50 | Duration = 3.721 | MSE = 298.6949
Iteration 3 of 50 | Duration = 3.920 | MSE = 238.5005
Iteration 4 of 50 | Duration = 4.266 | MSE = 171.1773
Iteration 5 of 50 | Duration = 4.035 | MSE = 157.1225
Iteration 6 of 50 | Duration = 3.837 | MSE = 149.1077
Iteration 7 of 50 | Duration = 3.941 | MSE = 146.5207
Iteration 8 of 50 | Duration = 3.802 | MSE = 144.5715
Iteration 9 of 50 | Duration = 3.651 | MSE = 143.4796
Iteration 10 of 50 | Duration = 4.207 | MSE = 141.7292
Iteration 11 of 50 | Duration = 3.874 | MSE = 141.0374
Iteration 12 of 50 | Duration = 3.973 | MSE = 139.6500
Iteration 13 of 50 | Duration = 4.188 | MSE = 139.0441
Iteration 14 of 50 | Duration = 3.778 | MSE = 138.0723
Iteration 15 of 50 | Duration = 3.652 | MSE = 137.8240

Running polya filter for radius = 1, bins = 128, delta = 100.
Initial MSE: 633.5815
Iteration 1 of 50 | Duration = 5.129 | MSE = 285.0702
Iteration 2 of 50 | Duration = 4.497 | MSE = 190.6939
Iteration 3 of 50 | Duration = 3.823 | MSE = 167.1742
Iteration 4 of 50 | Duration = 4.136 | MSE = 154.7772
Iteration 5 of 50 | Duration = 4.142 | MSE = 147.5351
Iteration 6 of 50 | Duration = 3.994 | MSE = 143.4291
Iteration 7 of 50 | Duration = 3.902 | MSE = 141.4194
Iteration 8 of 50 | Duration = 3.694 | MSE = 140.1650
Iteration 9 of 50 | Duration = 3.992 | MSE = 139.1522
Iteration 10 of 50 | Duration = 3.856 | MSE = 138.3005
Iteration 11 of 50 | Duration = 3.873 | MSE = 137.6527
Iteration 12 of 50 | Duration = 4.014 | MSE = 137.1321
Iteration 13 of 50 | Duration = 4.014 | MSE = 136.6228
Iteration 14 of 50 | Duration = 3.878 | MSE = 136.1851
New optimal MSE: 136.1851

Running polya filter for radius = 1, bins = 128, delta = 120.
Initial MSE: 633.5815
Iteration 1 of 50 | Duration = 3.724 | MSE = 226.2081
Iteration 2 of 50 | Duration = 4.586 | MSE = 176.1067
Iteration 3 of 50 | Duration = 3.864 | MSE = 150.2854
Iteration 4 of 50 | Duration = 4.021 | MSE = 146.1023
Iteration 5 of 50 | Duration = 3.801 | MSE = 142.1923
Iteration 6 of 50 | Duration = 4.280 | MSE = 139.8320
Iteration 7 of 50 | Duration = 3.783 | MSE = 138.0055
Iteration 8 of 50 | Duration = 3.987 | MSE = 137.1605
Iteration 9 of 50 | Duration = 3.852 | MSE = 136.2709
Iteration 10 of 50 | Duration = 4.117 | MSE = 135.6333
Iteration 11 of 50 | Duration = 4.012 | MSE = 135.0745
Iteration 12 of 50 | Duration = 4.127 | MSE = 134.8736
New optimal MSE: 134.8736

Running polya filter for radius = 1, bins = 128, delta = 140.
Initial MSE: 633.5815
Iteration 1 of 50 | Duration = 3.492 | MSE = 226.2081
Iteration 2 of 50 | Duration = 4.636 | MSE = 176.1067
Iteration 3 of 50 | Duration = 3.985 | MSE = 150.3090
Iteration 4 of 50 | Duration = 4.008 | MSE = 146.0299
Iteration 5 of 50 | Duration = 3.858 | MSE = 142.1759
Iteration 6 of 50 | Duration = 3.967 | MSE = 139.7980
Iteration 7 of 50 | Duration = 3.916 | MSE = 137.9673
Iteration 8 of 50 | Duration = 4.126 | MSE = 137.1329
Iteration 9 of 50 | Duration = 3.952 | MSE = 136.2401
Iteration 10 of 50 | Duration = 4.140 | MSE = 135.6143
Iteration 11 of 50 | Duration = 3.598 | MSE = 135.0563
Iteration 12 of 50 | Duration = 4.016 | MSE = 134.8596
New optimal MSE: 134.8596

Running polya filter for radius = 1, bins = 128, delta = 160.
Initial MSE: 633.5815
Iteration 1 of 50 | Duration = 3.445 | MSE = 226.2081
Iteration 2 of 50 | Duration = 4.649 | MSE = 176.1067
Iteration 3 of 50 | Duration = 4.053 | MSE = 151.1861
Iteration 4 of 50 | Duration = 3.885 | MSE = 144.3428
Iteration 5 of 50 | Duration = 3.982 | MSE = 141.4921
Iteration 6 of 50 | Duration = 4.110 | MSE = 139.4025
Iteration 7 of 50 | Duration = 3.863 | MSE = 137.4722
Iteration 8 of 50 | Duration = 3.762 | MSE = 136.5989
Iteration 9 of 50 | Duration = 3.686 | MSE = 135.8611
Iteration 10 of 50 | Duration = 3.930 | MSE = 135.3895

Running polya filter for radius = 1, bins = 128, delta = 180.
Initial MSE: 633.5815
Iteration 1 of 50 | Duration = 3.581 | MSE = 226.2081
Iteration 2 of 50 | Duration = 4.786 | MSE = 176.0725
Iteration 3 of 50 | Duration = 3.849 | MSE = 151.0605
Iteration 4 of 50 | Duration = 3.962 | MSE = 144.3234
Iteration 5 of 50 | Duration = 3.840 | MSE = 141.4067
Iteration 6 of 50 | Duration = 3.883 | MSE = 139.3392
Iteration 7 of 50 | Duration = 3.907 | MSE = 137.4306
Iteration 8 of 50 | Duration = 3.878 | MSE = 136.5531
Iteration 9 of 50 | Duration = 3.896 | MSE = 135.8160
Iteration 10 of 50 | Duration = 3.753 | MSE = 135.3480

Running polya filter for radius = 1, bins = 128, delta = 200.
Initial MSE: 633.5815
Iteration 1 of 50 | Duration = 3.548 | MSE = 226.2081
Iteration 2 of 50 | Duration = 4.512 | MSE = 176.0708
Iteration 3 of 50 | Duration = 4.156 | MSE = 151.0579
Iteration 4 of 50 | Duration = 3.830 | MSE = 144.3199
Iteration 5 of 50 | Duration = 3.846 | MSE = 141.4045
Iteration 6 of 50 | Duration = 3.748 | MSE = 139.3371
Iteration 7 of 50 | Duration = 3.970 | MSE = 137.4270
Iteration 8 of 50 | Duration = 3.920 | MSE = 136.5507
Iteration 9 of 50 | Duration = 3.716 | MSE = 135.8145
Iteration 10 of 50 | Duration = 4.214 | MSE = 135.3467

Running polya filter for radius = 1, bins = 256, delta = 20.
Initial MSE: 633.5815
Iteration 1 of 50 | Duration = 6.304 | MSE = 631.9590
Iteration 2 of 50 | Duration = 6.443 | MSE = 631.9590
Iteration 3 of 50 | Duration = 6.606 | MSE = 631.9590

Running polya filter for radius = 1, bins = 256, delta = 40.
Initial MSE: 633.5815
Iteration 1 of 50 | Duration = 6.521 | MSE = 631.9590
Iteration 2 of 50 | Duration = 6.622 | MSE = 631.9590
Iteration 3 of 50 | Duration = 6.749 | MSE = 303.7592
Iteration 4 of 50 | Duration = 6.819 | MSE = 241.7366
Iteration 5 of 50 | Duration = 7.024 | MSE = 233.3670
Iteration 6 of 50 | Duration = 7.463 | MSE = 172.2542
Iteration 7 of 50 | Duration = 7.279 | MSE = 159.8609
Iteration 8 of 50 | Duration = 6.986 | MSE = 155.8685
Iteration 9 of 50 | Duration = 6.798 | MSE = 149.3436
Iteration 10 of 50 | Duration = 6.908 | MSE = 148.4570
Iteration 11 of 50 | Duration = 7.126 | MSE = 147.4111
Iteration 12 of 50 | Duration = 7.057 | MSE = 146.8385
Iteration 13 of 50 | Duration = 7.352 | MSE = 145.5911
Iteration 14 of 50 | Duration = 7.341 | MSE = 144.3102
Iteration 15 of 50 | Duration = 7.284 | MSE = 142.8718
Iteration 16 of 50 | Duration = 7.176 | MSE = 142.3194
Iteration 17 of 50 | Duration = 7.174 | MSE = 141.7651
Iteration 18 of 50 | Duration = 7.152 | MSE = 140.6397
Iteration 19 of 50 | Duration = 6.990 | MSE = 139.9753
Iteration 20 of 50 | Duration = 7.179 | MSE = 139.8004

Running polya filter for radius = 1, bins = 256, delta = 60.
Initial MSE: 633.5815
Iteration 1 of 50 | Duration = 6.420 | MSE = 631.9590
Iteration 2 of 50 | Duration = 6.733 | MSE = 303.7592
Iteration 3 of 50 | Duration = 6.958 | MSE = 240.1333
Iteration 4 of 50 | Duration = 7.108 | MSE = 171.0297
Iteration 5 of 50 | Duration = 7.198 | MSE = 156.2313
Iteration 6 of 50 | Duration = 7.015 | MSE = 149.5446
Iteration 7 of 50 | Duration = 7.044 | MSE = 148.4846
Iteration 8 of 50 | Duration = 7.624 | MSE = 146.8256
Iteration 9 of 50 | Duration = 7.167 | MSE = 145.1509
Iteration 10 of 50 | Duration = 7.002 | MSE = 143.1196
Iteration 11 of 50 | Duration = 7.064 | MSE = 142.1643
Iteration 12 of 50 | Duration = 7.179 | MSE = 140.7529
Iteration 13 of 50 | Duration = 7.104 | MSE = 140.0224
Iteration 14 of 50 | Duration = 7.123 | MSE = 139.0167
Iteration 15 of 50 | Duration = 7.139 | MSE = 138.6923

Running polya filter for radius = 1, bins = 256, delta = 80.
Initial MSE: 633.5815
Iteration 1 of 50 | Duration = 6.531 | MSE = 631.9590
Iteration 2 of 50 | Duration = 6.549 | MSE = 303.7592
Iteration 3 of 50 | Duration = 7.056 | MSE = 244.6556
Iteration 4 of 50 | Duration = 7.404 | MSE = 172.5336
Iteration 5 of 50 | Duration = 7.133 | MSE = 157.4858
Iteration 6 of 50 | Duration = 7.203 | MSE = 149.5574
Iteration 7 of 50 | Duration = 7.085 | MSE = 146.8321
Iteration 8 of 50 | Duration = 7.002 | MSE = 144.9608
Iteration 9 of 50 | Duration = 6.939 | MSE = 143.8673
Iteration 10 of 50 | Duration = 7.303 | MSE = 142.1526
Iteration 11 of 50 | Duration = 7.132 | MSE = 141.4059
Iteration 12 of 50 | Duration = 7.169 | MSE = 140.0475
Iteration 13 of 50 | Duration = 7.363 | MSE = 139.4065
Iteration 14 of 50 | Duration = 6.887 | MSE = 138.4683
Iteration 15 of 50 | Duration = 6.922 | MSE = 138.1960

Running polya filter for radius = 1, bins = 256, delta = 100.
Initial MSE: 633.5815
Iteration 1 of 50 | Duration = 8.053 | MSE = 286.6162
Iteration 2 of 50 | Duration = 7.370 | MSE = 191.2462
Iteration 3 of 50 | Duration = 7.223 | MSE = 167.4275
Iteration 4 of 50 | Duration = 7.258 | MSE = 154.8954
Iteration 5 of 50 | Duration = 7.054 | MSE = 147.7596
Iteration 6 of 50 | Duration = 6.829 | MSE = 143.6926
Iteration 7 of 50 | Duration = 7.222 | MSE = 141.6973
Iteration 8 of 50 | Duration = 6.853 | MSE = 140.4352
Iteration 9 of 50 | Duration = 7.146 | MSE = 139.4715
Iteration 10 of 50 | Duration = 6.980 | MSE = 138.5941
Iteration 11 of 50 | Duration = 6.933 | MSE = 137.9451
Iteration 12 of 50 | Duration = 7.200 | MSE = 137.4023
Iteration 13 of 50 | Duration = 6.867 | MSE = 136.8989
Iteration 14 of 50 | Duration = 7.137 | MSE = 136.4916

Running polya filter for radius = 1, bins = 256, delta = 120.
Initial MSE: 633.5815
Iteration 1 of 50 | Duration = 6.185 | MSE = 226.9519
Iteration 2 of 50 | Duration = 7.861 | MSE = 176.2682
Iteration 3 of 50 | Duration = 7.023 | MSE = 150.7028
Iteration 4 of 50 | Duration = 6.983 | MSE = 146.5844
Iteration 5 of 50 | Duration = 7.352 | MSE = 142.5317
Iteration 6 of 50 | Duration = 7.060 | MSE = 140.1558
Iteration 7 of 50 | Duration = 7.306 | MSE = 138.4159
Iteration 8 of 50 | Duration = 7.236 | MSE = 137.5291
Iteration 9 of 50 | Duration = 7.328 | MSE = 136.6322
Iteration 10 of 50 | Duration = 7.409 | MSE = 135.9978
Iteration 11 of 50 | Duration = 7.337 | MSE = 135.4777
Iteration 12 of 50 | Duration = 7.213 | MSE = 135.2614

Running polya filter for radius = 1, bins = 256, delta = 140.
Initial MSE: 633.5815
Iteration 1 of 50 | Duration = 6.472 | MSE = 226.9519
Iteration 2 of 50 | Duration = 7.856 | MSE = 176.2682
Iteration 3 of 50 | Duration = 7.206 | MSE = 150.7232
Iteration 4 of 50 | Duration = 7.516 | MSE = 146.5066
Iteration 5 of 50 | Duration = 7.384 | MSE = 142.5215
Iteration 6 of 50 | Duration = 7.484 | MSE = 140.1230
Iteration 7 of 50 | Duration = 7.416 | MSE = 138.3745
Iteration 8 of 50 | Duration = 7.387 | MSE = 137.5011
Iteration 9 of 50 | Duration = 7.572 | MSE = 136.5990
Iteration 10 of 50 | Duration = 7.456 | MSE = 135.9818
Iteration 11 of 50 | Duration = 7.256 | MSE = 135.4598
Iteration 12 of 50 | Duration = 7.354 | MSE = 135.2476

Running polya filter for radius = 1, bins = 256, delta = 160.
Initial MSE: 633.5815
Iteration 1 of 50 | Duration = 6.364 | MSE = 226.9519
Iteration 2 of 50 | Duration = 7.994 | MSE = 176.2682
Iteration 3 of 50 | Duration = 7.477 | MSE = 151.5931
Iteration 4 of 50 | Duration = 7.440 | MSE = 144.7393
Iteration 5 of 50 | Duration = 7.423 | MSE = 141.8858
Iteration 6 of 50 | Duration = 7.547 | MSE = 139.7313
Iteration 7 of 50 | Duration = 7.335 | MSE = 137.8507
Iteration 8 of 50 | Duration = 7.190 | MSE = 136.9660
Iteration 9 of 50 | Duration = 7.446 | MSE = 136.2465
Iteration 10 of 50 | Duration = 7.287 | MSE = 135.7634

Running polya filter for radius = 1, bins = 256, delta = 180.
Initial MSE: 633.5815
Iteration 1 of 50 | Duration = 6.419 | MSE = 226.9519
Iteration 2 of 50 | Duration = 8.015 | MSE = 176.2262
Iteration 3 of 50 | Duration = 7.469 | MSE = 151.4740
Iteration 4 of 50 | Duration = 7.212 | MSE = 144.7156
Iteration 5 of 50 | Duration = 7.308 | MSE = 141.7992
Iteration 6 of 50 | Duration = 7.425 | MSE = 139.6702
Iteration 7 of 50 | Duration = 7.364 | MSE = 137.8077
Iteration 8 of 50 | Duration = 7.160 | MSE = 136.9154
Iteration 9 of 50 | Duration = 7.309 | MSE = 136.1982
Iteration 10 of 50 | Duration = 7.436 | MSE = 135.7204

Running polya filter for radius = 1, bins = 256, delta = 200.
Initial MSE: 633.5815
Iteration 1 of 50 | Duration = 6.149 | MSE = 226.9519
Iteration 2 of 50 | Duration = 7.884 | MSE = 176.2245
Iteration 3 of 50 | Duration = 7.411 | MSE = 151.4715
Iteration 4 of 50 | Duration = 7.537 | MSE = 144.7134
Iteration 5 of 50 | Duration = 7.381 | MSE = 141.7968
Iteration 6 of 50 | Duration = 7.314 | MSE = 139.6678
Iteration 7 of 50 | Duration = 7.353 | MSE = 137.8038
Iteration 8 of 50 | Duration = 7.664 | MSE = 136.9129
Iteration 9 of 50 | Duration = 7.417 | MSE = 136.1965
Iteration 10 of 50 | Duration = 7.171 | MSE = 135.7189

Running polya filter for radius = 2, bins = 32, delta = 20.
Initial MSE: 633.5815
Iteration 1 of 50 | Duration = 1.385 | MSE = 634.1500

Running polya filter for radius = 2, bins = 32, delta = 40.
Initial MSE: 633.5815
Iteration 1 of 50 | Duration = 1.399 | MSE = 634.1500

Running polya filter for radius = 2, bins = 32, delta = 60.
Initial MSE: 633.5815
Iteration 1 of 50 | Duration = 1.535 | MSE = 634.1500

Running polya filter for radius = 2, bins = 32, delta = 80.
Initial MSE: 633.5815
Iteration 1 of 50 | Duration = 1.465 | MSE = 634.1500

Running polya filter for radius = 2, bins = 32, delta = 100.
Initial MSE: 633.5815
Iteration 1 of 50 | Duration = 2.565 | MSE = 219.6642
Iteration 2 of 50 | Duration = 1.510 | MSE = 116.3235
Iteration 3 of 50 | Duration = 1.174 | MSE = 107.2494
Iteration 4 of 50 | Duration = 1.310 | MSE = 104.5800
Iteration 5 of 50 | Duration = 1.279 | MSE = 103.4774
Iteration 6 of 50 | Duration = 1.217 | MSE = 102.1643
Iteration 7 of 50 | Duration = 1.095 | MSE = 101.9081
New optimal MSE: 101.9081

Running polya filter for radius = 2, bins = 32, delta = 120.
Initial MSE: 633.5815
Iteration 1 of 50 | Duration = 1.479 | MSE = 134.4092
Iteration 2 of 50 | Duration = 1.503 | MSE = 113.8815
Iteration 3 of 50 | Duration = 1.256 | MSE = 107.7466
Iteration 4 of 50 | Duration = 1.259 | MSE = 105.9348
Iteration 5 of 50 | Duration = 1.184 | MSE = 105.0773
Iteration 6 of 50 | Duration = 1.350 | MSE = 104.4732
Iteration 7 of 50 | Duration = 1.186 | MSE = 104.4122

Running polya filter for radius = 2, bins = 32, delta = 140.
Initial MSE: 633.5815
Iteration 1 of 50 | Duration = 1.466 | MSE = 134.4092
Iteration 2 of 50 | Duration = 1.514 | MSE = 113.8805
Iteration 3 of 50 | Duration = 1.285 | MSE = 107.7930
Iteration 4 of 50 | Duration = 1.335 | MSE = 105.9482
Iteration 5 of 50 | Duration = 1.161 | MSE = 105.1163
Iteration 6 of 50 | Duration = 1.285 | MSE = 104.4918
Iteration 7 of 50 | Duration = 1.235 | MSE = 104.4602

Running polya filter for radius = 2, bins = 32, delta = 160.
Initial MSE: 633.5815
Iteration 1 of 50 | Duration = 1.449 | MSE = 134.4092
Iteration 2 of 50 | Duration = 1.574 | MSE = 113.8774
Iteration 3 of 50 | Duration = 1.240 | MSE = 107.9410
Iteration 4 of 50 | Duration = 1.201 | MSE = 105.8075
Iteration 5 of 50 | Duration = 1.215 | MSE = 105.1256
Iteration 6 of 50 | Duration = 1.346 | MSE = 104.5731
Iteration 7 of 50 | Duration = 1.126 | MSE = 104.5930

Running polya filter for radius = 2, bins = 32, delta = 180.
Initial MSE: 633.5815
Iteration 1 of 50 | Duration = 1.430 | MSE = 134.4092
Iteration 2 of 50 | Duration = 1.509 | MSE = 113.7574
Iteration 3 of 50 | Duration = 1.301 | MSE = 107.8278
Iteration 4 of 50 | Duration = 1.084 | MSE = 105.7542
Iteration 5 of 50 | Duration = 1.147 | MSE = 105.1193
Iteration 6 of 50 | Duration = 1.195 | MSE = 104.6194

Running polya filter for radius = 2, bins = 32, delta = 200.
Initial MSE: 633.5815
Iteration 1 of 50 | Duration = 1.323 | MSE = 134.4092
Iteration 2 of 50 | Duration = 1.498 | MSE = 113.7542
Iteration 3 of 50 | Duration = 1.243 | MSE = 107.8248
Iteration 4 of 50 | Duration = 1.409 | MSE = 105.7489
Iteration 5 of 50 | Duration = 1.217 | MSE = 105.1149
Iteration 6 of 50 | Duration = 1.161 | MSE = 104.6159

Running polya filter for radius = 2, bins = 64, delta = 20.
Initial MSE: 633.5815
Iteration 1 of 50 | Duration = 2.586 | MSE = 633.2991
Iteration 2 of 50 | Duration = 2.433 | MSE = 633.2991
Iteration 3 of 50 | Duration = 2.284 | MSE = 633.2991

Running polya filter for radius = 2, bins = 64, delta = 40.
Initial MSE: 633.5815
Iteration 1 of 50 | Duration = 2.556 | MSE = 633.2991
Iteration 2 of 50 | Duration = 2.444 | MSE = 633.2991
Iteration 3 of 50 | Duration = 2.297 | MSE = 324.1633
Iteration 4 of 50 | Duration = 2.494 | MSE = 200.9574
Iteration 5 of 50 | Duration = 2.479 | MSE = 149.6683
Iteration 6 of 50 | Duration = 2.402 | MSE = 116.1343
Iteration 7 of 50 | Duration = 2.248 | MSE = 108.3229
Iteration 8 of 50 | Duration = 2.132 | MSE = 104.8783
Iteration 9 of 50 | Duration = 2.245 | MSE = 103.4751
Iteration 10 of 50 | Duration = 2.151 | MSE = 102.8721
Iteration 11 of 50 | Duration = 2.083 | MSE = 102.6836

Running polya filter for radius = 2, bins = 64, delta = 60.
Initial MSE: 633.5815
Iteration 1 of 50 | Duration = 2.447 | MSE = 633.2991
Iteration 2 of 50 | Duration = 2.146 | MSE = 293.4958
Iteration 3 of 50 | Duration = 2.295 | MSE = 159.3809
Iteration 4 of 50 | Duration = 2.344 | MSE = 112.1713
Iteration 5 of 50 | Duration = 2.338 | MSE = 105.9620
Iteration 6 of 50 | Duration = 2.210 | MSE = 103.7990
Iteration 7 of 50 | Duration = 2.405 | MSE = 103.1619
Iteration 8 of 50 | Duration = 2.250 | MSE = 102.5217
Iteration 9 of 50 | Duration = 2.214 | MSE = 102.3963

Running polya filter for radius = 2, bins = 64, delta = 80.
Initial MSE: 633.5815
Iteration 1 of 50 | Duration = 2.487 | MSE = 633.2991
Iteration 2 of 50 | Duration = 2.144 | MSE = 295.4391
Iteration 3 of 50 | Duration = 2.110 | MSE = 164.1861
Iteration 4 of 50 | Duration = 2.405 | MSE = 111.9252
Iteration 5 of 50 | Duration = 2.157 | MSE = 105.8928
Iteration 6 of 50 | Duration = 2.167 | MSE = 103.9186
Iteration 7 of 50 | Duration = 2.205 | MSE = 103.4024
Iteration 8 of 50 | Duration = 2.220 | MSE = 102.8367
Iteration 9 of 50 | Duration = 2.212 | MSE = 102.8425

Running polya filter for radius = 2, bins = 64, delta = 100.
Initial MSE: 633.5815
Iteration 1 of 50 | Duration = 3.607 | MSE = 218.3583
Iteration 2 of 50 | Duration = 2.605 | MSE = 114.4056
Iteration 3 of 50 | Duration = 2.263 | MSE = 105.1058
Iteration 4 of 50 | Duration = 2.377 | MSE = 102.5622
Iteration 5 of 50 | Duration = 2.303 | MSE = 101.2732
Iteration 6 of 50 | Duration = 2.218 | MSE = 100.2782
Iteration 7 of 50 | Duration = 2.314 | MSE = 100.1124
New optimal MSE: 100.1124

Running polya filter for radius = 2, bins = 64, delta = 120.
Initial MSE: 633.5815
Iteration 1 of 50 | Duration = 2.401 | MSE = 132.6966
Iteration 2 of 50 | Duration = 2.614 | MSE = 111.6188
Iteration 3 of 50 | Duration = 2.279 | MSE = 106.0645
Iteration 4 of 50 | Duration = 2.306 | MSE = 104.1294
Iteration 5 of 50 | Duration = 2.804 | MSE = 103.0278
Iteration 6 of 50 | Duration = 2.162 | MSE = 102.6802

Running polya filter for radius = 2, bins = 64, delta = 140.
Initial MSE: 633.5815
Iteration 1 of 50 | Duration = 2.505 | MSE = 132.6966
Iteration 2 of 50 | Duration = 2.605 | MSE = 111.6152
Iteration 3 of 50 | Duration = 2.278 | MSE = 106.1153
Iteration 4 of 50 | Duration = 2.379 | MSE = 104.1163
Iteration 5 of 50 | Duration = 2.254 | MSE = 103.0699
Iteration 6 of 50 | Duration = 2.293 | MSE = 102.6905

Running polya filter for radius = 2, bins = 64, delta = 160.
Initial MSE: 633.5815
Iteration 1 of 50 | Duration = 2.490 | MSE = 132.6966
Iteration 2 of 50 | Duration = 2.903 | MSE = 111.6124
Iteration 3 of 50 | Duration = 2.204 | MSE = 106.2366
Iteration 4 of 50 | Duration = 2.187 | MSE = 104.0467
Iteration 5 of 50 | Duration = 2.403 | MSE = 103.2345
Iteration 6 of 50 | Duration = 2.241 | MSE = 102.7565

Running polya filter for radius = 2, bins = 64, delta = 180.
Initial MSE: 633.5815
Iteration 1 of 50 | Duration = 2.451 | MSE = 132.6966
Iteration 2 of 50 | Duration = 2.812 | MSE = 111.4769
Iteration 3 of 50 | Duration = 2.217 | MSE = 106.1098
Iteration 4 of 50 | Duration = 2.201 | MSE = 104.0206
Iteration 5 of 50 | Duration = 2.160 | MSE = 103.2341
Iteration 6 of 50 | Duration = 2.308 | MSE = 102.8026

Running polya filter for radius = 2, bins = 64, delta = 200.
Initial MSE: 633.5815
Iteration 1 of 50 | Duration = 2.397 | MSE = 132.6966
Iteration 2 of 50 | Duration = 2.649 | MSE = 111.4750
Iteration 3 of 50 | Duration = 2.407 | MSE = 106.1050
Iteration 4 of 50 | Duration = 2.117 | MSE = 104.0124
Iteration 5 of 50 | Duration = 2.192 | MSE = 103.2272
Iteration 6 of 50 | Duration = 2.257 | MSE = 102.7959

Running polya filter for radius = 2, bins = 128, delta = 20.
Initial MSE: 633.5815
Iteration 1 of 50 | Duration = 3.801 | MSE = 630.8288
Iteration 2 of 50 | Duration = 4.114 | MSE = 630.8288
Iteration 3 of 50 | Duration = 4.232 | MSE = 630.8288

Running polya filter for radius = 2, bins = 128, delta = 40.
Initial MSE: 633.5815
Iteration 1 of 50 | Duration = 3.935 | MSE = 630.8288
Iteration 2 of 50 | Duration = 4.105 | MSE = 630.8288
Iteration 3 of 50 | Duration = 4.186 | MSE = 353.7343
Iteration 4 of 50 | Duration = 4.547 | MSE = 227.4605
Iteration 5 of 50 | Duration = 4.567 | MSE = 171.3314
Iteration 6 of 50 | Duration = 4.760 | MSE = 124.2613
Iteration 7 of 50 | Duration = 4.526 | MSE = 111.2204
Iteration 8 of 50 | Duration = 4.371 | MSE = 104.0521
Iteration 9 of 50 | Duration = 4.546 | MSE = 101.3650
Iteration 10 of 50 | Duration = 4.452 | MSE = 100.3196
Iteration 11 of 50 | Duration = 4.273 | MSE = 99.8800
New optimal MSE: 99.8800

Running polya filter for radius = 2, bins = 128, delta = 60.
Initial MSE: 633.5815
Iteration 1 of 50 | Duration = 3.655 | MSE = 630.8288
Iteration 2 of 50 | Duration = 4.395 | MSE = 320.3903
Iteration 3 of 50 | Duration = 4.217 | MSE = 182.1310
Iteration 4 of 50 | Duration = 4.736 | MSE = 116.3080
Iteration 5 of 50 | Duration = 4.689 | MSE = 104.8537
Iteration 6 of 50 | Duration = 4.882 | MSE = 101.3721
Iteration 7 of 50 | Duration = 4.482 | MSE = 100.3714
Iteration 8 of 50 | Duration = 4.513 | MSE = 99.7881
Iteration 9 of 50 | Duration = 4.549 | MSE = 99.5627
New optimal MSE: 99.5627

Running polya filter for radius = 2, bins = 128, delta = 80.
Initial MSE: 633.5815
Iteration 1 of 50 | Duration = 3.932 | MSE = 630.8288
Iteration 2 of 50 | Duration = 4.192 | MSE = 321.6319
Iteration 3 of 50 | Duration = 4.186 | MSE = 188.7538
Iteration 4 of 50 | Duration = 4.668 | MSE = 116.1050
Iteration 5 of 50 | Duration = 4.640 | MSE = 104.8419
Iteration 6 of 50 | Duration = 4.754 | MSE = 101.5005
Iteration 7 of 50 | Duration = 4.705 | MSE = 100.5935
Iteration 8 of 50 | Duration = 4.909 | MSE = 100.0581
Iteration 9 of 50 | Duration = 4.817 | MSE = 99.9902

Running polya filter for radius = 2, bins = 128, delta = 100.
Initial MSE: 633.5815
Iteration 1 of 50 | Duration = 5.637 | MSE = 217.2554
Iteration 2 of 50 | Duration = 5.183 | MSE = 111.8139
Iteration 3 of 50 | Duration = 4.768 | MSE = 102.7642
Iteration 4 of 50 | Duration = 4.985 | MSE = 100.1380
Iteration 5 of 50 | Duration = 4.926 | MSE = 98.5875
Iteration 6 of 50 | Duration = 4.600 | MSE = 97.7251
Iteration 7 of 50 | Duration = 4.625 | MSE = 97.5208
New optimal MSE: 97.5208

Running polya filter for radius = 2, bins = 128, delta = 120.
Initial MSE: 633.5815
Iteration 1 of 50 | Duration = 3.845 | MSE = 129.9516
Iteration 2 of 50 | Duration = 5.208 | MSE = 109.4828
Iteration 3 of 50 | Duration = 4.397 | MSE = 103.3132
Iteration 4 of 50 | Duration = 4.663 | MSE = 101.4615
Iteration 5 of 50 | Duration = 4.522 | MSE = 100.3124
Iteration 6 of 50 | Duration = 4.432 | MSE = 99.9319

Running polya filter for radius = 2, bins = 128, delta = 140.
Initial MSE: 633.5815
Iteration 1 of 50 | Duration = 3.833 | MSE = 129.9516
Iteration 2 of 50 | Duration = 5.393 | MSE = 109.4792
Iteration 3 of 50 | Duration = 4.613 | MSE = 103.3525
Iteration 4 of 50 | Duration = 4.486 | MSE = 101.4218
Iteration 5 of 50 | Duration = 4.497 | MSE = 100.3314
Iteration 6 of 50 | Duration = 4.778 | MSE = 99.9612

Running polya filter for radius = 2, bins = 128, delta = 160.
Initial MSE: 633.5815
Iteration 1 of 50 | Duration = 3.893 | MSE = 129.9516
Iteration 2 of 50 | Duration = 5.307 | MSE = 109.4760
Iteration 3 of 50 | Duration = 4.995 | MSE = 103.4906
Iteration 4 of 50 | Duration = 4.214 | MSE = 101.3839
Iteration 5 of 50 | Duration = 4.765 | MSE = 100.4996
Iteration 6 of 50 | Duration = 4.573 | MSE = 100.0320

Running polya filter for radius = 2, bins = 128, delta = 180.
Initial MSE: 633.5815
Iteration 1 of 50 | Duration = 4.201 | MSE = 129.9516
Iteration 2 of 50 | Duration = 5.338 | MSE = 109.3278
Iteration 3 of 50 | Duration = 4.692 | MSE = 103.3526
Iteration 4 of 50 | Duration = 4.738 | MSE = 101.3598
Iteration 5 of 50 | Duration = 4.389 | MSE = 100.5225
Iteration 6 of 50 | Duration = 4.492 | MSE = 100.0835

Running polya filter for radius = 2, bins = 128, delta = 200.
Initial MSE: 633.5815
Iteration 1 of 50 | Duration = 3.943 | MSE = 129.9516
Iteration 2 of 50 | Duration = 5.404 | MSE = 109.3254
Iteration 3 of 50 | Duration = 4.658 | MSE = 103.3483
Iteration 4 of 50 | Duration = 4.461 | MSE = 101.3527
Iteration 5 of 50 | Duration = 4.549 | MSE = 100.5168
Iteration 6 of 50 | Duration = 4.841 | MSE = 100.0785

Running polya filter for radius = 2, bins = 256, delta = 20.
Initial MSE: 633.5815
Iteration 1 of 50 | Duration = 7.234 | MSE = 631.9590
Iteration 2 of 50 | Duration = 7.117 | MSE = 631.9590
Iteration 3 of 50 | Duration = 7.904 | MSE = 631.9590

Running polya filter for radius = 2, bins = 256, delta = 40.
Initial MSE: 633.5815
Iteration 1 of 50 | Duration = 6.997 | MSE = 631.9590
Iteration 2 of 50 | Duration = 7.639 | MSE = 631.9590
Iteration 3 of 50 | Duration = 7.578 | MSE = 372.9425
Iteration 4 of 50 | Duration = 7.529 | MSE = 247.6195
Iteration 5 of 50 | Duration = 7.896 | MSE = 189.7512
Iteration 6 of 50 | Duration = 8.129 | MSE = 133.7017
Iteration 7 of 50 | Duration = 8.104 | MSE = 116.9908
Iteration 8 of 50 | Duration = 8.368 | MSE = 106.6974
Iteration 9 of 50 | Duration = 8.212 | MSE = 102.6498
Iteration 10 of 50 | Duration = 8.354 | MSE = 100.9467
Iteration 11 of 50 | Duration = 8.270 | MSE = 100.1397
Iteration 12 of 50 | Duration = 8.235 | MSE = 99.8357

Running polya filter for radius = 2, bins = 256, delta = 60.
Initial MSE: 633.5815
Iteration 1 of 50 | Duration = 6.940 | MSE = 631.9590
Iteration 2 of 50 | Duration = 7.656 | MSE = 338.0347
Iteration 3 of 50 | Duration = 7.924 | MSE = 199.9451
Iteration 4 of 50 | Duration = 8.164 | MSE = 122.6567
Iteration 5 of 50 | Duration = 8.029 | MSE = 107.1588
Iteration 6 of 50 | Duration = 8.110 | MSE = 101.9857
Iteration 7 of 50 | Duration = 8.190 | MSE = 100.5635
Iteration 8 of 50 | Duration = 8.084 | MSE = 99.9544
Iteration 9 of 50 | Duration = 8.336 | MSE = 99.6660

Running polya filter for radius = 2, bins = 256, delta = 80.
Initial MSE: 633.5815
Iteration 1 of 50 | Duration = 7.090 | MSE = 631.9590
Iteration 2 of 50 | Duration = 7.333 | MSE = 338.7043
Iteration 3 of 50 | Duration = 7.604 | MSE = 207.7753
Iteration 4 of 50 | Duration = 8.049 | MSE = 122.2098
Iteration 5 of 50 | Duration = 8.158 | MSE = 107.1450
Iteration 6 of 50 | Duration = 7.957 | MSE = 102.0181
Iteration 7 of 50 | Duration = 8.007 | MSE = 100.7479
Iteration 8 of 50 | Duration = 8.191 | MSE = 100.2176
Iteration 9 of 50 | Duration = 8.259 | MSE = 100.0491

Running polya filter for radius = 2, bins = 256, delta = 100.
Initial MSE: 633.5815
Iteration 1 of 50 | Duration = 8.851 | MSE = 218.7461
Iteration 2 of 50 | Duration = 8.905 | MSE = 112.0120
Iteration 3 of 50 | Duration = 8.816 | MSE = 102.9474
Iteration 4 of 50 | Duration = 8.209 | MSE = 100.3422
Iteration 5 of 50 | Duration = 8.284 | MSE = 98.6724
Iteration 6 of 50 | Duration = 8.561 | MSE = 97.8377
Iteration 7 of 50 | Duration = 8.311 | MSE = 97.5899

Running polya filter for radius = 2, bins = 256, delta = 120.
Initial MSE: 633.5815
Iteration 1 of 50 | Duration = 7.133 | MSE = 130.3055
Iteration 2 of 50 | Duration = 8.741 | MSE = 109.9974
Iteration 3 of 50 | Duration = 8.360 | MSE = 103.4444
Iteration 4 of 50 | Duration = 8.084 | MSE = 101.6840
Iteration 5 of 50 | Duration = 8.341 | MSE = 100.4608
Iteration 6 of 50 | Duration = 8.147 | MSE = 100.0863

Running polya filter for radius = 2, bins = 256, delta = 140.
Initial MSE: 633.5815
Iteration 1 of 50 | Duration = 6.887 | MSE = 130.3055
Iteration 2 of 50 | Duration = 8.838 | MSE = 109.9939
Iteration 3 of 50 | Duration = 8.006 | MSE = 103.4833
Iteration 4 of 50 | Duration = 8.194 | MSE = 101.6345
Iteration 5 of 50 | Duration = 8.195 | MSE = 100.4561
Iteration 6 of 50 | Duration = 8.186 | MSE = 100.1061

Running polya filter for radius = 2, bins = 256, delta = 160.
Initial MSE: 633.5815
Iteration 1 of 50 | Duration = 6.990 | MSE = 130.3055
Iteration 2 of 50 | Duration = 8.780 | MSE = 109.9909
Iteration 3 of 50 | Duration = 8.183 | MSE = 103.6179
Iteration 4 of 50 | Duration = 8.112 | MSE = 101.5714
Iteration 5 of 50 | Duration = 8.133 | MSE = 100.6403
Iteration 6 of 50 | Duration = 8.346 | MSE = 100.1814

Running polya filter for radius = 2, bins = 256, delta = 180.
Initial MSE: 633.5815
Iteration 1 of 50 | Duration = 7.165 | MSE = 130.3055
Iteration 2 of 50 | Duration = 9.045 | MSE = 109.8331
Iteration 3 of 50 | Duration = 8.199 | MSE = 103.4840
Iteration 4 of 50 | Duration = 8.031 | MSE = 101.5533
Iteration 5 of 50 | Duration = 8.170 | MSE = 100.6645
Iteration 6 of 50 | Duration = 8.278 | MSE = 100.2263

Running polya filter for radius = 2, bins = 256, delta = 200.
Initial MSE: 633.5815
Iteration 1 of 50 | Duration = 7.064 | MSE = 130.3055
Iteration 2 of 50 | Duration = 9.161 | MSE = 109.8304
Iteration 3 of 50 | Duration = 8.090 | MSE = 103.4797
Iteration 4 of 50 | Duration = 8.456 | MSE = 101.5483
Iteration 5 of 50 | Duration = 8.279 | MSE = 100.6608
Iteration 6 of 50 | Duration = 8.148 | MSE = 100.2214

Running polya filter for radius = 3, bins = 32, delta = 20.
Initial MSE: 633.5815
Iteration 1 of 50 | Duration = 1.473 | MSE = 634.1500

Running polya filter for radius = 3, bins = 32, delta = 40.
Initial MSE: 633.5815
Iteration 1 of 50 | Duration = 1.285 | MSE = 634.1500

Running polya filter for radius = 3, bins = 32, delta = 60.
Initial MSE: 633.5815
Iteration 1 of 50 | Duration = 1.314 | MSE = 634.1500

Running polya filter for radius = 3, bins = 32, delta = 80.
Initial MSE: 633.5815
Iteration 1 of 50 | Duration = 1.415 | MSE = 634.1500

Running polya filter for radius = 3, bins = 32, delta = 100.
Initial MSE: 633.5815
Iteration 1 of 50 | Duration = 2.583 | MSE = 203.2462
Iteration 2 of 50 | Duration = 1.598 | MSE = 110.7772
Iteration 3 of 50 | Duration = 1.156 | MSE = 109.8301
Iteration 4 of 50 | Duration = 1.124 | MSE = 110.7427

Running polya filter for radius = 3, bins = 32, delta = 120.
Initial MSE: 633.5815
Iteration 1 of 50 | Duration = 1.418 | MSE = 121.2437
Iteration 2 of 50 | Duration = 1.337 | MSE = 109.8100
Iteration 3 of 50 | Duration = 1.124 | MSE = 112.8224

Running polya filter for radius = 3, bins = 32, delta = 140.
Initial MSE: 633.5815
Iteration 1 of 50 | Duration = 1.477 | MSE = 121.2437
Iteration 2 of 50 | Duration = 1.649 | MSE = 109.8101
Iteration 3 of 50 | Duration = 1.077 | MSE = 112.8030

Running polya filter for radius = 3, bins = 32, delta = 160.
Initial MSE: 633.5815
Iteration 1 of 50 | Duration = 1.285 | MSE = 121.2437
Iteration 2 of 50 | Duration = 1.527 | MSE = 109.8050
Iteration 3 of 50 | Duration = 1.095 | MSE = 112.8835

Running polya filter for radius = 3, bins = 32, delta = 180.
Initial MSE: 633.5815
Iteration 1 of 50 | Duration = 1.620 | MSE = 121.2437
Iteration 2 of 50 | Duration = 1.521 | MSE = 109.7465
Iteration 3 of 50 | Duration = 1.210 | MSE = 113.0456

Running polya filter for radius = 3, bins = 32, delta = 200.
Initial MSE: 633.5815
Iteration 1 of 50 | Duration = 1.256 | MSE = 121.2437
Iteration 2 of 50 | Duration = 1.477 | MSE = 109.7454
Iteration 3 of 50 | Duration = 1.295 | MSE = 113.0540

Running polya filter for radius = 3, bins = 64, delta = 20.
Initial MSE: 633.5815
Iteration 1 of 50 | Duration = 2.157 | MSE = 633.2991
Iteration 2 of 50 | Duration = 2.416 | MSE = 633.2991
Iteration 3 of 50 | Duration = 2.322 | MSE = 633.2991

Running polya filter for radius = 3, bins = 64, delta = 40.
Initial MSE: 633.5815
Iteration 1 of 50 | Duration = 2.862 | MSE = 633.2991
Iteration 2 of 50 | Duration = 2.260 | MSE = 633.2991
Iteration 3 of 50 | Duration = 2.394 | MSE = 355.2978
Iteration 4 of 50 | Duration = 2.419 | MSE = 203.3235
Iteration 5 of 50 | Duration = 2.695 | MSE = 138.7001
Iteration 6 of 50 | Duration = 2.452 | MSE = 117.5434
Iteration 7 of 50 | Duration = 2.534 | MSE = 112.9633
Iteration 8 of 50 | Duration = 2.393 | MSE = 112.1565
Iteration 9 of 50 | Duration = 2.529 | MSE = 112.5501

Running polya filter for radius = 3, bins = 64, delta = 60.
Initial MSE: 633.5815
Iteration 1 of 50 | Duration = 2.654 | MSE = 633.2991
Iteration 2 of 50 | Duration = 2.326 | MSE = 326.5597
Iteration 3 of 50 | Duration = 2.227 | MSE = 148.1516
Iteration 4 of 50 | Duration = 2.858 | MSE = 113.5504
Iteration 5 of 50 | Duration = 2.569 | MSE = 111.3757
Iteration 6 of 50 | Duration = 2.280 | MSE = 111.4676

Running polya filter for radius = 3, bins = 64, delta = 80.
Initial MSE: 633.5815
Iteration 1 of 50 | Duration = 2.608 | MSE = 633.2991
Iteration 2 of 50 | Duration = 2.946 | MSE = 331.4249
Iteration 3 of 50 | Duration = 2.386 | MSE = 149.8312
Iteration 4 of 50 | Duration = 2.591 | MSE = 113.4785
Iteration 5 of 50 | Duration = 2.875 | MSE = 111.9543
Iteration 6 of 50 | Duration = 2.521 | MSE = 112.5070

Running polya filter for radius = 3, bins = 64, delta = 100.
Initial MSE: 633.5815
Iteration 1 of 50 | Duration = 3.806 | MSE = 202.1872
Iteration 2 of 50 | Duration = 3.455 | MSE = 108.8229
Iteration 3 of 50 | Duration = 2.457 | MSE = 107.3412
Iteration 4 of 50 | Duration = 2.458 | MSE = 109.0849

Running polya filter for radius = 3, bins = 64, delta = 120.
Initial MSE: 633.5815
Iteration 1 of 50 | Duration = 2.678 | MSE = 119.4450
Iteration 2 of 50 | Duration = 2.858 | MSE = 108.3381
Iteration 3 of 50 | Duration = 2.338 | MSE = 110.9230

Running polya filter for radius = 3, bins = 64, delta = 140.
Initial MSE: 633.5815
Iteration 1 of 50 | Duration = 2.695 | MSE = 119.4450
Iteration 2 of 50 | Duration = 3.060 | MSE = 108.3191
Iteration 3 of 50 | Duration = 2.461 | MSE = 110.9021

Running polya filter for radius = 3, bins = 64, delta = 160.
Initial MSE: 633.5815
Iteration 1 of 50 | Duration = 2.599 | MSE = 119.4450
Iteration 2 of 50 | Duration = 3.302 | MSE = 108.3202
Iteration 3 of 50 | Duration = 2.431 | MSE = 110.9829

Running polya filter for radius = 3, bins = 64, delta = 180.
Initial MSE: 633.5815
Iteration 1 of 50 | Duration = 2.715 | MSE = 119.4450
Iteration 2 of 50 | Duration = 3.023 | MSE = 108.2876
Iteration 3 of 50 | Duration = 2.429 | MSE = 111.1953

Running polya filter for radius = 3, bins = 64, delta = 200.
Initial MSE: 633.5815
Iteration 1 of 50 | Duration = 2.512 | MSE = 119.4450
Iteration 2 of 50 | Duration = 2.995 | MSE = 108.2879
Iteration 3 of 50 | Duration = 2.479 | MSE = 111.2077

Running polya filter for radius = 3, bins = 128, delta = 20.
Initial MSE: 633.5815
Iteration 1 of 50 | Duration = 4.456 | MSE = 630.8288
Iteration 2 of 50 | Duration = 4.822 | MSE = 630.8288
Iteration 3 of 50 | Duration = 5.041 | MSE = 630.8288

Running polya filter for radius = 3, bins = 128, delta = 40.
Initial MSE: 633.5815
Iteration 1 of 50 | Duration = 4.591 | MSE = 630.8288
Iteration 2 of 50 | Duration = 4.526 | MSE = 630.8288
Iteration 3 of 50 | Duration = 4.834 | MSE = 406.3105
Iteration 4 of 50 | Duration = 4.791 | MSE = 247.2734
Iteration 5 of 50 | Duration = 5.024 | MSE = 169.2791
Iteration 6 of 50 | Duration = 5.365 | MSE = 130.8834
Iteration 7 of 50 | Duration = 5.078 | MSE = 116.4744
Iteration 8 of 50 | Duration = 5.026 | MSE = 111.4682
Iteration 9 of 50 | Duration = 5.653 | MSE = 110.2839
Iteration 10 of 50 | Duration = 5.266 | MSE = 110.2951

Running polya filter for radius = 3, bins = 128, delta = 60.
Initial MSE: 633.5815
Iteration 1 of 50 | Duration = 4.839 | MSE = 630.8288
Iteration 2 of 50 | Duration = 4.869 | MSE = 375.5045
Iteration 3 of 50 | Duration = 4.945 | MSE = 182.0233
Iteration 4 of 50 | Duration = 5.081 | MSE = 121.2567
Iteration 5 of 50 | Duration = 5.002 | MSE = 110.3134
Iteration 6 of 50 | Duration = 5.374 | MSE = 108.9154
Iteration 7 of 50 | Duration = 5.505 | MSE = 109.5281

Running polya filter for radius = 3, bins = 128, delta = 80.
Initial MSE: 633.5815
Iteration 1 of 50 | Duration = 4.276 | MSE = 630.8288
Iteration 2 of 50 | Duration = 4.942 | MSE = 378.7256
Iteration 3 of 50 | Duration = 4.955 | MSE = 185.0632
Iteration 4 of 50 | Duration = 5.375 | MSE = 120.9877
Iteration 5 of 50 | Duration = 5.121 | MSE = 110.7523
Iteration 6 of 50 | Duration = 5.239 | MSE = 110.1013
Iteration 7 of 50 | Duration = 5.146 | MSE = 110.6386
Iteration 8 of 50 | Duration = 5.341 | MSE = 111.3501

Running polya filter for radius = 3, bins = 128, delta = 100.
Initial MSE: 633.5815
Iteration 1 of 50 | Duration = 6.404 | MSE = 201.3026
Iteration 2 of 50 | Duration = 6.087 | MSE = 105.9907
Iteration 3 of 50 | Duration = 5.376 | MSE = 104.3071
Iteration 4 of 50 | Duration = 5.882 | MSE = 106.4062

Running polya filter for radius = 3, bins = 128, delta = 120.
Initial MSE: 633.5815
Iteration 1 of 50 | Duration = 4.324 | MSE = 116.6191
Iteration 2 of 50 | Duration = 6.545 | MSE = 106.6900
Iteration 3 of 50 | Duration = 5.337 | MSE = 107.9585

Running polya filter for radius = 3, bins = 128, delta = 140.
Initial MSE: 633.5815
Iteration 1 of 50 | Duration = 4.380 | MSE = 116.6191
Iteration 2 of 50 | Duration = 6.178 | MSE = 106.6709
Iteration 3 of 50 | Duration = 5.322 | MSE = 107.9534

Running polya filter for radius = 3, bins = 128, delta = 160.
Initial MSE: 633.5815
Iteration 1 of 50 | Duration = 4.435 | MSE = 116.6191
Iteration 2 of 50 | Duration = 6.236 | MSE = 106.6675
Iteration 3 of 50 | Duration = 5.320 | MSE = 108.0469

Running polya filter for radius = 3, bins = 128, delta = 180.
Initial MSE: 633.5815
Iteration 1 of 50 | Duration = 4.562 | MSE = 116.6191
Iteration 2 of 50 | Duration = 6.225 | MSE = 106.6141
Iteration 3 of 50 | Duration = 5.182 | MSE = 108.2544

Running polya filter for radius = 3, bins = 128, delta = 200.
Initial MSE: 633.5815
Iteration 1 of 50 | Duration = 4.754 | MSE = 116.6191
Iteration 2 of 50 | Duration = 6.189 | MSE = 106.6151
Iteration 3 of 50 | Duration = 5.392 | MSE = 108.2653

Running polya filter for radius = 3, bins = 256, delta = 20.
Initial MSE: 633.5815
Iteration 1 of 50 | Duration = 7.465 | MSE = 631.9590
Iteration 2 of 50 | Duration = 8.193 | MSE = 631.9590
Iteration 3 of 50 | Duration = 8.396 | MSE = 631.9590

Running polya filter for radius = 3, bins = 256, delta = 40.
Initial MSE: 633.5815
Iteration 1 of 50 | Duration = 7.571 | MSE = 631.9590
Iteration 2 of 50 | Duration = 8.224 | MSE = 631.9590
Iteration 3 of 50 | Duration = 8.523 | MSE = 439.6269
Iteration 4 of 50 | Duration = 8.844 | MSE = 282.9502
Iteration 5 of 50 | Duration = 9.155 | MSE = 198.4818
Iteration 6 of 50 | Duration = 8.997 | MSE = 148.2072
Iteration 7 of 50 | Duration = 8.919 | MSE = 125.5474
Iteration 8 of 50 | Duration = 9.105 | MSE = 115.7755
Iteration 9 of 50 | Duration = 8.611 | MSE = 111.8361
Iteration 10 of 50 | Duration = 8.898 | MSE = 111.0686
Iteration 11 of 50 | Duration = 9.108 | MSE = 111.1730

Running polya filter for radius = 3, bins = 256, delta = 60.
Initial MSE: 633.5815
Iteration 1 of 50 | Duration = 7.222 | MSE = 631.9590
Iteration 2 of 50 | Duration = 8.016 | MSE = 408.3937
Iteration 3 of 50 | Duration = 8.450 | MSE = 213.5695
Iteration 4 of 50 | Duration = 8.989 | MSE = 134.6560
Iteration 5 of 50 | Duration = 9.179 | MSE = 114.4209
Iteration 6 of 50 | Duration = 8.613 | MSE = 110.1826
Iteration 7 of 50 | Duration = 8.812 | MSE = 109.9182

Running polya filter for radius = 3, bins = 256, delta = 80.
Initial MSE: 633.5815
Iteration 1 of 50 | Duration = 7.377 | MSE = 631.9590
Iteration 2 of 50 | Duration = 8.037 | MSE = 410.4324
Iteration 3 of 50 | Duration = 8.759 | MSE = 218.0606
Iteration 4 of 50 | Duration = 9.109 | MSE = 133.5793
Iteration 5 of 50 | Duration = 9.360 | MSE = 114.5699
Iteration 6 of 50 | Duration = 8.841 | MSE = 111.1530
Iteration 7 of 50 | Duration = 9.196 | MSE = 111.0364

Running polya filter for radius = 3, bins = 256, delta = 100.
Initial MSE: 633.5815
Iteration 1 of 50 | Duration = 10.103 | MSE = 202.7249
Iteration 2 of 50 | Duration = 9.698 | MSE = 106.0822
Iteration 3 of 50 | Duration = 8.949 | MSE = 104.2605
Iteration 4 of 50 | Duration = 8.976 | MSE = 106.4642

Running polya filter for radius = 3, bins = 256, delta = 120.
Initial MSE: 633.5815
Iteration 1 of 50 | Duration = 7.424 | MSE = 116.8026
Iteration 2 of 50 | Duration = 9.774 | MSE = 107.4386
Iteration 3 of 50 | Duration = 8.856 | MSE = 107.9878
Iteration 4 of 50 | Duration = 9.227 | MSE = 108.9217

Running polya filter for radius = 3, bins = 256, delta = 140.
Initial MSE: 633.5815
Iteration 1 of 50 | Duration = 7.688 | MSE = 116.8026
Iteration 2 of 50 | Duration = 9.971 | MSE = 107.4173
Iteration 3 of 50 | Duration = 9.088 | MSE = 107.9753
Iteration 4 of 50 | Duration = 8.740 | MSE = 109.1447

Running polya filter for radius = 3, bins = 256, delta = 160.
Initial MSE: 633.5815
Iteration 1 of 50 | Duration = 7.604 | MSE = 116.8026
Iteration 2 of 50 | Duration = 9.767 | MSE = 107.4137
Iteration 3 of 50 | Duration = 9.173 | MSE = 108.0702

Running polya filter for radius = 3, bins = 256, delta = 180.
Initial MSE: 633.5815
Iteration 1 of 50 | Duration = 7.355 | MSE = 116.8026
Iteration 2 of 50 | Duration = 9.956 | MSE = 107.3641
Iteration 3 of 50 | Duration = 9.279 | MSE = 108.2855

Running polya filter for radius = 3, bins = 256, delta = 200.
Initial MSE: 633.5815
Iteration 1 of 50 | Duration = 7.796 | MSE = 116.8026
Iteration 2 of 50 | Duration = 10.045 | MSE = 107.3635
Iteration 3 of 50 | Duration = 9.254 | MSE = 108.2967

Optimal Median:  N = 6, MSE = 104.5967, PSNR = 27.9356, SSIM = 0.7360
