Log Started on 10-Mar-2018

Adding Noise
Optimizing for lena512_speckle_and_binary_erasure_low_optimal
Running polya filter for radius = 1, bins = 32, delta = 20.
Initial MSE: 859.8398
Iteration 1 of 50 | Duration = 1.382 | MSE = 858.4362
Iteration 2 of 50 | Duration = 1.081 | MSE = 858.4362
Iteration 3 of 50 | Duration = 0.993 | MSE = 858.4362
New optimal MSE: 858.4362

Running polya filter for radius = 1, bins = 32, delta = 40.
Initial MSE: 859.8398
Iteration 1 of 50 | Duration = 1.279 | MSE = 858.4362
Iteration 2 of 50 | Duration = 0.989 | MSE = 858.4362
Iteration 3 of 50 | Duration = 0.922 | MSE = 603.6408
Iteration 4 of 50 | Duration = 0.940 | MSE = 558.9463
Iteration 5 of 50 | Duration = 0.900 | MSE = 551.1737
Iteration 6 of 50 | Duration = 1.041 | MSE = 523.8720
Iteration 7 of 50 | Duration = 0.927 | MSE = 514.2328
Iteration 8 of 50 | Duration = 0.924 | MSE = 513.2636
Iteration 9 of 50 | Duration = 0.979 | MSE = 492.6132
Iteration 10 of 50 | Duration = 1.053 | MSE = 491.9099
Iteration 11 of 50 | Duration = 0.997 | MSE = 491.0019
Iteration 12 of 50 | Duration = 1.002 | MSE = 490.7201
New optimal MSE: 490.7201

Running polya filter for radius = 1, bins = 32, delta = 60.
Initial MSE: 859.8398
Iteration 1 of 50 | Duration = 1.301 | MSE = 858.4362
Iteration 2 of 50 | Duration = 1.014 | MSE = 603.6408
Iteration 3 of 50 | Duration = 0.924 | MSE = 558.5492
Iteration 4 of 50 | Duration = 1.109 | MSE = 524.3442
Iteration 5 of 50 | Duration = 0.928 | MSE = 513.8506
Iteration 6 of 50 | Duration = 0.937 | MSE = 492.4418
Iteration 7 of 50 | Duration = 0.982 | MSE = 491.7427
Iteration 8 of 50 | Duration = 0.920 | MSE = 490.4436
Iteration 9 of 50 | Duration = 0.946 | MSE = 487.4920
Iteration 10 of 50 | Duration = 1.051 | MSE = 485.5070
Iteration 11 of 50 | Duration = 1.007 | MSE = 484.7986
Iteration 12 of 50 | Duration = 1.013 | MSE = 482.7165
Iteration 13 of 50 | Duration = 1.024 | MSE = 481.9675
Iteration 14 of 50 | Duration = 0.924 | MSE = 471.1911
Iteration 15 of 50 | Duration = 0.935 | MSE = 470.9680
New optimal MSE: 470.9680

Running polya filter for radius = 1, bins = 32, delta = 80.
Initial MSE: 859.8398
Iteration 1 of 50 | Duration = 1.215 | MSE = 858.4362
Iteration 2 of 50 | Duration = 1.002 | MSE = 603.6408
Iteration 3 of 50 | Duration = 0.926 | MSE = 560.1036
Iteration 4 of 50 | Duration = 1.022 | MSE = 524.3008
Iteration 5 of 50 | Duration = 0.921 | MSE = 514.1613
Iteration 6 of 50 | Duration = 0.941 | MSE = 492.5636
Iteration 7 of 50 | Duration = 0.968 | MSE = 490.8398
Iteration 8 of 50 | Duration = 0.978 | MSE = 487.1543
Iteration 9 of 50 | Duration = 1.045 | MSE = 486.2954
Iteration 10 of 50 | Duration = 0.988 | MSE = 484.1965
Iteration 11 of 50 | Duration = 0.987 | MSE = 483.3675
Iteration 12 of 50 | Duration = 0.940 | MSE = 481.6736
Iteration 13 of 50 | Duration = 0.921 | MSE = 481.1083
Iteration 14 of 50 | Duration = 0.905 | MSE = 470.6064
Iteration 15 of 50 | Duration = 0.932 | MSE = 470.4189
New optimal MSE: 470.4189

Running polya filter for radius = 1, bins = 32, delta = 100.
Initial MSE: 859.8398
Iteration 1 of 50 | Duration = 2.088 | MSE = 599.0922
Iteration 2 of 50 | Duration = 1.235 | MSE = 543.6644
Iteration 3 of 50 | Duration = 1.019 | MSE = 514.6600
Iteration 4 of 50 | Duration = 1.117 | MSE = 503.0227
Iteration 5 of 50 | Duration = 1.094 | MSE = 493.9825
Iteration 6 of 50 | Duration = 1.021 | MSE = 488.3219
Iteration 7 of 50 | Duration = 1.066 | MSE = 479.1009
Iteration 8 of 50 | Duration = 0.988 | MSE = 475.9914
Iteration 9 of 50 | Duration = 0.945 | MSE = 474.0883
Iteration 10 of 50 | Duration = 1.034 | MSE = 472.9179
Iteration 11 of 50 | Duration = 0.959 | MSE = 471.1935
Iteration 12 of 50 | Duration = 0.931 | MSE = 470.5369
Iteration 13 of 50 | Duration = 0.993 | MSE = 469.8401
Iteration 14 of 50 | Duration = 0.937 | MSE = 468.9783
Iteration 15 of 50 | Duration = 0.933 | MSE = 462.4778
Iteration 16 of 50 | Duration = 0.987 | MSE = 460.4997
Iteration 17 of 50 | Duration = 0.994 | MSE = 459.7207
Iteration 18 of 50 | Duration = 1.134 | MSE = 459.2724
New optimal MSE: 459.2724

Running polya filter for radius = 1, bins = 32, delta = 120.
Initial MSE: 859.8398
Iteration 1 of 50 | Duration = 1.383 | MSE = 575.7735
Iteration 2 of 50 | Duration = 1.402 | MSE = 534.2195
Iteration 3 of 50 | Duration = 0.967 | MSE = 492.3721
Iteration 4 of 50 | Duration = 1.004 | MSE = 487.9308
Iteration 5 of 50 | Duration = 0.981 | MSE = 484.7334
Iteration 6 of 50 | Duration = 0.940 | MSE = 482.3116
Iteration 7 of 50 | Duration = 1.003 | MSE = 469.0386
Iteration 8 of 50 | Duration = 0.960 | MSE = 468.3473
Iteration 9 of 50 | Duration = 0.926 | MSE = 466.3907
Iteration 10 of 50 | Duration = 1.000 | MSE = 465.8037
Iteration 11 of 50 | Duration = 1.022 | MSE = 464.5632
Iteration 12 of 50 | Duration = 1.035 | MSE = 464.3559

Running polya filter for radius = 1, bins = 32, delta = 140.
Initial MSE: 859.8398
Iteration 1 of 50 | Duration = 1.254 | MSE = 575.7735
Iteration 2 of 50 | Duration = 1.347 | MSE = 534.2195
Iteration 3 of 50 | Duration = 0.953 | MSE = 492.4062
Iteration 4 of 50 | Duration = 0.913 | MSE = 487.8929
Iteration 5 of 50 | Duration = 0.964 | MSE = 484.7132
Iteration 6 of 50 | Duration = 0.949 | MSE = 482.2923
Iteration 7 of 50 | Duration = 0.900 | MSE = 469.0791
Iteration 8 of 50 | Duration = 0.942 | MSE = 468.3880
Iteration 9 of 50 | Duration = 0.929 | MSE = 466.4190
Iteration 10 of 50 | Duration = 0.900 | MSE = 465.7509
Iteration 11 of 50 | Duration = 0.971 | MSE = 464.5436
Iteration 12 of 50 | Duration = 1.011 | MSE = 464.3448

Running polya filter for radius = 1, bins = 32, delta = 160.
Initial MSE: 859.8398
Iteration 1 of 50 | Duration = 1.335 | MSE = 575.7735
Iteration 2 of 50 | Duration = 1.296 | MSE = 534.2195
Iteration 3 of 50 | Duration = 1.014 | MSE = 494.8822
Iteration 4 of 50 | Duration = 0.968 | MSE = 486.8077
Iteration 5 of 50 | Duration = 0.929 | MSE = 483.6553
Iteration 6 of 50 | Duration = 0.955 | MSE = 481.6458
Iteration 7 of 50 | Duration = 0.963 | MSE = 470.0152
Iteration 8 of 50 | Duration = 0.923 | MSE = 468.5259
Iteration 9 of 50 | Duration = 0.939 | MSE = 465.9453
Iteration 10 of 50 | Duration = 0.969 | MSE = 465.1411
Iteration 11 of 50 | Duration = 0.921 | MSE = 464.2743
Iteration 12 of 50 | Duration = 0.966 | MSE = 464.0909

Running polya filter for radius = 1, bins = 32, delta = 180.
Initial MSE: 859.8398
Iteration 1 of 50 | Duration = 1.300 | MSE = 575.7735
Iteration 2 of 50 | Duration = 1.412 | MSE = 534.1977
Iteration 3 of 50 | Duration = 1.029 | MSE = 494.7437
Iteration 4 of 50 | Duration = 0.968 | MSE = 486.9798
Iteration 5 of 50 | Duration = 0.984 | MSE = 483.5374
Iteration 6 of 50 | Duration = 0.961 | MSE = 481.5503
Iteration 7 of 50 | Duration = 0.942 | MSE = 469.9241
Iteration 8 of 50 | Duration = 0.995 | MSE = 468.4306
Iteration 9 of 50 | Duration = 0.920 | MSE = 465.9650
Iteration 10 of 50 | Duration = 0.950 | MSE = 465.2418
Iteration 11 of 50 | Duration = 0.962 | MSE = 464.2183
Iteration 12 of 50 | Duration = 0.957 | MSE = 464.0355

Running polya filter for radius = 1, bins = 32, delta = 200.
Initial MSE: 859.8398
Iteration 1 of 50 | Duration = 1.287 | MSE = 575.7735
Iteration 2 of 50 | Duration = 1.400 | MSE = 534.1982
Iteration 3 of 50 | Duration = 1.021 | MSE = 494.7383
Iteration 4 of 50 | Duration = 0.978 | MSE = 486.9771
Iteration 5 of 50 | Duration = 1.051 | MSE = 483.5359
Iteration 6 of 50 | Duration = 0.948 | MSE = 481.5486
Iteration 7 of 50 | Duration = 0.957 | MSE = 469.9235
Iteration 8 of 50 | Duration = 0.975 | MSE = 468.4306
Iteration 9 of 50 | Duration = 0.929 | MSE = 465.9650
Iteration 10 of 50 | Duration = 0.922 | MSE = 465.2417
Iteration 11 of 50 | Duration = 0.985 | MSE = 464.2198
Iteration 12 of 50 | Duration = 0.929 | MSE = 464.0370

Running polya filter for radius = 1, bins = 64, delta = 20.
Initial MSE: 859.8398
Iteration 1 of 50 | Duration = 2.338 | MSE = 855.9551
Iteration 2 of 50 | Duration = 1.916 | MSE = 855.9551
Iteration 3 of 50 | Duration = 1.755 | MSE = 855.9551

Running polya filter for radius = 1, bins = 64, delta = 40.
Initial MSE: 859.8398
Iteration 1 of 50 | Duration = 1.976 | MSE = 855.9551
Iteration 2 of 50 | Duration = 1.749 | MSE = 855.9551
Iteration 3 of 50 | Duration = 1.774 | MSE = 609.3462
Iteration 4 of 50 | Duration = 1.927 | MSE = 563.3331
Iteration 5 of 50 | Duration = 1.934 | MSE = 556.2023
Iteration 6 of 50 | Duration = 2.035 | MSE = 519.1028
Iteration 7 of 50 | Duration = 1.813 | MSE = 508.4394
Iteration 8 of 50 | Duration = 1.775 | MSE = 506.7238
Iteration 9 of 50 | Duration = 1.769 | MSE = 488.9010
Iteration 10 of 50 | Duration = 1.769 | MSE = 488.1828
Iteration 11 of 50 | Duration = 1.868 | MSE = 487.2165
Iteration 12 of 50 | Duration = 1.980 | MSE = 486.8114

Running polya filter for radius = 1, bins = 64, delta = 60.
Initial MSE: 859.8398
Iteration 1 of 50 | Duration = 2.104 | MSE = 855.9551
Iteration 2 of 50 | Duration = 1.775 | MSE = 609.3462
Iteration 3 of 50 | Duration = 1.750 | MSE = 562.5369
Iteration 4 of 50 | Duration = 1.935 | MSE = 519.3297
Iteration 5 of 50 | Duration = 1.789 | MSE = 507.3235
Iteration 6 of 50 | Duration = 1.969 | MSE = 489.0222
Iteration 7 of 50 | Duration = 1.997 | MSE = 488.0696
Iteration 8 of 50 | Duration = 1.866 | MSE = 486.6857
Iteration 9 of 50 | Duration = 1.749 | MSE = 483.2140
Iteration 10 of 50 | Duration = 1.785 | MSE = 481.2133
Iteration 11 of 50 | Duration = 1.759 | MSE = 480.1829
Iteration 12 of 50 | Duration = 1.814 | MSE = 478.2329
Iteration 13 of 50 | Duration = 1.913 | MSE = 477.4689
Iteration 14 of 50 | Duration = 2.014 | MSE = 467.7975
Iteration 15 of 50 | Duration = 1.847 | MSE = 467.4970

Running polya filter for radius = 1, bins = 64, delta = 80.
Initial MSE: 859.8398
Iteration 1 of 50 | Duration = 1.983 | MSE = 855.9551
Iteration 2 of 50 | Duration = 1.760 | MSE = 609.3462
Iteration 3 of 50 | Duration = 1.735 | MSE = 564.9393
Iteration 4 of 50 | Duration = 1.912 | MSE = 519.5806
Iteration 5 of 50 | Duration = 1.851 | MSE = 507.9310
Iteration 6 of 50 | Duration = 1.964 | MSE = 489.1406
Iteration 7 of 50 | Duration = 1.831 | MSE = 486.8010
Iteration 8 of 50 | Duration = 1.802 | MSE = 483.0655
Iteration 9 of 50 | Duration = 1.753 | MSE = 482.1210
Iteration 10 of 50 | Duration = 1.795 | MSE = 480.2328
Iteration 11 of 50 | Duration = 1.826 | MSE = 479.0135
Iteration 12 of 50 | Duration = 1.813 | MSE = 477.3279
Iteration 13 of 50 | Duration = 2.057 | MSE = 476.6746
Iteration 14 of 50 | Duration = 1.942 | MSE = 467.1510
Iteration 15 of 50 | Duration = 1.722 | MSE = 466.9297

Running polya filter for radius = 1, bins = 64, delta = 100.
Initial MSE: 859.8398
Iteration 1 of 50 | Duration = 2.928 | MSE = 593.6958
Iteration 2 of 50 | Duration = 2.094 | MSE = 540.1460
Iteration 3 of 50 | Duration = 1.960 | MSE = 510.6437
Iteration 4 of 50 | Duration = 2.275 | MSE = 498.0657
Iteration 5 of 50 | Duration = 1.963 | MSE = 488.7855
Iteration 6 of 50 | Duration = 1.816 | MSE = 484.2624
Iteration 7 of 50 | Duration = 1.767 | MSE = 475.6281
Iteration 8 of 50 | Duration = 1.771 | MSE = 472.5363
Iteration 9 of 50 | Duration = 1.779 | MSE = 470.5731
Iteration 10 of 50 | Duration = 1.795 | MSE = 469.3706
Iteration 11 of 50 | Duration = 1.997 | MSE = 467.2563
Iteration 12 of 50 | Duration = 1.948 | MSE = 466.5432
Iteration 13 of 50 | Duration = 1.805 | MSE = 465.8347
Iteration 14 of 50 | Duration = 1.799 | MSE = 465.2152
Iteration 15 of 50 | Duration = 1.786 | MSE = 459.3978
Iteration 16 of 50 | Duration = 1.795 | MSE = 457.5934
Iteration 17 of 50 | Duration = 1.742 | MSE = 456.6224
Iteration 18 of 50 | Duration = 1.942 | MSE = 456.1493
New optimal MSE: 456.1493

Running polya filter for radius = 1, bins = 64, delta = 120.
Initial MSE: 859.8398
Iteration 1 of 50 | Duration = 2.334 | MSE = 572.3184
Iteration 2 of 50 | Duration = 2.177 | MSE = 526.2150
Iteration 3 of 50 | Duration = 1.824 | MSE = 488.4561
Iteration 4 of 50 | Duration = 1.773 | MSE = 484.0431
Iteration 5 of 50 | Duration = 1.875 | MSE = 480.4285
Iteration 6 of 50 | Duration = 1.854 | MSE = 477.6945
Iteration 7 of 50 | Duration = 2.110 | MSE = 465.5150
Iteration 8 of 50 | Duration = 1.964 | MSE = 464.6755
Iteration 9 of 50 | Duration = 1.788 | MSE = 462.4468
Iteration 10 of 50 | Duration = 1.746 | MSE = 461.7922
Iteration 11 of 50 | Duration = 1.773 | MSE = 460.6961
Iteration 12 of 50 | Duration = 1.780 | MSE = 460.4551

Running polya filter for radius = 1, bins = 64, delta = 140.
Initial MSE: 859.8398
Iteration 1 of 50 | Duration = 2.013 | MSE = 572.3184
Iteration 2 of 50 | Duration = 2.414 | MSE = 526.2150
Iteration 3 of 50 | Duration = 1.928 | MSE = 488.4821
Iteration 4 of 50 | Duration = 1.748 | MSE = 483.9796
Iteration 5 of 50 | Duration = 1.836 | MSE = 480.4143
Iteration 6 of 50 | Duration = 1.789 | MSE = 477.6746
Iteration 7 of 50 | Duration = 1.751 | MSE = 465.4727
Iteration 8 of 50 | Duration = 1.854 | MSE = 464.6353
Iteration 9 of 50 | Duration = 1.987 | MSE = 462.4124
Iteration 10 of 50 | Duration = 1.878 | MSE = 461.6995
Iteration 11 of 50 | Duration = 1.764 | MSE = 460.6925
Iteration 12 of 50 | Duration = 1.769 | MSE = 460.4488

Running polya filter for radius = 1, bins = 64, delta = 160.
Initial MSE: 859.8398
Iteration 1 of 50 | Duration = 2.015 | MSE = 572.3184
Iteration 2 of 50 | Duration = 2.155 | MSE = 526.2150
Iteration 3 of 50 | Duration = 1.916 | MSE = 491.3643
Iteration 4 of 50 | Duration = 2.021 | MSE = 482.5541
Iteration 5 of 50 | Duration = 1.846 | MSE = 479.5750
Iteration 6 of 50 | Duration = 1.767 | MSE = 477.1659
Iteration 7 of 50 | Duration = 1.790 | MSE = 466.5306
Iteration 8 of 50 | Duration = 1.794 | MSE = 464.8094
Iteration 9 of 50 | Duration = 1.765 | MSE = 462.0099
Iteration 10 of 50 | Duration = 1.877 | MSE = 461.1121
Iteration 11 of 50 | Duration = 1.952 | MSE = 460.4426
Iteration 12 of 50 | Duration = 1.853 | MSE = 460.2136

Running polya filter for radius = 1, bins = 64, delta = 180.
Initial MSE: 859.8398
Iteration 1 of 50 | Duration = 1.985 | MSE = 572.3184
Iteration 2 of 50 | Duration = 2.251 | MSE = 526.1845
Iteration 3 of 50 | Duration = 1.831 | MSE = 491.2325
Iteration 4 of 50 | Duration = 1.769 | MSE = 482.8603
Iteration 5 of 50 | Duration = 1.914 | MSE = 479.4620
Iteration 6 of 50 | Duration = 1.946 | MSE = 477.0771
Iteration 7 of 50 | Duration = 1.860 | MSE = 466.4669
Iteration 8 of 50 | Duration = 1.762 | MSE = 464.7405
Iteration 9 of 50 | Duration = 1.758 | MSE = 462.1194
Iteration 10 of 50 | Duration = 1.778 | MSE = 461.2960
Iteration 11 of 50 | Duration = 1.775 | MSE = 460.3938
Iteration 12 of 50 | Duration = 1.841 | MSE = 460.1703

Running polya filter for radius = 1, bins = 64, delta = 200.
Initial MSE: 859.8398
Iteration 1 of 50 | Duration = 2.330 | MSE = 572.3184
Iteration 2 of 50 | Duration = 2.238 | MSE = 526.1842
Iteration 3 of 50 | Duration = 1.856 | MSE = 491.2278
Iteration 4 of 50 | Duration = 1.796 | MSE = 482.8593
Iteration 5 of 50 | Duration = 1.871 | MSE = 479.4613
Iteration 6 of 50 | Duration = 1.803 | MSE = 477.0766
Iteration 7 of 50 | Duration = 1.902 | MSE = 466.4673
Iteration 8 of 50 | Duration = 1.982 | MSE = 464.7412
Iteration 9 of 50 | Duration = 1.896 | MSE = 462.1201
Iteration 10 of 50 | Duration = 1.810 | MSE = 461.2967
Iteration 11 of 50 | Duration = 1.742 | MSE = 460.3957
Iteration 12 of 50 | Duration = 1.760 | MSE = 460.1722

Running polya filter for radius = 1, bins = 128, delta = 20.
Initial MSE: 859.8398
Iteration 1 of 50 | Duration = 6.721 | MSE = 858.2761
Iteration 2 of 50 | Duration = 5.992 | MSE = 858.2761
Iteration 3 of 50 | Duration = 6.410 | MSE = 858.2761

Running polya filter for radius = 1, bins = 128, delta = 40.
Initial MSE: 859.8398
Iteration 1 of 50 | Duration = 6.116 | MSE = 858.2761
Iteration 2 of 50 | Duration = 6.507 | MSE = 858.2761
Iteration 3 of 50 | Duration = 5.929 | MSE = 615.9376
Iteration 4 of 50 | Duration = 6.218 | MSE = 569.4916
Iteration 5 of 50 | Duration = 5.769 | MSE = 562.7725
Iteration 6 of 50 | Duration = 6.589 | MSE = 519.5724
Iteration 7 of 50 | Duration = 5.723 | MSE = 508.1355
Iteration 8 of 50 | Duration = 6.286 | MSE = 505.6094
Iteration 9 of 50 | Duration = 5.805 | MSE = 489.1150
Iteration 10 of 50 | Duration = 6.151 | MSE = 488.3832
Iteration 11 of 50 | Duration = 5.749 | MSE = 487.4205
Iteration 12 of 50 | Duration = 5.951 | MSE = 486.9483

Running polya filter for radius = 1, bins = 128, delta = 60.
Initial MSE: 859.8398
Iteration 1 of 50 | Duration = 6.167 | MSE = 858.2761
Iteration 2 of 50 | Duration = 6.111 | MSE = 615.9376
Iteration 3 of 50 | Duration = 5.623 | MSE = 568.5090
Iteration 4 of 50 | Duration = 6.157 | MSE = 519.5453
Iteration 5 of 50 | Duration = 5.971 | MSE = 506.2848
Iteration 6 of 50 | Duration = 5.880 | MSE = 489.3305
Iteration 7 of 50 | Duration = 5.983 | MSE = 488.3050
Iteration 8 of 50 | Duration = 5.839 | MSE = 486.8114
Iteration 9 of 50 | Duration = 6.132 | MSE = 483.0122
Iteration 10 of 50 | Duration = 5.828 | MSE = 480.8570
Iteration 11 of 50 | Duration = 6.220 | MSE = 479.6538
Iteration 12 of 50 | Duration = 5.790 | MSE = 477.8896
Iteration 13 of 50 | Duration = 6.331 | MSE = 477.1579
Iteration 14 of 50 | Duration = 5.750 | MSE = 468.0767
Iteration 15 of 50 | Duration = 6.082 | MSE = 467.7508

Running polya filter for radius = 1, bins = 128, delta = 80.
Initial MSE: 859.8398
Iteration 1 of 50 | Duration = 6.148 | MSE = 858.2761
Iteration 2 of 50 | Duration = 6.076 | MSE = 615.9376
Iteration 3 of 50 | Duration = 5.553 | MSE = 571.4885
Iteration 4 of 50 | Duration = 6.256 | MSE = 520.0238
Iteration 5 of 50 | Duration = 5.941 | MSE = 507.0308
Iteration 6 of 50 | Duration = 5.936 | MSE = 489.3470
Iteration 7 of 50 | Duration = 5.912 | MSE = 486.7366
Iteration 8 of 50 | Duration = 5.887 | MSE = 482.9409
Iteration 9 of 50 | Duration = 6.016 | MSE = 481.9406
Iteration 10 of 50 | Duration = 5.832 | MSE = 480.0966
Iteration 11 of 50 | Duration = 6.224 | MSE = 478.8919
Iteration 12 of 50 | Duration = 5.785 | MSE = 477.2286
Iteration 13 of 50 | Duration = 6.292 | MSE = 476.4139
Iteration 14 of 50 | Duration = 5.756 | MSE = 467.5095
Iteration 15 of 50 | Duration = 6.143 | MSE = 467.2287

Running polya filter for radius = 1, bins = 128, delta = 100.
Initial MSE: 859.8398
Iteration 1 of 50 | Duration = 7.496 | MSE = 594.6029
Iteration 2 of 50 | Duration = 6.974 | MSE = 540.8922
Iteration 3 of 50 | Duration = 5.790 | MSE = 511.0665
Iteration 4 of 50 | Duration = 6.485 | MSE = 497.8307
Iteration 5 of 50 | Duration = 5.907 | MSE = 488.5105
Iteration 6 of 50 | Duration = 6.189 | MSE = 484.4031
Iteration 7 of 50 | Duration = 5.737 | MSE = 476.0105
Iteration 8 of 50 | Duration = 6.028 | MSE = 472.9879
Iteration 9 of 50 | Duration = 5.744 | MSE = 471.0562
Iteration 10 of 50 | Duration = 6.047 | MSE = 469.8085
Iteration 11 of 50 | Duration = 5.768 | MSE = 467.5360
Iteration 12 of 50 | Duration = 6.120 | MSE = 466.7459
Iteration 13 of 50 | Duration = 5.762 | MSE = 466.0079
Iteration 14 of 50 | Duration = 6.035 | MSE = 465.4529
Iteration 15 of 50 | Duration = 5.722 | MSE = 459.9285
Iteration 16 of 50 | Duration = 5.899 | MSE = 458.2250
Iteration 17 of 50 | Duration = 5.810 | MSE = 457.2732
Iteration 18 of 50 | Duration = 5.857 | MSE = 456.7795

Running polya filter for radius = 1, bins = 128, delta = 120.
Initial MSE: 859.8398
Iteration 1 of 50 | Duration = 6.338 | MSE = 573.0406
Iteration 2 of 50 | Duration = 6.495 | MSE = 524.6530
Iteration 3 of 50 | Duration = 5.910 | MSE = 488.2213
Iteration 4 of 50 | Duration = 5.890 | MSE = 483.9943
Iteration 5 of 50 | Duration = 6.049 | MSE = 480.0273
Iteration 6 of 50 | Duration = 5.875 | MSE = 477.2471
Iteration 7 of 50 | Duration = 6.156 | MSE = 465.5768
Iteration 8 of 50 | Duration = 5.765 | MSE = 464.6245
Iteration 9 of 50 | Duration = 6.248 | MSE = 462.2786
Iteration 10 of 50 | Duration = 5.789 | MSE = 461.6181
Iteration 11 of 50 | Duration = 6.415 | MSE = 460.4873
Iteration 12 of 50 | Duration = 5.713 | MSE = 460.1933

Running polya filter for radius = 1, bins = 128, delta = 140.
Initial MSE: 859.8398
Iteration 1 of 50 | Duration = 6.780 | MSE = 573.0406
Iteration 2 of 50 | Duration = 6.394 | MSE = 524.6530
Iteration 3 of 50 | Duration = 6.284 | MSE = 488.2464
Iteration 4 of 50 | Duration = 5.751 | MSE = 483.9343
Iteration 5 of 50 | Duration = 6.112 | MSE = 480.0171
Iteration 6 of 50 | Duration = 5.826 | MSE = 477.2190
Iteration 7 of 50 | Duration = 5.936 | MSE = 465.5368
Iteration 8 of 50 | Duration = 5.766 | MSE = 464.5798
Iteration 9 of 50 | Duration = 5.923 | MSE = 462.2450
Iteration 10 of 50 | Duration = 5.987 | MSE = 461.5307
Iteration 11 of 50 | Duration = 5.853 | MSE = 460.4838
Iteration 12 of 50 | Duration = 6.029 | MSE = 460.1855

Running polya filter for radius = 1, bins = 128, delta = 160.
Initial MSE: 859.8398
Iteration 1 of 50 | Duration = 6.218 | MSE = 573.0406
Iteration 2 of 50 | Duration = 6.830 | MSE = 524.6530
Iteration 3 of 50 | Duration = 5.790 | MSE = 491.3552
Iteration 4 of 50 | Duration = 6.226 | MSE = 482.2682
Iteration 5 of 50 | Duration = 5.824 | MSE = 479.3030
Iteration 6 of 50 | Duration = 6.233 | MSE = 476.7712
Iteration 7 of 50 | Duration = 5.722 | MSE = 466.7995
Iteration 8 of 50 | Duration = 6.269 | MSE = 464.8712
Iteration 9 of 50 | Duration = 5.746 | MSE = 461.9951
Iteration 10 of 50 | Duration = 5.984 | MSE = 460.8639
Iteration 11 of 50 | Duration = 5.715 | MSE = 460.2199
Iteration 12 of 50 | Duration = 5.867 | MSE = 459.9495

Running polya filter for radius = 1, bins = 128, delta = 180.
Initial MSE: 859.8398
Iteration 1 of 50 | Duration = 6.298 | MSE = 573.0406
Iteration 2 of 50 | Duration = 6.528 | MSE = 524.6123
Iteration 3 of 50 | Duration = 5.827 | MSE = 491.2273
Iteration 4 of 50 | Duration = 5.861 | MSE = 482.6327
Iteration 5 of 50 | Duration = 5.998 | MSE = 479.1889
Iteration 6 of 50 | Duration = 5.807 | MSE = 476.6868
Iteration 7 of 50 | Duration = 6.167 | MSE = 466.7300
Iteration 8 of 50 | Duration = 5.711 | MSE = 464.8050
Iteration 9 of 50 | Duration = 6.236 | MSE = 462.1066
Iteration 10 of 50 | Duration = 5.765 | MSE = 461.0433
Iteration 11 of 50 | Duration = 6.240 | MSE = 460.2438
Iteration 12 of 50 | Duration = 5.723 | MSE = 459.9847

Running polya filter for radius = 1, bins = 128, delta = 200.
Initial MSE: 859.8398
Iteration 1 of 50 | Duration = 6.362 | MSE = 573.0406
Iteration 2 of 50 | Duration = 6.369 | MSE = 524.6121
Iteration 3 of 50 | Duration = 5.966 | MSE = 491.2240
Iteration 4 of 50 | Duration = 5.762 | MSE = 482.6332
Iteration 5 of 50 | Duration = 5.967 | MSE = 479.1895
Iteration 6 of 50 | Duration = 5.882 | MSE = 476.6882
Iteration 7 of 50 | Duration = 5.928 | MSE = 466.7317
Iteration 8 of 50 | Duration = 5.885 | MSE = 464.8067
Iteration 9 of 50 | Duration = 5.885 | MSE = 462.1088
Iteration 10 of 50 | Duration = 6.006 | MSE = 461.0458
Iteration 11 of 50 | Duration = 5.802 | MSE = 460.2464
Iteration 12 of 50 | Duration = 6.124 | MSE = 459.9873

Running polya filter for radius = 1, bins = 256, delta = 20.
Initial MSE: 859.8398
Iteration 1 of 50 | Duration = 9.950 | MSE = 859.0476
Iteration 2 of 50 | Duration = 10.281 | MSE = 859.0476
Iteration 3 of 50 | Duration = 10.506 | MSE = 859.0476

Running polya filter for radius = 1, bins = 256, delta = 40.
Initial MSE: 859.8398
Iteration 1 of 50 | Duration = 10.839 | MSE = 859.0476
Iteration 2 of 50 | Duration = 10.597 | MSE = 859.0476
Iteration 3 of 50 | Duration = 9.928 | MSE = 618.7554
Iteration 4 of 50 | Duration = 10.047 | MSE = 572.8800
Iteration 5 of 50 | Duration = 10.005 | MSE = 566.0825
Iteration 6 of 50 | Duration = 10.833 | MSE = 519.7093
Iteration 7 of 50 | Duration = 10.337 | MSE = 507.9311
Iteration 8 of 50 | Duration = 10.133 | MSE = 505.0229
Iteration 9 of 50 | Duration = 10.152 | MSE = 489.0163
Iteration 10 of 50 | Duration = 10.066 | MSE = 488.2580
Iteration 11 of 50 | Duration = 10.612 | MSE = 487.3110
Iteration 12 of 50 | Duration = 10.445 | MSE = 486.8188

Running polya filter for radius = 1, bins = 256, delta = 60.
Initial MSE: 859.8398
Iteration 1 of 50 | Duration = 10.342 | MSE = 859.0476
Iteration 2 of 50 | Duration = 10.205 | MSE = 618.7554
Iteration 3 of 50 | Duration = 9.909 | MSE = 571.6889
Iteration 4 of 50 | Duration = 10.675 | MSE = 519.5203
Iteration 5 of 50 | Duration = 10.585 | MSE = 505.6959
Iteration 6 of 50 | Duration = 10.175 | MSE = 489.2637
Iteration 7 of 50 | Duration = 10.131 | MSE = 488.2046
Iteration 8 of 50 | Duration = 10.121 | MSE = 486.7273
Iteration 9 of 50 | Duration = 10.476 | MSE = 482.7899
Iteration 10 of 50 | Duration = 10.725 | MSE = 480.5618
Iteration 11 of 50 | Duration = 10.300 | MSE = 479.3489
Iteration 12 of 50 | Duration = 10.276 | MSE = 477.7136
Iteration 13 of 50 | Duration = 10.169 | MSE = 476.9228
Iteration 14 of 50 | Duration = 10.230 | MSE = 468.2462
Iteration 15 of 50 | Duration = 10.574 | MSE = 467.8833

Running polya filter for radius = 1, bins = 256, delta = 80.
Initial MSE: 859.8398
Iteration 1 of 50 | Duration = 10.726 | MSE = 859.0476
Iteration 2 of 50 | Duration = 10.288 | MSE = 618.7554
Iteration 3 of 50 | Duration = 10.031 | MSE = 574.9435
Iteration 4 of 50 | Duration = 10.384 | MSE = 520.1326
Iteration 5 of 50 | Duration = 10.283 | MSE = 506.5633
Iteration 6 of 50 | Duration = 10.783 | MSE = 489.2544
Iteration 7 of 50 | Duration = 10.309 | MSE = 486.4975
Iteration 8 of 50 | Duration = 10.234 | MSE = 482.7586
Iteration 9 of 50 | Duration = 10.102 | MSE = 481.7381
Iteration 10 of 50 | Duration = 10.288 | MSE = 479.8977
Iteration 11 of 50 | Duration = 10.612 | MSE = 478.6869
Iteration 12 of 50 | Duration = 10.628 | MSE = 477.0344
Iteration 13 of 50 | Duration = 10.177 | MSE = 476.2222
Iteration 14 of 50 | Duration = 10.196 | MSE = 467.6013
Iteration 15 of 50 | Duration = 10.065 | MSE = 467.2943

Running polya filter for radius = 1, bins = 256, delta = 100.
Initial MSE: 859.8398
Iteration 1 of 50 | Duration = 12.162 | MSE = 594.9963
Iteration 2 of 50 | Duration = 11.319 | MSE = 540.9806
Iteration 3 of 50 | Duration = 10.679 | MSE = 510.8670
Iteration 4 of 50 | Duration = 10.372 | MSE = 497.3888
Iteration 5 of 50 | Duration = 10.315 | MSE = 488.1893
Iteration 6 of 50 | Duration = 10.047 | MSE = 484.2151
Iteration 7 of 50 | Duration = 10.414 | MSE = 475.9619
Iteration 8 of 50 | Duration = 10.651 | MSE = 473.0043
Iteration 9 of 50 | Duration = 10.274 | MSE = 471.0394
Iteration 10 of 50 | Duration = 10.266 | MSE = 469.7610
Iteration 11 of 50 | Duration = 10.162 | MSE = 467.4300
Iteration 12 of 50 | Duration = 10.256 | MSE = 466.6256
Iteration 13 of 50 | Duration = 10.603 | MSE = 465.8528
Iteration 14 of 50 | Duration = 10.734 | MSE = 465.3288
Iteration 15 of 50 | Duration = 10.312 | MSE = 460.0047
Iteration 16 of 50 | Duration = 10.192 | MSE = 458.4161
Iteration 17 of 50 | Duration = 10.142 | MSE = 457.4265
Iteration 18 of 50 | Duration = 10.218 | MSE = 456.9089
Iteration 19 of 50 | Duration = 10.646 | MSE = 455.9688
Iteration 20 of 50 | Duration = 10.276 | MSE = 455.5602
New optimal MSE: 455.5602

Running polya filter for radius = 1, bins = 256, delta = 120.
Initial MSE: 859.8398
Iteration 1 of 50 | Duration = 10.382 | MSE = 573.2319
Iteration 2 of 50 | Duration = 10.859 | MSE = 523.8197
Iteration 3 of 50 | Duration = 10.297 | MSE = 488.1205
Iteration 4 of 50 | Duration = 10.449 | MSE = 483.9650
Iteration 5 of 50 | Duration = 10.685 | MSE = 479.7470
Iteration 6 of 50 | Duration = 10.309 | MSE = 476.9631
Iteration 7 of 50 | Duration = 10.737 | MSE = 465.6093
Iteration 8 of 50 | Duration = 10.724 | MSE = 464.5802
Iteration 9 of 50 | Duration = 10.701 | MSE = 462.1025
Iteration 10 of 50 | Duration = 11.080 | MSE = 461.4684
Iteration 11 of 50 | Duration = 11.065 | MSE = 460.3599
Iteration 12 of 50 | Duration = 10.768 | MSE = 460.0366

Running polya filter for radius = 1, bins = 256, delta = 140.
Initial MSE: 859.8398
Iteration 1 of 50 | Duration = 10.251 | MSE = 573.2319
Iteration 2 of 50 | Duration = 10.865 | MSE = 523.8197
Iteration 3 of 50 | Duration = 10.092 | MSE = 488.1453
Iteration 4 of 50 | Duration = 10.586 | MSE = 483.9031
Iteration 5 of 50 | Duration = 10.697 | MSE = 479.7401
Iteration 6 of 50 | Duration = 10.217 | MSE = 476.9248
Iteration 7 of 50 | Duration = 10.676 | MSE = 465.5763
Iteration 8 of 50 | Duration = 10.764 | MSE = 464.5477
Iteration 9 of 50 | Duration = 10.685 | MSE = 462.0738
Iteration 10 of 50 | Duration = 11.039 | MSE = 461.3842
Iteration 11 of 50 | Duration = 11.013 | MSE = 460.3542
Iteration 12 of 50 | Duration = 11.010 | MSE = 460.0286

Running polya filter for radius = 1, bins = 256, delta = 160.
Initial MSE: 859.8398
Iteration 1 of 50 | Duration = 10.382 | MSE = 573.2319
Iteration 2 of 50 | Duration = 10.954 | MSE = 523.8197
Iteration 3 of 50 | Duration = 10.187 | MSE = 491.3162
Iteration 4 of 50 | Duration = 10.321 | MSE = 482.0855
Iteration 5 of 50 | Duration = 10.699 | MSE = 479.1205
Iteration 6 of 50 | Duration = 10.481 | MSE = 476.5239
Iteration 7 of 50 | Duration = 10.694 | MSE = 466.7843
Iteration 8 of 50 | Duration = 10.941 | MSE = 464.7411
Iteration 9 of 50 | Duration = 10.297 | MSE = 461.8403
Iteration 10 of 50 | Duration = 10.784 | MSE = 460.7120
Iteration 11 of 50 | Duration = 11.143 | MSE = 460.0948
Iteration 12 of 50 | Duration = 10.956 | MSE = 459.7970

Running polya filter for radius = 1, bins = 256, delta = 180.
Initial MSE: 859.8398
Iteration 1 of 50 | Duration = 10.213 | MSE = 573.2319
Iteration 2 of 50 | Duration = 10.850 | MSE = 523.7732
Iteration 3 of 50 | Duration = 10.171 | MSE = 491.1883
Iteration 4 of 50 | Duration = 10.309 | MSE = 482.4493
Iteration 5 of 50 | Duration = 10.601 | MSE = 479.0016
Iteration 6 of 50 | Duration = 10.300 | MSE = 476.4472
Iteration 7 of 50 | Duration = 10.559 | MSE = 466.7183
Iteration 8 of 50 | Duration = 10.296 | MSE = 464.6734
Iteration 9 of 50 | Duration = 10.755 | MSE = 461.9476
Iteration 10 of 50 | Duration = 11.141 | MSE = 460.8876
Iteration 11 of 50 | Duration = 11.102 | MSE = 460.1189
Iteration 12 of 50 | Duration = 10.879 | MSE = 459.8286

Running polya filter for radius = 1, bins = 256, delta = 200.
Initial MSE: 859.8398
Iteration 1 of 50 | Duration = 10.186 | MSE = 573.2319
Iteration 2 of 50 | Duration = 11.076 | MSE = 523.7728
Iteration 3 of 50 | Duration = 10.139 | MSE = 491.1848
Iteration 4 of 50 | Duration = 10.373 | MSE = 482.4492
Iteration 5 of 50 | Duration = 10.673 | MSE = 479.0018
Iteration 6 of 50 | Duration = 10.496 | MSE = 476.4483
Iteration 7 of 50 | Duration = 10.269 | MSE = 466.7197
Iteration 8 of 50 | Duration = 10.576 | MSE = 464.6748
Iteration 9 of 50 | Duration = 10.526 | MSE = 461.9497
Iteration 10 of 50 | Duration = 10.822 | MSE = 460.8901
Iteration 11 of 50 | Duration = 11.218 | MSE = 460.1214
Iteration 12 of 50 | Duration = 11.051 | MSE = 459.8311

Running polya filter for radius = 2, bins = 32, delta = 20.
Initial MSE: 859.8398
Iteration 1 of 50 | Duration = 1.319 | MSE = 858.4362
Iteration 2 of 50 | Duration = 1.116 | MSE = 858.4362
Iteration 3 of 50 | Duration = 1.067 | MSE = 858.4362

Running polya filter for radius = 2, bins = 32, delta = 40.
Initial MSE: 859.8398
Iteration 1 of 50 | Duration = 1.403 | MSE = 858.4362
Iteration 2 of 50 | Duration = 1.129 | MSE = 858.4362
Iteration 3 of 50 | Duration = 0.964 | MSE = 451.0190
Iteration 4 of 50 | Duration = 0.927 | MSE = 268.5091
Iteration 5 of 50 | Duration = 1.018 | MSE = 180.4621
Iteration 6 of 50 | Duration = 1.020 | MSE = 138.6131
Iteration 7 of 50 | Duration = 0.946 | MSE = 127.6231
Iteration 8 of 50 | Duration = 1.051 | MSE = 124.3149
Iteration 9 of 50 | Duration = 0.974 | MSE = 122.6891
Iteration 10 of 50 | Duration = 0.956 | MSE = 121.5132
Iteration 11 of 50 | Duration = 1.127 | MSE = 120.7940
Iteration 12 of 50 | Duration = 1.067 | MSE = 120.3671
New optimal MSE: 120.3671

Running polya filter for radius = 2, bins = 32, delta = 60.
Initial MSE: 859.8398
Iteration 1 of 50 | Duration = 1.480 | MSE = 858.4362
Iteration 2 of 50 | Duration = 1.174 | MSE = 405.4540
Iteration 3 of 50 | Duration = 0.969 | MSE = 193.8916
Iteration 4 of 50 | Duration = 1.042 | MSE = 134.6531
Iteration 5 of 50 | Duration = 1.032 | MSE = 127.0688
Iteration 6 of 50 | Duration = 0.985 | MSE = 123.5188
Iteration 7 of 50 | Duration = 0.961 | MSE = 122.8078
Iteration 8 of 50 | Duration = 1.032 | MSE = 121.1491
Iteration 9 of 50 | Duration = 0.950 | MSE = 120.6059
Iteration 10 of 50 | Duration = 0.974 | MSE = 119.8045
Iteration 11 of 50 | Duration = 1.078 | MSE = 119.7249
New optimal MSE: 119.7249

Running polya filter for radius = 2, bins = 32, delta = 80.
Initial MSE: 859.8398
Iteration 1 of 50 | Duration = 1.555 | MSE = 858.4362
Iteration 2 of 50 | Duration = 1.173 | MSE = 407.2608
Iteration 3 of 50 | Duration = 1.071 | MSE = 202.4599
Iteration 4 of 50 | Duration = 1.064 | MSE = 133.7167
Iteration 5 of 50 | Duration = 1.015 | MSE = 126.6893
Iteration 6 of 50 | Duration = 1.035 | MSE = 123.1679
Iteration 7 of 50 | Duration = 0.987 | MSE = 122.4904
Iteration 8 of 50 | Duration = 1.055 | MSE = 121.0029
Iteration 9 of 50 | Duration = 1.034 | MSE = 120.6162

Running polya filter for radius = 2, bins = 32, delta = 100.
Initial MSE: 859.8398
Iteration 1 of 50 | Duration = 2.244 | MSE = 308.2032
Iteration 2 of 50 | Duration = 1.339 | MSE = 144.7515
Iteration 3 of 50 | Duration = 1.196 | MSE = 129.6991
Iteration 4 of 50 | Duration = 1.059 | MSE = 124.8303
Iteration 5 of 50 | Duration = 1.013 | MSE = 121.7622
Iteration 6 of 50 | Duration = 1.035 | MSE = 119.6985
Iteration 7 of 50 | Duration = 0.968 | MSE = 118.8548
Iteration 8 of 50 | Duration = 0.957 | MSE = 118.3141
Iteration 9 of 50 | Duration = 1.033 | MSE = 117.6961
Iteration 10 of 50 | Duration = 0.955 | MSE = 117.1635
Iteration 11 of 50 | Duration = 0.951 | MSE = 117.0552
New optimal MSE: 117.0552

Running polya filter for radius = 2, bins = 32, delta = 120.
Initial MSE: 859.8398
Iteration 1 of 50 | Duration = 1.354 | MSE = 164.4671
Iteration 2 of 50 | Duration = 1.452 | MSE = 139.0524
Iteration 3 of 50 | Duration = 1.115 | MSE = 127.2896
Iteration 4 of 50 | Duration = 1.055 | MSE = 124.1970
Iteration 5 of 50 | Duration = 1.071 | MSE = 121.9064
Iteration 6 of 50 | Duration = 1.001 | MSE = 120.9465
Iteration 7 of 50 | Duration = 0.951 | MSE = 119.7722
Iteration 8 of 50 | Duration = 1.000 | MSE = 119.4579

Running polya filter for radius = 2, bins = 32, delta = 140.
Initial MSE: 859.8398
Iteration 1 of 50 | Duration = 1.290 | MSE = 164.4671
Iteration 2 of 50 | Duration = 1.292 | MSE = 139.0538
Iteration 3 of 50 | Duration = 1.012 | MSE = 127.3533
Iteration 4 of 50 | Duration = 0.995 | MSE = 124.1088
Iteration 5 of 50 | Duration = 0.978 | MSE = 121.9275
Iteration 6 of 50 | Duration = 1.104 | MSE = 120.9940
Iteration 7 of 50 | Duration = 1.052 | MSE = 119.8465
Iteration 8 of 50 | Duration = 1.026 | MSE = 119.5331

Running polya filter for radius = 2, bins = 32, delta = 160.
Initial MSE: 859.8398
Iteration 1 of 50 | Duration = 1.349 | MSE = 164.4671
Iteration 2 of 50 | Duration = 1.305 | MSE = 139.0499
Iteration 3 of 50 | Duration = 0.977 | MSE = 127.5424
Iteration 4 of 50 | Duration = 0.992 | MSE = 123.8086
Iteration 5 of 50 | Duration = 1.006 | MSE = 121.8997
Iteration 6 of 50 | Duration = 0.966 | MSE = 120.9185
Iteration 7 of 50 | Duration = 0.961 | MSE = 119.7741
Iteration 8 of 50 | Duration = 0.945 | MSE = 119.3570

Running polya filter for radius = 2, bins = 32, delta = 180.
Initial MSE: 859.8398
Iteration 1 of 50 | Duration = 1.275 | MSE = 164.4671
Iteration 2 of 50 | Duration = 1.473 | MSE = 138.8601
Iteration 3 of 50 | Duration = 1.059 | MSE = 127.3220
Iteration 4 of 50 | Duration = 1.075 | MSE = 123.7555
Iteration 5 of 50 | Duration = 1.069 | MSE = 121.8350
Iteration 6 of 50 | Duration = 0.978 | MSE = 120.8419
Iteration 7 of 50 | Duration = 0.973 | MSE = 119.8065
Iteration 8 of 50 | Duration = 1.035 | MSE = 119.3909

Running polya filter for radius = 2, bins = 32, delta = 200.
Initial MSE: 859.8398
Iteration 1 of 50 | Duration = 1.281 | MSE = 164.4671
Iteration 2 of 50 | Duration = 1.331 | MSE = 138.8574
Iteration 3 of 50 | Duration = 1.038 | MSE = 127.3151
Iteration 4 of 50 | Duration = 1.005 | MSE = 123.7566
Iteration 5 of 50 | Duration = 1.040 | MSE = 121.8389
Iteration 6 of 50 | Duration = 1.126 | MSE = 120.8441
Iteration 7 of 50 | Duration = 1.029 | MSE = 119.8057
Iteration 8 of 50 | Duration = 1.067 | MSE = 119.3910

Running polya filter for radius = 2, bins = 64, delta = 20.
Initial MSE: 859.8398
Iteration 1 of 50 | Duration = 2.241 | MSE = 855.9551
Iteration 2 of 50 | Duration = 2.093 | MSE = 855.9551
Iteration 3 of 50 | Duration = 1.919 | MSE = 855.9551

Running polya filter for radius = 2, bins = 64, delta = 40.
Initial MSE: 859.8398
Iteration 1 of 50 | Duration = 2.270 | MSE = 855.9551
Iteration 2 of 50 | Duration = 2.120 | MSE = 855.9551
Iteration 3 of 50 | Duration = 1.917 | MSE = 515.7569
Iteration 4 of 50 | Duration = 1.797 | MSE = 333.6513
Iteration 5 of 50 | Duration = 1.833 | MSE = 234.5058
Iteration 6 of 50 | Duration = 1.935 | MSE = 157.3274
Iteration 7 of 50 | Duration = 1.948 | MSE = 133.0339
Iteration 8 of 50 | Duration = 1.860 | MSE = 122.7099
Iteration 9 of 50 | Duration = 2.067 | MSE = 119.0283
Iteration 10 of 50 | Duration = 1.943 | MSE = 117.6339
Iteration 11 of 50 | Duration = 1.844 | MSE = 117.0322
Iteration 12 of 50 | Duration = 1.919 | MSE = 116.6673
New optimal MSE: 116.6673

Running polya filter for radius = 2, bins = 64, delta = 60.
Initial MSE: 859.8398
Iteration 1 of 50 | Duration = 2.225 | MSE = 855.9551
Iteration 2 of 50 | Duration = 2.054 | MSE = 465.9199
Iteration 3 of 50 | Duration = 2.085 | MSE = 247.6415
Iteration 4 of 50 | Duration = 2.079 | MSE = 146.4176
Iteration 5 of 50 | Duration = 1.929 | MSE = 125.6344
Iteration 6 of 50 | Duration = 1.868 | MSE = 120.1214
Iteration 7 of 50 | Duration = 1.847 | MSE = 118.8026
Iteration 8 of 50 | Duration = 1.904 | MSE = 117.2905
Iteration 9 of 50 | Duration = 1.889 | MSE = 116.7341
Iteration 10 of 50 | Duration = 2.059 | MSE = 116.2199
Iteration 11 of 50 | Duration = 1.953 | MSE = 116.0086
New optimal MSE: 116.0086

Running polya filter for radius = 2, bins = 64, delta = 80.
Initial MSE: 859.8398
Iteration 1 of 50 | Duration = 2.256 | MSE = 855.9551
Iteration 2 of 50 | Duration = 1.893 | MSE = 467.5583
Iteration 3 of 50 | Duration = 1.865 | MSE = 262.7513
Iteration 4 of 50 | Duration = 1.979 | MSE = 145.0786
Iteration 5 of 50 | Duration = 1.968 | MSE = 125.4857
Iteration 6 of 50 | Duration = 2.095 | MSE = 119.6126
Iteration 7 of 50 | Duration = 1.959 | MSE = 118.5737
Iteration 8 of 50 | Duration = 1.838 | MSE = 117.3154
Iteration 9 of 50 | Duration = 1.848 | MSE = 116.9035

Running polya filter for radius = 2, bins = 64, delta = 100.
Initial MSE: 859.8398
Iteration 1 of 50 | Duration = 3.249 | MSE = 309.2980
Iteration 2 of 50 | Duration = 2.584 | MSE = 141.1804
Iteration 3 of 50 | Duration = 2.052 | MSE = 126.0972
Iteration 4 of 50 | Duration = 1.911 | MSE = 120.8693
Iteration 5 of 50 | Duration = 1.920 | MSE = 117.7274
Iteration 6 of 50 | Duration = 1.890 | MSE = 116.0196
Iteration 7 of 50 | Duration = 1.882 | MSE = 115.1380
Iteration 8 of 50 | Duration = 1.842 | MSE = 114.4542
Iteration 9 of 50 | Duration = 2.191 | MSE = 113.9753
New optimal MSE: 113.9753

Running polya filter for radius = 2, bins = 64, delta = 120.
Initial MSE: 859.8398
Iteration 1 of 50 | Duration = 2.456 | MSE = 160.9737
Iteration 2 of 50 | Duration = 2.353 | MSE = 134.5117
Iteration 3 of 50 | Duration = 1.896 | MSE = 123.6362
Iteration 4 of 50 | Duration = 1.855 | MSE = 120.3503
Iteration 5 of 50 | Duration = 1.910 | MSE = 118.2045
Iteration 6 of 50 | Duration = 2.066 | MSE = 117.1716
Iteration 7 of 50 | Duration = 2.063 | MSE = 116.1711
Iteration 8 of 50 | Duration = 1.835 | MSE = 115.7495

Running polya filter for radius = 2, bins = 64, delta = 140.
Initial MSE: 859.8398
Iteration 1 of 50 | Duration = 2.184 | MSE = 160.9737
Iteration 2 of 50 | Duration = 2.313 | MSE = 134.5101
Iteration 3 of 50 | Duration = 1.879 | MSE = 123.6917
Iteration 4 of 50 | Duration = 2.056 | MSE = 120.2772
Iteration 5 of 50 | Duration = 2.022 | MSE = 118.1908
Iteration 6 of 50 | Duration = 1.909 | MSE = 117.1450
Iteration 7 of 50 | Duration = 1.885 | MSE = 116.1638
Iteration 8 of 50 | Duration = 1.833 | MSE = 115.7413

Running polya filter for radius = 2, bins = 64, delta = 160.
Initial MSE: 859.8398
Iteration 1 of 50 | Duration = 2.195 | MSE = 160.9737
Iteration 2 of 50 | Duration = 2.418 | MSE = 134.5074
Iteration 3 of 50 | Duration = 2.131 | MSE = 123.9080
Iteration 4 of 50 | Duration = 1.937 | MSE = 119.9387
Iteration 5 of 50 | Duration = 1.884 | MSE = 118.2116
Iteration 6 of 50 | Duration = 1.880 | MSE = 117.0754
Iteration 7 of 50 | Duration = 1.858 | MSE = 116.0201
Iteration 8 of 50 | Duration = 1.876 | MSE = 115.6169

Running polya filter for radius = 2, bins = 64, delta = 180.
Initial MSE: 859.8398
Iteration 1 of 50 | Duration = 2.443 | MSE = 160.9737
Iteration 2 of 50 | Duration = 2.392 | MSE = 134.2973
Iteration 3 of 50 | Duration = 1.923 | MSE = 123.6769
Iteration 4 of 50 | Duration = 1.891 | MSE = 119.9028
Iteration 5 of 50 | Duration = 1.904 | MSE = 118.1422
Iteration 6 of 50 | Duration = 1.879 | MSE = 117.0385
Iteration 7 of 50 | Duration = 2.044 | MSE = 116.0762
Iteration 8 of 50 | Duration = 2.023 | MSE = 115.6495

Running polya filter for radius = 2, bins = 64, delta = 200.
Initial MSE: 859.8398
Iteration 1 of 50 | Duration = 2.358 | MSE = 160.9737
Iteration 2 of 50 | Duration = 2.336 | MSE = 134.2950
Iteration 3 of 50 | Duration = 1.929 | MSE = 123.6691
Iteration 4 of 50 | Duration = 1.885 | MSE = 119.9000
Iteration 5 of 50 | Duration = 1.948 | MSE = 118.1401
Iteration 6 of 50 | Duration = 2.080 | MSE = 117.0375
Iteration 7 of 50 | Duration = 1.985 | MSE = 116.0751
Iteration 8 of 50 | Duration = 1.848 | MSE = 115.6518

Running polya filter for radius = 2, bins = 128, delta = 20.
Initial MSE: 859.8398
Iteration 1 of 50 | Duration = 5.963 | MSE = 858.2761
Iteration 2 of 50 | Duration = 6.387 | MSE = 858.2761
Iteration 3 of 50 | Duration = 6.177 | MSE = 858.2761

Running polya filter for radius = 2, bins = 128, delta = 40.
Initial MSE: 859.8398
Iteration 1 of 50 | Duration = 6.418 | MSE = 858.2761
Iteration 2 of 50 | Duration = 6.006 | MSE = 858.2761
Iteration 3 of 50 | Duration = 6.593 | MSE = 557.4219
Iteration 4 of 50 | Duration = 6.199 | MSE = 382.7467
Iteration 5 of 50 | Duration = 6.788 | MSE = 280.9371
Iteration 6 of 50 | Duration = 6.453 | MSE = 186.2472
Iteration 7 of 50 | Duration = 6.715 | MSE = 148.3132
Iteration 8 of 50 | Duration = 6.410 | MSE = 128.2664
Iteration 9 of 50 | Duration = 6.787 | MSE = 121.2183
Iteration 10 of 50 | Duration = 6.325 | MSE = 117.5883
Iteration 11 of 50 | Duration = 6.696 | MSE = 116.4845
Iteration 12 of 50 | Duration = 6.362 | MSE = 115.7904
Iteration 13 of 50 | Duration = 6.683 | MSE = 115.4802

Running polya filter for radius = 2, bins = 128, delta = 60.
Initial MSE: 859.8398
Iteration 1 of 50 | Duration = 5.887 | MSE = 858.2761
Iteration 2 of 50 | Duration = 6.547 | MSE = 505.1761
Iteration 3 of 50 | Duration = 6.045 | MSE = 293.4208
Iteration 4 of 50 | Duration = 6.941 | MSE = 166.4096
Iteration 5 of 50 | Duration = 6.354 | MSE = 129.2630
Iteration 6 of 50 | Duration = 6.749 | MSE = 120.2705
Iteration 7 of 50 | Duration = 6.185 | MSE = 118.0155
Iteration 8 of 50 | Duration = 6.664 | MSE = 116.6524
Iteration 9 of 50 | Duration = 6.351 | MSE = 115.8446
Iteration 10 of 50 | Duration = 6.845 | MSE = 115.3612

Running polya filter for radius = 2, bins = 128, delta = 80.
Initial MSE: 859.8398
Iteration 1 of 50 | Duration = 5.938 | MSE = 858.2761
Iteration 2 of 50 | Duration = 6.511 | MSE = 506.0459
Iteration 3 of 50 | Duration = 6.069 | MSE = 311.6163
Iteration 4 of 50 | Duration = 6.909 | MSE = 163.9294
Iteration 5 of 50 | Duration = 6.440 | MSE = 131.4992
Iteration 6 of 50 | Duration = 6.740 | MSE = 120.9319
Iteration 7 of 50 | Duration = 6.481 | MSE = 117.9253
Iteration 8 of 50 | Duration = 6.797 | MSE = 116.5953
Iteration 9 of 50 | Duration = 6.618 | MSE = 116.0209
Iteration 10 of 50 | Duration = 6.777 | MSE = 115.2963
Iteration 11 of 50 | Duration = 6.642 | MSE = 114.8526

Running polya filter for radius = 2, bins = 128, delta = 100.
Initial MSE: 859.8398
Iteration 1 of 50 | Duration = 7.877 | MSE = 312.5152
Iteration 2 of 50 | Duration = 7.074 | MSE = 140.7686
Iteration 3 of 50 | Duration = 6.688 | MSE = 125.8065
Iteration 4 of 50 | Duration = 6.660 | MSE = 120.3306
Iteration 5 of 50 | Duration = 6.720 | MSE = 117.1240
Iteration 6 of 50 | Duration = 6.489 | MSE = 115.4028
Iteration 7 of 50 | Duration = 6.729 | MSE = 114.4823
Iteration 8 of 50 | Duration = 6.543 | MSE = 113.7436
Iteration 9 of 50 | Duration = 6.434 | MSE = 113.2711
New optimal MSE: 113.2711

Running polya filter for radius = 2, bins = 128, delta = 120.
Initial MSE: 859.8398
Iteration 1 of 50 | Duration = 6.119 | MSE = 160.6806
Iteration 2 of 50 | Duration = 7.298 | MSE = 133.9535
Iteration 3 of 50 | Duration = 6.972 | MSE = 123.0820
Iteration 4 of 50 | Duration = 6.748 | MSE = 119.7023
Iteration 5 of 50 | Duration = 6.781 | MSE = 117.5049
Iteration 6 of 50 | Duration = 6.511 | MSE = 116.2503
Iteration 7 of 50 | Duration = 6.666 | MSE = 115.4202
Iteration 8 of 50 | Duration = 6.668 | MSE = 114.9158
Iteration 9 of 50 | Duration = 6.749 | MSE = 114.4451

Running polya filter for radius = 2, bins = 128, delta = 140.
Initial MSE: 859.8398
Iteration 1 of 50 | Duration = 6.246 | MSE = 160.6806
Iteration 2 of 50 | Duration = 7.305 | MSE = 133.9518
Iteration 3 of 50 | Duration = 6.373 | MSE = 123.1315
Iteration 4 of 50 | Duration = 6.748 | MSE = 119.6264
Iteration 5 of 50 | Duration = 6.856 | MSE = 117.4933
Iteration 6 of 50 | Duration = 6.857 | MSE = 116.2160
Iteration 7 of 50 | Duration = 6.621 | MSE = 115.4401
Iteration 8 of 50 | Duration = 7.074 | MSE = 114.9280
Iteration 9 of 50 | Duration = 6.794 | MSE = 114.4658

Running polya filter for radius = 2, bins = 128, delta = 160.
Initial MSE: 859.8398
Iteration 1 of 50 | Duration = 6.138 | MSE = 160.6806
Iteration 2 of 50 | Duration = 7.217 | MSE = 133.9471
Iteration 3 of 50 | Duration = 6.580 | MSE = 123.4074
Iteration 4 of 50 | Duration = 6.819 | MSE = 119.2170
Iteration 5 of 50 | Duration = 6.472 | MSE = 117.4117
Iteration 6 of 50 | Duration = 6.673 | MSE = 116.1383
Iteration 7 of 50 | Duration = 6.788 | MSE = 115.3173
Iteration 8 of 50 | Duration = 6.787 | MSE = 114.8094
Iteration 9 of 50 | Duration = 6.742 | MSE = 114.5058

Running polya filter for radius = 2, bins = 128, delta = 180.
Initial MSE: 859.8398
Iteration 1 of 50 | Duration = 6.310 | MSE = 160.6806
Iteration 2 of 50 | Duration = 7.375 | MSE = 133.7382
Iteration 3 of 50 | Duration = 6.612 | MSE = 123.1832
Iteration 4 of 50 | Duration = 6.680 | MSE = 119.2600
Iteration 5 of 50 | Duration = 6.698 | MSE = 117.3505
Iteration 6 of 50 | Duration = 6.606 | MSE = 116.1222
Iteration 7 of 50 | Duration = 6.682 | MSE = 115.2985
Iteration 8 of 50 | Duration = 6.661 | MSE = 114.7936
Iteration 9 of 50 | Duration = 6.691 | MSE = 114.5568

Running polya filter for radius = 2, bins = 128, delta = 200.
Initial MSE: 859.8398
Iteration 1 of 50 | Duration = 6.315 | MSE = 160.6806
Iteration 2 of 50 | Duration = 7.231 | MSE = 133.7358
Iteration 3 of 50 | Duration = 6.539 | MSE = 123.1756
Iteration 4 of 50 | Duration = 6.426 | MSE = 119.2556
Iteration 5 of 50 | Duration = 6.442 | MSE = 117.3461
Iteration 6 of 50 | Duration = 6.388 | MSE = 116.1187
Iteration 7 of 50 | Duration = 6.325 | MSE = 115.2949
Iteration 8 of 50 | Duration = 6.425 | MSE = 114.7932
Iteration 9 of 50 | Duration = 6.544 | MSE = 114.5535

Running polya filter for radius = 2, bins = 256, delta = 20.
Initial MSE: 859.8398
Iteration 1 of 50 | Duration = 10.699 | MSE = 859.0476
Iteration 2 of 50 | Duration = 10.719 | MSE = 859.0476
Iteration 3 of 50 | Duration = 10.994 | MSE = 859.0476

Running polya filter for radius = 2, bins = 256, delta = 40.
Initial MSE: 859.8398
Iteration 1 of 50 | Duration = 10.556 | MSE = 859.0476
Iteration 2 of 50 | Duration = 10.684 | MSE = 859.0476
Iteration 3 of 50 | Duration = 11.325 | MSE = 579.1036
Iteration 4 of 50 | Duration = 11.285 | MSE = 411.8810
Iteration 5 of 50 | Duration = 11.617 | MSE = 310.1601
Iteration 6 of 50 | Duration = 11.751 | MSE = 206.6731
Iteration 7 of 50 | Duration = 11.572 | MSE = 160.7416
Iteration 8 of 50 | Duration = 11.205 | MSE = 134.7937
Iteration 9 of 50 | Duration = 12.069 | MSE = 124.2743
Iteration 10 of 50 | Duration = 11.717 | MSE = 118.6896
Iteration 11 of 50 | Duration = 12.088 | MSE = 116.6228
Iteration 12 of 50 | Duration = 11.168 | MSE = 115.6810
Iteration 13 of 50 | Duration = 12.243 | MSE = 115.1772
Iteration 14 of 50 | Duration = 11.144 | MSE = 114.9285

Running polya filter for radius = 2, bins = 256, delta = 60.
Initial MSE: 859.8398
Iteration 1 of 50 | Duration = 10.720 | MSE = 859.0476
Iteration 2 of 50 | Duration = 10.815 | MSE = 525.3539
Iteration 3 of 50 | Duration = 11.380 | MSE = 320.7207
Iteration 4 of 50 | Duration = 11.764 | MSE = 181.7344
Iteration 5 of 50 | Duration = 11.794 | MSE = 134.8774
Iteration 6 of 50 | Duration = 11.686 | MSE = 122.4492
Iteration 7 of 50 | Duration = 11.876 | MSE = 117.9754
Iteration 8 of 50 | Duration = 11.576 | MSE = 116.3569
Iteration 9 of 50 | Duration = 11.493 | MSE = 115.5334
Iteration 10 of 50 | Duration = 11.660 | MSE = 115.0266
Iteration 11 of 50 | Duration = 11.693 | MSE = 114.7340

Running polya filter for radius = 2, bins = 256, delta = 80.
Initial MSE: 859.8398
Iteration 1 of 50 | Duration = 10.570 | MSE = 859.0476
Iteration 2 of 50 | Duration = 10.805 | MSE = 525.8483
Iteration 3 of 50 | Duration = 10.941 | MSE = 340.9870
Iteration 4 of 50 | Duration = 11.808 | MSE = 177.2128
Iteration 5 of 50 | Duration = 11.649 | MSE = 137.5268
Iteration 6 of 50 | Duration = 11.948 | MSE = 121.9936
Iteration 7 of 50 | Duration = 11.192 | MSE = 117.7757
Iteration 8 of 50 | Duration = 12.126 | MSE = 116.3386
Iteration 9 of 50 | Duration = 11.733 | MSE = 115.6785
Iteration 10 of 50 | Duration = 11.900 | MSE = 114.9380
Iteration 11 of 50 | Duration = 11.743 | MSE = 114.4682

Running polya filter for radius = 2, bins = 256, delta = 100.
Initial MSE: 859.8398
Iteration 1 of 50 | Duration = 12.531 | MSE = 314.5464
Iteration 2 of 50 | Duration = 11.785 | MSE = 140.5716
Iteration 3 of 50 | Duration = 11.274 | MSE = 125.6787
Iteration 4 of 50 | Duration = 11.886 | MSE = 120.0649
Iteration 5 of 50 | Duration = 11.766 | MSE = 116.8099
Iteration 6 of 50 | Duration = 12.136 | MSE = 115.0809
Iteration 7 of 50 | Duration = 11.689 | MSE = 114.0968
Iteration 8 of 50 | Duration = 12.006 | MSE = 113.3391
Iteration 9 of 50 | Duration = 11.802 | MSE = 112.8632
New optimal MSE: 112.8632

Running polya filter for radius = 2, bins = 256, delta = 120.
Initial MSE: 859.8398
Iteration 1 of 50 | Duration = 10.823 | MSE = 160.5661
Iteration 2 of 50 | Duration = 12.228 | MSE = 133.7568
Iteration 3 of 50 | Duration = 11.458 | MSE = 122.8343
Iteration 4 of 50 | Duration = 11.813 | MSE = 119.5959
Iteration 5 of 50 | Duration = 11.724 | MSE = 117.2009
Iteration 6 of 50 | Duration = 11.791 | MSE = 115.9936
Iteration 7 of 50 | Duration = 11.372 | MSE = 115.0704
Iteration 8 of 50 | Duration = 11.957 | MSE = 114.6058

Running polya filter for radius = 2, bins = 256, delta = 140.
Initial MSE: 859.8398
Iteration 1 of 50 | Duration = 10.382 | MSE = 160.5661
Iteration 2 of 50 | Duration = 12.395 | MSE = 133.7558
Iteration 3 of 50 | Duration = 11.205 | MSE = 122.8596
Iteration 4 of 50 | Duration = 11.842 | MSE = 119.5117
Iteration 5 of 50 | Duration = 11.344 | MSE = 117.1880
Iteration 6 of 50 | Duration = 12.008 | MSE = 115.9498
Iteration 7 of 50 | Duration = 11.564 | MSE = 115.0848
Iteration 8 of 50 | Duration = 11.554 | MSE = 114.6282

Running polya filter for radius = 2, bins = 256, delta = 160.
Initial MSE: 859.8398
Iteration 1 of 50 | Duration = 10.187 | MSE = 160.5661
Iteration 2 of 50 | Duration = 12.204 | MSE = 133.7518
Iteration 3 of 50 | Duration = 11.305 | MSE = 123.1291
Iteration 4 of 50 | Duration = 11.879 | MSE = 119.0194
Iteration 5 of 50 | Duration = 11.865 | MSE = 117.0870
Iteration 6 of 50 | Duration = 11.773 | MSE = 115.7896
Iteration 7 of 50 | Duration = 11.865 | MSE = 114.9681
Iteration 8 of 50 | Duration = 11.857 | MSE = 114.4601
Iteration 9 of 50 | Duration = 11.560 | MSE = 114.1346

Running polya filter for radius = 2, bins = 256, delta = 180.
Initial MSE: 859.8398
Iteration 1 of 50 | Duration = 10.184 | MSE = 160.5661
Iteration 2 of 50 | Duration = 11.992 | MSE = 133.5403
Iteration 3 of 50 | Duration = 11.461 | MSE = 122.9207
Iteration 4 of 50 | Duration = 11.327 | MSE = 119.0578
Iteration 5 of 50 | Duration = 11.845 | MSE = 117.0258
Iteration 6 of 50 | Duration = 11.324 | MSE = 115.7661
Iteration 7 of 50 | Duration = 11.684 | MSE = 114.9340
Iteration 8 of 50 | Duration = 11.790 | MSE = 114.4465

Running polya filter for radius = 2, bins = 256, delta = 200.
Initial MSE: 859.8398
Iteration 1 of 50 | Duration = 10.367 | MSE = 160.5661
Iteration 2 of 50 | Duration = 12.524 | MSE = 133.5379
Iteration 3 of 50 | Duration = 11.944 | MSE = 122.9150
Iteration 4 of 50 | Duration = 11.709 | MSE = 119.0546
Iteration 5 of 50 | Duration = 11.673 | MSE = 117.0214
Iteration 6 of 50 | Duration = 11.573 | MSE = 115.7646
Iteration 7 of 50 | Duration = 11.768 | MSE = 114.9300
Iteration 8 of 50 | Duration = 11.985 | MSE = 114.4449

Running polya filter for radius = 3, bins = 32, delta = 20.
Initial MSE: 859.8398
Iteration 1 of 50 | Duration = 1.679 | MSE = 858.4362
Iteration 2 of 50 | Duration = 1.235 | MSE = 858.4362
Iteration 3 of 50 | Duration = 1.018 | MSE = 858.4362

Running polya filter for radius = 3, bins = 32, delta = 40.
Initial MSE: 859.8398
Iteration 1 of 50 | Duration = 1.362 | MSE = 858.4362
Iteration 2 of 50 | Duration = 1.029 | MSE = 858.4362
Iteration 3 of 50 | Duration = 1.085 | MSE = 402.4423
Iteration 4 of 50 | Duration = 0.998 | MSE = 219.2380
Iteration 5 of 50 | Duration = 1.016 | MSE = 138.1228
Iteration 6 of 50 | Duration = 1.104 | MSE = 122.9920
Iteration 7 of 50 | Duration = 1.094 | MSE = 120.8508
Iteration 8 of 50 | Duration = 1.159 | MSE = 120.8674

Running polya filter for radius = 3, bins = 32, delta = 60.
Initial MSE: 859.8398
Iteration 1 of 50 | Duration = 1.507 | MSE = 858.4362
Iteration 2 of 50 | Duration = 1.138 | MSE = 360.4179
Iteration 3 of 50 | Duration = 0.989 | MSE = 147.2204
Iteration 4 of 50 | Duration = 1.127 | MSE = 120.7772
Iteration 5 of 50 | Duration = 1.089 | MSE = 120.5568

Running polya filter for radius = 3, bins = 32, delta = 80.
Initial MSE: 859.8398
Iteration 1 of 50 | Duration = 1.354 | MSE = 858.4362
Iteration 2 of 50 | Duration = 1.032 | MSE = 366.1344
Iteration 3 of 50 | Duration = 1.015 | MSE = 147.8829
Iteration 4 of 50 | Duration = 1.117 | MSE = 121.1406
Iteration 5 of 50 | Duration = 1.068 | MSE = 121.1231

Running polya filter for radius = 3, bins = 32, delta = 100.
Initial MSE: 859.8398
Iteration 1 of 50 | Duration = 2.621 | MSE = 271.2243
Iteration 2 of 50 | Duration = 1.405 | MSE = 121.5526
Iteration 3 of 50 | Duration = 1.076 | MSE = 119.1424
Iteration 4 of 50 | Duration = 1.132 | MSE = 119.0267

Running polya filter for radius = 3, bins = 32, delta = 120.
Initial MSE: 859.8398
Iteration 1 of 50 | Duration = 1.364 | MSE = 133.0563
Iteration 2 of 50 | Duration = 1.340 | MSE = 121.4221
Iteration 3 of 50 | Duration = 1.035 | MSE = 120.9306

Running polya filter for radius = 3, bins = 32, delta = 140.
Initial MSE: 859.8398
Iteration 1 of 50 | Duration = 1.411 | MSE = 133.0563
Iteration 2 of 50 | Duration = 1.469 | MSE = 121.4201
Iteration 3 of 50 | Duration = 1.140 | MSE = 120.9637

Running polya filter for radius = 3, bins = 32, delta = 160.
Initial MSE: 859.8398
Iteration 1 of 50 | Duration = 1.523 | MSE = 133.0563
Iteration 2 of 50 | Duration = 1.428 | MSE = 121.4214
Iteration 3 of 50 | Duration = 1.085 | MSE = 121.0482

Running polya filter for radius = 3, bins = 32, delta = 180.
Initial MSE: 859.8398
Iteration 1 of 50 | Duration = 1.364 | MSE = 133.0563
Iteration 2 of 50 | Duration = 1.332 | MSE = 121.3274
Iteration 3 of 50 | Duration = 1.070 | MSE = 121.1840

Running polya filter for radius = 3, bins = 32, delta = 200.
Initial MSE: 859.8398
Iteration 1 of 50 | Duration = 1.428 | MSE = 133.0563
Iteration 2 of 50 | Duration = 1.355 | MSE = 121.3313
Iteration 3 of 50 | Duration = 1.046 | MSE = 121.1929

Running polya filter for radius = 3, bins = 64, delta = 20.
Initial MSE: 859.8398
Iteration 1 of 50 | Duration = 2.735 | MSE = 855.9551
Iteration 2 of 50 | Duration = 2.227 | MSE = 855.9551
Iteration 3 of 50 | Duration = 1.977 | MSE = 855.9551

Running polya filter for radius = 3, bins = 64, delta = 40.
Initial MSE: 859.8398
Iteration 1 of 50 | Duration = 2.428 | MSE = 855.9551
Iteration 2 of 50 | Duration = 2.134 | MSE = 855.9551
Iteration 3 of 50 | Duration = 2.086 | MSE = 509.3221
Iteration 4 of 50 | Duration = 2.429 | MSE = 298.6324
Iteration 5 of 50 | Duration = 2.048 | MSE = 180.5941
Iteration 6 of 50 | Duration = 2.043 | MSE = 135.0301
Iteration 7 of 50 | Duration = 1.950 | MSE = 121.7183
Iteration 8 of 50 | Duration = 2.015 | MSE = 118.4812
Iteration 9 of 50 | Duration = 2.024 | MSE = 118.2649

Running polya filter for radius = 3, bins = 64, delta = 60.
Initial MSE: 859.8398
Iteration 1 of 50 | Duration = 2.474 | MSE = 855.9551
Iteration 2 of 50 | Duration = 2.589 | MSE = 460.7170
Iteration 3 of 50 | Duration = 2.164 | MSE = 201.4096
Iteration 4 of 50 | Duration = 2.097 | MSE = 126.7633
Iteration 5 of 50 | Duration = 2.015 | MSE = 118.0950
Iteration 6 of 50 | Duration = 2.061 | MSE = 117.2858
Iteration 7 of 50 | Duration = 1.990 | MSE = 118.0113

Running polya filter for radius = 3, bins = 64, delta = 80.
Initial MSE: 859.8398
Iteration 1 of 50 | Duration = 2.534 | MSE = 855.9551
Iteration 2 of 50 | Duration = 2.266 | MSE = 465.6078
Iteration 3 of 50 | Duration = 1.993 | MSE = 204.5754
Iteration 4 of 50 | Duration = 2.157 | MSE = 127.5406
Iteration 5 of 50 | Duration = 2.020 | MSE = 118.9645
Iteration 6 of 50 | Duration = 2.054 | MSE = 118.1880
Iteration 7 of 50 | Duration = 2.070 | MSE = 118.7878
Iteration 8 of 50 | Duration = 2.365 | MSE = 119.2722

Running polya filter for radius = 3, bins = 64, delta = 100.
Initial MSE: 859.8398
Iteration 1 of 50 | Duration = 3.659 | MSE = 272.4324
Iteration 2 of 50 | Duration = 2.543 | MSE = 117.9540
Iteration 3 of 50 | Duration = 2.154 | MSE = 115.1742
Iteration 4 of 50 | Duration = 2.185 | MSE = 115.9216
Iteration 5 of 50 | Duration = 2.083 | MSE = 116.6842

Running polya filter for radius = 3, bins = 64, delta = 120.
Initial MSE: 859.8398
Iteration 1 of 50 | Duration = 2.602 | MSE = 129.3293
Iteration 2 of 50 | Duration = 2.699 | MSE = 118.0049
Iteration 3 of 50 | Duration = 2.023 | MSE = 117.4201
Iteration 4 of 50 | Duration = 2.128 | MSE = 117.6439

Running polya filter for radius = 3, bins = 64, delta = 140.
Initial MSE: 859.8398
Iteration 1 of 50 | Duration = 2.303 | MSE = 129.3293
Iteration 2 of 50 | Duration = 2.583 | MSE = 117.9914
Iteration 3 of 50 | Duration = 2.392 | MSE = 117.4523
Iteration 4 of 50 | Duration = 2.194 | MSE = 117.7875

Running polya filter for radius = 3, bins = 64, delta = 160.
Initial MSE: 859.8398
Iteration 1 of 50 | Duration = 2.369 | MSE = 129.3293
Iteration 2 of 50 | Duration = 2.545 | MSE = 117.9981
Iteration 3 of 50 | Duration = 2.212 | MSE = 117.5555

Running polya filter for radius = 3, bins = 64, delta = 180.
Initial MSE: 859.8398
Iteration 1 of 50 | Duration = 2.326 | MSE = 129.3293
Iteration 2 of 50 | Duration = 2.828 | MSE = 117.9354
Iteration 3 of 50 | Duration = 2.091 | MSE = 117.6969

Running polya filter for radius = 3, bins = 64, delta = 200.
Initial MSE: 859.8398
Iteration 1 of 50 | Duration = 2.453 | MSE = 129.3293
Iteration 2 of 50 | Duration = 2.580 | MSE = 117.9286
Iteration 3 of 50 | Duration = 2.116 | MSE = 117.7039

Running polya filter for radius = 3, bins = 128, delta = 20.
Initial MSE: 859.8398
Iteration 1 of 50 | Duration = 6.599 | MSE = 858.2761
Iteration 2 of 50 | Duration = 6.619 | MSE = 858.2761
Iteration 3 of 50 | Duration = 7.010 | MSE = 858.2761

Running polya filter for radius = 3, bins = 128, delta = 40.
Initial MSE: 859.8398
Iteration 1 of 50 | Duration = 6.415 | MSE = 858.2761
Iteration 2 of 50 | Duration = 6.920 | MSE = 858.2761
Iteration 3 of 50 | Duration = 6.562 | MSE = 584.5750
Iteration 4 of 50 | Duration = 7.251 | MSE = 377.5084
Iteration 5 of 50 | Duration = 6.594 | MSE = 242.2449
Iteration 6 of 50 | Duration = 7.372 | MSE = 168.0725
Iteration 7 of 50 | Duration = 6.745 | MSE = 136.5136
Iteration 8 of 50 | Duration = 7.375 | MSE = 124.0152
Iteration 9 of 50 | Duration = 6.943 | MSE = 119.5691
Iteration 10 of 50 | Duration = 7.351 | MSE = 118.2689
Iteration 11 of 50 | Duration = 7.007 | MSE = 118.0353

Running polya filter for radius = 3, bins = 128, delta = 60.
Initial MSE: 859.8398
Iteration 1 of 50 | Duration = 6.755 | MSE = 858.2761
Iteration 2 of 50 | Duration = 6.633 | MSE = 534.8724
Iteration 3 of 50 | Duration = 6.991 | MSE = 267.9550
Iteration 4 of 50 | Duration = 7.024 | MSE = 148.9127
Iteration 5 of 50 | Duration = 7.359 | MSE = 121.6673
Iteration 6 of 50 | Duration = 7.010 | MSE = 116.9372
Iteration 7 of 50 | Duration = 7.413 | MSE = 117.1261

Running polya filter for radius = 3, bins = 128, delta = 80.
Initial MSE: 859.8398
Iteration 1 of 50 | Duration = 6.290 | MSE = 858.2761
Iteration 2 of 50 | Duration = 7.115 | MSE = 538.4748
Iteration 3 of 50 | Duration = 6.584 | MSE = 276.0707
Iteration 4 of 50 | Duration = 7.534 | MSE = 149.6314
Iteration 5 of 50 | Duration = 6.986 | MSE = 122.9542
Iteration 6 of 50 | Duration = 7.423 | MSE = 117.9226
Iteration 7 of 50 | Duration = 6.940 | MSE = 118.0068

Running polya filter for radius = 3, bins = 128, delta = 100.
Initial MSE: 859.8398
Iteration 1 of 50 | Duration = 8.498 | MSE = 275.3984
Iteration 2 of 50 | Duration = 7.676 | MSE = 117.0066
Iteration 3 of 50 | Duration = 6.902 | MSE = 113.7743
Iteration 4 of 50 | Duration = 7.224 | MSE = 114.8274

Running polya filter for radius = 3, bins = 128, delta = 120.
Initial MSE: 859.8398
Iteration 1 of 50 | Duration = 6.428 | MSE = 128.4500
Iteration 2 of 50 | Duration = 7.778 | MSE = 117.5329
Iteration 3 of 50 | Duration = 6.858 | MSE = 116.2372
Iteration 4 of 50 | Duration = 6.903 | MSE = 116.5407

Running polya filter for radius = 3, bins = 128, delta = 140.
Initial MSE: 859.8398
Iteration 1 of 50 | Duration = 6.286 | MSE = 128.4500
Iteration 2 of 50 | Duration = 7.871 | MSE = 117.5239
Iteration 3 of 50 | Duration = 6.833 | MSE = 116.2540
Iteration 4 of 50 | Duration = 7.328 | MSE = 116.6542

Running polya filter for radius = 3, bins = 128, delta = 160.
Initial MSE: 859.8398
Iteration 1 of 50 | Duration = 6.290 | MSE = 128.4500
Iteration 2 of 50 | Duration = 8.098 | MSE = 117.5397
Iteration 3 of 50 | Duration = 6.909 | MSE = 116.3552
Iteration 4 of 50 | Duration = 7.392 | MSE = 116.8180

Running polya filter for radius = 3, bins = 128, delta = 180.
Initial MSE: 859.8398
Iteration 1 of 50 | Duration = 6.432 | MSE = 128.4500
Iteration 2 of 50 | Duration = 7.936 | MSE = 117.4680
Iteration 3 of 50 | Duration = 6.864 | MSE = 116.5138
Iteration 4 of 50 | Duration = 7.485 | MSE = 117.1249

Running polya filter for radius = 3, bins = 128, delta = 200.
Initial MSE: 859.8398
Iteration 1 of 50 | Duration = 6.395 | MSE = 128.4500
Iteration 2 of 50 | Duration = 8.089 | MSE = 117.4700
Iteration 3 of 50 | Duration = 6.852 | MSE = 116.5212
Iteration 4 of 50 | Duration = 7.211 | MSE = 117.1345

Running polya filter for radius = 3, bins = 256, delta = 20.
Initial MSE: 859.8398
Iteration 1 of 50 | Duration = 10.648 | MSE = 859.0476
Iteration 2 of 50 | Duration = 11.654 | MSE = 859.0476
Iteration 3 of 50 | Duration = 11.741 | MSE = 859.0476

Running polya filter for radius = 3, bins = 256, delta = 40.
Initial MSE: 859.8398
Iteration 1 of 50 | Duration = 11.204 | MSE = 859.0476
Iteration 2 of 50 | Duration = 12.220 | MSE = 859.0476
Iteration 3 of 50 | Duration = 12.362 | MSE = 630.9325
Iteration 4 of 50 | Duration = 12.292 | MSE = 437.4193
Iteration 5 of 50 | Duration = 12.294 | MSE = 299.5812
Iteration 6 of 50 | Duration = 12.449 | MSE = 209.9574
Iteration 7 of 50 | Duration = 12.239 | MSE = 160.9688
Iteration 8 of 50 | Duration = 12.295 | MSE = 136.9455
Iteration 9 of 50 | Duration = 12.918 | MSE = 125.3590
Iteration 10 of 50 | Duration = 12.901 | MSE = 120.7862
Iteration 11 of 50 | Duration = 12.959 | MSE = 119.2000
Iteration 12 of 50 | Duration = 12.820 | MSE = 118.2116
Iteration 13 of 50 | Duration = 13.423 | MSE = 118.3383

Running polya filter for radius = 3, bins = 256, delta = 60.
Initial MSE: 859.8398
Iteration 1 of 50 | Duration = 11.384 | MSE = 859.0476
Iteration 2 of 50 | Duration = 11.853 | MSE = 580.1483
Iteration 3 of 50 | Duration = 11.967 | MSE = 324.3478
Iteration 4 of 50 | Duration = 12.428 | MSE = 179.7757
Iteration 5 of 50 | Duration = 12.478 | MSE = 132.6349
Iteration 6 of 50 | Duration = 12.467 | MSE = 120.2528
Iteration 7 of 50 | Duration = 12.646 | MSE = 117.4585
Iteration 8 of 50 | Duration = 12.622 | MSE = 117.2601

Running polya filter for radius = 3, bins = 256, delta = 80.
Initial MSE: 859.8398
Iteration 1 of 50 | Duration = 11.347 | MSE = 859.0476
Iteration 2 of 50 | Duration = 12.276 | MSE = 582.1112
Iteration 3 of 50 | Duration = 12.383 | MSE = 333.9542
Iteration 4 of 50 | Duration = 12.464 | MSE = 178.3966
Iteration 5 of 50 | Duration = 12.570 | MSE = 133.1833
Iteration 6 of 50 | Duration = 12.474 | MSE = 120.9178
Iteration 7 of 50 | Duration = 12.556 | MSE = 118.0518
Iteration 8 of 50 | Duration = 12.347 | MSE = 117.9666

Running polya filter for radius = 3, bins = 256, delta = 100.
Initial MSE: 859.8398
Iteration 1 of 50 | Duration = 12.781 | MSE = 277.4801
Iteration 2 of 50 | Duration = 13.043 | MSE = 116.6019
Iteration 3 of 50 | Duration = 12.279 | MSE = 113.2228
Iteration 4 of 50 | Duration = 12.357 | MSE = 114.3167

Running polya filter for radius = 3, bins = 256, delta = 120.
Initial MSE: 859.8398
Iteration 1 of 50 | Duration = 11.725 | MSE = 128.1300
Iteration 2 of 50 | Duration = 13.294 | MSE = 117.4759
Iteration 3 of 50 | Duration = 12.218 | MSE = 115.7785
Iteration 4 of 50 | Duration = 12.321 | MSE = 116.1344

Running polya filter for radius = 3, bins = 256, delta = 140.
Initial MSE: 859.8398
Iteration 1 of 50 | Duration = 10.873 | MSE = 128.1300
Iteration 2 of 50 | Duration = 12.808 | MSE = 117.4631
Iteration 3 of 50 | Duration = 12.174 | MSE = 115.7944
Iteration 4 of 50 | Duration = 12.544 | MSE = 116.2564

Running polya filter for radius = 3, bins = 256, delta = 160.
Initial MSE: 859.8398
Iteration 1 of 50 | Duration = 11.292 | MSE = 128.1300
Iteration 2 of 50 | Duration = 13.244 | MSE = 117.4751
Iteration 3 of 50 | Duration = 12.800 | MSE = 115.9000
Iteration 4 of 50 | Duration = 12.847 | MSE = 116.3992

Running polya filter for radius = 3, bins = 256, delta = 180.
Initial MSE: 859.8398
Iteration 1 of 50 | Duration = 11.095 | MSE = 128.1300
Iteration 2 of 50 | Duration = 13.228 | MSE = 117.3933
Iteration 3 of 50 | Duration = 12.348 | MSE = 116.0549
Iteration 4 of 50 | Duration = 12.454 | MSE = 116.6575
Iteration 5 of 50 | Duration = 12.467 | MSE = 117.8333

Running polya filter for radius = 3, bins = 256, delta = 200.
Initial MSE: 859.8398
Iteration 1 of 50 | Duration = 10.977 | MSE = 128.1300
Iteration 2 of 50 | Duration = 13.399 | MSE = 117.3923
Iteration 3 of 50 | Duration = 13.410 | MSE = 116.0592
Iteration 4 of 50 | Duration = 12.746 | MSE = 116.6703
Iteration 5 of 50 | Duration = 12.918 | MSE = 117.8696

