Log Started on 12-Mar-2018

Adding Noise
Optimizing for lena512_speckle_mid_optimal
Running polya filter for radius = 1, bins = 32, delta = 20.
Initial MSE: 633.5815
Iteration 1 of 50 | Duration = 1.319 | MSE = 634.1500

Running polya filter for radius = 1, bins = 32, delta = 40.
Initial MSE: 633.5815
Iteration 1 of 50 | Duration = 1.295 | MSE = 634.1500

Running polya filter for radius = 1, bins = 32, delta = 60.
Initial MSE: 633.5815
Iteration 1 of 50 | Duration = 1.200 | MSE = 634.1500

Running polya filter for radius = 1, bins = 32, delta = 80.
Initial MSE: 633.5815
Iteration 1 of 50 | Duration = 1.151 | MSE = 634.1500

Running polya filter for radius = 1, bins = 32, delta = 100.
Initial MSE: 633.5815
Iteration 1 of 50 | Duration = 2.096 | MSE = 288.7292
Iteration 2 of 50 | Duration = 1.624 | MSE = 194.8713
Iteration 3 of 50 | Duration = 1.151 | MSE = 171.9244
Iteration 4 of 50 | Duration = 0.989 | MSE = 160.9614
Iteration 5 of 50 | Duration = 1.058 | MSE = 153.1999
Iteration 6 of 50 | Duration = 0.956 | MSE = 148.1939
Iteration 7 of 50 | Duration = 0.972 | MSE = 145.9659
Iteration 8 of 50 | Duration = 1.117 | MSE = 144.8717
Iteration 9 of 50 | Duration = 1.128 | MSE = 143.7999
Iteration 10 of 50 | Duration = 0.947 | MSE = 142.9143
Iteration 11 of 50 | Duration = 0.919 | MSE = 142.2137
Iteration 12 of 50 | Duration = 0.950 | MSE = 141.7811
New optimal MSE: 141.7811

Running polya filter for radius = 1, bins = 32, delta = 120.
Initial MSE: 633.5815
Iteration 1 of 50 | Duration = 1.290 | MSE = 230.2605
Iteration 2 of 50 | Duration = 1.677 | MSE = 184.0058
Iteration 3 of 50 | Duration = 1.091 | MSE = 154.7876
Iteration 4 of 50 | Duration = 1.020 | MSE = 150.5422
Iteration 5 of 50 | Duration = 0.978 | MSE = 147.4611
Iteration 6 of 50 | Duration = 0.967 | MSE = 145.1456
Iteration 7 of 50 | Duration = 0.946 | MSE = 142.5116
Iteration 8 of 50 | Duration = 1.075 | MSE = 141.8879
Iteration 9 of 50 | Duration = 1.020 | MSE = 141.0786
Iteration 10 of 50 | Duration = 0.962 | MSE = 140.4651
Iteration 11 of 50 | Duration = 0.948 | MSE = 139.6938
Iteration 12 of 50 | Duration = 0.943 | MSE = 139.5564
New optimal MSE: 139.5564

Running polya filter for radius = 1, bins = 32, delta = 140.
Initial MSE: 633.5815
Iteration 1 of 50 | Duration = 1.275 | MSE = 230.2605
Iteration 2 of 50 | Duration = 1.457 | MSE = 184.0058
Iteration 3 of 50 | Duration = 1.031 | MSE = 154.8250
Iteration 4 of 50 | Duration = 0.969 | MSE = 150.4815
Iteration 5 of 50 | Duration = 0.942 | MSE = 147.4082
Iteration 6 of 50 | Duration = 0.958 | MSE = 145.1201
Iteration 7 of 50 | Duration = 0.928 | MSE = 142.4786
Iteration 8 of 50 | Duration = 1.156 | MSE = 141.8549
Iteration 9 of 50 | Duration = 1.092 | MSE = 141.0579
Iteration 10 of 50 | Duration = 0.969 | MSE = 140.4544
Iteration 11 of 50 | Duration = 0.950 | MSE = 139.6830
Iteration 12 of 50 | Duration = 0.930 | MSE = 139.5324
New optimal MSE: 139.5324

Running polya filter for radius = 1, bins = 32, delta = 160.
Initial MSE: 633.5815
Iteration 1 of 50 | Duration = 1.284 | MSE = 230.2605
Iteration 2 of 50 | Duration = 1.621 | MSE = 184.0058
Iteration 3 of 50 | Duration = 1.062 | MSE = 155.6047
Iteration 4 of 50 | Duration = 0.970 | MSE = 149.3234
Iteration 5 of 50 | Duration = 0.962 | MSE = 146.4101
Iteration 6 of 50 | Duration = 0.961 | MSE = 144.5905
Iteration 7 of 50 | Duration = 0.959 | MSE = 142.1091
Iteration 8 of 50 | Duration = 0.989 | MSE = 141.3752
Iteration 9 of 50 | Duration = 1.039 | MSE = 140.5672
Iteration 10 of 50 | Duration = 1.007 | MSE = 140.1436

Running polya filter for radius = 1, bins = 32, delta = 180.
Initial MSE: 633.5815
Iteration 1 of 50 | Duration = 1.207 | MSE = 230.2605
Iteration 2 of 50 | Duration = 1.347 | MSE = 183.9742
Iteration 3 of 50 | Duration = 0.988 | MSE = 155.5068
Iteration 4 of 50 | Duration = 1.058 | MSE = 149.2846
Iteration 5 of 50 | Duration = 1.021 | MSE = 146.3426
Iteration 6 of 50 | Duration = 1.018 | MSE = 144.5211
Iteration 7 of 50 | Duration = 0.942 | MSE = 142.0558
Iteration 8 of 50 | Duration = 0.940 | MSE = 141.3467
Iteration 9 of 50 | Duration = 0.966 | MSE = 140.5439
Iteration 10 of 50 | Duration = 1.045 | MSE = 140.0953

Running polya filter for radius = 1, bins = 32, delta = 200.
Initial MSE: 633.5815
Iteration 1 of 50 | Duration = 1.340 | MSE = 230.2605
Iteration 2 of 50 | Duration = 1.339 | MSE = 183.9739
Iteration 3 of 50 | Duration = 0.985 | MSE = 155.5034
Iteration 4 of 50 | Duration = 0.962 | MSE = 149.2800
Iteration 5 of 50 | Duration = 0.937 | MSE = 146.3405
Iteration 6 of 50 | Duration = 1.179 | MSE = 144.5187
Iteration 7 of 50 | Duration = 1.047 | MSE = 142.0517
Iteration 8 of 50 | Duration = 0.994 | MSE = 141.3442
Iteration 9 of 50 | Duration = 0.955 | MSE = 140.5414
Iteration 10 of 50 | Duration = 0.953 | MSE = 140.0937

Running polya filter for radius = 1, bins = 64, delta = 20.
Initial MSE: 633.5815
Iteration 1 of 50 | Duration = 2.255 | MSE = 633.2991
Iteration 2 of 50 | Duration = 2.217 | MSE = 633.2991
Iteration 3 of 50 | Duration = 1.925 | MSE = 633.2991

Running polya filter for radius = 1, bins = 64, delta = 40.
Initial MSE: 633.5815
Iteration 1 of 50 | Duration = 2.166 | MSE = 633.2991
Iteration 2 of 50 | Duration = 2.233 | MSE = 633.2991
Iteration 3 of 50 | Duration = 1.885 | MSE = 293.2448
Iteration 4 of 50 | Duration = 1.953 | MSE = 229.5751
Iteration 5 of 50 | Duration = 2.217 | MSE = 221.5654
Iteration 6 of 50 | Duration = 2.042 | MSE = 172.4410
Iteration 7 of 50 | Duration = 1.979 | MSE = 161.7435
Iteration 8 of 50 | Duration = 1.831 | MSE = 159.0127
Iteration 9 of 50 | Duration = 1.900 | MSE = 151.3885
Iteration 10 of 50 | Duration = 1.781 | MSE = 150.5969
Iteration 11 of 50 | Duration = 1.811 | MSE = 149.5606
Iteration 12 of 50 | Duration = 1.969 | MSE = 149.1059

Running polya filter for radius = 1, bins = 64, delta = 60.
Initial MSE: 633.5815
Iteration 1 of 50 | Duration = 2.280 | MSE = 633.2991
Iteration 2 of 50 | Duration = 1.998 | MSE = 293.2448
Iteration 3 of 50 | Duration = 2.040 | MSE = 228.4094
Iteration 4 of 50 | Duration = 2.005 | MSE = 171.7718
Iteration 5 of 50 | Duration = 2.006 | MSE = 159.4652
Iteration 6 of 50 | Duration = 1.991 | MSE = 151.5609
Iteration 7 of 50 | Duration = 1.821 | MSE = 150.5944
Iteration 8 of 50 | Duration = 1.960 | MSE = 149.0186
Iteration 9 of 50 | Duration = 1.868 | MSE = 147.5475
Iteration 10 of 50 | Duration = 2.548 | MSE = 145.5566
Iteration 11 of 50 | Duration = 2.503 | MSE = 144.7279
Iteration 12 of 50 | Duration = 2.334 | MSE = 143.0924
Iteration 13 of 50 | Duration = 2.390 | MSE = 142.4042
Iteration 14 of 50 | Duration = 2.806 | MSE = 141.1646
Iteration 15 of 50 | Duration = 3.210 | MSE = 140.9212

Running polya filter for radius = 1, bins = 64, delta = 80.
Initial MSE: 633.5815
Iteration 1 of 50 | Duration = 3.671 | MSE = 633.2991
Iteration 2 of 50 | Duration = 3.827 | MSE = 293.2448
Iteration 3 of 50 | Duration = 2.726 | MSE = 231.7495
Iteration 4 of 50 | Duration = 2.525 | MSE = 172.6054
Iteration 5 of 50 | Duration = 2.628 | MSE = 160.0991
Iteration 6 of 50 | Duration = 2.800 | MSE = 151.5698
Iteration 7 of 50 | Duration = 2.784 | MSE = 149.2267
Iteration 8 of 50 | Duration = 2.345 | MSE = 147.2495
Iteration 9 of 50 | Duration = 2.478 | MSE = 146.2397
Iteration 10 of 50 | Duration = 2.783 | MSE = 144.3868
Iteration 11 of 50 | Duration = 2.919 | MSE = 143.7975
Iteration 12 of 50 | Duration = 3.053 | MSE = 142.3480
Iteration 13 of 50 | Duration = 2.210 | MSE = 141.7722
Iteration 14 of 50 | Duration = 2.082 | MSE = 140.6523
Iteration 15 of 50 | Duration = 2.006 | MSE = 140.4096

Running polya filter for radius = 1, bins = 64, delta = 100.
Initial MSE: 633.5815
Iteration 1 of 50 | Duration = 3.426 | MSE = 286.5313
Iteration 2 of 50 | Duration = 2.884 | MSE = 192.7734
Iteration 3 of 50 | Duration = 2.303 | MSE = 169.2178
Iteration 4 of 50 | Duration = 2.091 | MSE = 157.3254
Iteration 5 of 50 | Duration = 1.982 | MSE = 149.9283
Iteration 6 of 50 | Duration = 2.051 | MSE = 145.6067
Iteration 7 of 50 | Duration = 2.007 | MSE = 143.5189
Iteration 8 of 50 | Duration = 1.920 | MSE = 142.3213
Iteration 9 of 50 | Duration = 1.925 | MSE = 141.2858
Iteration 10 of 50 | Duration = 2.064 | MSE = 140.4666
Iteration 11 of 50 | Duration = 1.907 | MSE = 139.8324
Iteration 12 of 50 | Duration = 1.893 | MSE = 139.3316
Iteration 13 of 50 | Duration = 2.143 | MSE = 138.7741
Iteration 14 of 50 | Duration = 1.957 | MSE = 138.2940
New optimal MSE: 138.2940

Running polya filter for radius = 1, bins = 64, delta = 120.
Initial MSE: 633.5815
Iteration 1 of 50 | Duration = 2.299 | MSE = 228.7419
Iteration 2 of 50 | Duration = 2.686 | MSE = 179.4251
Iteration 3 of 50 | Duration = 2.583 | MSE = 152.9108
Iteration 4 of 50 | Duration = 2.580 | MSE = 148.6564
Iteration 5 of 50 | Duration = 2.161 | MSE = 145.0204
Iteration 6 of 50 | Duration = 2.095 | MSE = 142.6890
Iteration 7 of 50 | Duration = 1.922 | MSE = 140.6210
Iteration 8 of 50 | Duration = 1.947 | MSE = 139.8621
Iteration 9 of 50 | Duration = 2.235 | MSE = 138.9470
Iteration 10 of 50 | Duration = 2.010 | MSE = 138.3142
Iteration 11 of 50 | Duration = 1.969 | MSE = 137.7075
Iteration 12 of 50 | Duration = 1.866 | MSE = 137.5391
New optimal MSE: 137.5391

Running polya filter for radius = 1, bins = 64, delta = 140.
Initial MSE: 633.5815
Iteration 1 of 50 | Duration = 3.104 | MSE = 228.7419
Iteration 2 of 50 | Duration = 4.201 | MSE = 179.4251
Iteration 3 of 50 | Duration = 2.825 | MSE = 152.9353
Iteration 4 of 50 | Duration = 2.850 | MSE = 148.5953
Iteration 5 of 50 | Duration = 2.336 | MSE = 144.9919
Iteration 6 of 50 | Duration = 2.035 | MSE = 142.6609
Iteration 7 of 50 | Duration = 2.269 | MSE = 140.5827
Iteration 8 of 50 | Duration = 2.087 | MSE = 139.8294
Iteration 9 of 50 | Duration = 2.124 | MSE = 138.9249
Iteration 10 of 50 | Duration = 1.962 | MSE = 138.2967
Iteration 11 of 50 | Duration = 1.986 | MSE = 137.6866
Iteration 12 of 50 | Duration = 2.417 | MSE = 137.5193
New optimal MSE: 137.5193

Running polya filter for radius = 1, bins = 64, delta = 160.
Initial MSE: 633.5815
Iteration 1 of 50 | Duration = 2.866 | MSE = 228.7419
Iteration 2 of 50 | Duration = 3.364 | MSE = 179.4251
Iteration 3 of 50 | Duration = 2.113 | MSE = 153.7289
Iteration 4 of 50 | Duration = 1.926 | MSE = 147.1228
Iteration 5 of 50 | Duration = 2.134 | MSE = 144.2379
Iteration 6 of 50 | Duration = 2.022 | MSE = 142.2523
Iteration 7 of 50 | Duration = 2.090 | MSE = 140.1164
Iteration 8 of 50 | Duration = 2.108 | MSE = 139.2651
Iteration 9 of 50 | Duration = 2.048 | MSE = 138.5155
Iteration 10 of 50 | Duration = 1.852 | MSE = 138.0688

Running polya filter for radius = 1, bins = 64, delta = 180.
Initial MSE: 633.5815
Iteration 1 of 50 | Duration = 2.611 | MSE = 228.7419
Iteration 2 of 50 | Duration = 3.276 | MSE = 179.3939
Iteration 3 of 50 | Duration = 2.208 | MSE = 153.6260
Iteration 4 of 50 | Duration = 1.960 | MSE = 147.0940
Iteration 5 of 50 | Duration = 2.176 | MSE = 144.1559
Iteration 6 of 50 | Duration = 1.893 | MSE = 142.1826
Iteration 7 of 50 | Duration = 1.935 | MSE = 140.0672
Iteration 8 of 50 | Duration = 2.034 | MSE = 139.2277
Iteration 9 of 50 | Duration = 2.174 | MSE = 138.4745
Iteration 10 of 50 | Duration = 1.973 | MSE = 138.0209

Running polya filter for radius = 1, bins = 64, delta = 200.
Initial MSE: 633.5815
Iteration 1 of 50 | Duration = 2.426 | MSE = 228.7419
Iteration 2 of 50 | Duration = 2.723 | MSE = 179.3930
Iteration 3 of 50 | Duration = 2.295 | MSE = 153.6226
Iteration 4 of 50 | Duration = 2.072 | MSE = 147.0892
Iteration 5 of 50 | Duration = 2.288 | MSE = 144.1537
Iteration 6 of 50 | Duration = 2.704 | MSE = 142.1812
Iteration 7 of 50 | Duration = 2.233 | MSE = 140.0640
Iteration 8 of 50 | Duration = 2.087 | MSE = 139.2256
Iteration 9 of 50 | Duration = 2.174 | MSE = 138.4731
Iteration 10 of 50 | Duration = 2.326 | MSE = 138.0198

Running polya filter for radius = 1, bins = 128, delta = 20.
Initial MSE: 633.5815
Iteration 1 of 50 | Duration = 6.870 | MSE = 630.8288
Iteration 2 of 50 | Duration = 7.291 | MSE = 630.8288
Iteration 3 of 50 | Duration = 6.653 | MSE = 630.8288

Running polya filter for radius = 1, bins = 128, delta = 40.
Initial MSE: 633.5815
Iteration 1 of 50 | Duration = 6.002 | MSE = 630.8288
Iteration 2 of 50 | Duration = 6.920 | MSE = 630.8288
Iteration 3 of 50 | Duration = 7.337 | MSE = 298.6949
Iteration 4 of 50 | Duration = 6.681 | MSE = 235.7473
Iteration 5 of 50 | Duration = 7.453 | MSE = 227.5796
Iteration 6 of 50 | Duration = 7.136 | MSE = 170.9197
Iteration 7 of 50 | Duration = 7.121 | MSE = 159.1517
Iteration 8 of 50 | Duration = 8.921 | MSE = 155.7177
Iteration 9 of 50 | Duration = 10.638 | MSE = 148.8438
Iteration 10 of 50 | Duration = 8.708 | MSE = 148.0007
Iteration 11 of 50 | Duration = 7.252 | MSE = 146.9523
Iteration 12 of 50 | Duration = 6.858 | MSE = 146.4421
Iteration 13 of 50 | Duration = 6.606 | MSE = 145.2107
Iteration 14 of 50 | Duration = 6.673 | MSE = 143.9761
Iteration 15 of 50 | Duration = 6.668 | MSE = 142.5836
Iteration 16 of 50 | Duration = 7.043 | MSE = 142.0311
Iteration 17 of 50 | Duration = 6.897 | MSE = 141.4421
Iteration 18 of 50 | Duration = 6.448 | MSE = 140.2945
Iteration 19 of 50 | Duration = 6.538 | MSE = 139.5931
Iteration 20 of 50 | Duration = 6.826 | MSE = 139.4540

Running polya filter for radius = 1, bins = 128, delta = 60.
Initial MSE: 633.5815
Iteration 1 of 50 | Duration = 6.553 | MSE = 630.8288
Iteration 2 of 50 | Duration = 7.280 | MSE = 298.6949
Iteration 3 of 50 | Duration = 7.127 | MSE = 234.2763
Iteration 4 of 50 | Duration = 7.843 | MSE = 169.9375
Iteration 5 of 50 | Duration = 6.762 | MSE = 156.1359
Iteration 6 of 50 | Duration = 6.828 | MSE = 149.0315
Iteration 7 of 50 | Duration = 6.978 | MSE = 148.0390
Iteration 8 of 50 | Duration = 6.686 | MSE = 146.4155
Iteration 9 of 50 | Duration = 6.793 | MSE = 144.7838
Iteration 10 of 50 | Duration = 6.775 | MSE = 142.7955
Iteration 11 of 50 | Duration = 7.344 | MSE = 141.8765
Iteration 12 of 50 | Duration = 6.780 | MSE = 140.3901
Iteration 13 of 50 | Duration = 6.925 | MSE = 139.6831
Iteration 14 of 50 | Duration = 6.940 | MSE = 138.6238
Iteration 15 of 50 | Duration = 9.416 | MSE = 138.3364

Running polya filter for radius = 1, bins = 128, delta = 80.
Initial MSE: 633.5815
Iteration 1 of 50 | Duration = 6.193 | MSE = 630.8288
Iteration 2 of 50 | Duration = 7.227 | MSE = 298.6949
Iteration 3 of 50 | Duration = 6.370 | MSE = 238.5005
Iteration 4 of 50 | Duration = 8.029 | MSE = 171.1773
Iteration 5 of 50 | Duration = 10.181 | MSE = 157.1225
Iteration 6 of 50 | Duration = 8.216 | MSE = 149.1077
Iteration 7 of 50 | Duration = 9.345 | MSE = 146.5207
Iteration 8 of 50 | Duration = 7.916 | MSE = 144.5715
Iteration 9 of 50 | Duration = 6.758 | MSE = 143.4796
Iteration 10 of 50 | Duration = 6.544 | MSE = 141.7292
Iteration 11 of 50 | Duration = 6.890 | MSE = 141.0374
Iteration 12 of 50 | Duration = 7.177 | MSE = 139.6500
Iteration 13 of 50 | Duration = 6.765 | MSE = 139.0441
Iteration 14 of 50 | Duration = 6.557 | MSE = 138.0723
Iteration 15 of 50 | Duration = 7.215 | MSE = 137.8240

Running polya filter for radius = 1, bins = 128, delta = 100.
Initial MSE: 633.5815
Iteration 1 of 50 | Duration = 7.681 | MSE = 285.0702
Iteration 2 of 50 | Duration = 7.839 | MSE = 190.6939
Iteration 3 of 50 | Duration = 10.248 | MSE = 167.1742
Iteration 4 of 50 | Duration = 8.870 | MSE = 154.7772
Iteration 5 of 50 | Duration = 9.259 | MSE = 147.5351
Iteration 6 of 50 | Duration = 8.554 | MSE = 143.4291
Iteration 7 of 50 | Duration = 8.161 | MSE = 141.4194
Iteration 8 of 50 | Duration = 9.646 | MSE = 140.1650
Iteration 9 of 50 | Duration = 8.266 | MSE = 139.1522
Iteration 10 of 50 | Duration = 7.542 | MSE = 138.3005
Iteration 11 of 50 | Duration = 7.456 | MSE = 137.6527
Iteration 12 of 50 | Duration = 8.215 | MSE = 137.1321
Iteration 13 of 50 | Duration = 7.628 | MSE = 136.6228
Iteration 14 of 50 | Duration = 6.988 | MSE = 136.1851
New optimal MSE: 136.1851

Running polya filter for radius = 1, bins = 128, delta = 120.
Initial MSE: 633.5815
Iteration 1 of 50 | Duration = 6.595 | MSE = 226.2081
Iteration 2 of 50 | Duration = 8.536 | MSE = 176.1067
Iteration 3 of 50 | Duration = 8.107 | MSE = 150.2854
Iteration 4 of 50 | Duration = 7.569 | MSE = 146.1023
Iteration 5 of 50 | Duration = 7.150 | MSE = 142.1923
Iteration 6 of 50 | Duration = 6.633 | MSE = 139.8320
Iteration 7 of 50 | Duration = 6.518 | MSE = 138.0055
Iteration 8 of 50 | Duration = 7.508 | MSE = 137.1605
Iteration 9 of 50 | Duration = 9.010 | MSE = 136.2709
Iteration 10 of 50 | Duration = 7.131 | MSE = 135.6333
Iteration 11 of 50 | Duration = 6.334 | MSE = 135.0745
Iteration 12 of 50 | Duration = 6.746 | MSE = 134.8736
New optimal MSE: 134.8736

Running polya filter for radius = 1, bins = 128, delta = 140.
Initial MSE: 633.5815
Iteration 1 of 50 | Duration = 7.078 | MSE = 226.2081
Iteration 2 of 50 | Duration = 7.326 | MSE = 176.1067
Iteration 3 of 50 | Duration = 7.690 | MSE = 150.3090
Iteration 4 of 50 | Duration = 9.956 | MSE = 146.0299
Iteration 5 of 50 | Duration = 7.804 | MSE = 142.1759
Iteration 6 of 50 | Duration = 6.443 | MSE = 139.7980
Iteration 7 of 50 | Duration = 6.383 | MSE = 137.9673
Iteration 8 of 50 | Duration = 6.363 | MSE = 137.1329
Iteration 9 of 50 | Duration = 6.367 | MSE = 136.2401
Iteration 10 of 50 | Duration = 6.390 | MSE = 135.6143
Iteration 11 of 50 | Duration = 6.208 | MSE = 135.0563
Iteration 12 of 50 | Duration = 6.141 | MSE = 134.8596
New optimal MSE: 134.8596

Running polya filter for radius = 1, bins = 128, delta = 160.
Initial MSE: 633.5815
Iteration 1 of 50 | Duration = 5.940 | MSE = 226.2081
Iteration 2 of 50 | Duration = 6.783 | MSE = 176.1067
Iteration 3 of 50 | Duration = 6.272 | MSE = 151.1861
Iteration 4 of 50 | Duration = 6.265 | MSE = 144.3428
Iteration 5 of 50 | Duration = 6.249 | MSE = 141.4921
Iteration 6 of 50 | Duration = 6.173 | MSE = 139.4025
Iteration 7 of 50 | Duration = 6.167 | MSE = 137.4722
Iteration 8 of 50 | Duration = 6.161 | MSE = 136.5989
Iteration 9 of 50 | Duration = 6.211 | MSE = 135.8611
Iteration 10 of 50 | Duration = 6.161 | MSE = 135.3895

Running polya filter for radius = 1, bins = 128, delta = 180.
Initial MSE: 633.5815
Iteration 1 of 50 | Duration = 5.690 | MSE = 226.2081
Iteration 2 of 50 | Duration = 6.954 | MSE = 176.0725
Iteration 3 of 50 | Duration = 6.174 | MSE = 151.0605
Iteration 4 of 50 | Duration = 6.121 | MSE = 144.3234
Iteration 5 of 50 | Duration = 6.224 | MSE = 141.4067
Iteration 6 of 50 | Duration = 6.409 | MSE = 139.3392
Iteration 7 of 50 | Duration = 6.406 | MSE = 137.4306
Iteration 8 of 50 | Duration = 5.956 | MSE = 136.5531
Iteration 9 of 50 | Duration = 6.616 | MSE = 135.8160
Iteration 10 of 50 | Duration = 6.288 | MSE = 135.3480

Running polya filter for radius = 1, bins = 128, delta = 200.
Initial MSE: 633.5815
Iteration 1 of 50 | Duration = 6.044 | MSE = 226.2081
Iteration 2 of 50 | Duration = 7.068 | MSE = 176.0708
Iteration 3 of 50 | Duration = 6.075 | MSE = 151.0579
Iteration 4 of 50 | Duration = 6.738 | MSE = 144.3199
Iteration 5 of 50 | Duration = 6.318 | MSE = 141.4045
Iteration 6 of 50 | Duration = 6.267 | MSE = 139.3371
Iteration 7 of 50 | Duration = 6.267 | MSE = 137.4270
Iteration 8 of 50 | Duration = 6.187 | MSE = 136.5507
Iteration 9 of 50 | Duration = 6.884 | MSE = 135.8145
Iteration 10 of 50 | Duration = 7.566 | MSE = 135.3467

Running polya filter for radius = 1, bins = 256, delta = 20.
Initial MSE: 633.5815
Iteration 1 of 50 | Duration = 11.714 | MSE = 631.9590
Iteration 2 of 50 | Duration = 12.895 | MSE = 631.9590
Iteration 3 of 50 | Duration = 10.844 | MSE = 631.9590

Running polya filter for radius = 1, bins = 256, delta = 40.
Initial MSE: 633.5815
Iteration 1 of 50 | Duration = 10.436 | MSE = 631.9590
Iteration 2 of 50 | Duration = 11.549 | MSE = 631.9590
Iteration 3 of 50 | Duration = 11.456 | MSE = 303.7592
Iteration 4 of 50 | Duration = 10.159 | MSE = 241.7366
Iteration 5 of 50 | Duration = 10.811 | MSE = 233.3670
Iteration 6 of 50 | Duration = 10.655 | MSE = 172.2542
Iteration 7 of 50 | Duration = 10.724 | MSE = 159.8609
Iteration 8 of 50 | Duration = 10.787 | MSE = 155.8685
Iteration 9 of 50 | Duration = 10.700 | MSE = 149.3436
Iteration 10 of 50 | Duration = 10.625 | MSE = 148.4570
Iteration 11 of 50 | Duration = 10.322 | MSE = 147.4111
Iteration 12 of 50 | Duration = 10.359 | MSE = 146.8385
Iteration 13 of 50 | Duration = 10.547 | MSE = 145.5911
Iteration 14 of 50 | Duration = 11.383 | MSE = 144.3102
Iteration 15 of 50 | Duration = 10.933 | MSE = 142.8718
Iteration 16 of 50 | Duration = 10.694 | MSE = 142.3194
Iteration 17 of 50 | Duration = 11.013 | MSE = 141.7651
Iteration 18 of 50 | Duration = 11.028 | MSE = 140.6397
Iteration 19 of 50 | Duration = 18.243 | MSE = 139.9753
Iteration 20 of 50 | Duration = 14.642 | MSE = 139.8004

Running polya filter for radius = 1, bins = 256, delta = 60.
Initial MSE: 633.5815
Iteration 1 of 50 | Duration = 11.497 | MSE = 631.9590
Iteration 2 of 50 | Duration = 12.929 | MSE = 303.7592
Iteration 3 of 50 | Duration = 11.201 | MSE = 240.1333
Iteration 4 of 50 | Duration = 11.599 | MSE = 171.0297
Iteration 5 of 50 | Duration = 11.126 | MSE = 156.2313
Iteration 6 of 50 | Duration = 11.148 | MSE = 149.5446
Iteration 7 of 50 | Duration = 12.165 | MSE = 148.4846
Iteration 8 of 50 | Duration = 12.203 | MSE = 146.8256
Iteration 9 of 50 | Duration = 12.209 | MSE = 145.1509
Iteration 10 of 50 | Duration = 12.382 | MSE = 143.1196
Iteration 11 of 50 | Duration = 12.923 | MSE = 142.1643
Iteration 12 of 50 | Duration = 15.316 | MSE = 140.7529
Iteration 13 of 50 | Duration = 12.948 | MSE = 140.0224
Iteration 14 of 50 | Duration = 13.512 | MSE = 139.0167
Iteration 15 of 50 | Duration = 11.934 | MSE = 138.6923

Running polya filter for radius = 1, bins = 256, delta = 80.
Initial MSE: 633.5815
Iteration 1 of 50 | Duration = 10.115 | MSE = 631.9590
Iteration 2 of 50 | Duration = 11.230 | MSE = 303.7592
Iteration 3 of 50 | Duration = 10.519 | MSE = 244.6556
Iteration 4 of 50 | Duration = 10.702 | MSE = 172.5336
Iteration 5 of 50 | Duration = 10.418 | MSE = 157.4858
Iteration 6 of 50 | Duration = 10.197 | MSE = 149.5574
Iteration 7 of 50 | Duration = 10.359 | MSE = 146.8321
Iteration 8 of 50 | Duration = 10.393 | MSE = 144.9608
Iteration 9 of 50 | Duration = 10.906 | MSE = 143.8673
Iteration 10 of 50 | Duration = 11.377 | MSE = 142.1526
Iteration 11 of 50 | Duration = 10.474 | MSE = 141.4059
Iteration 12 of 50 | Duration = 11.280 | MSE = 140.0475
Iteration 13 of 50 | Duration = 12.499 | MSE = 139.4065
Iteration 14 of 50 | Duration = 11.517 | MSE = 138.4683
Iteration 15 of 50 | Duration = 11.402 | MSE = 138.1960

Running polya filter for radius = 1, bins = 256, delta = 100.
Initial MSE: 633.5815
Iteration 1 of 50 | Duration = 13.713 | MSE = 286.6162
Iteration 2 of 50 | Duration = 11.104 | MSE = 191.2462
Iteration 3 of 50 | Duration = 10.777 | MSE = 167.4275
Iteration 4 of 50 | Duration = 10.876 | MSE = 154.8954
Iteration 5 of 50 | Duration = 11.841 | MSE = 147.7596
Iteration 6 of 50 | Duration = 12.023 | MSE = 143.6926
Iteration 7 of 50 | Duration = 11.331 | MSE = 141.6973
Iteration 8 of 50 | Duration = 11.281 | MSE = 140.4352
Iteration 9 of 50 | Duration = 11.068 | MSE = 139.4715
Iteration 10 of 50 | Duration = 10.975 | MSE = 138.5941
Iteration 11 of 50 | Duration = 10.594 | MSE = 137.9451
Iteration 12 of 50 | Duration = 10.281 | MSE = 137.4023
Iteration 13 of 50 | Duration = 10.389 | MSE = 136.8989
Iteration 14 of 50 | Duration = 10.435 | MSE = 136.4916

Running polya filter for radius = 1, bins = 256, delta = 120.
Initial MSE: 633.5815
Iteration 1 of 50 | Duration = 9.977 | MSE = 226.9519
Iteration 2 of 50 | Duration = 11.552 | MSE = 176.2682
Iteration 3 of 50 | Duration = 11.128 | MSE = 150.7028
Iteration 4 of 50 | Duration = 11.808 | MSE = 146.5844
Iteration 5 of 50 | Duration = 11.408 | MSE = 142.5317
Iteration 6 of 50 | Duration = 11.120 | MSE = 140.1558
Iteration 7 of 50 | Duration = 10.675 | MSE = 138.4159
Iteration 8 of 50 | Duration = 17.646 | MSE = 137.5291
Iteration 9 of 50 | Duration = 14.548 | MSE = 136.6322
Iteration 10 of 50 | Duration = 14.154 | MSE = 135.9978
Iteration 11 of 50 | Duration = 14.258 | MSE = 135.4777
Iteration 12 of 50 | Duration = 12.758 | MSE = 135.2614

Running polya filter for radius = 1, bins = 256, delta = 140.
Initial MSE: 633.5815
Iteration 1 of 50 | Duration = 10.323 | MSE = 226.9519
Iteration 2 of 50 | Duration = 12.419 | MSE = 176.2682
Iteration 3 of 50 | Duration = 11.700 | MSE = 150.7232
Iteration 4 of 50 | Duration = 11.924 | MSE = 146.5066
Iteration 5 of 50 | Duration = 12.450 | MSE = 142.5215
Iteration 6 of 50 | Duration = 12.603 | MSE = 140.1230
Iteration 7 of 50 | Duration = 11.134 | MSE = 138.3745
Iteration 8 of 50 | Duration = 10.924 | MSE = 137.5011
Iteration 9 of 50 | Duration = 10.915 | MSE = 136.5990
Iteration 10 of 50 | Duration = 10.593 | MSE = 135.9818
Iteration 11 of 50 | Duration = 11.185 | MSE = 135.4598
Iteration 12 of 50 | Duration = 11.481 | MSE = 135.2476

Running polya filter for radius = 1, bins = 256, delta = 160.
Initial MSE: 633.5815
Iteration 1 of 50 | Duration = 10.161 | MSE = 226.9519
Iteration 2 of 50 | Duration = 11.078 | MSE = 176.2682
Iteration 3 of 50 | Duration = 10.358 | MSE = 151.5931
Iteration 4 of 50 | Duration = 10.193 | MSE = 144.7393
Iteration 5 of 50 | Duration = 10.665 | MSE = 141.8858
Iteration 6 of 50 | Duration = 10.847 | MSE = 139.7313
Iteration 7 of 50 | Duration = 11.307 | MSE = 137.8507
Iteration 8 of 50 | Duration = 11.217 | MSE = 136.9660
Iteration 9 of 50 | Duration = 11.328 | MSE = 136.2465
Iteration 10 of 50 | Duration = 11.140 | MSE = 135.7634

Running polya filter for radius = 1, bins = 256, delta = 180.
Initial MSE: 633.5815
Iteration 1 of 50 | Duration = 9.711 | MSE = 226.9519
Iteration 2 of 50 | Duration = 11.093 | MSE = 176.2262
Iteration 3 of 50 | Duration = 10.365 | MSE = 151.4740
Iteration 4 of 50 | Duration = 10.240 | MSE = 144.7156
Iteration 5 of 50 | Duration = 10.517 | MSE = 141.7992
Iteration 6 of 50 | Duration = 10.381 | MSE = 139.6702
Iteration 7 of 50 | Duration = 10.496 | MSE = 137.8077
Iteration 8 of 50 | Duration = 10.764 | MSE = 136.9154
Iteration 9 of 50 | Duration = 10.959 | MSE = 136.1982
Iteration 10 of 50 | Duration = 11.045 | MSE = 135.7204

Running polya filter for radius = 1, bins = 256, delta = 200.
Initial MSE: 633.5815
Iteration 1 of 50 | Duration = 9.854 | MSE = 226.9519
Iteration 2 of 50 | Duration = 11.591 | MSE = 176.2245
Iteration 3 of 50 | Duration = 10.864 | MSE = 151.4715
Iteration 4 of 50 | Duration = 10.950 | MSE = 144.7134
Iteration 5 of 50 | Duration = 10.819 | MSE = 141.7968
Iteration 6 of 50 | Duration = 10.711 | MSE = 139.6678
Iteration 7 of 50 | Duration = 11.141 | MSE = 137.8038
Iteration 8 of 50 | Duration = 10.499 | MSE = 136.9129
Iteration 9 of 50 | Duration = 11.149 | MSE = 136.1965
Iteration 10 of 50 | Duration = 11.759 | MSE = 135.7189

Running polya filter for radius = 2, bins = 32, delta = 20.
Initial MSE: 633.5815
Iteration 1 of 50 | Duration = 1.392 | MSE = 634.1500

Running polya filter for radius = 2, bins = 32, delta = 40.
Initial MSE: 633.5815
Iteration 1 of 50 | Duration = 1.375 | MSE = 634.1500

Running polya filter for radius = 2, bins = 32, delta = 60.
Initial MSE: 633.5815
Iteration 1 of 50 | Duration = 1.530 | MSE = 634.1500

Running polya filter for radius = 2, bins = 32, delta = 80.
Initial MSE: 633.5815
Iteration 1 of 50 | Duration = 1.363 | MSE = 634.1500

Running polya filter for radius = 2, bins = 32, delta = 100.
Initial MSE: 633.5815
Iteration 1 of 50 | Duration = 2.810 | MSE = 219.6642
Iteration 2 of 50 | Duration = 1.831 | MSE = 116.3235
Iteration 3 of 50 | Duration = 1.231 | MSE = 107.2494
Iteration 4 of 50 | Duration = 1.319 | MSE = 104.5800
Iteration 5 of 50 | Duration = 1.023 | MSE = 103.4774
Iteration 6 of 50 | Duration = 1.078 | MSE = 102.1643
Iteration 7 of 50 | Duration = 1.221 | MSE = 101.9081
New optimal MSE: 101.9081

Running polya filter for radius = 2, bins = 32, delta = 120.
Initial MSE: 633.5815
Iteration 1 of 50 | Duration = 1.524 | MSE = 134.4092
Iteration 2 of 50 | Duration = 1.606 | MSE = 113.8815
Iteration 3 of 50 | Duration = 1.018 | MSE = 107.7466
Iteration 4 of 50 | Duration = 1.000 | MSE = 105.9348
Iteration 5 of 50 | Duration = 0.968 | MSE = 105.0773
Iteration 6 of 50 | Duration = 1.008 | MSE = 104.4732
Iteration 7 of 50 | Duration = 0.946 | MSE = 104.4122

Running polya filter for radius = 2, bins = 32, delta = 140.
Initial MSE: 633.5815
Iteration 1 of 50 | Duration = 1.352 | MSE = 134.4092
Iteration 2 of 50 | Duration = 1.555 | MSE = 113.8805
Iteration 3 of 50 | Duration = 1.163 | MSE = 107.7930
Iteration 4 of 50 | Duration = 1.066 | MSE = 105.9482
Iteration 5 of 50 | Duration = 0.997 | MSE = 105.1163
Iteration 6 of 50 | Duration = 1.003 | MSE = 104.4918
Iteration 7 of 50 | Duration = 0.964 | MSE = 104.4602

Running polya filter for radius = 2, bins = 32, delta = 160.
Initial MSE: 633.5815
Iteration 1 of 50 | Duration = 1.354 | MSE = 134.4092
Iteration 2 of 50 | Duration = 1.454 | MSE = 113.8774
Iteration 3 of 50 | Duration = 0.987 | MSE = 107.9410
Iteration 4 of 50 | Duration = 1.020 | MSE = 105.8075
Iteration 5 of 50 | Duration = 1.111 | MSE = 105.1256
Iteration 6 of 50 | Duration = 1.140 | MSE = 104.5731
Iteration 7 of 50 | Duration = 1.261 | MSE = 104.5930

Running polya filter for radius = 2, bins = 32, delta = 180.
Initial MSE: 633.5815
Iteration 1 of 50 | Duration = 1.490 | MSE = 134.4092
Iteration 2 of 50 | Duration = 1.549 | MSE = 113.7574
Iteration 3 of 50 | Duration = 1.152 | MSE = 107.8278
Iteration 4 of 50 | Duration = 1.332 | MSE = 105.7542
Iteration 5 of 50 | Duration = 1.141 | MSE = 105.1193
Iteration 6 of 50 | Duration = 1.164 | MSE = 104.6194

Running polya filter for radius = 2, bins = 32, delta = 200.
Initial MSE: 633.5815
Iteration 1 of 50 | Duration = 1.530 | MSE = 134.4092
Iteration 2 of 50 | Duration = 1.611 | MSE = 113.7542
Iteration 3 of 50 | Duration = 1.428 | MSE = 107.8248
Iteration 4 of 50 | Duration = 1.414 | MSE = 105.7489
Iteration 5 of 50 | Duration = 1.057 | MSE = 105.1149
Iteration 6 of 50 | Duration = 1.067 | MSE = 104.6159

Running polya filter for radius = 2, bins = 64, delta = 20.
Initial MSE: 633.5815
Iteration 1 of 50 | Duration = 2.843 | MSE = 633.2991
Iteration 2 of 50 | Duration = 2.430 | MSE = 633.2991
Iteration 3 of 50 | Duration = 2.698 | MSE = 633.2991

Running polya filter for radius = 2, bins = 64, delta = 40.
Initial MSE: 633.5815
Iteration 1 of 50 | Duration = 2.889 | MSE = 633.2991
Iteration 2 of 50 | Duration = 2.375 | MSE = 633.2991
Iteration 3 of 50 | Duration = 2.153 | MSE = 324.1633
Iteration 4 of 50 | Duration = 2.279 | MSE = 200.9574
Iteration 5 of 50 | Duration = 2.348 | MSE = 149.6683
Iteration 6 of 50 | Duration = 2.598 | MSE = 116.1343
Iteration 7 of 50 | Duration = 2.158 | MSE = 108.3229
Iteration 8 of 50 | Duration = 2.550 | MSE = 104.8783
Iteration 9 of 50 | Duration = 2.315 | MSE = 103.4751
Iteration 10 of 50 | Duration = 2.393 | MSE = 102.8721
Iteration 11 of 50 | Duration = 2.008 | MSE = 102.6836

Running polya filter for radius = 2, bins = 64, delta = 60.
Initial MSE: 633.5815
Iteration 1 of 50 | Duration = 2.639 | MSE = 633.2991
Iteration 2 of 50 | Duration = 2.419 | MSE = 293.4958
Iteration 3 of 50 | Duration = 2.234 | MSE = 159.3809
Iteration 4 of 50 | Duration = 2.097 | MSE = 112.1713
Iteration 5 of 50 | Duration = 1.932 | MSE = 105.9620
Iteration 6 of 50 | Duration = 2.632 | MSE = 103.7990
Iteration 7 of 50 | Duration = 2.374 | MSE = 103.1619
Iteration 8 of 50 | Duration = 1.953 | MSE = 102.5217
Iteration 9 of 50 | Duration = 2.673 | MSE = 102.3963

Running polya filter for radius = 2, bins = 64, delta = 80.
Initial MSE: 633.5815
Iteration 1 of 50 | Duration = 2.506 | MSE = 633.2991
Iteration 2 of 50 | Duration = 2.203 | MSE = 295.4391
Iteration 3 of 50 | Duration = 3.488 | MSE = 164.1861
Iteration 4 of 50 | Duration = 3.956 | MSE = 111.9252
Iteration 5 of 50 | Duration = 3.472 | MSE = 105.8928
Iteration 6 of 50 | Duration = 3.391 | MSE = 103.9186
Iteration 7 of 50 | Duration = 3.113 | MSE = 103.4024
Iteration 8 of 50 | Duration = 3.283 | MSE = 102.8367
Iteration 9 of 50 | Duration = 3.253 | MSE = 102.8425

Running polya filter for radius = 2, bins = 64, delta = 100.
Initial MSE: 633.5815
Iteration 1 of 50 | Duration = 4.280 | MSE = 218.3583
Iteration 2 of 50 | Duration = 2.960 | MSE = 114.4056
Iteration 3 of 50 | Duration = 2.546 | MSE = 105.1058
Iteration 4 of 50 | Duration = 2.460 | MSE = 102.5622
Iteration 5 of 50 | Duration = 2.502 | MSE = 101.2732
Iteration 6 of 50 | Duration = 2.355 | MSE = 100.2782
Iteration 7 of 50 | Duration = 3.829 | MSE = 100.1124
New optimal MSE: 100.1124

Running polya filter for radius = 2, bins = 64, delta = 120.
Initial MSE: 633.5815
Iteration 1 of 50 | Duration = 3.185 | MSE = 132.6966
Iteration 2 of 50 | Duration = 4.414 | MSE = 111.6188
Iteration 3 of 50 | Duration = 2.660 | MSE = 106.0645
Iteration 4 of 50 | Duration = 2.396 | MSE = 104.1294
Iteration 5 of 50 | Duration = 2.529 | MSE = 103.0278
Iteration 6 of 50 | Duration = 2.393 | MSE = 102.6802

Running polya filter for radius = 2, bins = 64, delta = 140.
Initial MSE: 633.5815
Iteration 1 of 50 | Duration = 3.933 | MSE = 132.6966
Iteration 2 of 50 | Duration = 3.553 | MSE = 111.6152
Iteration 3 of 50 | Duration = 2.327 | MSE = 106.1153
Iteration 4 of 50 | Duration = 2.256 | MSE = 104.1163
Iteration 5 of 50 | Duration = 2.254 | MSE = 103.0699
Iteration 6 of 50 | Duration = 2.204 | MSE = 102.6905

Running polya filter for radius = 2, bins = 64, delta = 160.
Initial MSE: 633.5815
Iteration 1 of 50 | Duration = 3.147 | MSE = 132.6966
Iteration 2 of 50 | Duration = 3.107 | MSE = 111.6124
Iteration 3 of 50 | Duration = 2.520 | MSE = 106.2366
Iteration 4 of 50 | Duration = 2.362 | MSE = 104.0467
Iteration 5 of 50 | Duration = 2.464 | MSE = 103.2345
Iteration 6 of 50 | Duration = 2.664 | MSE = 102.7565

Running polya filter for radius = 2, bins = 64, delta = 180.
Initial MSE: 633.5815
Iteration 1 of 50 | Duration = 2.754 | MSE = 132.6966
Iteration 2 of 50 | Duration = 3.408 | MSE = 111.4769
Iteration 3 of 50 | Duration = 3.194 | MSE = 106.1098
Iteration 4 of 50 | Duration = 2.811 | MSE = 104.0206
Iteration 5 of 50 | Duration = 3.214 | MSE = 103.2341
Iteration 6 of 50 | Duration = 2.773 | MSE = 102.8026

Running polya filter for radius = 2, bins = 64, delta = 200.
Initial MSE: 633.5815
Iteration 1 of 50 | Duration = 2.716 | MSE = 132.6966
Iteration 2 of 50 | Duration = 2.802 | MSE = 111.4750
Iteration 3 of 50 | Duration = 2.470 | MSE = 106.1050
Iteration 4 of 50 | Duration = 3.039 | MSE = 104.0124
Iteration 5 of 50 | Duration = 3.370 | MSE = 103.2272
Iteration 6 of 50 | Duration = 2.548 | MSE = 102.7959

Running polya filter for radius = 2, bins = 128, delta = 20.
Initial MSE: 633.5815
Iteration 1 of 50 | Duration = 7.722 | MSE = 630.8288
Iteration 2 of 50 | Duration = 8.459 | MSE = 630.8288
Iteration 3 of 50 | Duration = 10.379 | MSE = 630.8288

Running polya filter for radius = 2, bins = 128, delta = 40.
Initial MSE: 633.5815
Iteration 1 of 50 | Duration = 7.292 | MSE = 630.8288
Iteration 2 of 50 | Duration = 8.062 | MSE = 630.8288
Iteration 3 of 50 | Duration = 7.245 | MSE = 353.7343
Iteration 4 of 50 | Duration = 8.002 | MSE = 227.4605
Iteration 5 of 50 | Duration = 7.799 | MSE = 171.3314
Iteration 6 of 50 | Duration = 7.879 | MSE = 124.2613
Iteration 7 of 50 | Duration = 7.316 | MSE = 111.2204
Iteration 8 of 50 | Duration = 7.858 | MSE = 104.0521
Iteration 9 of 50 | Duration = 9.721 | MSE = 101.3650
Iteration 10 of 50 | Duration = 8.148 | MSE = 100.3196
Iteration 11 of 50 | Duration = 8.175 | MSE = 99.8800
New optimal MSE: 99.8800

Running polya filter for radius = 2, bins = 128, delta = 60.
Initial MSE: 633.5815
Iteration 1 of 50 | Duration = 7.721 | MSE = 630.8288
Iteration 2 of 50 | Duration = 6.988 | MSE = 320.3903
Iteration 3 of 50 | Duration = 8.075 | MSE = 182.1310
Iteration 4 of 50 | Duration = 7.271 | MSE = 116.3080
Iteration 5 of 50 | Duration = 7.553 | MSE = 104.8537
Iteration 6 of 50 | Duration = 7.823 | MSE = 101.3721
Iteration 7 of 50 | Duration = 8.589 | MSE = 100.3714
Iteration 8 of 50 | Duration = 7.706 | MSE = 99.7881
Iteration 9 of 50 | Duration = 7.535 | MSE = 99.5627
New optimal MSE: 99.5627

Running polya filter for radius = 2, bins = 128, delta = 80.
Initial MSE: 633.5815
Iteration 1 of 50 | Duration = 6.322 | MSE = 630.8288
Iteration 2 of 50 | Duration = 6.765 | MSE = 321.6319
Iteration 3 of 50 | Duration = 6.405 | MSE = 188.7538
Iteration 4 of 50 | Duration = 7.228 | MSE = 116.1050
Iteration 5 of 50 | Duration = 6.794 | MSE = 104.8419
Iteration 6 of 50 | Duration = 6.948 | MSE = 101.5005
Iteration 7 of 50 | Duration = 6.726 | MSE = 100.5935
Iteration 8 of 50 | Duration = 6.709 | MSE = 100.0581
Iteration 9 of 50 | Duration = 6.997 | MSE = 99.9902

Running polya filter for radius = 2, bins = 128, delta = 100.
Initial MSE: 633.5815
Iteration 1 of 50 | Duration = 7.880 | MSE = 217.2554
Iteration 2 of 50 | Duration = 7.080 | MSE = 111.8139
Iteration 3 of 50 | Duration = 7.052 | MSE = 102.7642
Iteration 4 of 50 | Duration = 6.590 | MSE = 100.1380
Iteration 5 of 50 | Duration = 6.968 | MSE = 98.5875
Iteration 6 of 50 | Duration = 6.959 | MSE = 97.7251
Iteration 7 of 50 | Duration = 6.788 | MSE = 97.5208
New optimal MSE: 97.5208

Running polya filter for radius = 2, bins = 128, delta = 120.
Initial MSE: 633.5815
Iteration 1 of 50 | Duration = 6.727 | MSE = 129.9516
Iteration 2 of 50 | Duration = 7.374 | MSE = 109.4828
Iteration 3 of 50 | Duration = 6.880 | MSE = 103.3132
Iteration 4 of 50 | Duration = 6.919 | MSE = 101.4615
Iteration 5 of 50 | Duration = 6.654 | MSE = 100.3124
Iteration 6 of 50 | Duration = 7.086 | MSE = 99.9319

Running polya filter for radius = 2, bins = 128, delta = 140.
Initial MSE: 633.5815
Iteration 1 of 50 | Duration = 6.131 | MSE = 129.9516
Iteration 2 of 50 | Duration = 7.635 | MSE = 109.4792
Iteration 3 of 50 | Duration = 6.797 | MSE = 103.3525
Iteration 4 of 50 | Duration = 6.649 | MSE = 101.4218
Iteration 5 of 50 | Duration = 7.328 | MSE = 100.3314
Iteration 6 of 50 | Duration = 6.755 | MSE = 99.9612

Running polya filter for radius = 2, bins = 128, delta = 160.
Initial MSE: 633.5815
Iteration 1 of 50 | Duration = 6.341 | MSE = 129.9516
Iteration 2 of 50 | Duration = 7.705 | MSE = 109.4760
Iteration 3 of 50 | Duration = 6.573 | MSE = 103.4906
Iteration 4 of 50 | Duration = 7.183 | MSE = 101.3839
Iteration 5 of 50 | Duration = 6.749 | MSE = 100.4996
Iteration 6 of 50 | Duration = 6.965 | MSE = 100.0320

Running polya filter for radius = 2, bins = 128, delta = 180.
Initial MSE: 633.5815
Iteration 1 of 50 | Duration = 6.441 | MSE = 129.9516
Iteration 2 of 50 | Duration = 7.285 | MSE = 109.3278
Iteration 3 of 50 | Duration = 6.806 | MSE = 103.3526
Iteration 4 of 50 | Duration = 6.896 | MSE = 101.3598
Iteration 5 of 50 | Duration = 6.585 | MSE = 100.5225
Iteration 6 of 50 | Duration = 7.089 | MSE = 100.0835

Running polya filter for radius = 2, bins = 128, delta = 200.
Initial MSE: 633.5815
Iteration 1 of 50 | Duration = 6.102 | MSE = 129.9516
Iteration 2 of 50 | Duration = 7.865 | MSE = 109.3254
Iteration 3 of 50 | Duration = 6.411 | MSE = 103.3483
Iteration 4 of 50 | Duration = 6.452 | MSE = 101.3527
Iteration 5 of 50 | Duration = 6.854 | MSE = 100.5168
Iteration 6 of 50 | Duration = 6.716 | MSE = 100.0785

Running polya filter for radius = 2, bins = 256, delta = 20.
Initial MSE: 633.5815
Iteration 1 of 50 | Duration = 10.688 | MSE = 631.9590
Iteration 2 of 50 | Duration = 11.197 | MSE = 631.9590
Iteration 3 of 50 | Duration = 11.477 | MSE = 631.9590

Running polya filter for radius = 2, bins = 256, delta = 40.
Initial MSE: 633.5815
Iteration 1 of 50 | Duration = 11.047 | MSE = 631.9590
Iteration 2 of 50 | Duration = 11.259 | MSE = 631.9590
Iteration 3 of 50 | Duration = 11.379 | MSE = 372.9425
Iteration 4 of 50 | Duration = 11.650 | MSE = 247.6195
Iteration 5 of 50 | Duration = 11.830 | MSE = 189.7512
Iteration 6 of 50 | Duration = 12.282 | MSE = 133.7017
Iteration 7 of 50 | Duration = 11.861 | MSE = 116.9908
Iteration 8 of 50 | Duration = 12.339 | MSE = 106.6974
Iteration 9 of 50 | Duration = 12.184 | MSE = 102.6498
Iteration 10 of 50 | Duration = 12.293 | MSE = 100.9467
Iteration 11 of 50 | Duration = 11.739 | MSE = 100.1397
Iteration 12 of 50 | Duration = 12.090 | MSE = 99.8357

Running polya filter for radius = 2, bins = 256, delta = 60.
Initial MSE: 633.5815
Iteration 1 of 50 | Duration = 10.640 | MSE = 631.9590
Iteration 2 of 50 | Duration = 13.138 | MSE = 338.0347
Iteration 3 of 50 | Duration = 16.551 | MSE = 199.9451
Iteration 4 of 50 | Duration = 14.014 | MSE = 122.6567
Iteration 5 of 50 | Duration = 12.148 | MSE = 107.1588
Iteration 6 of 50 | Duration = 12.144 | MSE = 101.9857
Iteration 7 of 50 | Duration = 11.921 | MSE = 100.5635
Iteration 8 of 50 | Duration = 11.828 | MSE = 99.9544
Iteration 9 of 50 | Duration = 12.296 | MSE = 99.6660

Running polya filter for radius = 2, bins = 256, delta = 80.
Initial MSE: 633.5815
Iteration 1 of 50 | Duration = 10.939 | MSE = 631.9590
Iteration 2 of 50 | Duration = 11.252 | MSE = 338.7043
Iteration 3 of 50 | Duration = 11.261 | MSE = 207.7753
Iteration 4 of 50 | Duration = 11.771 | MSE = 122.2098
Iteration 5 of 50 | Duration = 11.955 | MSE = 107.1450
Iteration 6 of 50 | Duration = 11.909 | MSE = 102.0181
Iteration 7 of 50 | Duration = 12.066 | MSE = 100.7479
Iteration 8 of 50 | Duration = 12.363 | MSE = 100.2176
Iteration 9 of 50 | Duration = 11.568 | MSE = 100.0491

Running polya filter for radius = 2, bins = 256, delta = 100.
Initial MSE: 633.5815
Iteration 1 of 50 | Duration = 12.550 | MSE = 218.7461
Iteration 2 of 50 | Duration = 12.245 | MSE = 112.0120
Iteration 3 of 50 | Duration = 11.873 | MSE = 102.9474
Iteration 4 of 50 | Duration = 11.691 | MSE = 100.3422
Iteration 5 of 50 | Duration = 13.162 | MSE = 98.6724
Iteration 6 of 50 | Duration = 12.152 | MSE = 97.8377
Iteration 7 of 50 | Duration = 12.120 | MSE = 97.5899

Running polya filter for radius = 2, bins = 256, delta = 120.
Initial MSE: 633.5815
Iteration 1 of 50 | Duration = 10.978 | MSE = 130.3055
Iteration 2 of 50 | Duration = 14.166 | MSE = 109.9974
Iteration 3 of 50 | Duration = 13.369 | MSE = 103.4444
Iteration 4 of 50 | Duration = 19.000 | MSE = 101.6840
Iteration 5 of 50 | Duration = 14.184 | MSE = 100.4608
Iteration 6 of 50 | Duration = 13.681 | MSE = 100.0863

Running polya filter for radius = 2, bins = 256, delta = 140.
Initial MSE: 633.5815
Iteration 1 of 50 | Duration = 14.746 | MSE = 130.3055
Iteration 2 of 50 | Duration = 15.375 | MSE = 109.9939
Iteration 3 of 50 | Duration = 14.185 | MSE = 103.4833
Iteration 4 of 50 | Duration = 13.832 | MSE = 101.6345
Iteration 5 of 50 | Duration = 12.947 | MSE = 100.4561
Iteration 6 of 50 | Duration = 17.201 | MSE = 100.1061

Running polya filter for radius = 2, bins = 256, delta = 160.
Initial MSE: 633.5815
Iteration 1 of 50 | Duration = 14.801 | MSE = 130.3055
Iteration 2 of 50 | Duration = 18.060 | MSE = 109.9909
Iteration 3 of 50 | Duration = 15.287 | MSE = 103.6179
Iteration 4 of 50 | Duration = 14.157 | MSE = 101.5714
Iteration 5 of 50 | Duration = 16.485 | MSE = 100.6403
Iteration 6 of 50 | Duration = 14.479 | MSE = 100.1814

Running polya filter for radius = 2, bins = 256, delta = 180.
Initial MSE: 633.5815
Iteration 1 of 50 | Duration = 11.873 | MSE = 130.3055
Iteration 2 of 50 | Duration = 18.254 | MSE = 109.8331
Iteration 3 of 50 | Duration = 15.133 | MSE = 103.4840
Iteration 4 of 50 | Duration = 15.417 | MSE = 101.5533
Iteration 5 of 50 | Duration = 12.567 | MSE = 100.6645
Iteration 6 of 50 | Duration = 11.486 | MSE = 100.2263

Running polya filter for radius = 2, bins = 256, delta = 200.
Initial MSE: 633.5815
Iteration 1 of 50 | Duration = 10.576 | MSE = 130.3055
Iteration 2 of 50 | Duration = 12.196 | MSE = 109.8304
Iteration 3 of 50 | Duration = 11.108 | MSE = 103.4797
Iteration 4 of 50 | Duration = 11.733 | MSE = 101.5483
Iteration 5 of 50 | Duration = 12.490 | MSE = 100.6608
Iteration 6 of 50 | Duration = 11.740 | MSE = 100.2214

Running polya filter for radius = 3, bins = 32, delta = 20.
Initial MSE: 633.5815
Iteration 1 of 50 | Duration = 1.458 | MSE = 634.1500

Running polya filter for radius = 3, bins = 32, delta = 40.
Initial MSE: 633.5815
Iteration 1 of 50 | Duration = 1.389 | MSE = 634.1500

Running polya filter for radius = 3, bins = 32, delta = 60.
Initial MSE: 633.5815
Iteration 1 of 50 | Duration = 1.605 | MSE = 634.1500

Running polya filter for radius = 3, bins = 32, delta = 80.
Initial MSE: 633.5815
Iteration 1 of 50 | Duration = 1.512 | MSE = 634.1500

Running polya filter for radius = 3, bins = 32, delta = 100.
Initial MSE: 633.5815
Iteration 1 of 50 | Duration = 2.389 | MSE = 201.1685
Iteration 2 of 50 | Duration = 1.432 | MSE = 112.5449
Iteration 3 of 50 | Duration = 1.241 | MSE = 113.3052

Running polya filter for radius = 3, bins = 32, delta = 120.
Initial MSE: 633.5815
Iteration 1 of 50 | Duration = 1.581 | MSE = 121.3812
Iteration 2 of 50 | Duration = 1.359 | MSE = 112.1244
Iteration 3 of 50 | Duration = 1.030 | MSE = 116.3299

Running polya filter for radius = 3, bins = 32, delta = 140.
Initial MSE: 633.5815
Iteration 1 of 50 | Duration = 1.373 | MSE = 121.3812
Iteration 2 of 50 | Duration = 1.347 | MSE = 112.1431
Iteration 3 of 50 | Duration = 1.113 | MSE = 116.3805

Running polya filter for radius = 3, bins = 32, delta = 160.
Initial MSE: 633.5815
Iteration 1 of 50 | Duration = 1.480 | MSE = 121.3812
Iteration 2 of 50 | Duration = 1.406 | MSE = 112.1608
Iteration 3 of 50 | Duration = 1.032 | MSE = 116.4680

Running polya filter for radius = 3, bins = 32, delta = 180.
Initial MSE: 633.5815
Iteration 1 of 50 | Duration = 1.412 | MSE = 121.3812
Iteration 2 of 50 | Duration = 1.447 | MSE = 112.1383
Iteration 3 of 50 | Duration = 1.239 | MSE = 116.7060

Running polya filter for radius = 3, bins = 32, delta = 200.
Initial MSE: 633.5815
Iteration 1 of 50 | Duration = 1.399 | MSE = 121.3812
Iteration 2 of 50 | Duration = 1.464 | MSE = 112.1351
Iteration 3 of 50 | Duration = 1.045 | MSE = 116.7145

Running polya filter for radius = 3, bins = 64, delta = 20.
Initial MSE: 633.5815
Iteration 1 of 50 | Duration = 2.966 | MSE = 633.2991
Iteration 2 of 50 | Duration = 2.338 | MSE = 633.2991
Iteration 3 of 50 | Duration = 2.175 | MSE = 633.2991

Running polya filter for radius = 3, bins = 64, delta = 40.
Initial MSE: 633.5815
Iteration 1 of 50 | Duration = 2.882 | MSE = 633.2991
Iteration 2 of 50 | Duration = 2.256 | MSE = 633.2991
Iteration 3 of 50 | Duration = 2.122 | MSE = 345.3518
Iteration 4 of 50 | Duration = 2.329 | MSE = 201.8522
Iteration 5 of 50 | Duration = 2.011 | MSE = 139.2947
Iteration 6 of 50 | Duration = 2.125 | MSE = 120.0338
Iteration 7 of 50 | Duration = 2.514 | MSE = 116.7834
Iteration 8 of 50 | Duration = 2.039 | MSE = 116.3166

Running polya filter for radius = 3, bins = 64, delta = 60.
Initial MSE: 633.5815
Iteration 1 of 50 | Duration = 2.491 | MSE = 633.2991
Iteration 2 of 50 | Duration = 2.855 | MSE = 315.0326
Iteration 3 of 50 | Duration = 2.068 | MSE = 147.1018
Iteration 4 of 50 | Duration = 2.092 | MSE = 116.0816
Iteration 5 of 50 | Duration = 2.341 | MSE = 115.1537
Iteration 6 of 50 | Duration = 2.189 | MSE = 115.7673
Iteration 7 of 50 | Duration = 1.988 | MSE = 116.8305

Running polya filter for radius = 3, bins = 64, delta = 80.
Initial MSE: 633.5815
Iteration 1 of 50 | Duration = 2.547 | MSE = 633.2991
Iteration 2 of 50 | Duration = 2.452 | MSE = 319.7641
Iteration 3 of 50 | Duration = 2.351 | MSE = 148.9661
Iteration 4 of 50 | Duration = 2.185 | MSE = 116.6896
Iteration 5 of 50 | Duration = 2.631 | MSE = 115.9573
Iteration 6 of 50 | Duration = 2.162 | MSE = 116.8880

Running polya filter for radius = 3, bins = 64, delta = 100.
Initial MSE: 633.5815
Iteration 1 of 50 | Duration = 3.631 | MSE = 200.1258
Iteration 2 of 50 | Duration = 2.927 | MSE = 110.5912
Iteration 3 of 50 | Duration = 2.346 | MSE = 110.7055

Running polya filter for radius = 3, bins = 64, delta = 120.
Initial MSE: 633.5815
Iteration 1 of 50 | Duration = 2.888 | MSE = 119.5325
Iteration 2 of 50 | Duration = 2.616 | MSE = 110.7600
Iteration 3 of 50 | Duration = 2.770 | MSE = 114.3836

Running polya filter for radius = 3, bins = 64, delta = 140.
Initial MSE: 633.5815
Iteration 1 of 50 | Duration = 2.729 | MSE = 119.5325
Iteration 2 of 50 | Duration = 2.765 | MSE = 110.7680
Iteration 3 of 50 | Duration = 2.309 | MSE = 114.4388

Running polya filter for radius = 3, bins = 64, delta = 160.
Initial MSE: 633.5815
Iteration 1 of 50 | Duration = 2.690 | MSE = 119.5325
Iteration 2 of 50 | Duration = 2.711 | MSE = 110.7966
Iteration 3 of 50 | Duration = 2.150 | MSE = 114.5306

Running polya filter for radius = 3, bins = 64, delta = 180.
Initial MSE: 633.5815
Iteration 1 of 50 | Duration = 2.740 | MSE = 119.5325
Iteration 2 of 50 | Duration = 2.686 | MSE = 110.8201
Iteration 3 of 50 | Duration = 2.117 | MSE = 114.8245

Running polya filter for radius = 3, bins = 64, delta = 200.
Initial MSE: 633.5815
Iteration 1 of 50 | Duration = 2.689 | MSE = 119.5325
Iteration 2 of 50 | Duration = 2.777 | MSE = 110.8182
Iteration 3 of 50 | Duration = 2.064 | MSE = 114.8273

Running polya filter for radius = 3, bins = 128, delta = 20.
Initial MSE: 633.5815
Iteration 1 of 50 | Duration = 6.890 | MSE = 630.8288
Iteration 2 of 50 | Duration = 7.285 | MSE = 630.8288
Iteration 3 of 50 | Duration = 7.437 | MSE = 630.8288

Running polya filter for radius = 3, bins = 128, delta = 40.
Initial MSE: 633.5815
Iteration 1 of 50 | Duration = 7.069 | MSE = 630.8288
Iteration 2 of 50 | Duration = 6.939 | MSE = 630.8288
Iteration 3 of 50 | Duration = 7.288 | MSE = 401.8482
Iteration 4 of 50 | Duration = 7.216 | MSE = 249.1641
Iteration 5 of 50 | Duration = 7.540 | MSE = 170.8860
Iteration 6 of 50 | Duration = 7.546 | MSE = 132.8164
Iteration 7 of 50 | Duration = 7.899 | MSE = 120.0854
Iteration 8 of 50 | Duration = 7.568 | MSE = 115.5003
Iteration 9 of 50 | Duration = 7.566 | MSE = 114.6606
Iteration 10 of 50 | Duration = 7.499 | MSE = 114.7007

Running polya filter for radius = 3, bins = 128, delta = 60.
Initial MSE: 633.5815
Iteration 1 of 50 | Duration = 6.820 | MSE = 630.8288
Iteration 2 of 50 | Duration = 7.036 | MSE = 369.3354
Iteration 3 of 50 | Duration = 7.028 | MSE = 184.5199
Iteration 4 of 50 | Duration = 7.484 | MSE = 124.3725
Iteration 5 of 50 | Duration = 7.249 | MSE = 114.1284
Iteration 6 of 50 | Duration = 7.440 | MSE = 113.3526
Iteration 7 of 50 | Duration = 7.434 | MSE = 114.0259

Running polya filter for radius = 3, bins = 128, delta = 80.
Initial MSE: 633.5815
Iteration 1 of 50 | Duration = 6.528 | MSE = 630.8288
Iteration 2 of 50 | Duration = 7.118 | MSE = 372.5353
Iteration 3 of 50 | Duration = 7.072 | MSE = 187.6728
Iteration 4 of 50 | Duration = 7.565 | MSE = 123.8375
Iteration 5 of 50 | Duration = 7.568 | MSE = 114.5494
Iteration 6 of 50 | Duration = 7.565 | MSE = 114.1911

Running polya filter for radius = 3, bins = 128, delta = 100.
Initial MSE: 633.5815
Iteration 1 of 50 | Duration = 9.175 | MSE = 199.2793
Iteration 2 of 50 | Duration = 8.718 | MSE = 107.7298
Iteration 3 of 50 | Duration = 7.462 | MSE = 107.5100

Running polya filter for radius = 3, bins = 128, delta = 120.
Initial MSE: 633.5815
Iteration 1 of 50 | Duration = 6.767 | MSE = 116.6994
Iteration 2 of 50 | Duration = 8.336 | MSE = 109.1401
Iteration 3 of 50 | Duration = 7.359 | MSE = 111.4506

Running polya filter for radius = 3, bins = 128, delta = 140.
Initial MSE: 633.5815
Iteration 1 of 50 | Duration = 6.743 | MSE = 116.6994
Iteration 2 of 50 | Duration = 8.048 | MSE = 109.1447
Iteration 3 of 50 | Duration = 7.167 | MSE = 111.4974

Running polya filter for radius = 3, bins = 128, delta = 160.
Initial MSE: 633.5815
Iteration 1 of 50 | Duration = 6.794 | MSE = 116.6994
Iteration 2 of 50 | Duration = 8.394 | MSE = 109.1657
Iteration 3 of 50 | Duration = 8.604 | MSE = 111.6016

Running polya filter for radius = 3, bins = 128, delta = 180.
Initial MSE: 633.5815
Iteration 1 of 50 | Duration = 8.423 | MSE = 116.6994
Iteration 2 of 50 | Duration = 10.088 | MSE = 109.1767
Iteration 3 of 50 | Duration = 7.832 | MSE = 111.9104

Running polya filter for radius = 3, bins = 128, delta = 200.
Initial MSE: 633.5815
Iteration 1 of 50 | Duration = 7.063 | MSE = 116.6994
Iteration 2 of 50 | Duration = 17.779 | MSE = 109.1788
Iteration 3 of 50 | Duration = 12.103 | MSE = 111.9156

Running polya filter for radius = 3, bins = 256, delta = 20.
Initial MSE: 633.5815
Iteration 1 of 50 | Duration = 21.262 | MSE = 631.9590
Iteration 2 of 50 | Duration = 19.114 | MSE = 631.9590
Iteration 3 of 50 | Duration = 17.663 | MSE = 631.9590

Running polya filter for radius = 3, bins = 256, delta = 40.
Initial MSE: 633.5815
Iteration 1 of 50 | Duration = 11.990 | MSE = 631.9590
Iteration 2 of 50 | Duration = 13.221 | MSE = 631.9590
Iteration 3 of 50 | Duration = 13.039 | MSE = 437.9140
Iteration 4 of 50 | Duration = 12.664 | MSE = 289.1897
Iteration 5 of 50 | Duration = 13.076 | MSE = 203.8136
Iteration 6 of 50 | Duration = 16.451 | MSE = 152.2779
Iteration 7 of 50 | Duration = 18.169 | MSE = 130.3583
Iteration 8 of 50 | Duration = 16.685 | MSE = 120.1145
Iteration 9 of 50 | Duration = 15.763 | MSE = 116.5537
Iteration 10 of 50 | Duration = 14.553 | MSE = 115.3630
Iteration 11 of 50 | Duration = 13.925 | MSE = 115.6517

Running polya filter for radius = 3, bins = 256, delta = 60.
Initial MSE: 633.5815
Iteration 1 of 50 | Duration = 17.312 | MSE = 631.9590
Iteration 2 of 50 | Duration = 12.281 | MSE = 404.7506
Iteration 3 of 50 | Duration = 12.062 | MSE = 220.7295
Iteration 4 of 50 | Duration = 12.933 | MSE = 139.3291
Iteration 5 of 50 | Duration = 13.774 | MSE = 118.4663
Iteration 6 of 50 | Duration = 12.869 | MSE = 114.3857
Iteration 7 of 50 | Duration = 12.981 | MSE = 114.3029

Running polya filter for radius = 3, bins = 256, delta = 80.
Initial MSE: 633.5815
Iteration 1 of 50 | Duration = 11.519 | MSE = 631.9590
Iteration 2 of 50 | Duration = 12.007 | MSE = 406.9328
Iteration 3 of 50 | Duration = 12.306 | MSE = 225.0333
Iteration 4 of 50 | Duration = 13.182 | MSE = 137.8880
Iteration 5 of 50 | Duration = 13.242 | MSE = 118.4923
Iteration 6 of 50 | Duration = 13.100 | MSE = 115.3486
Iteration 7 of 50 | Duration = 13.004 | MSE = 115.3308

Running polya filter for radius = 3, bins = 256, delta = 100.
Initial MSE: 633.5815
Iteration 1 of 50 | Duration = 13.374 | MSE = 200.8032
Iteration 2 of 50 | Duration = 13.815 | MSE = 107.7833
Iteration 3 of 50 | Duration = 13.043 | MSE = 107.3981

Running polya filter for radius = 3, bins = 256, delta = 120.
Initial MSE: 633.5815
Iteration 1 of 50 | Duration = 11.539 | MSE = 116.8350
Iteration 2 of 50 | Duration = 13.651 | MSE = 109.8668
Iteration 3 of 50 | Duration = 13.246 | MSE = 111.4505

Running polya filter for radius = 3, bins = 256, delta = 140.
Initial MSE: 633.5815
Iteration 1 of 50 | Duration = 11.855 | MSE = 116.8350
Iteration 2 of 50 | Duration = 14.217 | MSE = 109.8724
Iteration 3 of 50 | Duration = 12.943 | MSE = 111.4943

Running polya filter for radius = 3, bins = 256, delta = 160.
Initial MSE: 633.5815
Iteration 1 of 50 | Duration = 11.776 | MSE = 116.8350
Iteration 2 of 50 | Duration = 14.064 | MSE = 109.8879
Iteration 3 of 50 | Duration = 12.751 | MSE = 111.5900

Running polya filter for radius = 3, bins = 256, delta = 180.
Initial MSE: 633.5815
Iteration 1 of 50 | Duration = 11.869 | MSE = 116.8350
Iteration 2 of 50 | Duration = 14.063 | MSE = 109.8957
Iteration 3 of 50 | Duration = 13.174 | MSE = 111.8979

Running polya filter for radius = 3, bins = 256, delta = 200.
Initial MSE: 633.5815
Iteration 1 of 50 | Duration = 11.872 | MSE = 116.8350
Iteration 2 of 50 | Duration = 13.807 | MSE = 109.8955
Iteration 3 of 50 | Duration = 13.153 | MSE = 111.9023

Optimal Median:  N = 6, MSE = 104.5967, PSNR = 27.9356, SSIM = 0.7360
