Log Started on 12-Mar-2018

Adding Noise
Optimizing for lena512_speckle_high_optimal
Running polya filter for radius = 1, bins = 32, delta = 20.
Initial MSE: 1066.4604
Iteration 1 of 50 | Duration = 2.034 | MSE = 1065.9445
Iteration 2 of 50 | Duration = 1.387 | MSE = 1065.9445
Iteration 3 of 50 | Duration = 1.148 | MSE = 1065.9445
New optimal MSE: 1065.9445

Running polya filter for radius = 1, bins = 32, delta = 40.
Initial MSE: 1066.4604
Iteration 1 of 50 | Duration = 1.410 | MSE = 1065.9445
Iteration 2 of 50 | Duration = 2.024 | MSE = 1065.9445
Iteration 3 of 50 | Duration = 0.979 | MSE = 482.2201
Iteration 4 of 50 | Duration = 1.059 | MSE = 372.9881
Iteration 5 of 50 | Duration = 0.948 | MSE = 359.2151
Iteration 6 of 50 | Duration = 1.279 | MSE = 287.7533
Iteration 7 of 50 | Duration = 1.020 | MSE = 269.6462
Iteration 8 of 50 | Duration = 1.245 | MSE = 266.6266
Iteration 9 of 50 | Duration = 1.468 | MSE = 250.7997
Iteration 10 of 50 | Duration = 1.059 | MSE = 249.2985
Iteration 11 of 50 | Duration = 1.022 | MSE = 247.4427
Iteration 12 of 50 | Duration = 1.025 | MSE = 246.8140
Iteration 13 of 50 | Duration = 0.983 | MSE = 244.5728
Iteration 14 of 50 | Duration = 0.993 | MSE = 242.4673
Iteration 15 of 50 | Duration = 1.030 | MSE = 240.3157
Iteration 16 of 50 | Duration = 1.070 | MSE = 239.0796
Iteration 17 of 50 | Duration = 1.097 | MSE = 237.6873
Iteration 18 of 50 | Duration = 1.307 | MSE = 235.3712
Iteration 19 of 50 | Duration = 0.945 | MSE = 233.6141
Iteration 20 of 50 | Duration = 0.949 | MSE = 233.4479
New optimal MSE: 233.4479

Running polya filter for radius = 1, bins = 32, delta = 60.
Initial MSE: 1066.4604
Iteration 1 of 50 | Duration = 1.449 | MSE = 1065.9445
Iteration 2 of 50 | Duration = 1.192 | MSE = 482.2201
Iteration 3 of 50 | Duration = 1.100 | MSE = 371.6446
Iteration 4 of 50 | Duration = 1.290 | MSE = 287.7821
Iteration 5 of 50 | Duration = 1.109 | MSE = 267.3838
Iteration 6 of 50 | Duration = 0.985 | MSE = 250.8596
Iteration 7 of 50 | Duration = 1.130 | MSE = 249.2519
Iteration 8 of 50 | Duration = 1.067 | MSE = 246.4757
Iteration 9 of 50 | Duration = 0.982 | MSE = 244.0918
Iteration 10 of 50 | Duration = 1.059 | MSE = 240.5185
Iteration 11 of 50 | Duration = 0.969 | MSE = 238.9205
Iteration 12 of 50 | Duration = 1.004 | MSE = 235.3861
Iteration 13 of 50 | Duration = 1.103 | MSE = 234.0903
Iteration 14 of 50 | Duration = 1.071 | MSE = 231.2015
Iteration 15 of 50 | Duration = 1.151 | MSE = 230.7869
New optimal MSE: 230.7869

Running polya filter for radius = 1, bins = 32, delta = 80.
Initial MSE: 1066.4604
Iteration 1 of 50 | Duration = 1.338 | MSE = 1065.9445
Iteration 2 of 50 | Duration = 1.118 | MSE = 482.2201
Iteration 3 of 50 | Duration = 1.102 | MSE = 376.2056
Iteration 4 of 50 | Duration = 1.254 | MSE = 288.3529
Iteration 5 of 50 | Duration = 0.975 | MSE = 268.0487
Iteration 6 of 50 | Duration = 0.979 | MSE = 250.7277
Iteration 7 of 50 | Duration = 1.031 | MSE = 247.1248
Iteration 8 of 50 | Duration = 1.135 | MSE = 243.2105
Iteration 9 of 50 | Duration = 0.989 | MSE = 241.3814
Iteration 10 of 50 | Duration = 0.984 | MSE = 237.8689
Iteration 11 of 50 | Duration = 0.953 | MSE = 236.6676
Iteration 12 of 50 | Duration = 0.977 | MSE = 233.6502
Iteration 13 of 50 | Duration = 0.967 | MSE = 232.5223
Iteration 14 of 50 | Duration = 1.014 | MSE = 230.0853
Iteration 15 of 50 | Duration = 0.983 | MSE = 229.7100
New optimal MSE: 229.7100

Running polya filter for radius = 1, bins = 32, delta = 100.
Initial MSE: 1066.4604
Iteration 1 of 50 | Duration = 2.276 | MSE = 483.6501
Iteration 2 of 50 | Duration = 1.656 | MSE = 325.3741
Iteration 3 of 50 | Duration = 1.276 | MSE = 283.3689
Iteration 4 of 50 | Duration = 1.237 | MSE = 263.3787
Iteration 5 of 50 | Duration = 1.398 | MSE = 249.3196
Iteration 6 of 50 | Duration = 1.401 | MSE = 240.3638
Iteration 7 of 50 | Duration = 0.979 | MSE = 236.4570
Iteration 8 of 50 | Duration = 0.968 | MSE = 234.2872
Iteration 9 of 50 | Duration = 1.001 | MSE = 232.3425
Iteration 10 of 50 | Duration = 1.386 | MSE = 230.6529
Iteration 11 of 50 | Duration = 1.022 | MSE = 229.3151
Iteration 12 of 50 | Duration = 1.733 | MSE = 228.4183
Iteration 13 of 50 | Duration = 1.589 | MSE = 227.2275
Iteration 14 of 50 | Duration = 1.623 | MSE = 226.1659
Iteration 15 of 50 | Duration = 1.025 | MSE = 225.5886
Iteration 16 of 50 | Duration = 1.007 | MSE = 225.2720
New optimal MSE: 225.2720

Running polya filter for radius = 1, bins = 32, delta = 120.
Initial MSE: 1066.4604
Iteration 1 of 50 | Duration = 1.450 | MSE = 387.8900
Iteration 2 of 50 | Duration = 2.151 | MSE = 303.9491
Iteration 3 of 50 | Duration = 1.440 | MSE = 253.3867
Iteration 4 of 50 | Duration = 1.062 | MSE = 245.4243
Iteration 5 of 50 | Duration = 1.331 | MSE = 239.3849
Iteration 6 of 50 | Duration = 1.067 | MSE = 234.7061
Iteration 7 of 50 | Duration = 1.424 | MSE = 230.1599
Iteration 8 of 50 | Duration = 1.094 | MSE = 228.7956
Iteration 9 of 50 | Duration = 1.236 | MSE = 227.1644
Iteration 10 of 50 | Duration = 1.108 | MSE = 225.9967
Iteration 11 of 50 | Duration = 1.294 | MSE = 224.5885
Iteration 12 of 50 | Duration = 1.022 | MSE = 224.2499
New optimal MSE: 224.2499

Running polya filter for radius = 1, bins = 32, delta = 140.
Initial MSE: 1066.4604
Iteration 1 of 50 | Duration = 1.782 | MSE = 387.8900
Iteration 2 of 50 | Duration = 3.603 | MSE = 303.9491
Iteration 3 of 50 | Duration = 2.469 | MSE = 253.4388
Iteration 4 of 50 | Duration = 2.841 | MSE = 245.3175
Iteration 5 of 50 | Duration = 1.893 | MSE = 239.3289
Iteration 6 of 50 | Duration = 1.136 | MSE = 234.6646
Iteration 7 of 50 | Duration = 1.771 | MSE = 230.0935
Iteration 8 of 50 | Duration = 1.494 | MSE = 228.7540
Iteration 9 of 50 | Duration = 2.194 | MSE = 227.1147
Iteration 10 of 50 | Duration = 1.815 | MSE = 225.9615
Iteration 11 of 50 | Duration = 2.437 | MSE = 224.5563
Iteration 12 of 50 | Duration = 1.096 | MSE = 224.2156
New optimal MSE: 224.2156

Running polya filter for radius = 1, bins = 32, delta = 160.
Initial MSE: 1066.4604
Iteration 1 of 50 | Duration = 1.589 | MSE = 387.8900
Iteration 2 of 50 | Duration = 2.224 | MSE = 303.9491
Iteration 3 of 50 | Duration = 1.510 | MSE = 254.8422
Iteration 4 of 50 | Duration = 1.679 | MSE = 242.8789
Iteration 5 of 50 | Duration = 2.369 | MSE = 237.4429
Iteration 6 of 50 | Duration = 1.788 | MSE = 233.5966
Iteration 7 of 50 | Duration = 2.063 | MSE = 229.1624
Iteration 8 of 50 | Duration = 1.181 | MSE = 227.6840
Iteration 9 of 50 | Duration = 1.435 | MSE = 226.2125
Iteration 10 of 50 | Duration = 1.348 | MSE = 225.3331
Iteration 11 of 50 | Duration = 1.848 | MSE = 224.1036
Iteration 12 of 50 | Duration = 1.224 | MSE = 223.7218
New optimal MSE: 223.7218

Running polya filter for radius = 1, bins = 32, delta = 180.
Initial MSE: 1066.4604
Iteration 1 of 50 | Duration = 1.998 | MSE = 387.8900
Iteration 2 of 50 | Duration = 2.242 | MSE = 303.9087
Iteration 3 of 50 | Duration = 1.168 | MSE = 254.6288
Iteration 4 of 50 | Duration = 1.312 | MSE = 242.8253
Iteration 5 of 50 | Duration = 1.064 | MSE = 237.2932
Iteration 6 of 50 | Duration = 1.135 | MSE = 233.4732
Iteration 7 of 50 | Duration = 1.072 | MSE = 229.0686
Iteration 8 of 50 | Duration = 1.191 | MSE = 227.5953
Iteration 9 of 50 | Duration = 1.147 | MSE = 226.1376
Iteration 10 of 50 | Duration = 2.352 | MSE = 225.2473
Iteration 11 of 50 | Duration = 1.816 | MSE = 224.0475
Iteration 12 of 50 | Duration = 1.533 | MSE = 223.6752
New optimal MSE: 223.6752

Running polya filter for radius = 1, bins = 32, delta = 200.
Initial MSE: 1066.4604
Iteration 1 of 50 | Duration = 2.804 | MSE = 387.8900
Iteration 2 of 50 | Duration = 1.954 | MSE = 303.9081
Iteration 3 of 50 | Duration = 1.570 | MSE = 254.6241
Iteration 4 of 50 | Duration = 1.211 | MSE = 242.8213
Iteration 5 of 50 | Duration = 1.444 | MSE = 237.2897
Iteration 6 of 50 | Duration = 1.819 | MSE = 233.4706
Iteration 7 of 50 | Duration = 2.021 | MSE = 229.0633
Iteration 8 of 50 | Duration = 2.238 | MSE = 227.5913
Iteration 9 of 50 | Duration = 1.892 | MSE = 226.1355
Iteration 10 of 50 | Duration = 2.614 | MSE = 225.2452
Iteration 11 of 50 | Duration = 1.252 | MSE = 224.0454
Iteration 12 of 50 | Duration = 1.426 | MSE = 223.6731
New optimal MSE: 223.6731

Running polya filter for radius = 1, bins = 64, delta = 20.
Initial MSE: 1066.4604
Iteration 1 of 50 | Duration = 2.545 | MSE = 1065.2545
Iteration 2 of 50 | Duration = 2.614 | MSE = 1065.2545
Iteration 3 of 50 | Duration = 3.198 | MSE = 1065.2545

Running polya filter for radius = 1, bins = 64, delta = 40.
Initial MSE: 1066.4604
Iteration 1 of 50 | Duration = 2.481 | MSE = 1065.2545
Iteration 2 of 50 | Duration = 2.097 | MSE = 1065.2545
Iteration 3 of 50 | Duration = 2.140 | MSE = 499.8751
Iteration 4 of 50 | Duration = 2.159 | MSE = 390.3566
Iteration 5 of 50 | Duration = 2.901 | MSE = 376.4383
Iteration 6 of 50 | Duration = 2.562 | MSE = 286.9236
Iteration 7 of 50 | Duration = 2.770 | MSE = 266.8518
Iteration 8 of 50 | Duration = 2.616 | MSE = 261.6097
Iteration 9 of 50 | Duration = 2.771 | MSE = 248.1647
Iteration 10 of 50 | Duration = 2.236 | MSE = 246.6919
Iteration 11 of 50 | Duration = 2.942 | MSE = 244.8198
Iteration 12 of 50 | Duration = 3.310 | MSE = 244.0698
Iteration 13 of 50 | Duration = 3.547 | MSE = 241.8186
Iteration 14 of 50 | Duration = 2.493 | MSE = 239.4833
Iteration 15 of 50 | Duration = 2.650 | MSE = 236.9255
Iteration 16 of 50 | Duration = 2.352 | MSE = 235.7073
Iteration 17 of 50 | Duration = 2.746 | MSE = 234.5469
Iteration 18 of 50 | Duration = 2.573 | MSE = 232.3221
Iteration 19 of 50 | Duration = 2.033 | MSE = 230.7768
Iteration 20 of 50 | Duration = 2.171 | MSE = 230.4959

Running polya filter for radius = 1, bins = 64, delta = 60.
Initial MSE: 1066.4604
Iteration 1 of 50 | Duration = 3.251 | MSE = 1065.2545
Iteration 2 of 50 | Duration = 2.677 | MSE = 499.8751
Iteration 3 of 50 | Duration = 2.077 | MSE = 388.3351
Iteration 4 of 50 | Duration = 2.434 | MSE = 285.9128
Iteration 5 of 50 | Duration = 2.352 | MSE = 262.3274
Iteration 6 of 50 | Duration = 2.097 | MSE = 248.4331
Iteration 7 of 50 | Duration = 2.000 | MSE = 246.6122
Iteration 8 of 50 | Duration = 2.169 | MSE = 243.7313
Iteration 9 of 50 | Duration = 2.119 | MSE = 241.0707
Iteration 10 of 50 | Duration = 2.222 | MSE = 237.3109
Iteration 11 of 50 | Duration = 2.461 | MSE = 235.5185
Iteration 12 of 50 | Duration = 2.577 | MSE = 232.4308
Iteration 13 of 50 | Duration = 2.407 | MSE = 231.0786
Iteration 14 of 50 | Duration = 2.757 | MSE = 228.7380
Iteration 15 of 50 | Duration = 2.695 | MSE = 228.2003
Iteration 16 of 50 | Duration = 3.820 | MSE = 227.3809
Iteration 17 of 50 | Duration = 3.000 | MSE = 226.8643
Iteration 18 of 50 | Duration = 3.479 | MSE = 226.2131
Iteration 19 of 50 | Duration = 2.066 | MSE = 225.9206

Running polya filter for radius = 1, bins = 64, delta = 80.
Initial MSE: 1066.4604
Iteration 1 of 50 | Duration = 2.392 | MSE = 1065.2545
Iteration 2 of 50 | Duration = 2.193 | MSE = 499.8751
Iteration 3 of 50 | Duration = 1.919 | MSE = 394.6835
Iteration 4 of 50 | Duration = 2.289 | MSE = 287.2595
Iteration 5 of 50 | Duration = 2.568 | MSE = 263.7994
Iteration 6 of 50 | Duration = 3.361 | MSE = 248.5083
Iteration 7 of 50 | Duration = 2.166 | MSE = 244.0150
Iteration 8 of 50 | Duration = 2.092 | MSE = 240.2947
Iteration 9 of 50 | Duration = 2.027 | MSE = 238.3493
Iteration 10 of 50 | Duration = 2.176 | MSE = 234.9650
Iteration 11 of 50 | Duration = 2.575 | MSE = 233.6620
Iteration 12 of 50 | Duration = 2.648 | MSE = 230.8596
Iteration 13 of 50 | Duration = 2.913 | MSE = 229.6320
Iteration 14 of 50 | Duration = 2.906 | MSE = 227.6099
Iteration 15 of 50 | Duration = 2.370 | MSE = 227.1279

Running polya filter for radius = 1, bins = 64, delta = 100.
Initial MSE: 1066.4604
Iteration 1 of 50 | Duration = 3.423 | MSE = 482.9251
Iteration 2 of 50 | Duration = 2.458 | MSE = 322.8458
Iteration 3 of 50 | Duration = 2.033 | MSE = 280.1413
Iteration 4 of 50 | Duration = 1.990 | MSE = 259.0345
Iteration 5 of 50 | Duration = 2.127 | MSE = 245.4024
Iteration 6 of 50 | Duration = 2.124 | MSE = 237.3678
Iteration 7 of 50 | Duration = 1.902 | MSE = 233.5964
Iteration 8 of 50 | Duration = 2.074 | MSE = 231.2906
Iteration 9 of 50 | Duration = 1.993 | MSE = 229.3939
Iteration 10 of 50 | Duration = 1.876 | MSE = 227.7143
Iteration 11 of 50 | Duration = 1.998 | MSE = 226.4013
Iteration 12 of 50 | Duration = 2.026 | MSE = 225.4123
Iteration 13 of 50 | Duration = 1.862 | MSE = 224.3313
Iteration 14 of 50 | Duration = 1.822 | MSE = 223.4265
Iteration 15 of 50 | Duration = 1.991 | MSE = 222.8488
Iteration 16 of 50 | Duration = 2.001 | MSE = 222.4392
New optimal MSE: 222.4392

Running polya filter for radius = 1, bins = 64, delta = 120.
Initial MSE: 1066.4604
Iteration 1 of 50 | Duration = 2.325 | MSE = 385.8264
Iteration 2 of 50 | Duration = 2.916 | MSE = 298.1381
Iteration 3 of 50 | Duration = 2.124 | MSE = 250.8771
Iteration 4 of 50 | Duration = 2.049 | MSE = 243.1301
Iteration 5 of 50 | Duration = 2.028 | MSE = 236.2352
Iteration 6 of 50 | Duration = 1.984 | MSE = 231.6015
Iteration 7 of 50 | Duration = 1.967 | MSE = 227.7937
Iteration 8 of 50 | Duration = 1.904 | MSE = 226.1861
Iteration 9 of 50 | Duration = 2.001 | MSE = 224.4729
Iteration 10 of 50 | Duration = 1.881 | MSE = 223.3387
Iteration 11 of 50 | Duration = 2.144 | MSE = 222.1633
Iteration 12 of 50 | Duration = 2.265 | MSE = 221.7272
New optimal MSE: 221.7272

Running polya filter for radius = 1, bins = 64, delta = 140.
Initial MSE: 1066.4604
Iteration 1 of 50 | Duration = 2.375 | MSE = 385.8264
Iteration 2 of 50 | Duration = 2.426 | MSE = 298.1381
Iteration 3 of 50 | Duration = 2.215 | MSE = 250.9237
Iteration 4 of 50 | Duration = 2.104 | MSE = 242.9874
Iteration 5 of 50 | Duration = 1.998 | MSE = 236.1851
Iteration 6 of 50 | Duration = 2.173 | MSE = 231.5479
Iteration 7 of 50 | Duration = 2.176 | MSE = 227.7199
Iteration 8 of 50 | Duration = 2.043 | MSE = 226.1448
Iteration 9 of 50 | Duration = 2.052 | MSE = 224.4209
Iteration 10 of 50 | Duration = 2.000 | MSE = 223.2909
Iteration 11 of 50 | Duration = 1.885 | MSE = 222.1258
Iteration 12 of 50 | Duration = 2.038 | MSE = 221.6903
New optimal MSE: 221.6903

Running polya filter for radius = 1, bins = 64, delta = 160.
Initial MSE: 1066.4604
Iteration 1 of 50 | Duration = 2.345 | MSE = 385.8264
Iteration 2 of 50 | Duration = 2.596 | MSE = 298.1381
Iteration 3 of 50 | Duration = 2.470 | MSE = 252.5020
Iteration 4 of 50 | Duration = 2.325 | MSE = 240.0928
Iteration 5 of 50 | Duration = 2.614 | MSE = 234.6173
Iteration 6 of 50 | Duration = 2.177 | MSE = 230.6452
Iteration 7 of 50 | Duration = 2.166 | MSE = 226.7199
Iteration 8 of 50 | Duration = 1.956 | MSE = 225.0375
Iteration 9 of 50 | Duration = 1.892 | MSE = 223.6606
Iteration 10 of 50 | Duration = 2.117 | MSE = 222.7553
Iteration 11 of 50 | Duration = 2.023 | MSE = 221.6467
Iteration 12 of 50 | Duration = 1.989 | MSE = 221.2001
New optimal MSE: 221.2001

Running polya filter for radius = 1, bins = 64, delta = 180.
Initial MSE: 1066.4604
Iteration 1 of 50 | Duration = 2.417 | MSE = 385.8264
Iteration 2 of 50 | Duration = 2.643 | MSE = 298.0785
Iteration 3 of 50 | Duration = 2.603 | MSE = 252.2807
Iteration 4 of 50 | Duration = 2.411 | MSE = 240.0693
Iteration 5 of 50 | Duration = 2.328 | MSE = 234.4607
Iteration 6 of 50 | Duration = 2.130 | MSE = 230.5187
Iteration 7 of 50 | Duration = 2.344 | MSE = 226.6271
Iteration 8 of 50 | Duration = 2.072 | MSE = 224.9369
Iteration 9 of 50 | Duration = 2.631 | MSE = 223.5640
Iteration 10 of 50 | Duration = 2.424 | MSE = 222.6639
Iteration 11 of 50 | Duration = 2.341 | MSE = 221.5797
Iteration 12 of 50 | Duration = 1.899 | MSE = 221.1548
New optimal MSE: 221.1548

Running polya filter for radius = 1, bins = 64, delta = 200.
Initial MSE: 1066.4604
Iteration 1 of 50 | Duration = 2.536 | MSE = 385.8264
Iteration 2 of 50 | Duration = 3.233 | MSE = 298.0757
Iteration 3 of 50 | Duration = 2.541 | MSE = 252.2761
Iteration 4 of 50 | Duration = 2.401 | MSE = 240.0654
Iteration 5 of 50 | Duration = 2.397 | MSE = 234.4574
Iteration 6 of 50 | Duration = 2.070 | MSE = 230.5150
Iteration 7 of 50 | Duration = 2.209 | MSE = 226.6204
Iteration 8 of 50 | Duration = 2.411 | MSE = 224.9333
Iteration 9 of 50 | Duration = 2.220 | MSE = 223.5617
Iteration 10 of 50 | Duration = 1.923 | MSE = 222.6621
Iteration 11 of 50 | Duration = 2.008 | MSE = 221.5778
Iteration 12 of 50 | Duration = 1.957 | MSE = 221.1530
New optimal MSE: 221.1530

Running polya filter for radius = 1, bins = 128, delta = 20.
Initial MSE: 1066.4604
Iteration 1 of 50 | Duration = 8.025 | MSE = 1063.7797
Iteration 2 of 50 | Duration = 10.956 | MSE = 1063.7797
Iteration 3 of 50 | Duration = 9.271 | MSE = 1063.7797

Running polya filter for radius = 1, bins = 128, delta = 40.
Initial MSE: 1066.4604
Iteration 1 of 50 | Duration = 8.915 | MSE = 1063.7797
Iteration 2 of 50 | Duration = 9.230 | MSE = 1063.7797
Iteration 3 of 50 | Duration = 9.047 | MSE = 508.8903
Iteration 4 of 50 | Duration = 8.124 | MSE = 401.2135
Iteration 5 of 50 | Duration = 8.104 | MSE = 386.7397
Iteration 6 of 50 | Duration = 8.767 | MSE = 286.3047
Iteration 7 of 50 | Duration = 8.031 | MSE = 265.0415
Iteration 8 of 50 | Duration = 8.000 | MSE = 258.4727
Iteration 9 of 50 | Duration = 7.290 | MSE = 246.0012
Iteration 10 of 50 | Duration = 7.184 | MSE = 244.5674
Iteration 11 of 50 | Duration = 8.172 | MSE = 242.6861
Iteration 12 of 50 | Duration = 8.098 | MSE = 241.7750
Iteration 13 of 50 | Duration = 8.118 | MSE = 239.4782
Iteration 14 of 50 | Duration = 8.881 | MSE = 237.0023
Iteration 15 of 50 | Duration = 7.844 | MSE = 234.3076
Iteration 16 of 50 | Duration = 10.815 | MSE = 233.0994
Iteration 17 of 50 | Duration = 10.612 | MSE = 232.0463
Iteration 18 of 50 | Duration = 9.331 | MSE = 229.8451
Iteration 19 of 50 | Duration = 7.202 | MSE = 228.4181
Iteration 20 of 50 | Duration = 7.009 | MSE = 228.0822

Running polya filter for radius = 1, bins = 128, delta = 60.
Initial MSE: 1066.4604
Iteration 1 of 50 | Duration = 6.513 | MSE = 1063.7797
Iteration 2 of 50 | Duration = 7.729 | MSE = 508.8903
Iteration 3 of 50 | Duration = 7.024 | MSE = 398.6683
Iteration 4 of 50 | Duration = 7.613 | MSE = 284.8444
Iteration 5 of 50 | Duration = 7.346 | MSE = 259.2588
Iteration 6 of 50 | Duration = 7.386 | MSE = 246.3671
Iteration 7 of 50 | Duration = 7.266 | MSE = 244.4420
Iteration 8 of 50 | Duration = 7.983 | MSE = 241.5224
Iteration 9 of 50 | Duration = 8.566 | MSE = 238.6585
Iteration 10 of 50 | Duration = 8.961 | MSE = 234.7866
Iteration 11 of 50 | Duration = 8.280 | MSE = 232.9186
Iteration 12 of 50 | Duration = 8.086 | MSE = 230.1022
Iteration 13 of 50 | Duration = 8.238 | MSE = 228.6590
Iteration 14 of 50 | Duration = 8.575 | MSE = 226.5563
Iteration 15 of 50 | Duration = 8.381 | MSE = 225.9160
Iteration 16 of 50 | Duration = 7.677 | MSE = 225.0332
Iteration 17 of 50 | Duration = 9.329 | MSE = 224.5428

Running polya filter for radius = 1, bins = 128, delta = 80.
Initial MSE: 1066.4604
Iteration 1 of 50 | Duration = 7.349 | MSE = 1063.7797
Iteration 2 of 50 | Duration = 7.710 | MSE = 508.8903
Iteration 3 of 50 | Duration = 8.962 | MSE = 406.0511
Iteration 4 of 50 | Duration = 8.279 | MSE = 286.5634
Iteration 5 of 50 | Duration = 8.133 | MSE = 261.2981
Iteration 6 of 50 | Duration = 7.272 | MSE = 246.4551
Iteration 7 of 50 | Duration = 7.543 | MSE = 241.5270
Iteration 8 of 50 | Duration = 7.279 | MSE = 237.9995
Iteration 9 of 50 | Duration = 6.670 | MSE = 236.0378
Iteration 10 of 50 | Duration = 6.707 | MSE = 232.7413
Iteration 11 of 50 | Duration = 6.807 | MSE = 231.3129
Iteration 12 of 50 | Duration = 6.941 | MSE = 228.5815
Iteration 13 of 50 | Duration = 6.724 | MSE = 227.2146
Iteration 14 of 50 | Duration = 6.838 | MSE = 225.3843
Iteration 15 of 50 | Duration = 6.599 | MSE = 224.8579
Iteration 16 of 50 | Duration = 6.882 | MSE = 224.0601
Iteration 17 of 50 | Duration = 6.823 | MSE = 223.6377

Running polya filter for radius = 1, bins = 128, delta = 100.
Initial MSE: 1066.4604
Iteration 1 of 50 | Duration = 7.475 | MSE = 482.9615
Iteration 2 of 50 | Duration = 8.036 | MSE = 321.2230
Iteration 3 of 50 | Duration = 7.064 | MSE = 278.3520
Iteration 4 of 50 | Duration = 7.959 | MSE = 256.6514
Iteration 5 of 50 | Duration = 6.826 | MSE = 243.1862
Iteration 6 of 50 | Duration = 7.096 | MSE = 235.4159
Iteration 7 of 50 | Duration = 6.917 | MSE = 231.6579
Iteration 8 of 50 | Duration = 6.766 | MSE = 229.3030
Iteration 9 of 50 | Duration = 6.559 | MSE = 227.4475
Iteration 10 of 50 | Duration = 6.605 | MSE = 225.7705
Iteration 11 of 50 | Duration = 7.961 | MSE = 224.4474
Iteration 12 of 50 | Duration = 8.162 | MSE = 223.4049
Iteration 13 of 50 | Duration = 9.528 | MSE = 222.3537
Iteration 14 of 50 | Duration = 8.366 | MSE = 221.5373
Iteration 15 of 50 | Duration = 7.798 | MSE = 220.9680
Iteration 16 of 50 | Duration = 6.947 | MSE = 220.5361
New optimal MSE: 220.5361

Running polya filter for radius = 1, bins = 128, delta = 120.
Initial MSE: 1066.4604
Iteration 1 of 50 | Duration = 6.020 | MSE = 383.9702
Iteration 2 of 50 | Duration = 8.196 | MSE = 295.2532
Iteration 3 of 50 | Duration = 7.283 | MSE = 248.6712
Iteration 4 of 50 | Duration = 7.182 | MSE = 241.0655
Iteration 5 of 50 | Duration = 8.612 | MSE = 233.7514
Iteration 6 of 50 | Duration = 7.355 | MSE = 229.1117
Iteration 7 of 50 | Duration = 6.656 | MSE = 225.5704
Iteration 8 of 50 | Duration = 7.283 | MSE = 223.7760
Iteration 9 of 50 | Duration = 6.951 | MSE = 222.1132
Iteration 10 of 50 | Duration = 6.699 | MSE = 220.9726
Iteration 11 of 50 | Duration = 7.095 | MSE = 219.8718
Iteration 12 of 50 | Duration = 6.799 | MSE = 219.3823
New optimal MSE: 219.3823

Running polya filter for radius = 1, bins = 128, delta = 140.
Initial MSE: 1066.4604
Iteration 1 of 50 | Duration = 6.116 | MSE = 383.9702
Iteration 2 of 50 | Duration = 7.830 | MSE = 295.2532
Iteration 3 of 50 | Duration = 7.027 | MSE = 248.7145
Iteration 4 of 50 | Duration = 6.937 | MSE = 240.9066
Iteration 5 of 50 | Duration = 7.398 | MSE = 233.7283
Iteration 6 of 50 | Duration = 6.811 | MSE = 229.0492
Iteration 7 of 50 | Duration = 6.888 | MSE = 225.4917
Iteration 8 of 50 | Duration = 7.153 | MSE = 223.7528
Iteration 9 of 50 | Duration = 7.178 | MSE = 222.0616
Iteration 10 of 50 | Duration = 6.917 | MSE = 220.9237
Iteration 11 of 50 | Duration = 7.095 | MSE = 219.8310
Iteration 12 of 50 | Duration = 6.653 | MSE = 219.3515
New optimal MSE: 219.3515

Running polya filter for radius = 1, bins = 128, delta = 160.
Initial MSE: 1066.4604
Iteration 1 of 50 | Duration = 6.290 | MSE = 383.9702
Iteration 2 of 50 | Duration = 7.739 | MSE = 295.2532
Iteration 3 of 50 | Duration = 7.435 | MSE = 250.2986
Iteration 4 of 50 | Duration = 6.811 | MSE = 237.6892
Iteration 5 of 50 | Duration = 7.013 | MSE = 232.2982
Iteration 6 of 50 | Duration = 6.809 | MSE = 228.2171
Iteration 7 of 50 | Duration = 7.047 | MSE = 224.4534
Iteration 8 of 50 | Duration = 6.785 | MSE = 222.6816
Iteration 9 of 50 | Duration = 6.525 | MSE = 221.3252
Iteration 10 of 50 | Duration = 7.206 | MSE = 220.4272
Iteration 11 of 50 | Duration = 6.709 | MSE = 219.3660
Iteration 12 of 50 | Duration = 6.505 | MSE = 218.8777
New optimal MSE: 218.8777

Running polya filter for radius = 1, bins = 128, delta = 180.
Initial MSE: 1066.4604
Iteration 1 of 50 | Duration = 6.514 | MSE = 383.9702
Iteration 2 of 50 | Duration = 7.738 | MSE = 295.1840
Iteration 3 of 50 | Duration = 6.932 | MSE = 250.0661
Iteration 4 of 50 | Duration = 7.221 | MSE = 237.6568
Iteration 5 of 50 | Duration = 6.879 | MSE = 232.1400
Iteration 6 of 50 | Duration = 6.716 | MSE = 228.1024
Iteration 7 of 50 | Duration = 7.085 | MSE = 224.3675
Iteration 8 of 50 | Duration = 6.697 | MSE = 222.5728
Iteration 9 of 50 | Duration = 6.811 | MSE = 221.2329
Iteration 10 of 50 | Duration = 7.084 | MSE = 220.3429
Iteration 11 of 50 | Duration = 7.172 | MSE = 219.3075
Iteration 12 of 50 | Duration = 6.708 | MSE = 218.8292
New optimal MSE: 218.8292

Running polya filter for radius = 1, bins = 128, delta = 200.
Initial MSE: 1066.4604
Iteration 1 of 50 | Duration = 6.381 | MSE = 383.9702
Iteration 2 of 50 | Duration = 8.117 | MSE = 295.1793
Iteration 3 of 50 | Duration = 7.277 | MSE = 250.0604
Iteration 4 of 50 | Duration = 7.216 | MSE = 237.6553
Iteration 5 of 50 | Duration = 6.937 | MSE = 232.1359
Iteration 6 of 50 | Duration = 6.949 | MSE = 228.0985
Iteration 7 of 50 | Duration = 6.781 | MSE = 224.3605
Iteration 8 of 50 | Duration = 6.576 | MSE = 222.5686
Iteration 9 of 50 | Duration = 7.088 | MSE = 221.2302
Iteration 10 of 50 | Duration = 6.618 | MSE = 220.3407
Iteration 11 of 50 | Duration = 6.748 | MSE = 219.3053
Iteration 12 of 50 | Duration = 6.850 | MSE = 218.8270
New optimal MSE: 218.8270

Running polya filter for radius = 1, bins = 256, delta = 20.
Initial MSE: 1066.4604
Iteration 1 of 50 | Duration = 10.890 | MSE = 1063.2255
Iteration 2 of 50 | Duration = 12.491 | MSE = 1063.2255
Iteration 3 of 50 | Duration = 11.454 | MSE = 1063.2255

Running polya filter for radius = 1, bins = 256, delta = 40.
Initial MSE: 1066.4604
Iteration 1 of 50 | Duration = 10.879 | MSE = 1063.2255
Iteration 2 of 50 | Duration = 20.018 | MSE = 1063.2255
Iteration 3 of 50 | Duration = 16.194 | MSE = 514.9408
Iteration 4 of 50 | Duration = 13.664 | MSE = 408.6150
Iteration 5 of 50 | Duration = 12.511 | MSE = 393.9734
Iteration 6 of 50 | Duration = 14.366 | MSE = 287.8344
Iteration 7 of 50 | Duration = 12.195 | MSE = 265.6459
Iteration 8 of 50 | Duration = 11.657 | MSE = 258.3614
Iteration 9 of 50 | Duration = 11.913 | MSE = 246.3645
Iteration 10 of 50 | Duration = 11.885 | MSE = 244.7836
Iteration 11 of 50 | Duration = 13.945 | MSE = 242.9228
Iteration 12 of 50 | Duration = 13.454 | MSE = 241.9552
Iteration 13 of 50 | Duration = 13.433 | MSE = 239.5835
Iteration 14 of 50 | Duration = 13.862 | MSE = 236.9960
Iteration 15 of 50 | Duration = 12.586 | MSE = 234.2766
Iteration 16 of 50 | Duration = 12.797 | MSE = 233.1450
Iteration 17 of 50 | Duration = 11.913 | MSE = 232.1464
Iteration 18 of 50 | Duration = 12.355 | MSE = 229.9845
Iteration 19 of 50 | Duration = 13.856 | MSE = 228.6219
Iteration 20 of 50 | Duration = 12.218 | MSE = 228.2387

Running polya filter for radius = 1, bins = 256, delta = 60.
Initial MSE: 1066.4604
Iteration 1 of 50 | Duration = 11.937 | MSE = 1063.2255
Iteration 2 of 50 | Duration = 13.880 | MSE = 514.9408
Iteration 3 of 50 | Duration = 11.593 | MSE = 405.8939
Iteration 4 of 50 | Duration = 12.461 | MSE = 285.9940
Iteration 5 of 50 | Duration = 12.377 | MSE = 259.0975
Iteration 6 of 50 | Duration = 12.657 | MSE = 246.6679
Iteration 7 of 50 | Duration = 13.033 | MSE = 244.6799
Iteration 8 of 50 | Duration = 12.905 | MSE = 241.6863
Iteration 9 of 50 | Duration = 11.736 | MSE = 238.7306
Iteration 10 of 50 | Duration = 11.765 | MSE = 234.8679
Iteration 11 of 50 | Duration = 11.408 | MSE = 232.9230
Iteration 12 of 50 | Duration = 11.166 | MSE = 230.2619
Iteration 13 of 50 | Duration = 11.769 | MSE = 228.7859
Iteration 14 of 50 | Duration = 10.941 | MSE = 226.8202
Iteration 15 of 50 | Duration = 11.611 | MSE = 226.1171
Iteration 16 of 50 | Duration = 11.918 | MSE = 225.2462
Iteration 17 of 50 | Duration = 11.364 | MSE = 224.7719

Running polya filter for radius = 1, bins = 256, delta = 80.
Initial MSE: 1066.4604
Iteration 1 of 50 | Duration = 10.212 | MSE = 1063.2255
Iteration 2 of 50 | Duration = 11.228 | MSE = 514.9408
Iteration 3 of 50 | Duration = 11.036 | MSE = 413.6225
Iteration 4 of 50 | Duration = 11.378 | MSE = 288.1217
Iteration 5 of 50 | Duration = 11.067 | MSE = 261.5324
Iteration 6 of 50 | Duration = 10.987 | MSE = 246.8556
Iteration 7 of 50 | Duration = 11.392 | MSE = 241.5743
Iteration 8 of 50 | Duration = 11.452 | MSE = 238.1561
Iteration 9 of 50 | Duration = 11.441 | MSE = 236.1819
Iteration 10 of 50 | Duration = 11.694 | MSE = 232.9359
Iteration 11 of 50 | Duration = 11.201 | MSE = 231.4238
Iteration 12 of 50 | Duration = 11.494 | MSE = 228.7750
Iteration 13 of 50 | Duration = 11.624 | MSE = 227.3622
Iteration 14 of 50 | Duration = 11.871 | MSE = 225.6305
Iteration 15 of 50 | Duration = 11.779 | MSE = 225.0822
Iteration 16 of 50 | Duration = 11.766 | MSE = 224.2677
Iteration 17 of 50 | Duration = 12.824 | MSE = 223.9028

Running polya filter for radius = 1, bins = 256, delta = 100.
Initial MSE: 1066.4604
Iteration 1 of 50 | Duration = 12.719 | MSE = 484.8192
Iteration 2 of 50 | Duration = 12.789 | MSE = 321.4503
Iteration 3 of 50 | Duration = 11.629 | MSE = 278.3263
Iteration 4 of 50 | Duration = 11.576 | MSE = 256.5212
Iteration 5 of 50 | Duration = 11.574 | MSE = 243.2449
Iteration 6 of 50 | Duration = 11.509 | MSE = 235.5484
Iteration 7 of 50 | Duration = 11.255 | MSE = 231.7339
Iteration 8 of 50 | Duration = 11.747 | MSE = 229.3607
Iteration 9 of 50 | Duration = 11.994 | MSE = 227.5824
Iteration 10 of 50 | Duration = 11.708 | MSE = 225.8871
Iteration 11 of 50 | Duration = 11.662 | MSE = 224.6001
Iteration 12 of 50 | Duration = 11.865 | MSE = 223.5239
Iteration 13 of 50 | Duration = 11.153 | MSE = 222.5223
Iteration 14 of 50 | Duration = 10.998 | MSE = 221.7215
Iteration 15 of 50 | Duration = 11.726 | MSE = 221.1539
Iteration 16 of 50 | Duration = 11.808 | MSE = 220.7217

Running polya filter for radius = 1, bins = 256, delta = 120.
Initial MSE: 1066.4604
Iteration 1 of 50 | Duration = 10.290 | MSE = 384.2859
Iteration 2 of 50 | Duration = 12.304 | MSE = 295.2129
Iteration 3 of 50 | Duration = 11.401 | MSE = 248.9275
Iteration 4 of 50 | Duration = 11.193 | MSE = 241.3835
Iteration 5 of 50 | Duration = 11.904 | MSE = 233.8094
Iteration 6 of 50 | Duration = 11.656 | MSE = 229.2095
Iteration 7 of 50 | Duration = 10.973 | MSE = 225.8137
Iteration 8 of 50 | Duration = 11.432 | MSE = 224.0005
Iteration 9 of 50 | Duration = 11.400 | MSE = 222.3511
Iteration 10 of 50 | Duration = 13.469 | MSE = 221.1766
Iteration 11 of 50 | Duration = 15.134 | MSE = 220.1443
Iteration 12 of 50 | Duration = 14.202 | MSE = 219.6383
Iteration 13 of 50 | Duration = 15.987 | MSE = 219.0249
Iteration 14 of 50 | Duration = 14.240 | MSE = 218.4693
Iteration 15 of 50 | Duration = 13.104 | MSE = 218.0351
New optimal MSE: 218.0351

Running polya filter for radius = 1, bins = 256, delta = 140.
Initial MSE: 1066.4604
Iteration 1 of 50 | Duration = 11.903 | MSE = 384.2859
Iteration 2 of 50 | Duration = 15.417 | MSE = 295.2129
Iteration 3 of 50 | Duration = 15.478 | MSE = 248.9747
Iteration 4 of 50 | Duration = 13.011 | MSE = 241.2184
Iteration 5 of 50 | Duration = 15.074 | MSE = 233.7947
Iteration 6 of 50 | Duration = 13.560 | MSE = 229.1446
Iteration 7 of 50 | Duration = 13.797 | MSE = 225.7375
Iteration 8 of 50 | Duration = 13.491 | MSE = 223.9776
Iteration 9 of 50 | Duration = 14.076 | MSE = 222.2992
Iteration 10 of 50 | Duration = 14.000 | MSE = 221.1377
Iteration 11 of 50 | Duration = 14.273 | MSE = 220.1199
Iteration 12 of 50 | Duration = 13.036 | MSE = 219.6085
Iteration 13 of 50 | Duration = 12.214 | MSE = 219.0038
Iteration 14 of 50 | Duration = 14.770 | MSE = 218.4507
Iteration 15 of 50 | Duration = 14.350 | MSE = 218.0204
New optimal MSE: 218.0204

Running polya filter for radius = 1, bins = 256, delta = 160.
Initial MSE: 1066.4604
Iteration 1 of 50 | Duration = 12.182 | MSE = 384.2859
Iteration 2 of 50 | Duration = 21.281 | MSE = 295.2129
Iteration 3 of 50 | Duration = 12.989 | MSE = 250.6750
Iteration 4 of 50 | Duration = 12.757 | MSE = 237.8075
Iteration 5 of 50 | Duration = 15.299 | MSE = 232.4485
Iteration 6 of 50 | Duration = 15.273 | MSE = 228.3405
Iteration 7 of 50 | Duration = 12.768 | MSE = 224.6818
Iteration 8 of 50 | Duration = 11.558 | MSE = 222.9266
Iteration 9 of 50 | Duration = 11.624 | MSE = 221.5832
Iteration 10 of 50 | Duration = 11.350 | MSE = 220.6733
Iteration 11 of 50 | Duration = 11.636 | MSE = 219.6596
Iteration 12 of 50 | Duration = 11.563 | MSE = 219.1558
Iteration 13 of 50 | Duration = 11.752 | MSE = 218.7113

Running polya filter for radius = 1, bins = 256, delta = 180.
Initial MSE: 1066.4604
Iteration 1 of 50 | Duration = 10.046 | MSE = 384.2859
Iteration 2 of 50 | Duration = 12.726 | MSE = 295.1391
Iteration 3 of 50 | Duration = 11.180 | MSE = 250.4352
Iteration 4 of 50 | Duration = 11.468 | MSE = 237.8053
Iteration 5 of 50 | Duration = 11.316 | MSE = 232.2856
Iteration 6 of 50 | Duration = 11.503 | MSE = 228.2297
Iteration 7 of 50 | Duration = 11.529 | MSE = 224.5948
Iteration 8 of 50 | Duration = 10.838 | MSE = 222.8193
Iteration 9 of 50 | Duration = 11.414 | MSE = 221.4900
Iteration 10 of 50 | Duration = 11.198 | MSE = 220.5981
Iteration 11 of 50 | Duration = 10.977 | MSE = 219.5955
Iteration 12 of 50 | Duration = 11.305 | MSE = 219.0901
Iteration 13 of 50 | Duration = 11.596 | MSE = 218.6460

Running polya filter for radius = 1, bins = 256, delta = 200.
Initial MSE: 1066.4604
Iteration 1 of 50 | Duration = 10.160 | MSE = 384.2859
Iteration 2 of 50 | Duration = 11.942 | MSE = 295.1331
Iteration 3 of 50 | Duration = 11.363 | MSE = 250.4286
Iteration 4 of 50 | Duration = 10.887 | MSE = 237.8012
Iteration 5 of 50 | Duration = 11.535 | MSE = 232.2817
Iteration 6 of 50 | Duration = 11.338 | MSE = 228.2256
Iteration 7 of 50 | Duration = 11.982 | MSE = 224.5880
Iteration 8 of 50 | Duration = 16.252 | MSE = 222.8151
Iteration 9 of 50 | Duration = 13.649 | MSE = 221.4873
Iteration 10 of 50 | Duration = 15.649 | MSE = 220.5958
Iteration 11 of 50 | Duration = 16.955 | MSE = 219.5931
Iteration 12 of 50 | Duration = 14.280 | MSE = 219.0878
Iteration 13 of 50 | Duration = 16.154 | MSE = 218.6437

Running polya filter for radius = 2, bins = 32, delta = 20.
Initial MSE: 1066.4604
Iteration 1 of 50 | Duration = 1.733 | MSE = 1065.9445
Iteration 2 of 50 | Duration = 1.593 | MSE = 1065.9445
Iteration 3 of 50 | Duration = 1.233 | MSE = 1065.9445

Running polya filter for radius = 2, bins = 32, delta = 40.
Initial MSE: 1066.4604
Iteration 1 of 50 | Duration = 1.483 | MSE = 1065.9445
Iteration 2 of 50 | Duration = 1.107 | MSE = 1065.9445
Iteration 3 of 50 | Duration = 1.166 | MSE = 487.5102
Iteration 4 of 50 | Duration = 1.378 | MSE = 283.1185
Iteration 5 of 50 | Duration = 1.097 | MSE = 203.6325
Iteration 6 of 50 | Duration = 1.300 | MSE = 165.5540
Iteration 7 of 50 | Duration = 1.661 | MSE = 155.9576
Iteration 8 of 50 | Duration = 1.391 | MSE = 151.9587
Iteration 9 of 50 | Duration = 1.316 | MSE = 149.7575
Iteration 10 of 50 | Duration = 1.407 | MSE = 148.3046
Iteration 11 of 50 | Duration = 1.704 | MSE = 147.6803
Iteration 12 of 50 | Duration = 1.526 | MSE = 147.0353
Iteration 13 of 50 | Duration = 1.107 | MSE = 146.3353
Iteration 14 of 50 | Duration = 1.313 | MSE = 145.7234
Iteration 15 of 50 | Duration = 1.781 | MSE = 145.3746
New optimal MSE: 145.3746

Running polya filter for radius = 2, bins = 32, delta = 60.
Initial MSE: 1066.4604
Iteration 1 of 50 | Duration = 2.325 | MSE = 1065.9445
Iteration 2 of 50 | Duration = 2.205 | MSE = 441.0363
Iteration 3 of 50 | Duration = 1.352 | MSE = 220.1715
Iteration 4 of 50 | Duration = 1.428 | MSE = 163.0905
Iteration 5 of 50 | Duration = 1.370 | MSE = 155.8555
Iteration 6 of 50 | Duration = 1.175 | MSE = 151.2224
Iteration 7 of 50 | Duration = 1.170 | MSE = 149.7679
Iteration 8 of 50 | Duration = 1.092 | MSE = 147.6751
Iteration 9 of 50 | Duration = 1.101 | MSE = 146.9656
Iteration 10 of 50 | Duration = 1.040 | MSE = 145.8124
Iteration 11 of 50 | Duration = 1.099 | MSE = 145.5468

Running polya filter for radius = 2, bins = 32, delta = 80.
Initial MSE: 1066.4604
Iteration 1 of 50 | Duration = 1.783 | MSE = 1065.9445
Iteration 2 of 50 | Duration = 1.485 | MSE = 444.9978
Iteration 3 of 50 | Duration = 1.146 | MSE = 224.6380
Iteration 4 of 50 | Duration = 1.250 | MSE = 161.7139
Iteration 5 of 50 | Duration = 1.036 | MSE = 155.1170
Iteration 6 of 50 | Duration = 1.066 | MSE = 150.7510
Iteration 7 of 50 | Duration = 1.077 | MSE = 149.3363
Iteration 8 of 50 | Duration = 1.071 | MSE = 147.3253
Iteration 9 of 50 | Duration = 1.228 | MSE = 146.9874

Running polya filter for radius = 2, bins = 32, delta = 100.
Initial MSE: 1066.4604
Iteration 1 of 50 | Duration = 2.568 | MSE = 364.1017
Iteration 2 of 50 | Duration = 1.770 | MSE = 177.7025
Iteration 3 of 50 | Duration = 1.214 | MSE = 157.8558
Iteration 4 of 50 | Duration = 1.145 | MSE = 150.7751
Iteration 5 of 50 | Duration = 1.118 | MSE = 147.1492
Iteration 6 of 50 | Duration = 1.061 | MSE = 143.8922
Iteration 7 of 50 | Duration = 1.483 | MSE = 142.7033
Iteration 8 of 50 | Duration = 1.483 | MSE = 141.8660
Iteration 9 of 50 | Duration = 1.962 | MSE = 141.2493
Iteration 10 of 50 | Duration = 1.073 | MSE = 140.4423
Iteration 11 of 50 | Duration = 1.259 | MSE = 140.0589
New optimal MSE: 140.0589

Running polya filter for radius = 2, bins = 32, delta = 120.
Initial MSE: 1066.4604
Iteration 1 of 50 | Duration = 1.655 | MSE = 209.4536
Iteration 2 of 50 | Duration = 1.745 | MSE = 170.2008
Iteration 3 of 50 | Duration = 1.217 | MSE = 156.8731
Iteration 4 of 50 | Duration = 1.114 | MSE = 152.1584
Iteration 5 of 50 | Duration = 1.191 | MSE = 149.2620
Iteration 6 of 50 | Duration = 1.249 | MSE = 147.0348
Iteration 7 of 50 | Duration = 1.110 | MSE = 146.0946
Iteration 8 of 50 | Duration = 1.065 | MSE = 145.5399
Iteration 9 of 50 | Duration = 1.035 | MSE = 145.0533

Running polya filter for radius = 2, bins = 32, delta = 140.
Initial MSE: 1066.4604
Iteration 1 of 50 | Duration = 1.892 | MSE = 209.4536
Iteration 2 of 50 | Duration = 2.903 | MSE = 170.1974
Iteration 3 of 50 | Duration = 1.285 | MSE = 157.0011
Iteration 4 of 50 | Duration = 1.436 | MSE = 151.9983
Iteration 5 of 50 | Duration = 1.438 | MSE = 149.1731
Iteration 6 of 50 | Duration = 1.296 | MSE = 146.9841
Iteration 7 of 50 | Duration = 1.091 | MSE = 146.0678
Iteration 8 of 50 | Duration = 1.210 | MSE = 145.5165
Iteration 9 of 50 | Duration = 1.088 | MSE = 145.0379

Running polya filter for radius = 2, bins = 32, delta = 160.
Initial MSE: 1066.4604
Iteration 1 of 50 | Duration = 1.516 | MSE = 209.4536
Iteration 2 of 50 | Duration = 1.711 | MSE = 170.1917
Iteration 3 of 50 | Duration = 1.300 | MSE = 157.2850
Iteration 4 of 50 | Duration = 1.379 | MSE = 151.2395
Iteration 5 of 50 | Duration = 1.109 | MSE = 148.8014
Iteration 6 of 50 | Duration = 1.241 | MSE = 146.8587
Iteration 7 of 50 | Duration = 1.108 | MSE = 145.8714
Iteration 8 of 50 | Duration = 1.066 | MSE = 145.2683
Iteration 9 of 50 | Duration = 1.039 | MSE = 144.8662

Running polya filter for radius = 2, bins = 32, delta = 180.
Initial MSE: 1066.4604
Iteration 1 of 50 | Duration = 1.621 | MSE = 209.4536
Iteration 2 of 50 | Duration = 1.772 | MSE = 169.8990
Iteration 3 of 50 | Duration = 1.192 | MSE = 156.9223
Iteration 4 of 50 | Duration = 1.104 | MSE = 151.1010
Iteration 5 of 50 | Duration = 1.047 | MSE = 148.7118
Iteration 6 of 50 | Duration = 1.190 | MSE = 146.7879
Iteration 7 of 50 | Duration = 1.038 | MSE = 145.8163
Iteration 8 of 50 | Duration = 1.043 | MSE = 145.2353
Iteration 9 of 50 | Duration = 1.180 | MSE = 144.8233

Running polya filter for radius = 2, bins = 32, delta = 200.
Initial MSE: 1066.4604
Iteration 1 of 50 | Duration = 1.688 | MSE = 209.4536
Iteration 2 of 50 | Duration = 1.728 | MSE = 169.8964
Iteration 3 of 50 | Duration = 1.491 | MSE = 156.9178
Iteration 4 of 50 | Duration = 1.673 | MSE = 151.0924
Iteration 5 of 50 | Duration = 1.400 | MSE = 148.6996
Iteration 6 of 50 | Duration = 1.227 | MSE = 146.7745
Iteration 7 of 50 | Duration = 1.377 | MSE = 145.8105
Iteration 8 of 50 | Duration = 1.230 | MSE = 145.2290
Iteration 9 of 50 | Duration = 1.109 | MSE = 144.8113

Running polya filter for radius = 2, bins = 64, delta = 20.
Initial MSE: 1066.4604
Iteration 1 of 50 | Duration = 3.041 | MSE = 1065.2545
Iteration 2 of 50 | Duration = 3.026 | MSE = 1065.2545
Iteration 3 of 50 | Duration = 2.422 | MSE = 1065.2545

Running polya filter for radius = 2, bins = 64, delta = 40.
Initial MSE: 1066.4604
Iteration 1 of 50 | Duration = 2.450 | MSE = 1065.2545
Iteration 2 of 50 | Duration = 2.617 | MSE = 1065.2545
Iteration 3 of 50 | Duration = 2.680 | MSE = 562.7900
Iteration 4 of 50 | Duration = 2.443 | MSE = 341.2486
Iteration 5 of 50 | Duration = 2.262 | MSE = 246.1728
Iteration 6 of 50 | Duration = 2.523 | MSE = 179.2857
Iteration 7 of 50 | Duration = 2.459 | MSE = 160.2130
Iteration 8 of 50 | Duration = 2.847 | MSE = 151.0862
Iteration 9 of 50 | Duration = 2.570 | MSE = 147.4028
Iteration 10 of 50 | Duration = 2.317 | MSE = 145.6470
Iteration 11 of 50 | Duration = 2.667 | MSE = 144.6929
Iteration 12 of 50 | Duration = 2.498 | MSE = 143.9832
Iteration 13 of 50 | Duration = 2.352 | MSE = 143.3874
Iteration 14 of 50 | Duration = 2.235 | MSE = 142.8551
Iteration 15 of 50 | Duration = 2.337 | MSE = 142.3949

Running polya filter for radius = 2, bins = 64, delta = 60.
Initial MSE: 1066.4604
Iteration 1 of 50 | Duration = 3.142 | MSE = 1065.2545
Iteration 2 of 50 | Duration = 2.711 | MSE = 507.9458
Iteration 3 of 50 | Duration = 2.328 | MSE = 265.8934
Iteration 4 of 50 | Duration = 2.179 | MSE = 170.3073
Iteration 5 of 50 | Duration = 2.132 | MSE = 154.0119
Iteration 6 of 50 | Duration = 2.172 | MSE = 148.7013
Iteration 7 of 50 | Duration = 2.433 | MSE = 146.6455
Iteration 8 of 50 | Duration = 2.236 | MSE = 144.7589
Iteration 9 of 50 | Duration = 2.267 | MSE = 143.8025
Iteration 10 of 50 | Duration = 2.237 | MSE = 142.8794
Iteration 11 of 50 | Duration = 2.153 | MSE = 142.4894

Running polya filter for radius = 2, bins = 64, delta = 80.
Initial MSE: 1066.4604
Iteration 1 of 50 | Duration = 2.835 | MSE = 1065.2545
Iteration 2 of 50 | Duration = 2.245 | MSE = 510.8822
Iteration 3 of 50 | Duration = 2.117 | MSE = 274.5843
Iteration 4 of 50 | Duration = 2.168 | MSE = 168.6164
Iteration 5 of 50 | Duration = 2.168 | MSE = 153.4742
Iteration 6 of 50 | Duration = 2.506 | MSE = 148.2002
Iteration 7 of 50 | Duration = 2.609 | MSE = 146.2874
Iteration 8 of 50 | Duration = 2.710 | MSE = 144.4748
Iteration 9 of 50 | Duration = 2.254 | MSE = 143.7524
Iteration 10 of 50 | Duration = 2.449 | MSE = 142.9168
Iteration 11 of 50 | Duration = 2.322 | MSE = 142.5293

Running polya filter for radius = 2, bins = 64, delta = 100.
Initial MSE: 1066.4604
Iteration 1 of 50 | Duration = 4.290 | MSE = 364.1660
Iteration 2 of 50 | Duration = 3.163 | MSE = 174.9527
Iteration 3 of 50 | Duration = 2.251 | MSE = 155.2001
Iteration 4 of 50 | Duration = 2.078 | MSE = 147.9968
Iteration 5 of 50 | Duration = 2.589 | MSE = 143.8148
Iteration 6 of 50 | Duration = 2.250 | MSE = 140.9778
Iteration 7 of 50 | Duration = 2.002 | MSE = 139.7605
Iteration 8 of 50 | Duration = 1.916 | MSE = 138.8276
Iteration 9 of 50 | Duration = 1.902 | MSE = 138.0583
Iteration 10 of 50 | Duration = 2.092 | MSE = 137.3813
Iteration 11 of 50 | Duration = 1.907 | MSE = 136.9753
New optimal MSE: 136.9753

Running polya filter for radius = 2, bins = 64, delta = 120.
Initial MSE: 1066.4604
Iteration 1 of 50 | Duration = 2.738 | MSE = 207.0057
Iteration 2 of 50 | Duration = 2.553 | MSE = 167.5990
Iteration 3 of 50 | Duration = 1.957 | MSE = 154.1792
Iteration 4 of 50 | Duration = 1.966 | MSE = 149.4390
Iteration 5 of 50 | Duration = 1.933 | MSE = 145.9622
Iteration 6 of 50 | Duration = 2.218 | MSE = 144.0948
Iteration 7 of 50 | Duration = 2.074 | MSE = 143.1262
Iteration 8 of 50 | Duration = 1.940 | MSE = 142.5144
Iteration 9 of 50 | Duration = 1.896 | MSE = 141.9992
Iteration 10 of 50 | Duration = 1.946 | MSE = 141.5717

Running polya filter for radius = 2, bins = 64, delta = 140.
Initial MSE: 1066.4604
Iteration 1 of 50 | Duration = 2.525 | MSE = 207.0057
Iteration 2 of 50 | Duration = 2.639 | MSE = 167.5950
Iteration 3 of 50 | Duration = 1.957 | MSE = 154.2955
Iteration 4 of 50 | Duration = 2.050 | MSE = 149.2379
Iteration 5 of 50 | Duration = 1.932 | MSE = 145.8465
Iteration 6 of 50 | Duration = 1.930 | MSE = 144.0177
Iteration 7 of 50 | Duration = 2.498 | MSE = 143.0756
Iteration 8 of 50 | Duration = 2.095 | MSE = 142.4835
Iteration 9 of 50 | Duration = 2.128 | MSE = 141.9929

Running polya filter for radius = 2, bins = 64, delta = 160.
Initial MSE: 1066.4604
Iteration 1 of 50 | Duration = 2.419 | MSE = 207.0057
Iteration 2 of 50 | Duration = 2.724 | MSE = 167.5902
Iteration 3 of 50 | Duration = 2.167 | MSE = 154.5885
Iteration 4 of 50 | Duration = 2.220 | MSE = 148.4252
Iteration 5 of 50 | Duration = 2.175 | MSE = 145.5855
Iteration 6 of 50 | Duration = 2.204 | MSE = 143.7896
Iteration 7 of 50 | Duration = 2.275 | MSE = 142.8560
Iteration 8 of 50 | Duration = 1.985 | MSE = 142.3054
Iteration 9 of 50 | Duration = 2.096 | MSE = 141.8659

Running polya filter for radius = 2, bins = 64, delta = 180.
Initial MSE: 1066.4604
Iteration 1 of 50 | Duration = 2.434 | MSE = 207.0057
Iteration 2 of 50 | Duration = 3.336 | MSE = 167.2927
Iteration 3 of 50 | Duration = 2.218 | MSE = 154.2570
Iteration 4 of 50 | Duration = 2.089 | MSE = 148.3721
Iteration 5 of 50 | Duration = 2.101 | MSE = 145.5092
Iteration 6 of 50 | Duration = 2.339 | MSE = 143.7171
Iteration 7 of 50 | Duration = 2.468 | MSE = 142.8513
Iteration 8 of 50 | Duration = 2.210 | MSE = 142.2710
Iteration 9 of 50 | Duration = 1.960 | MSE = 141.8390

Running polya filter for radius = 2, bins = 64, delta = 200.
Initial MSE: 1066.4604
Iteration 1 of 50 | Duration = 2.530 | MSE = 207.0057
Iteration 2 of 50 | Duration = 2.847 | MSE = 167.2880
Iteration 3 of 50 | Duration = 2.087 | MSE = 154.2468
Iteration 4 of 50 | Duration = 2.167 | MSE = 148.3625
Iteration 5 of 50 | Duration = 2.068 | MSE = 145.4991
Iteration 6 of 50 | Duration = 2.028 | MSE = 143.7072
Iteration 7 of 50 | Duration = 2.120 | MSE = 142.8443
Iteration 8 of 50 | Duration = 2.611 | MSE = 142.2576
Iteration 9 of 50 | Duration = 2.558 | MSE = 141.8294

Running polya filter for radius = 2, bins = 128, delta = 20.
Initial MSE: 1066.4604
Iteration 1 of 50 | Duration = 6.900 | MSE = 1063.7797
Iteration 2 of 50 | Duration = 6.924 | MSE = 1063.7797
Iteration 3 of 50 | Duration = 6.755 | MSE = 1063.7797

Running polya filter for radius = 2, bins = 128, delta = 40.
Initial MSE: 1066.4604
Iteration 1 of 50 | Duration = 6.830 | MSE = 1063.7797
Iteration 2 of 50 | Duration = 6.849 | MSE = 1063.7797
Iteration 3 of 50 | Duration = 6.929 | MSE = 609.2528
Iteration 4 of 50 | Duration = 7.115 | MSE = 387.7222
Iteration 5 of 50 | Duration = 7.050 | MSE = 285.6397
Iteration 6 of 50 | Duration = 6.874 | MSE = 196.3343
Iteration 7 of 50 | Duration = 7.222 | MSE = 168.5512
Iteration 8 of 50 | Duration = 7.137 | MSE = 153.4094
Iteration 9 of 50 | Duration = 6.744 | MSE = 147.0948
Iteration 10 of 50 | Duration = 7.133 | MSE = 144.3227
Iteration 11 of 50 | Duration = 7.056 | MSE = 142.6555
Iteration 12 of 50 | Duration = 7.318 | MSE = 141.7781
Iteration 13 of 50 | Duration = 6.985 | MSE = 141.0945
Iteration 14 of 50 | Duration = 6.835 | MSE = 140.5208
Iteration 15 of 50 | Duration = 7.271 | MSE = 140.0117
Iteration 16 of 50 | Duration = 7.267 | MSE = 139.7098

Running polya filter for radius = 2, bins = 128, delta = 60.
Initial MSE: 1066.4604
Iteration 1 of 50 | Duration = 6.817 | MSE = 1063.7797
Iteration 2 of 50 | Duration = 6.820 | MSE = 549.8311
Iteration 3 of 50 | Duration = 6.646 | MSE = 306.0927
Iteration 4 of 50 | Duration = 7.177 | MSE = 180.5504
Iteration 5 of 50 | Duration = 7.151 | MSE = 155.4114
Iteration 6 of 50 | Duration = 7.056 | MSE = 147.3467
Iteration 7 of 50 | Duration = 6.918 | MSE = 144.4813
Iteration 8 of 50 | Duration = 6.864 | MSE = 142.6533
Iteration 9 of 50 | Duration = 7.008 | MSE = 141.5338
Iteration 10 of 50 | Duration = 7.220 | MSE = 140.6306
Iteration 11 of 50 | Duration = 7.045 | MSE = 140.1554

Running polya filter for radius = 2, bins = 128, delta = 80.
Initial MSE: 1066.4604
Iteration 1 of 50 | Duration = 6.464 | MSE = 1063.7797
Iteration 2 of 50 | Duration = 6.542 | MSE = 551.7281
Iteration 3 of 50 | Duration = 6.624 | MSE = 318.3376
Iteration 4 of 50 | Duration = 6.846 | MSE = 178.7082
Iteration 5 of 50 | Duration = 7.025 | MSE = 154.5504
Iteration 6 of 50 | Duration = 7.160 | MSE = 146.6859
Iteration 7 of 50 | Duration = 7.373 | MSE = 144.0547
Iteration 8 of 50 | Duration = 7.229 | MSE = 142.3419
Iteration 9 of 50 | Duration = 6.968 | MSE = 141.4408
Iteration 10 of 50 | Duration = 6.920 | MSE = 140.6040
Iteration 11 of 50 | Duration = 7.161 | MSE = 140.2088

Running polya filter for radius = 2, bins = 128, delta = 100.
Initial MSE: 1066.4604
Iteration 1 of 50 | Duration = 8.138 | MSE = 364.4729
Iteration 2 of 50 | Duration = 7.787 | MSE = 172.8451
Iteration 3 of 50 | Duration = 7.260 | MSE = 153.4474
Iteration 4 of 50 | Duration = 6.953 | MSE = 146.2469
Iteration 5 of 50 | Duration = 6.967 | MSE = 141.7982
Iteration 6 of 50 | Duration = 7.290 | MSE = 139.0199
Iteration 7 of 50 | Duration = 6.729 | MSE = 137.6249
Iteration 8 of 50 | Duration = 6.850 | MSE = 136.6385
Iteration 9 of 50 | Duration = 6.930 | MSE = 135.8877
Iteration 10 of 50 | Duration = 6.722 | MSE = 135.2380
Iteration 11 of 50 | Duration = 7.107 | MSE = 134.8377
New optimal MSE: 134.8377

Running polya filter for radius = 2, bins = 128, delta = 120.
Initial MSE: 1066.4604
Iteration 1 of 50 | Duration = 8.760 | MSE = 204.8337
Iteration 2 of 50 | Duration = 10.435 | MSE = 166.4183
Iteration 3 of 50 | Duration = 7.728 | MSE = 151.9838
Iteration 4 of 50 | Duration = 7.692 | MSE = 147.3423
Iteration 5 of 50 | Duration = 7.931 | MSE = 143.7770
Iteration 6 of 50 | Duration = 7.802 | MSE = 141.9554
Iteration 7 of 50 | Duration = 8.309 | MSE = 140.8701
Iteration 8 of 50 | Duration = 8.184 | MSE = 140.1943
Iteration 9 of 50 | Duration = 11.830 | MSE = 139.6781
Iteration 10 of 50 | Duration = 8.757 | MSE = 139.2617

Running polya filter for radius = 2, bins = 128, delta = 140.
Initial MSE: 1066.4604
Iteration 1 of 50 | Duration = 7.723 | MSE = 204.8337
Iteration 2 of 50 | Duration = 9.639 | MSE = 166.4146
Iteration 3 of 50 | Duration = 10.649 | MSE = 152.1092
Iteration 4 of 50 | Duration = 7.236 | MSE = 147.1566
Iteration 5 of 50 | Duration = 7.607 | MSE = 143.6533
Iteration 6 of 50 | Duration = 7.032 | MSE = 141.8522
Iteration 7 of 50 | Duration = 7.218 | MSE = 140.8402
Iteration 8 of 50 | Duration = 7.005 | MSE = 140.1894
Iteration 9 of 50 | Duration = 6.955 | MSE = 139.6718
Iteration 10 of 50 | Duration = 7.375 | MSE = 139.2915

Running polya filter for radius = 2, bins = 128, delta = 160.
Initial MSE: 1066.4604
Iteration 1 of 50 | Duration = 6.486 | MSE = 204.8337
Iteration 2 of 50 | Duration = 7.951 | MSE = 166.4099
Iteration 3 of 50 | Duration = 6.863 | MSE = 152.4280
Iteration 4 of 50 | Duration = 7.097 | MSE = 146.2988
Iteration 5 of 50 | Duration = 7.011 | MSE = 143.4586
Iteration 6 of 50 | Duration = 6.847 | MSE = 141.5763
Iteration 7 of 50 | Duration = 7.376 | MSE = 140.6266
Iteration 8 of 50 | Duration = 7.184 | MSE = 140.0089
Iteration 9 of 50 | Duration = 6.936 | MSE = 139.5320

Running polya filter for radius = 2, bins = 128, delta = 180.
Initial MSE: 1066.4604
Iteration 1 of 50 | Duration = 6.794 | MSE = 204.8337
Iteration 2 of 50 | Duration = 7.699 | MSE = 166.1057
Iteration 3 of 50 | Duration = 7.198 | MSE = 152.0954
Iteration 4 of 50 | Duration = 6.678 | MSE = 146.2524
Iteration 5 of 50 | Duration = 7.188 | MSE = 143.3472
Iteration 6 of 50 | Duration = 7.176 | MSE = 141.5525
Iteration 7 of 50 | Duration = 6.837 | MSE = 140.6115
Iteration 8 of 50 | Duration = 7.001 | MSE = 139.9798
Iteration 9 of 50 | Duration = 7.005 | MSE = 139.5111

Running polya filter for radius = 2, bins = 128, delta = 200.
Initial MSE: 1066.4604
Iteration 1 of 50 | Duration = 6.961 | MSE = 204.8337
Iteration 2 of 50 | Duration = 7.655 | MSE = 166.1004
Iteration 3 of 50 | Duration = 6.774 | MSE = 152.0873
Iteration 4 of 50 | Duration = 7.500 | MSE = 146.2412
Iteration 5 of 50 | Duration = 6.907 | MSE = 143.3394
Iteration 6 of 50 | Duration = 7.315 | MSE = 141.5442
Iteration 7 of 50 | Duration = 6.929 | MSE = 140.6039
Iteration 8 of 50 | Duration = 7.312 | MSE = 139.9681
Iteration 9 of 50 | Duration = 7.060 | MSE = 139.4980

Running polya filter for radius = 2, bins = 256, delta = 20.
Initial MSE: 1066.4604
Iteration 1 of 50 | Duration = 10.328 | MSE = 1063.2255
Iteration 2 of 50 | Duration = 10.993 | MSE = 1063.2255
Iteration 3 of 50 | Duration = 11.623 | MSE = 1063.2255

Running polya filter for radius = 2, bins = 256, delta = 40.
Initial MSE: 1066.4604
Iteration 1 of 50 | Duration = 10.844 | MSE = 1063.2255
Iteration 2 of 50 | Duration = 10.647 | MSE = 1063.2255
Iteration 3 of 50 | Duration = 10.887 | MSE = 635.6494
Iteration 4 of 50 | Duration = 11.822 | MSE = 418.0170
Iteration 5 of 50 | Duration = 11.863 | MSE = 313.7225
Iteration 6 of 50 | Duration = 11.871 | MSE = 211.3610
Iteration 7 of 50 | Duration = 11.360 | MSE = 177.8066
Iteration 8 of 50 | Duration = 12.107 | MSE = 157.7853
Iteration 9 of 50 | Duration = 11.716 | MSE = 149.0221
Iteration 10 of 50 | Duration = 11.730 | MSE = 145.1744
Iteration 11 of 50 | Duration = 11.790 | MSE = 143.0810
Iteration 12 of 50 | Duration = 12.043 | MSE = 141.9338
Iteration 13 of 50 | Duration = 11.757 | MSE = 141.0957
Iteration 14 of 50 | Duration = 12.109 | MSE = 140.5412
Iteration 15 of 50 | Duration = 12.041 | MSE = 140.0500

Running polya filter for radius = 2, bins = 256, delta = 60.
Initial MSE: 1066.4604
Iteration 1 of 50 | Duration = 10.721 | MSE = 1063.2255
Iteration 2 of 50 | Duration = 11.446 | MSE = 574.4467
Iteration 3 of 50 | Duration = 12.005 | MSE = 333.6957
Iteration 4 of 50 | Duration = 12.615 | MSE = 191.1849
Iteration 5 of 50 | Duration = 12.246 | MSE = 158.8212
Iteration 6 of 50 | Duration = 12.325 | MSE = 148.3713
Iteration 7 of 50 | Duration = 12.072 | MSE = 144.8601
Iteration 8 of 50 | Duration = 12.469 | MSE = 142.7941
Iteration 9 of 50 | Duration = 12.246 | MSE = 141.6103
Iteration 10 of 50 | Duration = 12.397 | MSE = 140.6529
Iteration 11 of 50 | Duration = 13.074 | MSE = 140.1140
Iteration 12 of 50 | Duration = 12.803 | MSE = 139.4955
Iteration 13 of 50 | Duration = 12.424 | MSE = 139.1725

Running polya filter for radius = 2, bins = 256, delta = 80.
Initial MSE: 1066.4604
Iteration 1 of 50 | Duration = 11.429 | MSE = 1063.2255
Iteration 2 of 50 | Duration = 11.464 | MSE = 575.4886
Iteration 3 of 50 | Duration = 11.385 | MSE = 348.2751
Iteration 4 of 50 | Duration = 11.893 | MSE = 189.2950
Iteration 5 of 50 | Duration = 12.328 | MSE = 158.8658
Iteration 6 of 50 | Duration = 12.164 | MSE = 147.6265
Iteration 7 of 50 | Duration = 12.691 | MSE = 144.2934
Iteration 8 of 50 | Duration = 12.805 | MSE = 142.4506
Iteration 9 of 50 | Duration = 12.548 | MSE = 141.4572
Iteration 10 of 50 | Duration = 14.334 | MSE = 140.6139
Iteration 11 of 50 | Duration = 16.749 | MSE = 140.1750

Running polya filter for radius = 2, bins = 256, delta = 100.
Initial MSE: 1066.4604
Iteration 1 of 50 | Duration = 14.938 | MSE = 366.5759
Iteration 2 of 50 | Duration = 13.864 | MSE = 173.0009
Iteration 3 of 50 | Duration = 19.522 | MSE = 153.7384
Iteration 4 of 50 | Duration = 14.932 | MSE = 146.4741
Iteration 5 of 50 | Duration = 12.871 | MSE = 141.9488
Iteration 6 of 50 | Duration = 13.714 | MSE = 139.1517
Iteration 7 of 50 | Duration = 12.385 | MSE = 137.6443
Iteration 8 of 50 | Duration = 12.134 | MSE = 136.5847
Iteration 9 of 50 | Duration = 12.608 | MSE = 135.8668
Iteration 10 of 50 | Duration = 12.398 | MSE = 135.2354
Iteration 11 of 50 | Duration = 12.846 | MSE = 134.8120
New optimal MSE: 134.8120

Running polya filter for radius = 2, bins = 256, delta = 120.
Initial MSE: 1066.4604
Iteration 1 of 50 | Duration = 10.835 | MSE = 205.1307
Iteration 2 of 50 | Duration = 13.006 | MSE = 167.1282
Iteration 3 of 50 | Duration = 12.418 | MSE = 152.1078
Iteration 4 of 50 | Duration = 12.530 | MSE = 147.6166
Iteration 5 of 50 | Duration = 12.183 | MSE = 143.9048
Iteration 6 of 50 | Duration = 12.388 | MSE = 142.0090
Iteration 7 of 50 | Duration = 12.644 | MSE = 140.8482
Iteration 8 of 50 | Duration = 12.612 | MSE = 140.1731
Iteration 9 of 50 | Duration = 12.464 | MSE = 139.6665
Iteration 10 of 50 | Duration = 12.217 | MSE = 139.2480

Running polya filter for radius = 2, bins = 256, delta = 140.
Initial MSE: 1066.4604
Iteration 1 of 50 | Duration = 10.909 | MSE = 205.1307
Iteration 2 of 50 | Duration = 13.450 | MSE = 167.1259
Iteration 3 of 50 | Duration = 12.622 | MSE = 152.2180
Iteration 4 of 50 | Duration = 12.395 | MSE = 147.4145
Iteration 5 of 50 | Duration = 12.300 | MSE = 143.7910
Iteration 6 of 50 | Duration = 12.479 | MSE = 141.9082
Iteration 7 of 50 | Duration = 12.717 | MSE = 140.8224
Iteration 8 of 50 | Duration = 20.146 | MSE = 140.1648
Iteration 9 of 50 | Duration = 18.646 | MSE = 139.6665

Running polya filter for radius = 2, bins = 256, delta = 160.
Initial MSE: 1066.4604
Iteration 1 of 50 | Duration = 13.213 | MSE = 205.1307
Iteration 2 of 50 | Duration = 18.104 | MSE = 167.1206
Iteration 3 of 50 | Duration = 15.253 | MSE = 152.5168
Iteration 4 of 50 | Duration = 13.727 | MSE = 146.4641
Iteration 5 of 50 | Duration = 13.154 | MSE = 143.5714
Iteration 6 of 50 | Duration = 12.974 | MSE = 141.6220
Iteration 7 of 50 | Duration = 13.340 | MSE = 140.6481
Iteration 8 of 50 | Duration = 13.527 | MSE = 140.0011
Iteration 9 of 50 | Duration = 13.798 | MSE = 139.4993
Iteration 10 of 50 | Duration = 16.073 | MSE = 139.1448

Running polya filter for radius = 2, bins = 256, delta = 180.
Initial MSE: 1066.4604
Iteration 1 of 50 | Duration = 11.968 | MSE = 205.1307
Iteration 2 of 50 | Duration = 13.995 | MSE = 166.7940
Iteration 3 of 50 | Duration = 14.362 | MSE = 152.1822
Iteration 4 of 50 | Duration = 14.198 | MSE = 146.4202
Iteration 5 of 50 | Duration = 16.188 | MSE = 143.4364
Iteration 6 of 50 | Duration = 14.983 | MSE = 141.5831
Iteration 7 of 50 | Duration = 14.132 | MSE = 140.6358
Iteration 8 of 50 | Duration = 14.362 | MSE = 139.9690
Iteration 9 of 50 | Duration = 13.278 | MSE = 139.4885

Running polya filter for radius = 2, bins = 256, delta = 200.
Initial MSE: 1066.4604
Iteration 1 of 50 | Duration = 11.177 | MSE = 205.1307
Iteration 2 of 50 | Duration = 13.145 | MSE = 166.7890
Iteration 3 of 50 | Duration = 12.914 | MSE = 152.1746
Iteration 4 of 50 | Duration = 13.158 | MSE = 146.4099
Iteration 5 of 50 | Duration = 13.139 | MSE = 143.4287
Iteration 6 of 50 | Duration = 13.460 | MSE = 141.5752
Iteration 7 of 50 | Duration = 14.140 | MSE = 140.6295
Iteration 8 of 50 | Duration = 12.746 | MSE = 139.9573
Iteration 9 of 50 | Duration = 13.157 | MSE = 139.4780

Running polya filter for radius = 3, bins = 32, delta = 20.
Initial MSE: 1066.4604
Iteration 1 of 50 | Duration = 1.648 | MSE = 1065.9445
Iteration 2 of 50 | Duration = 1.578 | MSE = 1065.9445
Iteration 3 of 50 | Duration = 1.337 | MSE = 1065.9445

Running polya filter for radius = 3, bins = 32, delta = 40.
Initial MSE: 1066.4604
Iteration 1 of 50 | Duration = 2.064 | MSE = 1065.9445
Iteration 2 of 50 | Duration = 1.311 | MSE = 1065.9445
Iteration 3 of 50 | Duration = 1.234 | MSE = 487.1476
Iteration 4 of 50 | Duration = 1.208 | MSE = 257.3045
Iteration 5 of 50 | Duration = 1.164 | MSE = 169.0115
Iteration 6 of 50 | Duration = 1.550 | MSE = 151.2624
Iteration 7 of 50 | Duration = 1.663 | MSE = 149.7864
Iteration 8 of 50 | Duration = 1.301 | MSE = 149.2780
Iteration 9 of 50 | Duration = 1.169 | MSE = 149.7649

Running polya filter for radius = 3, bins = 32, delta = 60.
Initial MSE: 1066.4604
Iteration 1 of 50 | Duration = 2.079 | MSE = 1065.9445
Iteration 2 of 50 | Duration = 1.437 | MSE = 439.6403
Iteration 3 of 50 | Duration = 1.055 | MSE = 177.7449
Iteration 4 of 50 | Duration = 2.656 | MSE = 148.3119
Iteration 5 of 50 | Duration = 1.685 | MSE = 148.8275
Iteration 6 of 50 | Duration = 1.246 | MSE = 148.4405

Running polya filter for radius = 3, bins = 32, delta = 80.
Initial MSE: 1066.4604
Iteration 1 of 50 | Duration = 2.162 | MSE = 1065.9445
Iteration 2 of 50 | Duration = 1.366 | MSE = 448.6301
Iteration 3 of 50 | Duration = 1.322 | MSE = 179.1118
Iteration 4 of 50 | Duration = 1.367 | MSE = 148.5184
Iteration 5 of 50 | Duration = 1.125 | MSE = 149.5861

Running polya filter for radius = 3, bins = 32, delta = 100.
Initial MSE: 1066.4604
Iteration 1 of 50 | Duration = 3.014 | MSE = 327.5469
Iteration 2 of 50 | Duration = 1.607 | MSE = 150.9958
Iteration 3 of 50 | Duration = 1.424 | MSE = 145.6530
Iteration 4 of 50 | Duration = 1.516 | MSE = 145.6330

Running polya filter for radius = 3, bins = 32, delta = 120.
Initial MSE: 1066.4604
Iteration 1 of 50 | Duration = 2.072 | MSE = 165.7476
Iteration 2 of 50 | Duration = 1.733 | MSE = 146.7598
Iteration 3 of 50 | Duration = 1.223 | MSE = 149.2245

Running polya filter for radius = 3, bins = 32, delta = 140.
Initial MSE: 1066.4604
Iteration 1 of 50 | Duration = 1.602 | MSE = 165.7476
Iteration 2 of 50 | Duration = 1.408 | MSE = 146.7360
Iteration 3 of 50 | Duration = 1.072 | MSE = 149.2235

Running polya filter for radius = 3, bins = 32, delta = 160.
Initial MSE: 1066.4604
Iteration 1 of 50 | Duration = 1.623 | MSE = 165.7476
Iteration 2 of 50 | Duration = 1.528 | MSE = 146.7521
Iteration 3 of 50 | Duration = 1.138 | MSE = 149.3290

Running polya filter for radius = 3, bins = 32, delta = 180.
Initial MSE: 1066.4604
Iteration 1 of 50 | Duration = 1.578 | MSE = 165.7476
Iteration 2 of 50 | Duration = 1.413 | MSE = 146.6507
Iteration 3 of 50 | Duration = 1.078 | MSE = 149.5172

Running polya filter for radius = 3, bins = 32, delta = 200.
Initial MSE: 1066.4604
Iteration 1 of 50 | Duration = 1.516 | MSE = 165.7476
Iteration 2 of 50 | Duration = 1.492 | MSE = 146.6487
Iteration 3 of 50 | Duration = 1.244 | MSE = 149.5280

Running polya filter for radius = 3, bins = 64, delta = 20.
Initial MSE: 1066.4604
Iteration 1 of 50 | Duration = 2.983 | MSE = 1065.2545
Iteration 2 of 50 | Duration = 2.724 | MSE = 1065.2545
Iteration 3 of 50 | Duration = 2.385 | MSE = 1065.2545

Running polya filter for radius = 3, bins = 64, delta = 40.
Initial MSE: 1066.4604
Iteration 1 of 50 | Duration = 3.412 | MSE = 1065.2545
Iteration 2 of 50 | Duration = 4.254 | MSE = 1065.2545
Iteration 3 of 50 | Duration = 3.420 | MSE = 614.6978
Iteration 4 of 50 | Duration = 3.657 | MSE = 342.8942
Iteration 5 of 50 | Duration = 2.969 | MSE = 213.9767
Iteration 6 of 50 | Duration = 3.024 | MSE = 165.3077
Iteration 7 of 50 | Duration = 2.784 | MSE = 151.5394
Iteration 8 of 50 | Duration = 2.250 | MSE = 147.8331
Iteration 9 of 50 | Duration = 2.080 | MSE = 147.2866
Iteration 10 of 50 | Duration = 2.379 | MSE = 146.9987

Running polya filter for radius = 3, bins = 64, delta = 60.
Initial MSE: 1066.4604
Iteration 1 of 50 | Duration = 2.845 | MSE = 1065.2545
Iteration 2 of 50 | Duration = 2.214 | MSE = 557.7432
Iteration 3 of 50 | Duration = 2.066 | MSE = 235.1165
Iteration 4 of 50 | Duration = 2.314 | MSE = 155.2748
Iteration 5 of 50 | Duration = 2.464 | MSE = 146.7374
Iteration 6 of 50 | Duration = 2.082 | MSE = 145.8408
Iteration 7 of 50 | Duration = 2.005 | MSE = 146.5157

Running polya filter for radius = 3, bins = 64, delta = 80.
Initial MSE: 1066.4604
Iteration 1 of 50 | Duration = 2.682 | MSE = 1065.2545
Iteration 2 of 50 | Duration = 2.801 | MSE = 565.4217
Iteration 3 of 50 | Duration = 2.072 | MSE = 239.5369
Iteration 4 of 50 | Duration = 2.174 | MSE = 155.4378
Iteration 5 of 50 | Duration = 2.054 | MSE = 147.5814
Iteration 6 of 50 | Duration = 2.395 | MSE = 146.8469
Iteration 7 of 50 | Duration = 2.187 | MSE = 147.5425

Running polya filter for radius = 3, bins = 64, delta = 100.
Initial MSE: 1066.4604
Iteration 1 of 50 | Duration = 3.637 | MSE = 328.3377
Iteration 2 of 50 | Duration = 2.936 | MSE = 147.9614
Iteration 3 of 50 | Duration = 2.435 | MSE = 142.3139
Iteration 4 of 50 | Duration = 2.404 | MSE = 143.1276

Running polya filter for radius = 3, bins = 64, delta = 120.
Initial MSE: 1066.4604
Iteration 1 of 50 | Duration = 2.565 | MSE = 162.9910
Iteration 2 of 50 | Duration = 2.844 | MSE = 145.1516
Iteration 3 of 50 | Duration = 2.268 | MSE = 146.2828

Running polya filter for radius = 3, bins = 64, delta = 140.
Initial MSE: 1066.4604
Iteration 1 of 50 | Duration = 2.918 | MSE = 162.9910
Iteration 2 of 50 | Duration = 2.896 | MSE = 145.1233
Iteration 3 of 50 | Duration = 2.179 | MSE = 146.2816

Running polya filter for radius = 3, bins = 64, delta = 160.
Initial MSE: 1066.4604
Iteration 1 of 50 | Duration = 2.685 | MSE = 162.9910
Iteration 2 of 50 | Duration = 3.225 | MSE = 145.1304
Iteration 3 of 50 | Duration = 2.184 | MSE = 146.3965

Running polya filter for radius = 3, bins = 64, delta = 180.
Initial MSE: 1066.4604
Iteration 1 of 50 | Duration = 2.618 | MSE = 162.9910
Iteration 2 of 50 | Duration = 3.034 | MSE = 145.0323
Iteration 3 of 50 | Duration = 2.326 | MSE = 146.5482

Running polya filter for radius = 3, bins = 64, delta = 200.
Initial MSE: 1066.4604
Iteration 1 of 50 | Duration = 2.578 | MSE = 162.9910
Iteration 2 of 50 | Duration = 3.229 | MSE = 145.0279
Iteration 3 of 50 | Duration = 2.326 | MSE = 146.5482

Running polya filter for radius = 3, bins = 128, delta = 20.
Initial MSE: 1066.4604
Iteration 1 of 50 | Duration = 7.003 | MSE = 1063.7797
Iteration 2 of 50 | Duration = 7.447 | MSE = 1063.7797
Iteration 3 of 50 | Duration = 7.668 | MSE = 1063.7797

Running polya filter for radius = 3, bins = 128, delta = 40.
Initial MSE: 1066.4604
Iteration 1 of 50 | Duration = 12.194 | MSE = 1063.7797
Iteration 2 of 50 | Duration = 10.029 | MSE = 1063.7797
Iteration 3 of 50 | Duration = 8.714 | MSE = 702.1494
Iteration 4 of 50 | Duration = 8.694 | MSE = 429.1896
Iteration 5 of 50 | Duration = 8.730 | MSE = 277.8449
Iteration 6 of 50 | Duration = 9.581 | MSE = 197.0793
Iteration 7 of 50 | Duration = 8.315 | MSE = 164.7224
Iteration 8 of 50 | Duration = 9.084 | MSE = 152.0511
Iteration 9 of 50 | Duration = 9.180 | MSE = 147.5819
Iteration 10 of 50 | Duration = 9.067 | MSE = 146.0061
Iteration 11 of 50 | Duration = 8.888 | MSE = 145.6491

Running polya filter for radius = 3, bins = 128, delta = 60.
Initial MSE: 1066.4604
Iteration 1 of 50 | Duration = 8.587 | MSE = 1063.7797
Iteration 2 of 50 | Duration = 8.699 | MSE = 643.0525
Iteration 3 of 50 | Duration = 7.874 | MSE = 306.6420
Iteration 4 of 50 | Duration = 9.565 | MSE = 178.2532
Iteration 5 of 50 | Duration = 8.073 | MSE = 150.4413
Iteration 6 of 50 | Duration = 8.075 | MSE = 145.2088
Iteration 7 of 50 | Duration = 8.445 | MSE = 144.5873
Iteration 8 of 50 | Duration = 8.527 | MSE = 144.8188

Running polya filter for radius = 3, bins = 128, delta = 80.
Initial MSE: 1066.4604
Iteration 1 of 50 | Duration = 7.868 | MSE = 1063.7797
Iteration 2 of 50 | Duration = 7.951 | MSE = 648.1408
Iteration 3 of 50 | Duration = 8.228 | MSE = 314.3619
Iteration 4 of 50 | Duration = 9.584 | MSE = 177.8383
Iteration 5 of 50 | Duration = 8.823 | MSE = 150.6227
Iteration 6 of 50 | Duration = 9.370 | MSE = 145.7339
Iteration 7 of 50 | Duration = 9.107 | MSE = 145.4517

Running polya filter for radius = 3, bins = 128, delta = 100.
Initial MSE: 1066.4604
Iteration 1 of 50 | Duration = 10.417 | MSE = 329.1131
Iteration 2 of 50 | Duration = 9.107 | MSE = 145.7950
Iteration 3 of 50 | Duration = 7.808 | MSE = 140.1915
Iteration 4 of 50 | Duration = 8.689 | MSE = 141.3031

Running polya filter for radius = 3, bins = 128, delta = 120.
Initial MSE: 1066.4604
Iteration 1 of 50 | Duration = 6.936 | MSE = 160.8007
Iteration 2 of 50 | Duration = 8.687 | MSE = 144.8323
Iteration 3 of 50 | Duration = 10.055 | MSE = 144.0450
Iteration 4 of 50 | Duration = 9.309 | MSE = 143.9128

Running polya filter for radius = 3, bins = 128, delta = 140.
Initial MSE: 1066.4604
Iteration 1 of 50 | Duration = 7.968 | MSE = 160.8007
Iteration 2 of 50 | Duration = 9.334 | MSE = 144.8068
Iteration 3 of 50 | Duration = 7.685 | MSE = 144.0514
Iteration 4 of 50 | Duration = 7.754 | MSE = 144.0514

Running polya filter for radius = 3, bins = 128, delta = 160.
Initial MSE: 1066.4604
Iteration 1 of 50 | Duration = 7.087 | MSE = 160.8007
Iteration 2 of 50 | Duration = 8.177 | MSE = 144.8165
Iteration 3 of 50 | Duration = 8.076 | MSE = 144.1578
Iteration 4 of 50 | Duration = 7.967 | MSE = 144.1426

Running polya filter for radius = 3, bins = 128, delta = 180.
Initial MSE: 1066.4604
Iteration 1 of 50 | Duration = 7.086 | MSE = 160.8007
Iteration 2 of 50 | Duration = 8.547 | MSE = 144.7014
Iteration 3 of 50 | Duration = 7.933 | MSE = 144.3002

Running polya filter for radius = 3, bins = 128, delta = 200.
Initial MSE: 1066.4604
Iteration 1 of 50 | Duration = 7.073 | MSE = 160.8007
Iteration 2 of 50 | Duration = 8.527 | MSE = 144.6984
Iteration 3 of 50 | Duration = 8.089 | MSE = 144.3005

Running polya filter for radius = 3, bins = 256, delta = 20.
Initial MSE: 1066.4604
Iteration 1 of 50 | Duration = 12.767 | MSE = 1063.2255
Iteration 2 of 50 | Duration = 12.904 | MSE = 1063.2255
Iteration 3 of 50 | Duration = 12.432 | MSE = 1063.2255

Running polya filter for radius = 3, bins = 256, delta = 40.
Initial MSE: 1066.4604
Iteration 1 of 50 | Duration = 11.491 | MSE = 1063.2255
Iteration 2 of 50 | Duration = 12.663 | MSE = 1063.2255
Iteration 3 of 50 | Duration = 12.654 | MSE = 754.0231
Iteration 4 of 50 | Duration = 13.193 | MSE = 493.5647
Iteration 5 of 50 | Duration = 13.476 | MSE = 336.9702
Iteration 6 of 50 | Duration = 13.481 | MSE = 235.0705
Iteration 7 of 50 | Duration = 13.654 | MSE = 187.5923
Iteration 8 of 50 | Duration = 13.592 | MSE = 164.2389
Iteration 9 of 50 | Duration = 13.877 | MSE = 153.3364
Iteration 10 of 50 | Duration = 13.704 | MSE = 148.5554
Iteration 11 of 50 | Duration = 13.465 | MSE = 146.6685
Iteration 12 of 50 | Duration = 13.816 | MSE = 146.2745

Running polya filter for radius = 3, bins = 256, delta = 60.
Initial MSE: 1066.4604
Iteration 1 of 50 | Duration = 11.891 | MSE = 1063.2255
Iteration 2 of 50 | Duration = 12.939 | MSE = 695.1334
Iteration 3 of 50 | Duration = 13.653 | MSE = 366.3709
Iteration 4 of 50 | Duration = 13.473 | MSE = 207.2056
Iteration 5 of 50 | Duration = 13.616 | MSE = 160.2797
Iteration 6 of 50 | Duration = 13.591 | MSE = 148.0972
Iteration 7 of 50 | Duration = 13.468 | MSE = 145.2366
Iteration 8 of 50 | Duration = 13.744 | MSE = 145.0438

Running polya filter for radius = 3, bins = 256, delta = 80.
Initial MSE: 1066.4604
Iteration 1 of 50 | Duration = 11.954 | MSE = 1063.2255
Iteration 2 of 50 | Duration = 12.369 | MSE = 697.9727
Iteration 3 of 50 | Duration = 12.730 | MSE = 375.8740
Iteration 4 of 50 | Duration = 13.426 | MSE = 205.7571
Iteration 5 of 50 | Duration = 13.528 | MSE = 159.9288
Iteration 6 of 50 | Duration = 13.911 | MSE = 148.3767
Iteration 7 of 50 | Duration = 13.833 | MSE = 146.1234
Iteration 8 of 50 | Duration = 13.802 | MSE = 146.0806

Running polya filter for radius = 3, bins = 256, delta = 100.
Initial MSE: 1066.4604
Iteration 1 of 50 | Duration = 13.524 | MSE = 331.0427
Iteration 2 of 50 | Duration = 13.820 | MSE = 145.8515
Iteration 3 of 50 | Duration = 13.307 | MSE = 140.2948
Iteration 4 of 50 | Duration = 13.342 | MSE = 141.3177

Running polya filter for radius = 3, bins = 256, delta = 120.
Initial MSE: 1066.4604
Iteration 1 of 50 | Duration = 11.167 | MSE = 160.9233
Iteration 2 of 50 | Duration = 13.772 | MSE = 145.7835
Iteration 3 of 50 | Duration = 13.180 | MSE = 144.0282
Iteration 4 of 50 | Duration = 13.527 | MSE = 143.9205

Running polya filter for radius = 3, bins = 256, delta = 140.
Initial MSE: 1066.4604
Iteration 1 of 50 | Duration = 11.793 | MSE = 160.9233
Iteration 2 of 50 | Duration = 14.402 | MSE = 145.7584
Iteration 3 of 50 | Duration = 13.316 | MSE = 144.0309
Iteration 4 of 50 | Duration = 13.554 | MSE = 144.0697

Running polya filter for radius = 3, bins = 256, delta = 160.
Initial MSE: 1066.4604
Iteration 1 of 50 | Duration = 11.309 | MSE = 160.9233
Iteration 2 of 50 | Duration = 13.299 | MSE = 145.7661
Iteration 3 of 50 | Duration = 13.046 | MSE = 144.1502
Iteration 4 of 50 | Duration = 13.868 | MSE = 144.1794

Running polya filter for radius = 3, bins = 256, delta = 180.
Initial MSE: 1066.4604
Iteration 1 of 50 | Duration = 11.330 | MSE = 160.9233
Iteration 2 of 50 | Duration = 13.854 | MSE = 145.6371
Iteration 3 of 50 | Duration = 12.914 | MSE = 144.2884
Iteration 4 of 50 | Duration = 13.299 | MSE = 144.4704

Running polya filter for radius = 3, bins = 256, delta = 200.
Initial MSE: 1066.4604
Iteration 1 of 50 | Duration = 11.366 | MSE = 160.9233
Iteration 2 of 50 | Duration = 13.554 | MSE = 145.6336
Iteration 3 of 50 | Duration = 12.984 | MSE = 144.2825
Iteration 4 of 50 | Duration = 13.471 | MSE = 144.4651

Optimal Median:  N = 8, MSE = 146.8677, PSNR = 26.4615, SSIM = 0.6857
