Log Started on 13-Mar-2018

Adding Noise
Optimizing for pentagon_speckle_and_binary_erasure_mid_optimal
Running polya filter for radius = 1, bins = 32, delta = 20.
Initial MSE: 1727.3032
Iteration 1 of 50 | Duration = 3.057 | MSE = 1722.9287
Iteration 2 of 50 | Duration = 2.493 | MSE = 1722.9287
Iteration 3 of 50 | Duration = 2.606 | MSE = 1722.9287
New optimal MSE: 1722.9287

Running polya filter for radius = 1, bins = 32, delta = 40.
Initial MSE: 1727.3032
Iteration 1 of 50 | Duration = 3.293 | MSE = 1722.9287
Iteration 2 of 50 | Duration = 2.614 | MSE = 1722.9287
Iteration 3 of 50 | Duration = 2.568 | MSE = 1432.5332
Iteration 4 of 50 | Duration = 2.467 | MSE = 1388.8911
Iteration 5 of 50 | Duration = 2.464 | MSE = 1383.6588
Iteration 6 of 50 | Duration = 2.889 | MSE = 1361.3479
Iteration 7 of 50 | Duration = 2.513 | MSE = 1358.1490
Iteration 8 of 50 | Duration = 2.616 | MSE = 1357.3789
Iteration 9 of 50 | Duration = 2.697 | MSE = 1318.7244
Iteration 10 of 50 | Duration = 2.639 | MSE = 1318.1735
Iteration 11 of 50 | Duration = 2.611 | MSE = 1317.6856
New optimal MSE: 1317.6856

Running polya filter for radius = 1, bins = 32, delta = 60.
Initial MSE: 1727.3032
Iteration 1 of 50 | Duration = 3.048 | MSE = 1722.9287
Iteration 2 of 50 | Duration = 2.481 | MSE = 1432.5332
Iteration 3 of 50 | Duration = 2.511 | MSE = 1388.4298
Iteration 4 of 50 | Duration = 2.825 | MSE = 1361.3511
Iteration 5 of 50 | Duration = 2.586 | MSE = 1357.7377
Iteration 6 of 50 | Duration = 2.620 | MSE = 1318.6034
Iteration 7 of 50 | Duration = 2.553 | MSE = 1317.9977
Iteration 8 of 50 | Duration = 2.685 | MSE = 1317.4282
Iteration 9 of 50 | Duration = 2.566 | MSE = 1310.3653
Iteration 10 of 50 | Duration = 2.517 | MSE = 1309.1911
Iteration 11 of 50 | Duration = 2.491 | MSE = 1309.5436
New optimal MSE: 1309.5436

Running polya filter for radius = 1, bins = 32, delta = 80.
Initial MSE: 1727.3032
Iteration 1 of 50 | Duration = 3.056 | MSE = 1722.9287
Iteration 2 of 50 | Duration = 2.503 | MSE = 1432.5332
Iteration 3 of 50 | Duration = 2.570 | MSE = 1389.6001
Iteration 4 of 50 | Duration = 3.034 | MSE = 1361.4521
Iteration 5 of 50 | Duration = 2.681 | MSE = 1357.9215
Iteration 6 of 50 | Duration = 2.619 | MSE = 1318.7600
Iteration 7 of 50 | Duration = 2.522 | MSE = 1317.9097
Iteration 8 of 50 | Duration = 2.495 | MSE = 1310.6494
Iteration 9 of 50 | Duration = 2.470 | MSE = 1310.3490

Running polya filter for radius = 1, bins = 32, delta = 100.
Initial MSE: 1727.3032
Iteration 1 of 50 | Duration = 5.399 | MSE = 1423.8834
Iteration 2 of 50 | Duration = 3.166 | MSE = 1368.2596
Iteration 3 of 50 | Duration = 2.867 | MSE = 1325.2112
Iteration 4 of 50 | Duration = 2.802 | MSE = 1313.9520
Iteration 5 of 50 | Duration = 2.594 | MSE = 1307.8701
Iteration 6 of 50 | Duration = 2.509 | MSE = 1305.1140
Iteration 7 of 50 | Duration = 2.529 | MSE = 1279.2134
Iteration 8 of 50 | Duration = 2.518 | MSE = 1273.3643
Iteration 9 of 50 | Duration = 2.534 | MSE = 1269.2985
Iteration 10 of 50 | Duration = 2.569 | MSE = 1268.0485
Iteration 11 of 50 | Duration = 2.793 | MSE = 1265.4176
Iteration 12 of 50 | Duration = 2.636 | MSE = 1264.9381
New optimal MSE: 1264.9381

Running polya filter for radius = 1, bins = 32, delta = 120.
Initial MSE: 1727.3032
Iteration 1 of 50 | Duration = 3.176 | MSE = 1397.5900
Iteration 2 of 50 | Duration = 3.236 | MSE = 1365.5409
Iteration 3 of 50 | Duration = 2.593 | MSE = 1313.4237
Iteration 4 of 50 | Duration = 2.525 | MSE = 1310.1255
Iteration 5 of 50 | Duration = 2.548 | MSE = 1308.4059
Iteration 6 of 50 | Duration = 2.578 | MSE = 1307.9308

Running polya filter for radius = 1, bins = 32, delta = 140.
Initial MSE: 1727.3032
Iteration 1 of 50 | Duration = 3.285 | MSE = 1397.5900
Iteration 2 of 50 | Duration = 3.430 | MSE = 1365.5409
Iteration 3 of 50 | Duration = 2.695 | MSE = 1313.4397
Iteration 4 of 50 | Duration = 2.521 | MSE = 1310.1179
Iteration 5 of 50 | Duration = 2.546 | MSE = 1308.4049
Iteration 6 of 50 | Duration = 2.529 | MSE = 1307.9406

Running polya filter for radius = 1, bins = 32, delta = 160.
Initial MSE: 1727.3032
Iteration 1 of 50 | Duration = 3.082 | MSE = 1397.5900
Iteration 2 of 50 | Duration = 3.337 | MSE = 1365.5409
Iteration 3 of 50 | Duration = 2.776 | MSE = 1319.5412
Iteration 4 of 50 | Duration = 2.651 | MSE = 1309.6969
Iteration 5 of 50 | Duration = 2.657 | MSE = 1308.0313
Iteration 6 of 50 | Duration = 2.539 | MSE = 1307.7052

Running polya filter for radius = 1, bins = 32, delta = 180.
Initial MSE: 1727.3032
Iteration 1 of 50 | Duration = 3.064 | MSE = 1397.5900
Iteration 2 of 50 | Duration = 3.261 | MSE = 1365.5262
Iteration 3 of 50 | Duration = 2.574 | MSE = 1319.5184
Iteration 4 of 50 | Duration = 2.699 | MSE = 1309.8245
Iteration 5 of 50 | Duration = 2.598 | MSE = 1308.0083
Iteration 6 of 50 | Duration = 2.700 | MSE = 1307.6891

Running polya filter for radius = 1, bins = 32, delta = 200.
Initial MSE: 1727.3032
Iteration 1 of 50 | Duration = 3.093 | MSE = 1397.5900
Iteration 2 of 50 | Duration = 3.232 | MSE = 1365.5248
Iteration 3 of 50 | Duration = 2.562 | MSE = 1319.5165
Iteration 4 of 50 | Duration = 2.527 | MSE = 1309.8237
Iteration 5 of 50 | Duration = 2.499 | MSE = 1308.0078
Iteration 6 of 50 | Duration = 2.558 | MSE = 1307.6888

Running polya filter for radius = 1, bins = 64, delta = 20.
Initial MSE: 1727.3032
Iteration 1 of 50 | Duration = 4.745 | MSE = 1719.0469
Iteration 2 of 50 | Duration = 3.962 | MSE = 1719.0469
Iteration 3 of 50 | Duration = 3.855 | MSE = 1719.0469

Running polya filter for radius = 1, bins = 64, delta = 40.
Initial MSE: 1727.3032
Iteration 1 of 50 | Duration = 4.594 | MSE = 1719.0469
Iteration 2 of 50 | Duration = 4.149 | MSE = 1719.0469
Iteration 3 of 50 | Duration = 4.091 | MSE = 1440.0951
Iteration 4 of 50 | Duration = 3.901 | MSE = 1395.3609
Iteration 5 of 50 | Duration = 3.799 | MSE = 1390.1975
Iteration 6 of 50 | Duration = 4.270 | MSE = 1358.2594
Iteration 7 of 50 | Duration = 4.007 | MSE = 1353.7246
Iteration 8 of 50 | Duration = 4.151 | MSE = 1352.2036
Iteration 9 of 50 | Duration = 4.070 | MSE = 1316.1094
Iteration 10 of 50 | Duration = 4.078 | MSE = 1315.4574
Iteration 11 of 50 | Duration = 3.855 | MSE = 1314.8400
Iteration 12 of 50 | Duration = 3.896 | MSE = 1314.6737

Running polya filter for radius = 1, bins = 64, delta = 60.
Initial MSE: 1727.3032
Iteration 1 of 50 | Duration = 4.568 | MSE = 1719.0469
Iteration 2 of 50 | Duration = 3.891 | MSE = 1440.0951
Iteration 3 of 50 | Duration = 3.860 | MSE = 1394.4796
Iteration 4 of 50 | Duration = 4.653 | MSE = 1357.8789
Iteration 5 of 50 | Duration = 4.178 | MSE = 1352.4923
Iteration 6 of 50 | Duration = 4.095 | MSE = 1316.0305
Iteration 7 of 50 | Duration = 3.912 | MSE = 1315.2676
Iteration 8 of 50 | Duration = 3.904 | MSE = 1314.5196
Iteration 9 of 50 | Duration = 3.920 | MSE = 1306.3415
Iteration 10 of 50 | Duration = 4.178 | MSE = 1305.2386
Iteration 11 of 50 | Duration = 3.894 | MSE = 1305.3489

Running polya filter for radius = 1, bins = 64, delta = 80.
Initial MSE: 1727.3032
Iteration 1 of 50 | Duration = 4.745 | MSE = 1719.0469
Iteration 2 of 50 | Duration = 4.023 | MSE = 1440.0951
Iteration 3 of 50 | Duration = 4.120 | MSE = 1396.4330
Iteration 4 of 50 | Duration = 4.483 | MSE = 1358.3737
Iteration 5 of 50 | Duration = 3.979 | MSE = 1352.9478
Iteration 6 of 50 | Duration = 3.906 | MSE = 1316.2172
Iteration 7 of 50 | Duration = 3.938 | MSE = 1315.0242
Iteration 8 of 50 | Duration = 3.922 | MSE = 1306.8131
Iteration 9 of 50 | Duration = 3.860 | MSE = 1306.3903

Running polya filter for radius = 1, bins = 64, delta = 100.
Initial MSE: 1727.3032
Iteration 1 of 50 | Duration = 7.600 | MSE = 1420.8788
Iteration 2 of 50 | Duration = 4.932 | MSE = 1364.4309
Iteration 3 of 50 | Duration = 4.210 | MSE = 1323.7002
Iteration 4 of 50 | Duration = 4.102 | MSE = 1311.3541
Iteration 5 of 50 | Duration = 4.004 | MSE = 1303.5526
Iteration 6 of 50 | Duration = 3.982 | MSE = 1301.1219
Iteration 7 of 50 | Duration = 3.904 | MSE = 1278.0089
Iteration 8 of 50 | Duration = 4.139 | MSE = 1271.6691
Iteration 9 of 50 | Duration = 4.040 | MSE = 1267.5144
Iteration 10 of 50 | Duration = 4.160 | MSE = 1266.0130
Iteration 11 of 50 | Duration = 4.061 | MSE = 1262.0435
Iteration 12 of 50 | Duration = 3.869 | MSE = 1261.4983
Iteration 13 of 50 | Duration = 3.897 | MSE = 1261.0120
New optimal MSE: 1261.0120

Running polya filter for radius = 1, bins = 64, delta = 120.
Initial MSE: 1727.3032
Iteration 1 of 50 | Duration = 4.659 | MSE = 1393.7080
Iteration 2 of 50 | Duration = 4.890 | MSE = 1359.6142
Iteration 3 of 50 | Duration = 4.219 | MSE = 1309.7714
Iteration 4 of 50 | Duration = 4.127 | MSE = 1306.4879
Iteration 5 of 50 | Duration = 4.162 | MSE = 1304.3982
Iteration 6 of 50 | Duration = 4.128 | MSE = 1303.8091
Iteration 7 of 50 | Duration = 3.915 | MSE = 1271.3565
Iteration 8 of 50 | Duration = 3.913 | MSE = 1271.0449

Running polya filter for radius = 1, bins = 64, delta = 140.
Initial MSE: 1727.3032
Iteration 1 of 50 | Duration = 4.602 | MSE = 1393.7080
Iteration 2 of 50 | Duration = 4.936 | MSE = 1359.6142
Iteration 3 of 50 | Duration = 4.082 | MSE = 1309.7868
Iteration 4 of 50 | Duration = 4.239 | MSE = 1306.4732
Iteration 5 of 50 | Duration = 4.197 | MSE = 1304.4019
Iteration 6 of 50 | Duration = 4.178 | MSE = 1303.8207
Iteration 7 of 50 | Duration = 3.995 | MSE = 1271.4421
Iteration 8 of 50 | Duration = 3.891 | MSE = 1271.1339

Running polya filter for radius = 1, bins = 64, delta = 160.
Initial MSE: 1727.3032
Iteration 1 of 50 | Duration = 4.605 | MSE = 1393.7080
Iteration 2 of 50 | Duration = 4.891 | MSE = 1359.6142
Iteration 3 of 50 | Duration = 4.095 | MSE = 1316.8482
Iteration 4 of 50 | Duration = 4.030 | MSE = 1305.7857
Iteration 5 of 50 | Duration = 4.266 | MSE = 1304.0825
Iteration 6 of 50 | Duration = 4.143 | MSE = 1303.6784

Running polya filter for radius = 1, bins = 64, delta = 180.
Initial MSE: 1727.3032
Iteration 1 of 50 | Duration = 4.772 | MSE = 1393.7080
Iteration 2 of 50 | Duration = 4.902 | MSE = 1359.5982
Iteration 3 of 50 | Duration = 4.051 | MSE = 1316.8301
Iteration 4 of 50 | Duration = 3.950 | MSE = 1305.9996
Iteration 5 of 50 | Duration = 3.976 | MSE = 1304.0619
Iteration 6 of 50 | Duration = 3.942 | MSE = 1303.6661

Running polya filter for radius = 1, bins = 64, delta = 200.
Initial MSE: 1727.3032
Iteration 1 of 50 | Duration = 4.900 | MSE = 1393.7080
Iteration 2 of 50 | Duration = 5.129 | MSE = 1359.5975
Iteration 3 of 50 | Duration = 4.301 | MSE = 1316.8282
Iteration 4 of 50 | Duration = 3.945 | MSE = 1305.9988
Iteration 5 of 50 | Duration = 3.924 | MSE = 1304.0616
Iteration 6 of 50 | Duration = 3.967 | MSE = 1303.6658

Running polya filter for radius = 1, bins = 128, delta = 20.
Initial MSE: 1727.3032
Iteration 1 of 50 | Duration = 17.387 | MSE = 1720.8748
Iteration 2 of 50 | Duration = 17.444 | MSE = 1720.8748
Iteration 3 of 50 | Duration = 16.829 | MSE = 1720.8748

Running polya filter for radius = 1, bins = 128, delta = 40.
Initial MSE: 1727.3032
Iteration 1 of 50 | Duration = 17.209 | MSE = 1720.8748
Iteration 2 of 50 | Duration = 16.771 | MSE = 1720.8748
Iteration 3 of 50 | Duration = 17.287 | MSE = 1447.1909
Iteration 4 of 50 | Duration = 16.661 | MSE = 1402.8412
Iteration 5 of 50 | Duration = 17.201 | MSE = 1397.5300
Iteration 6 of 50 | Duration = 17.563 | MSE = 1359.3427
Iteration 7 of 50 | Duration = 17.332 | MSE = 1353.8663
Iteration 8 of 50 | Duration = 16.790 | MSE = 1351.6210
Iteration 9 of 50 | Duration = 17.370 | MSE = 1317.0133
Iteration 10 of 50 | Duration = 16.840 | MSE = 1316.2557
Iteration 11 of 50 | Duration = 17.033 | MSE = 1315.6485
Iteration 12 of 50 | Duration = 17.157 | MSE = 1315.4586

Running polya filter for radius = 1, bins = 128, delta = 60.
Initial MSE: 1727.3032
Iteration 1 of 50 | Duration = 17.382 | MSE = 1720.8748
Iteration 2 of 50 | Duration = 17.028 | MSE = 1447.1909
Iteration 3 of 50 | Duration = 16.807 | MSE = 1401.7376
Iteration 4 of 50 | Duration = 17.672 | MSE = 1358.6209
Iteration 5 of 50 | Duration = 16.895 | MSE = 1351.8338
Iteration 6 of 50 | Duration = 17.139 | MSE = 1316.9446
Iteration 7 of 50 | Duration = 16.867 | MSE = 1316.1010
Iteration 8 of 50 | Duration = 17.158 | MSE = 1315.3274
Iteration 9 of 50 | Duration = 16.821 | MSE = 1306.0545
Iteration 10 of 50 | Duration = 17.325 | MSE = 1305.0042
Iteration 11 of 50 | Duration = 16.768 | MSE = 1305.0649

Running polya filter for radius = 1, bins = 128, delta = 80.
Initial MSE: 1727.3032
Iteration 1 of 50 | Duration = 17.748 | MSE = 1720.8748
Iteration 2 of 50 | Duration = 16.669 | MSE = 1447.1909
Iteration 3 of 50 | Duration = 17.355 | MSE = 1404.2063
Iteration 4 of 50 | Duration = 17.411 | MSE = 1359.3791
Iteration 5 of 50 | Duration = 17.506 | MSE = 1352.5420
Iteration 6 of 50 | Duration = 16.908 | MSE = 1317.2114
Iteration 7 of 50 | Duration = 17.194 | MSE = 1315.8086
Iteration 8 of 50 | Duration = 17.004 | MSE = 1306.8908
Iteration 9 of 50 | Duration = 17.025 | MSE = 1306.3668
Iteration 10 of 50 | Duration = 17.228 | MSE = 1305.2776
Iteration 11 of 50 | Duration = 16.979 | MSE = 1304.8920

Running polya filter for radius = 1, bins = 128, delta = 100.
Initial MSE: 1727.3032
Iteration 1 of 50 | Duration = 20.935 | MSE = 1422.3769
Iteration 2 of 50 | Duration = 18.536 | MSE = 1364.5833
Iteration 3 of 50 | Duration = 17.032 | MSE = 1324.2433
Iteration 4 of 50 | Duration = 17.727 | MSE = 1311.9956
Iteration 5 of 50 | Duration = 17.184 | MSE = 1303.2218
Iteration 6 of 50 | Duration = 17.229 | MSE = 1300.9679
Iteration 7 of 50 | Duration = 16.809 | MSE = 1278.9385
Iteration 8 of 50 | Duration = 17.116 | MSE = 1272.8922
Iteration 9 of 50 | Duration = 17.004 | MSE = 1268.5358
Iteration 10 of 50 | Duration = 16.825 | MSE = 1266.8794
Iteration 11 of 50 | Duration = 17.245 | MSE = 1262.2400
Iteration 12 of 50 | Duration = 16.784 | MSE = 1261.6332
Iteration 13 of 50 | Duration = 17.230 | MSE = 1260.9241
Iteration 14 of 50 | Duration = 16.828 | MSE = 1260.7861
New optimal MSE: 1260.7861

Running polya filter for radius = 1, bins = 128, delta = 120.
Initial MSE: 1727.3032
Iteration 1 of 50 | Duration = 17.738 | MSE = 1394.0622
Iteration 2 of 50 | Duration = 18.281 | MSE = 1359.1155
Iteration 3 of 50 | Duration = 17.542 | MSE = 1309.7175
Iteration 4 of 50 | Duration = 16.687 | MSE = 1306.4720
Iteration 5 of 50 | Duration = 17.170 | MSE = 1304.2006
Iteration 6 of 50 | Duration = 17.093 | MSE = 1303.5806
Iteration 7 of 50 | Duration = 16.813 | MSE = 1271.9116
Iteration 8 of 50 | Duration = 17.223 | MSE = 1271.5573

Running polya filter for radius = 1, bins = 128, delta = 140.
Initial MSE: 1727.3032
Iteration 1 of 50 | Duration = 17.119 | MSE = 1394.0622
Iteration 2 of 50 | Duration = 18.800 | MSE = 1359.1155
Iteration 3 of 50 | Duration = 16.981 | MSE = 1309.7321
Iteration 4 of 50 | Duration = 17.135 | MSE = 1306.4514
Iteration 5 of 50 | Duration = 16.767 | MSE = 1304.2319
Iteration 6 of 50 | Duration = 17.556 | MSE = 1303.5743
Iteration 7 of 50 | Duration = 16.790 | MSE = 1271.9286
Iteration 8 of 50 | Duration = 17.569 | MSE = 1271.5698

Running polya filter for radius = 1, bins = 128, delta = 160.
Initial MSE: 1727.3032
Iteration 1 of 50 | Duration = 16.847 | MSE = 1394.0622
Iteration 2 of 50 | Duration = 18.939 | MSE = 1359.1155
Iteration 3 of 50 | Duration = 16.942 | MSE = 1317.6962
Iteration 4 of 50 | Duration = 17.375 | MSE = 1305.5904
Iteration 5 of 50 | Duration = 16.660 | MSE = 1303.9291
Iteration 6 of 50 | Duration = 17.376 | MSE = 1303.4466

Running polya filter for radius = 1, bins = 128, delta = 180.
Initial MSE: 1727.3032
Iteration 1 of 50 | Duration = 17.065 | MSE = 1394.0622
Iteration 2 of 50 | Duration = 18.632 | MSE = 1359.0951
Iteration 3 of 50 | Duration = 17.106 | MSE = 1317.6765
Iteration 4 of 50 | Duration = 16.898 | MSE = 1305.9692
Iteration 5 of 50 | Duration = 17.229 | MSE = 1303.9110
Iteration 6 of 50 | Duration = 16.892 | MSE = 1303.4343

Running polya filter for radius = 1, bins = 128, delta = 200.
Initial MSE: 1727.3032
Iteration 1 of 50 | Duration = 17.520 | MSE = 1394.0622
Iteration 2 of 50 | Duration = 18.352 | MSE = 1359.0941
Iteration 3 of 50 | Duration = 17.387 | MSE = 1317.6745
Iteration 4 of 50 | Duration = 16.908 | MSE = 1305.9683
Iteration 5 of 50 | Duration = 17.275 | MSE = 1303.9103
Iteration 6 of 50 | Duration = 16.756 | MSE = 1303.4338

Running polya filter for radius = 1, bins = 256, delta = 20.
Initial MSE: 1727.3032
Iteration 1 of 50 | Duration = 30.292 | MSE = 1726.7916
Iteration 2 of 50 | Duration = 30.333 | MSE = 1726.7916
Iteration 3 of 50 | Duration = 29.347 | MSE = 1726.7916

Running polya filter for radius = 1, bins = 256, delta = 40.
Initial MSE: 1727.3032
Iteration 1 of 50 | Duration = 29.442 | MSE = 1726.7916
Iteration 2 of 50 | Duration = 29.743 | MSE = 1726.7916
Iteration 3 of 50 | Duration = 30.104 | MSE = 1452.5162
Iteration 4 of 50 | Duration = 30.267 | MSE = 1408.1357
Iteration 5 of 50 | Duration = 29.908 | MSE = 1402.5310
Iteration 6 of 50 | Duration = 30.823 | MSE = 1360.4246
Iteration 7 of 50 | Duration = 29.992 | MSE = 1354.2073
Iteration 8 of 50 | Duration = 30.164 | MSE = 1351.4674
Iteration 9 of 50 | Duration = 30.474 | MSE = 1317.3569
Iteration 10 of 50 | Duration = 30.589 | MSE = 1316.5102
Iteration 11 of 50 | Duration = 30.072 | MSE = 1315.8755
Iteration 12 of 50 | Duration = 29.998 | MSE = 1315.6568

Running polya filter for radius = 1, bins = 256, delta = 60.
Initial MSE: 1727.3032
Iteration 1 of 50 | Duration = 29.899 | MSE = 1726.7916
Iteration 2 of 50 | Duration = 29.656 | MSE = 1452.5162
Iteration 3 of 50 | Duration = 29.798 | MSE = 1406.8610
Iteration 4 of 50 | Duration = 30.790 | MSE = 1359.5001
Iteration 5 of 50 | Duration = 30.123 | MSE = 1351.6420
Iteration 6 of 50 | Duration = 30.249 | MSE = 1317.2861
Iteration 7 of 50 | Duration = 30.472 | MSE = 1316.3711
Iteration 8 of 50 | Duration = 30.723 | MSE = 1315.5534
Iteration 9 of 50 | Duration = 30.755 | MSE = 1305.8829
Iteration 10 of 50 | Duration = 30.716 | MSE = 1304.8066
Iteration 11 of 50 | Duration = 30.902 | MSE = 1304.7947

Running polya filter for radius = 1, bins = 256, delta = 80.
Initial MSE: 1727.3032
Iteration 1 of 50 | Duration = 29.708 | MSE = 1726.7916
Iteration 2 of 50 | Duration = 30.036 | MSE = 1452.5162
Iteration 3 of 50 | Duration = 30.161 | MSE = 1409.6814
Iteration 4 of 50 | Duration = 31.476 | MSE = 1360.4766
Iteration 5 of 50 | Duration = 30.670 | MSE = 1352.5196
Iteration 6 of 50 | Duration = 30.802 | MSE = 1317.5448
Iteration 7 of 50 | Duration = 30.811 | MSE = 1315.9608
Iteration 8 of 50 | Duration = 30.961 | MSE = 1306.8506
Iteration 9 of 50 | Duration = 30.010 | MSE = 1306.2894
Iteration 10 of 50 | Duration = 30.429 | MSE = 1305.2121
Iteration 11 of 50 | Duration = 30.208 | MSE = 1304.6727
Iteration 12 of 50 | Duration = 30.673 | MSE = 1304.0678
Iteration 13 of 50 | Duration = 30.552 | MSE = 1304.1447

Running polya filter for radius = 1, bins = 256, delta = 100.
Initial MSE: 1727.3032
Iteration 1 of 50 | Duration = 33.566 | MSE = 1425.3640
Iteration 2 of 50 | Duration = 31.509 | MSE = 1365.5056
Iteration 3 of 50 | Duration = 30.496 | MSE = 1325.1069
Iteration 4 of 50 | Duration = 30.608 | MSE = 1312.7319
Iteration 5 of 50 | Duration = 30.529 | MSE = 1303.3806
Iteration 6 of 50 | Duration = 30.367 | MSE = 1301.1148
Iteration 7 of 50 | Duration = 30.684 | MSE = 1279.5179
Iteration 8 of 50 | Duration = 30.284 | MSE = 1273.7187
Iteration 9 of 50 | Duration = 30.486 | MSE = 1269.2289
Iteration 10 of 50 | Duration = 30.575 | MSE = 1267.4863
Iteration 11 of 50 | Duration = 30.084 | MSE = 1262.4649
Iteration 12 of 50 | Duration = 30.911 | MSE = 1261.8415
Iteration 13 of 50 | Duration = 30.268 | MSE = 1260.9914
Iteration 14 of 50 | Duration = 30.641 | MSE = 1260.8447

Running polya filter for radius = 1, bins = 256, delta = 120.
Initial MSE: 1727.3032
Iteration 1 of 50 | Duration = 29.965 | MSE = 1395.3576
Iteration 2 of 50 | Duration = 31.785 | MSE = 1359.4503
Iteration 3 of 50 | Duration = 30.592 | MSE = 1309.6791
Iteration 4 of 50 | Duration = 30.184 | MSE = 1306.4715
Iteration 5 of 50 | Duration = 30.705 | MSE = 1304.0155
Iteration 6 of 50 | Duration = 30.259 | MSE = 1303.3355
Iteration 7 of 50 | Duration = 30.491 | MSE = 1272.0182
Iteration 8 of 50 | Duration = 30.344 | MSE = 1271.6272

Running polya filter for radius = 1, bins = 256, delta = 140.
Initial MSE: 1727.3032
Iteration 1 of 50 | Duration = 29.987 | MSE = 1395.3576
Iteration 2 of 50 | Duration = 32.007 | MSE = 1359.4503
Iteration 3 of 50 | Duration = 30.265 | MSE = 1309.6918
Iteration 4 of 50 | Duration = 30.668 | MSE = 1306.4455
Iteration 5 of 50 | Duration = 30.142 | MSE = 1304.0472
Iteration 6 of 50 | Duration = 30.611 | MSE = 1303.3268
Iteration 7 of 50 | Duration = 30.392 | MSE = 1272.0333
Iteration 8 of 50 | Duration = 30.583 | MSE = 1271.6385

Running polya filter for radius = 1, bins = 256, delta = 160.
Initial MSE: 1727.3032
Iteration 1 of 50 | Duration = 29.993 | MSE = 1395.3576
Iteration 2 of 50 | Duration = 31.671 | MSE = 1359.4503
Iteration 3 of 50 | Duration = 30.760 | MSE = 1318.1261
Iteration 4 of 50 | Duration = 30.280 | MSE = 1305.4830
Iteration 5 of 50 | Duration = 30.760 | MSE = 1303.7451
Iteration 6 of 50 | Duration = 30.233 | MSE = 1303.2247
Iteration 7 of 50 | Duration = 30.372 | MSE = 1278.2124
Iteration 8 of 50 | Duration = 30.523 | MSE = 1273.1032
Iteration 9 of 50 | Duration = 30.199 | MSE = 1266.8927
Iteration 10 of 50 | Duration = 30.642 | MSE = 1265.0258
Iteration 11 of 50 | Duration = 30.143 | MSE = 1264.1539
Iteration 12 of 50 | Duration = 30.430 | MSE = 1263.9256

Running polya filter for radius = 1, bins = 256, delta = 180.
Initial MSE: 1727.3032
Iteration 1 of 50 | Duration = 29.616 | MSE = 1395.3576
Iteration 2 of 50 | Duration = 31.962 | MSE = 1359.4298
Iteration 3 of 50 | Duration = 30.670 | MSE = 1318.1012
Iteration 4 of 50 | Duration = 30.304 | MSE = 1305.9764
Iteration 5 of 50 | Duration = 30.564 | MSE = 1303.7249
Iteration 6 of 50 | Duration = 29.948 | MSE = 1303.2152
Iteration 7 of 50 | Duration = 30.591 | MSE = 1278.2021
Iteration 8 of 50 | Duration = 30.430 | MSE = 1273.1039
Iteration 9 of 50 | Duration = 30.402 | MSE = 1266.8867
Iteration 10 of 50 | Duration = 30.336 | MSE = 1265.2515
Iteration 11 of 50 | Duration = 30.293 | MSE = 1264.1158
Iteration 12 of 50 | Duration = 30.476 | MSE = 1263.9710

Running polya filter for radius = 1, bins = 256, delta = 200.
Initial MSE: 1727.3032
Iteration 1 of 50 | Duration = 29.874 | MSE = 1395.3576
Iteration 2 of 50 | Duration = 32.241 | MSE = 1359.4289
Iteration 3 of 50 | Duration = 30.668 | MSE = 1318.0992
Iteration 4 of 50 | Duration = 30.793 | MSE = 1305.9757
Iteration 5 of 50 | Duration = 30.788 | MSE = 1303.7243
Iteration 6 of 50 | Duration = 30.612 | MSE = 1303.2147
Iteration 7 of 50 | Duration = 30.642 | MSE = 1278.2015
Iteration 8 of 50 | Duration = 30.617 | MSE = 1273.1035
Iteration 9 of 50 | Duration = 30.444 | MSE = 1266.8863
Iteration 10 of 50 | Duration = 30.586 | MSE = 1265.2510
Iteration 11 of 50 | Duration = 30.726 | MSE = 1264.1153
Iteration 12 of 50 | Duration = 30.360 | MSE = 1263.9705

Running polya filter for radius = 2, bins = 32, delta = 20.
Initial MSE: 1727.3032
Iteration 1 of 50 | Duration = 3.616 | MSE = 1722.9287
Iteration 2 of 50 | Duration = 2.800 | MSE = 1722.9287
Iteration 3 of 50 | Duration = 2.729 | MSE = 1722.9287

Running polya filter for radius = 2, bins = 32, delta = 40.
Initial MSE: 1727.3032
Iteration 1 of 50 | Duration = 3.450 | MSE = 1722.9287
Iteration 2 of 50 | Duration = 2.660 | MSE = 1722.9287
Iteration 3 of 50 | Duration = 2.622 | MSE = 956.0749
Iteration 4 of 50 | Duration = 2.647 | MSE = 594.5953
Iteration 5 of 50 | Duration = 2.602 | MSE = 432.8566
Iteration 6 of 50 | Duration = 2.822 | MSE = 369.9191
Iteration 7 of 50 | Duration = 2.795 | MSE = 355.8420
Iteration 8 of 50 | Duration = 2.853 | MSE = 352.3787
Iteration 9 of 50 | Duration = 2.802 | MSE = 350.1639
Iteration 10 of 50 | Duration = 2.824 | MSE = 348.1682
Iteration 11 of 50 | Duration = 2.786 | MSE = 347.2082
Iteration 12 of 50 | Duration = 2.664 | MSE = 346.3148
Iteration 13 of 50 | Duration = 2.645 | MSE = 345.5518
Iteration 14 of 50 | Duration = 2.702 | MSE = 344.9485
Iteration 15 of 50 | Duration = 2.662 | MSE = 344.1440
Iteration 16 of 50 | Duration = 2.658 | MSE = 343.7166
New optimal MSE: 343.7166

Running polya filter for radius = 2, bins = 32, delta = 60.
Initial MSE: 1727.3032
Iteration 1 of 50 | Duration = 3.436 | MSE = 1722.9287
Iteration 2 of 50 | Duration = 2.673 | MSE = 871.0628
Iteration 3 of 50 | Duration = 2.834 | MSE = 453.8197
Iteration 4 of 50 | Duration = 3.087 | MSE = 362.5726
Iteration 5 of 50 | Duration = 2.886 | MSE = 356.0613
Iteration 6 of 50 | Duration = 2.925 | MSE = 351.3957
Iteration 7 of 50 | Duration = 2.673 | MSE = 351.0244

Running polya filter for radius = 2, bins = 32, delta = 80.
Initial MSE: 1727.3032
Iteration 1 of 50 | Duration = 3.432 | MSE = 1722.9287
Iteration 2 of 50 | Duration = 2.649 | MSE = 873.5720
Iteration 3 of 50 | Duration = 2.710 | MSE = 470.4957
Iteration 4 of 50 | Duration = 2.942 | MSE = 361.6532
Iteration 5 of 50 | Duration = 2.650 | MSE = 355.9185
Iteration 6 of 50 | Duration = 2.722 | MSE = 350.6315
Iteration 7 of 50 | Duration = 2.852 | MSE = 349.6610
Iteration 8 of 50 | Duration = 2.941 | MSE = 346.8096
Iteration 9 of 50 | Duration = 2.773 | MSE = 346.5068

Running polya filter for radius = 2, bins = 32, delta = 100.
Initial MSE: 1727.3032
Iteration 1 of 50 | Duration = 6.431 | MSE = 637.1564
Iteration 2 of 50 | Duration = 3.404 | MSE = 368.4934
Iteration 3 of 50 | Duration = 2.865 | MSE = 349.3806
Iteration 4 of 50 | Duration = 2.884 | MSE = 345.5210
Iteration 5 of 50 | Duration = 2.773 | MSE = 343.8012
Iteration 6 of 50 | Duration = 2.758 | MSE = 341.0175
Iteration 7 of 50 | Duration = 2.874 | MSE = 338.8996
Iteration 8 of 50 | Duration = 2.837 | MSE = 337.9575
Iteration 9 of 50 | Duration = 2.822 | MSE = 336.5166
Iteration 10 of 50 | Duration = 2.852 | MSE = 335.0626
Iteration 11 of 50 | Duration = 2.691 | MSE = 334.1986
Iteration 12 of 50 | Duration = 2.685 | MSE = 333.5928
Iteration 13 of 50 | Duration = 2.645 | MSE = 333.4719
New optimal MSE: 333.4719

Running polya filter for radius = 2, bins = 32, delta = 120.
Initial MSE: 1727.3032
Iteration 1 of 50 | Duration = 3.419 | MSE = 386.9131
Iteration 2 of 50 | Duration = 3.516 | MSE = 360.4075
Iteration 3 of 50 | Duration = 2.711 | MSE = 354.1111
Iteration 4 of 50 | Duration = 2.795 | MSE = 350.0318
Iteration 5 of 50 | Duration = 2.856 | MSE = 347.8442
Iteration 6 of 50 | Duration = 2.881 | MSE = 345.7543
Iteration 7 of 50 | Duration = 2.763 | MSE = 343.8737
Iteration 8 of 50 | Duration = 2.760 | MSE = 343.1975
Iteration 9 of 50 | Duration = 2.631 | MSE = 341.2668
Iteration 10 of 50 | Duration = 2.676 | MSE = 340.2504
Iteration 11 of 50 | Duration = 2.617 | MSE = 339.6025
Iteration 12 of 50 | Duration = 2.705 | MSE = 339.0599
Iteration 13 of 50 | Duration = 2.677 | MSE = 338.7474

Running polya filter for radius = 2, bins = 32, delta = 140.
Initial MSE: 1727.3032
Iteration 1 of 50 | Duration = 3.406 | MSE = 386.9131
Iteration 2 of 50 | Duration = 3.600 | MSE = 360.4060
Iteration 3 of 50 | Duration = 2.821 | MSE = 354.2126
Iteration 4 of 50 | Duration = 2.890 | MSE = 349.9687
Iteration 5 of 50 | Duration = 2.814 | MSE = 347.5820
Iteration 6 of 50 | Duration = 2.875 | MSE = 345.7821
Iteration 7 of 50 | Duration = 2.639 | MSE = 344.0393
Iteration 8 of 50 | Duration = 2.669 | MSE = 343.0600
Iteration 9 of 50 | Duration = 2.623 | MSE = 341.5012
Iteration 10 of 50 | Duration = 2.674 | MSE = 340.1696
Iteration 11 of 50 | Duration = 2.625 | MSE = 339.7480

Running polya filter for radius = 2, bins = 32, delta = 160.
Initial MSE: 1727.3032
Iteration 1 of 50 | Duration = 3.450 | MSE = 386.9131
Iteration 2 of 50 | Duration = 3.605 | MSE = 360.4065
Iteration 3 of 50 | Duration = 2.863 | MSE = 354.9253
Iteration 4 of 50 | Duration = 2.922 | MSE = 349.8152
Iteration 5 of 50 | Duration = 2.780 | MSE = 347.4749
Iteration 6 of 50 | Duration = 2.865 | MSE = 345.9765
Iteration 7 of 50 | Duration = 2.650 | MSE = 344.2107
Iteration 8 of 50 | Duration = 2.659 | MSE = 343.1461
Iteration 9 of 50 | Duration = 2.616 | MSE = 341.6910
Iteration 10 of 50 | Duration = 2.666 | MSE = 340.2898
Iteration 11 of 50 | Duration = 2.635 | MSE = 339.7573
Iteration 12 of 50 | Duration = 2.682 | MSE = 339.2048
Iteration 13 of 50 | Duration = 2.633 | MSE = 337.8879
Iteration 14 of 50 | Duration = 2.791 | MSE = 337.2846
Iteration 15 of 50 | Duration = 2.756 | MSE = 336.0513
Iteration 16 of 50 | Duration = 2.791 | MSE = 335.2789
Iteration 17 of 50 | Duration = 2.789 | MSE = 334.6041
Iteration 18 of 50 | Duration = 2.770 | MSE = 334.1813

Running polya filter for radius = 2, bins = 32, delta = 180.
Initial MSE: 1727.3032
Iteration 1 of 50 | Duration = 3.426 | MSE = 386.9131
Iteration 2 of 50 | Duration = 3.549 | MSE = 360.2860
Iteration 3 of 50 | Duration = 2.716 | MSE = 354.8105
Iteration 4 of 50 | Duration = 2.755 | MSE = 349.8344
Iteration 5 of 50 | Duration = 2.701 | MSE = 347.4898
Iteration 6 of 50 | Duration = 2.740 | MSE = 345.9685
Iteration 7 of 50 | Duration = 2.883 | MSE = 344.1562
Iteration 8 of 50 | Duration = 2.818 | MSE = 343.2508
Iteration 9 of 50 | Duration = 2.775 | MSE = 341.5947
Iteration 10 of 50 | Duration = 2.818 | MSE = 340.2330
Iteration 11 of 50 | Duration = 2.732 | MSE = 339.8103

Running polya filter for radius = 2, bins = 32, delta = 200.
Initial MSE: 1727.3032
Iteration 1 of 50 | Duration = 3.388 | MSE = 386.9131
Iteration 2 of 50 | Duration = 3.534 | MSE = 360.2820
Iteration 3 of 50 | Duration = 2.700 | MSE = 354.8069
Iteration 4 of 50 | Duration = 2.782 | MSE = 349.8316
Iteration 5 of 50 | Duration = 2.663 | MSE = 347.4859
Iteration 6 of 50 | Duration = 2.766 | MSE = 345.9664
Iteration 7 of 50 | Duration = 2.774 | MSE = 344.1561
Iteration 8 of 50 | Duration = 2.814 | MSE = 343.2509
Iteration 9 of 50 | Duration = 2.781 | MSE = 341.5952
Iteration 10 of 50 | Duration = 2.808 | MSE = 340.2327
Iteration 11 of 50 | Duration = 2.717 | MSE = 339.8097

Running polya filter for radius = 2, bins = 64, delta = 20.
Initial MSE: 1727.3032
Iteration 1 of 50 | Duration = 5.182 | MSE = 1719.0469
Iteration 2 of 50 | Duration = 4.254 | MSE = 1719.0469
Iteration 3 of 50 | Duration = 4.281 | MSE = 1719.0469

Running polya filter for radius = 2, bins = 64, delta = 40.
Initial MSE: 1727.3032
Iteration 1 of 50 | Duration = 5.452 | MSE = 1719.0469
Iteration 2 of 50 | Duration = 4.381 | MSE = 1719.0469
Iteration 3 of 50 | Duration = 4.184 | MSE = 1096.2597
Iteration 4 of 50 | Duration = 4.163 | MSE = 728.4757
Iteration 5 of 50 | Duration = 4.181 | MSE = 535.2147
Iteration 6 of 50 | Duration = 4.459 | MSE = 407.6432
Iteration 7 of 50 | Duration = 4.343 | MSE = 368.9910
Iteration 8 of 50 | Duration = 4.532 | MSE = 353.4648
Iteration 9 of 50 | Duration = 4.478 | MSE = 348.7077
Iteration 10 of 50 | Duration = 4.363 | MSE = 346.1182
Iteration 11 of 50 | Duration = 4.164 | MSE = 344.7691
Iteration 12 of 50 | Duration = 4.221 | MSE = 343.6986
Iteration 13 of 50 | Duration = 4.214 | MSE = 342.8584
Iteration 14 of 50 | Duration = 4.192 | MSE = 342.2432
Iteration 15 of 50 | Duration = 4.453 | MSE = 341.4785
Iteration 16 of 50 | Duration = 4.454 | MSE = 340.9764
Iteration 17 of 50 | Duration = 4.363 | MSE = 340.0702
Iteration 18 of 50 | Duration = 4.267 | MSE = 339.4506
Iteration 19 of 50 | Duration = 4.236 | MSE = 338.8297
Iteration 20 of 50 | Duration = 4.250 | MSE = 338.3917

Running polya filter for radius = 2, bins = 64, delta = 60.
Initial MSE: 1727.3032
Iteration 1 of 50 | Duration = 5.217 | MSE = 1719.0469
Iteration 2 of 50 | Duration = 4.400 | MSE = 1003.0549
Iteration 3 of 50 | Duration = 4.411 | MSE = 564.4604
Iteration 4 of 50 | Duration = 4.791 | MSE = 386.9149
Iteration 5 of 50 | Duration = 4.281 | MSE = 355.8467
Iteration 6 of 50 | Duration = 4.282 | MSE = 349.1253
Iteration 7 of 50 | Duration = 4.292 | MSE = 347.9846
Iteration 8 of 50 | Duration = 4.317 | MSE = 345.3473
Iteration 9 of 50 | Duration = 4.476 | MSE = 344.3225
Iteration 10 of 50 | Duration = 4.468 | MSE = 342.8991
Iteration 11 of 50 | Duration = 4.452 | MSE = 342.5086

Running polya filter for radius = 2, bins = 64, delta = 80.
Initial MSE: 1727.3032
Iteration 1 of 50 | Duration = 5.150 | MSE = 1719.0469
Iteration 2 of 50 | Duration = 4.070 | MSE = 1004.9193
Iteration 3 of 50 | Duration = 4.246 | MSE = 595.9972
Iteration 4 of 50 | Duration = 4.627 | MSE = 383.6026
Iteration 5 of 50 | Duration = 4.467 | MSE = 355.6986
Iteration 6 of 50 | Duration = 4.558 | MSE = 348.6748
Iteration 7 of 50 | Duration = 4.450 | MSE = 347.1021
Iteration 8 of 50 | Duration = 4.338 | MSE = 344.4686
Iteration 9 of 50 | Duration = 4.193 | MSE = 343.6804
Iteration 10 of 50 | Duration = 4.178 | MSE = 341.8577
Iteration 11 of 50 | Duration = 4.196 | MSE = 341.0971
Iteration 12 of 50 | Duration = 4.228 | MSE = 339.6780
Iteration 13 of 50 | Duration = 4.436 | MSE = 339.1852

Running polya filter for radius = 2, bins = 64, delta = 100.
Initial MSE: 1727.3032
Iteration 1 of 50 | Duration = 8.568 | MSE = 684.3567
Iteration 2 of 50 | Duration = 5.294 | MSE = 364.5236
Iteration 3 of 50 | Duration = 4.464 | MSE = 346.8377
Iteration 4 of 50 | Duration = 4.400 | MSE = 343.6401
Iteration 5 of 50 | Duration = 4.449 | MSE = 340.8985
Iteration 6 of 50 | Duration = 4.535 | MSE = 338.2848
Iteration 7 of 50 | Duration = 4.459 | MSE = 336.4683
Iteration 8 of 50 | Duration = 4.378 | MSE = 335.3363
Iteration 9 of 50 | Duration = 4.216 | MSE = 333.9287
Iteration 10 of 50 | Duration = 4.178 | MSE = 332.6828
Iteration 11 of 50 | Duration = 4.194 | MSE = 331.6173
Iteration 12 of 50 | Duration = 4.129 | MSE = 330.7778
Iteration 13 of 50 | Duration = 4.385 | MSE = 330.4913
New optimal MSE: 330.4913

Running polya filter for radius = 2, bins = 64, delta = 120.
Initial MSE: 1727.3032
Iteration 1 of 50 | Duration = 5.424 | MSE = 382.9129
Iteration 2 of 50 | Duration = 5.570 | MSE = 358.5051
Iteration 3 of 50 | Duration = 4.327 | MSE = 351.0722
Iteration 4 of 50 | Duration = 4.259 | MSE = 347.1718
Iteration 5 of 50 | Duration = 4.295 | MSE = 344.8102
Iteration 6 of 50 | Duration = 4.340 | MSE = 343.0444
Iteration 7 of 50 | Duration = 4.440 | MSE = 341.0902
Iteration 8 of 50 | Duration = 4.414 | MSE = 340.2558
Iteration 9 of 50 | Duration = 4.356 | MSE = 338.5323
Iteration 10 of 50 | Duration = 4.237 | MSE = 337.8186
Iteration 11 of 50 | Duration = 4.177 | MSE = 336.7240
Iteration 12 of 50 | Duration = 4.160 | MSE = 336.1223
Iteration 13 of 50 | Duration = 4.210 | MSE = 335.7528

Running polya filter for radius = 2, bins = 64, delta = 140.
Initial MSE: 1727.3032
Iteration 1 of 50 | Duration = 5.430 | MSE = 382.9129
Iteration 2 of 50 | Duration = 5.928 | MSE = 358.5036
Iteration 3 of 50 | Duration = 4.482 | MSE = 351.2057
Iteration 4 of 50 | Duration = 4.383 | MSE = 347.0941
Iteration 5 of 50 | Duration = 4.309 | MSE = 344.5307
Iteration 6 of 50 | Duration = 4.332 | MSE = 343.1145
Iteration 7 of 50 | Duration = 4.248 | MSE = 341.4064
Iteration 8 of 50 | Duration = 4.476 | MSE = 340.2804
Iteration 9 of 50 | Duration = 4.429 | MSE = 338.8038
Iteration 10 of 50 | Duration = 4.380 | MSE = 337.7976
Iteration 11 of 50 | Duration = 4.203 | MSE = 336.9164
Iteration 12 of 50 | Duration = 4.176 | MSE = 336.3393
Iteration 13 of 50 | Duration = 4.177 | MSE = 335.7630
Iteration 14 of 50 | Duration = 4.162 | MSE = 335.3537

Running polya filter for radius = 2, bins = 64, delta = 160.
Initial MSE: 1727.3032
Iteration 1 of 50 | Duration = 5.360 | MSE = 382.9129
Iteration 2 of 50 | Duration = 5.827 | MSE = 358.5044
Iteration 3 of 50 | Duration = 4.497 | MSE = 352.0783
Iteration 4 of 50 | Duration = 4.293 | MSE = 347.1638
Iteration 5 of 50 | Duration = 4.285 | MSE = 344.5164
Iteration 6 of 50 | Duration = 4.325 | MSE = 343.2356
Iteration 7 of 50 | Duration = 4.220 | MSE = 341.4782
Iteration 8 of 50 | Duration = 4.458 | MSE = 340.4433
Iteration 9 of 50 | Duration = 4.470 | MSE = 339.1420
Iteration 10 of 50 | Duration = 4.382 | MSE = 337.8462
Iteration 11 of 50 | Duration = 4.160 | MSE = 336.9406
Iteration 12 of 50 | Duration = 4.151 | MSE = 336.2961
Iteration 13 of 50 | Duration = 4.227 | MSE = 334.8973
Iteration 14 of 50 | Duration = 4.179 | MSE = 334.3672
Iteration 15 of 50 | Duration = 4.189 | MSE = 333.2346
Iteration 16 of 50 | Duration = 4.432 | MSE = 332.5908
Iteration 17 of 50 | Duration = 4.381 | MSE = 332.0758
Iteration 18 of 50 | Duration = 4.230 | MSE = 331.5892

Running polya filter for radius = 2, bins = 64, delta = 180.
Initial MSE: 1727.3032
Iteration 1 of 50 | Duration = 5.160 | MSE = 382.9129
Iteration 2 of 50 | Duration = 5.473 | MSE = 358.3798
Iteration 3 of 50 | Duration = 4.380 | MSE = 351.9904
Iteration 4 of 50 | Duration = 4.437 | MSE = 347.2547
Iteration 5 of 50 | Duration = 4.527 | MSE = 344.4792
Iteration 6 of 50 | Duration = 4.543 | MSE = 343.1796
Iteration 7 of 50 | Duration = 4.261 | MSE = 341.3462
Iteration 8 of 50 | Duration = 4.173 | MSE = 340.5246
Iteration 9 of 50 | Duration = 4.213 | MSE = 339.0206
Iteration 10 of 50 | Duration = 4.249 | MSE = 337.7148
Iteration 11 of 50 | Duration = 4.194 | MSE = 336.8297
Iteration 12 of 50 | Duration = 4.480 | MSE = 336.0596
Iteration 13 of 50 | Duration = 4.411 | MSE = 334.7498
Iteration 14 of 50 | Duration = 4.386 | MSE = 334.2588

Running polya filter for radius = 2, bins = 64, delta = 200.
Initial MSE: 1727.3032
Iteration 1 of 50 | Duration = 5.129 | MSE = 382.9129
Iteration 2 of 50 | Duration = 5.442 | MSE = 358.3778
Iteration 3 of 50 | Duration = 4.345 | MSE = 351.9873
Iteration 4 of 50 | Duration = 4.242 | MSE = 347.2500
Iteration 5 of 50 | Duration = 4.283 | MSE = 344.4764
Iteration 6 of 50 | Duration = 4.493 | MSE = 343.1770
Iteration 7 of 50 | Duration = 4.485 | MSE = 341.3440
Iteration 8 of 50 | Duration = 4.323 | MSE = 340.5239
Iteration 9 of 50 | Duration = 4.165 | MSE = 339.0182
Iteration 10 of 50 | Duration = 4.218 | MSE = 337.7119
Iteration 11 of 50 | Duration = 4.188 | MSE = 336.8283
Iteration 12 of 50 | Duration = 4.176 | MSE = 336.0589
Iteration 13 of 50 | Duration = 4.401 | MSE = 334.7484
Iteration 14 of 50 | Duration = 4.438 | MSE = 334.2570

Running polya filter for radius = 2, bins = 128, delta = 20.
Initial MSE: 1727.3032
Iteration 1 of 50 | Duration = 16.860 | MSE = 1720.8748
Iteration 2 of 50 | Duration = 17.828 | MSE = 1720.8748
Iteration 3 of 50 | Duration = 17.462 | MSE = 1720.8748

Running polya filter for radius = 2, bins = 128, delta = 40.
Initial MSE: 1727.3032
Iteration 1 of 50 | Duration = 17.570 | MSE = 1720.8748
Iteration 2 of 50 | Duration = 17.339 | MSE = 1720.8748
Iteration 3 of 50 | Duration = 17.989 | MSE = 1179.2671
Iteration 4 of 50 | Duration = 17.697 | MSE = 836.1559
Iteration 5 of 50 | Duration = 17.753 | MSE = 632.7705
Iteration 6 of 50 | Duration = 18.497 | MSE = 460.7146
Iteration 7 of 50 | Duration = 17.785 | MSE = 397.4524
Iteration 8 of 50 | Duration = 18.455 | MSE = 364.3434
Iteration 9 of 50 | Duration = 17.868 | MSE = 353.3675
Iteration 10 of 50 | Duration = 18.381 | MSE = 348.0381
Iteration 11 of 50 | Duration = 18.005 | MSE = 345.5264
Iteration 12 of 50 | Duration = 18.172 | MSE = 344.1360
Iteration 13 of 50 | Duration = 18.331 | MSE = 343.0303
Iteration 14 of 50 | Duration = 17.872 | MSE = 342.3545
Iteration 15 of 50 | Duration = 18.365 | MSE = 341.5389
Iteration 16 of 50 | Duration = 17.714 | MSE = 341.1399

Running polya filter for radius = 2, bins = 128, delta = 60.
Initial MSE: 1727.3032
Iteration 1 of 50 | Duration = 17.380 | MSE = 1720.8748
Iteration 2 of 50 | Duration = 17.501 | MSE = 1083.5912
Iteration 3 of 50 | Duration = 17.801 | MSE = 666.3081
Iteration 4 of 50 | Duration = 18.521 | MSE = 427.8852
Iteration 5 of 50 | Duration = 17.982 | MSE = 364.6449
Iteration 6 of 50 | Duration = 18.510 | MSE = 350.9681
Iteration 7 of 50 | Duration = 17.869 | MSE = 348.2215
Iteration 8 of 50 | Duration = 18.523 | MSE = 345.8136
Iteration 9 of 50 | Duration = 17.981 | MSE = 344.5671
Iteration 10 of 50 | Duration = 18.248 | MSE = 343.2298
Iteration 11 of 50 | Duration = 18.083 | MSE = 342.6991
Iteration 12 of 50 | Duration = 17.814 | MSE = 341.2338
Iteration 13 of 50 | Duration = 18.323 | MSE = 340.7730

Running polya filter for radius = 2, bins = 128, delta = 80.
Initial MSE: 1727.3032
Iteration 1 of 50 | Duration = 16.853 | MSE = 1720.8748
Iteration 2 of 50 | Duration = 17.943 | MSE = 1084.6603
Iteration 3 of 50 | Duration = 17.635 | MSE = 706.5073
Iteration 4 of 50 | Duration = 18.581 | MSE = 421.1646
Iteration 5 of 50 | Duration = 18.149 | MSE = 365.7332
Iteration 6 of 50 | Duration = 18.086 | MSE = 350.6732
Iteration 7 of 50 | Duration = 18.214 | MSE = 347.5418
Iteration 8 of 50 | Duration = 17.807 | MSE = 345.0548
Iteration 9 of 50 | Duration = 18.366 | MSE = 343.8485
Iteration 10 of 50 | Duration = 18.064 | MSE = 342.1442
Iteration 11 of 50 | Duration = 18.138 | MSE = 341.4009
Iteration 12 of 50 | Duration = 18.140 | MSE = 340.0971
Iteration 13 of 50 | Duration = 17.942 | MSE = 339.5514
Iteration 14 of 50 | Duration = 18.342 | MSE = 338.9121
Iteration 15 of 50 | Duration = 17.830 | MSE = 338.0288
Iteration 16 of 50 | Duration = 18.459 | MSE = 337.2216
Iteration 17 of 50 | Duration = 18.009 | MSE = 336.6058
Iteration 18 of 50 | Duration = 18.379 | MSE = 335.9565
Iteration 19 of 50 | Duration = 18.169 | MSE = 335.6662

Running polya filter for radius = 2, bins = 128, delta = 100.
Initial MSE: 1727.3032
Iteration 1 of 50 | Duration = 21.344 | MSE = 699.8297
Iteration 2 of 50 | Duration = 20.183 | MSE = 364.2957
Iteration 3 of 50 | Duration = 18.418 | MSE = 347.2996
Iteration 4 of 50 | Duration = 18.320 | MSE = 344.2379
Iteration 5 of 50 | Duration = 18.367 | MSE = 340.8701
Iteration 6 of 50 | Duration = 18.132 | MSE = 338.3866
Iteration 7 of 50 | Duration = 18.517 | MSE = 336.6966
Iteration 8 of 50 | Duration = 18.040 | MSE = 335.4730
Iteration 9 of 50 | Duration = 18.226 | MSE = 334.0937
Iteration 10 of 50 | Duration = 18.133 | MSE = 332.9981
Iteration 11 of 50 | Duration = 18.180 | MSE = 331.9044
Iteration 12 of 50 | Duration = 18.158 | MSE = 330.9420
Iteration 13 of 50 | Duration = 17.709 | MSE = 330.5492

Running polya filter for radius = 2, bins = 128, delta = 120.
Initial MSE: 1727.3032
Iteration 1 of 50 | Duration = 17.441 | MSE = 382.8762
Iteration 2 of 50 | Duration = 20.133 | MSE = 360.1498
Iteration 3 of 50 | Duration = 18.385 | MSE = 351.1385
Iteration 4 of 50 | Duration = 18.043 | MSE = 347.2955
Iteration 5 of 50 | Duration = 18.077 | MSE = 344.8892
Iteration 6 of 50 | Duration = 18.495 | MSE = 343.1469
Iteration 7 of 50 | Duration = 17.875 | MSE = 341.3092
Iteration 8 of 50 | Duration = 18.352 | MSE = 340.4222
Iteration 9 of 50 | Duration = 17.906 | MSE = 338.8043
Iteration 10 of 50 | Duration = 18.194 | MSE = 338.0102
Iteration 11 of 50 | Duration = 17.876 | MSE = 336.8477
Iteration 12 of 50 | Duration = 17.801 | MSE = 336.0850
Iteration 13 of 50 | Duration = 18.235 | MSE = 335.7563

Running polya filter for radius = 2, bins = 128, delta = 140.
Initial MSE: 1727.3032
Iteration 1 of 50 | Duration = 16.875 | MSE = 382.8762
Iteration 2 of 50 | Duration = 20.503 | MSE = 360.1488
Iteration 3 of 50 | Duration = 18.125 | MSE = 351.2957
Iteration 4 of 50 | Duration = 18.195 | MSE = 347.2147
Iteration 5 of 50 | Duration = 18.406 | MSE = 344.6509
Iteration 6 of 50 | Duration = 17.975 | MSE = 343.2045
Iteration 7 of 50 | Duration = 18.315 | MSE = 341.5473
Iteration 8 of 50 | Duration = 17.803 | MSE = 340.4672
Iteration 9 of 50 | Duration = 18.439 | MSE = 338.9918
Iteration 10 of 50 | Duration = 17.961 | MSE = 338.1423
Iteration 11 of 50 | Duration = 18.211 | MSE = 336.9803
Iteration 12 of 50 | Duration = 18.024 | MSE = 336.3400
Iteration 13 of 50 | Duration = 17.744 | MSE = 335.7698
Iteration 14 of 50 | Duration = 18.231 | MSE = 335.2718

Running polya filter for radius = 2, bins = 128, delta = 160.
Initial MSE: 1727.3032
Iteration 1 of 50 | Duration = 16.900 | MSE = 382.8762
Iteration 2 of 50 | Duration = 20.419 | MSE = 360.1491
Iteration 3 of 50 | Duration = 18.273 | MSE = 352.2464
Iteration 4 of 50 | Duration = 18.076 | MSE = 347.3578
Iteration 5 of 50 | Duration = 17.885 | MSE = 344.5413
Iteration 6 of 50 | Duration = 18.459 | MSE = 343.2737
Iteration 7 of 50 | Duration = 18.133 | MSE = 341.6778
Iteration 8 of 50 | Duration = 18.085 | MSE = 340.6731
Iteration 9 of 50 | Duration = 18.065 | MSE = 339.3696
Iteration 10 of 50 | Duration = 17.918 | MSE = 338.2154
Iteration 11 of 50 | Duration = 18.184 | MSE = 337.1219
Iteration 12 of 50 | Duration = 18.188 | MSE = 336.3925
Iteration 13 of 50 | Duration = 18.258 | MSE = 335.0158
Iteration 14 of 50 | Duration = 18.232 | MSE = 334.5240

Running polya filter for radius = 2, bins = 128, delta = 180.
Initial MSE: 1727.3032
Iteration 1 of 50 | Duration = 17.405 | MSE = 382.8762
Iteration 2 of 50 | Duration = 20.528 | MSE = 360.0182
Iteration 3 of 50 | Duration = 18.635 | MSE = 352.1828
Iteration 4 of 50 | Duration = 18.010 | MSE = 347.4767
Iteration 5 of 50 | Duration = 18.413 | MSE = 344.5177
Iteration 6 of 50 | Duration = 18.385 | MSE = 343.3271
Iteration 7 of 50 | Duration = 18.281 | MSE = 341.5391
Iteration 8 of 50 | Duration = 18.066 | MSE = 340.5708
Iteration 9 of 50 | Duration = 18.315 | MSE = 339.2207
Iteration 10 of 50 | Duration = 18.203 | MSE = 338.0149
Iteration 11 of 50 | Duration = 18.033 | MSE = 337.0795
Iteration 12 of 50 | Duration = 17.980 | MSE = 336.1426
Iteration 13 of 50 | Duration = 18.106 | MSE = 334.8690
Iteration 14 of 50 | Duration = 18.182 | MSE = 334.2467
Iteration 15 of 50 | Duration = 18.064 | MSE = 333.1065
Iteration 16 of 50 | Duration = 18.047 | MSE = 332.5562
Iteration 17 of 50 | Duration = 18.080 | MSE = 332.0761

Running polya filter for radius = 2, bins = 128, delta = 200.
Initial MSE: 1727.3032
Iteration 1 of 50 | Duration = 17.119 | MSE = 382.8762
Iteration 2 of 50 | Duration = 20.038 | MSE = 360.0161
Iteration 3 of 50 | Duration = 18.081 | MSE = 352.1803
Iteration 4 of 50 | Duration = 17.996 | MSE = 347.4732
Iteration 5 of 50 | Duration = 18.059 | MSE = 344.5169
Iteration 6 of 50 | Duration = 18.213 | MSE = 343.3233
Iteration 7 of 50 | Duration = 18.001 | MSE = 341.5360
Iteration 8 of 50 | Duration = 18.101 | MSE = 340.5684
Iteration 9 of 50 | Duration = 18.144 | MSE = 339.2166
Iteration 10 of 50 | Duration = 18.101 | MSE = 338.0138
Iteration 11 of 50 | Duration = 18.031 | MSE = 337.0792
Iteration 12 of 50 | Duration = 17.972 | MSE = 336.1417
Iteration 13 of 50 | Duration = 17.844 | MSE = 334.8671
Iteration 14 of 50 | Duration = 17.808 | MSE = 334.2454
Iteration 15 of 50 | Duration = 17.791 | MSE = 333.1047
Iteration 16 of 50 | Duration = 17.803 | MSE = 332.5554
Iteration 17 of 50 | Duration = 18.044 | MSE = 332.0763

Running polya filter for radius = 2, bins = 256, delta = 20.
Initial MSE: 1727.3032
Iteration 1 of 50 | Duration = 29.618 | MSE = 1726.7916
Iteration 2 of 50 | Duration = 30.405 | MSE = 1726.7916
Iteration 3 of 50 | Duration = 30.772 | MSE = 1726.7916

Running polya filter for radius = 2, bins = 256, delta = 40.
Initial MSE: 1727.3032
Iteration 1 of 50 | Duration = 29.811 | MSE = 1726.7916
Iteration 2 of 50 | Duration = 30.658 | MSE = 1726.7916
Iteration 3 of 50 | Duration = 30.592 | MSE = 1229.1913
Iteration 4 of 50 | Duration = 31.845 | MSE = 907.0416
Iteration 5 of 50 | Duration = 31.644 | MSE = 705.6872
Iteration 6 of 50 | Duration = 32.663 | MSE = 506.1327
Iteration 7 of 50 | Duration = 32.143 | MSE = 425.9290
Iteration 8 of 50 | Duration = 31.971 | MSE = 377.1005
Iteration 9 of 50 | Duration = 32.447 | MSE = 359.3065
Iteration 10 of 50 | Duration = 32.076 | MSE = 349.7716
Iteration 11 of 50 | Duration = 32.385 | MSE = 345.3521
Iteration 12 of 50 | Duration = 32.360 | MSE = 343.4181
Iteration 13 of 50 | Duration = 32.210 | MSE = 341.9901
Iteration 14 of 50 | Duration = 32.415 | MSE = 341.2338
Iteration 15 of 50 | Duration = 32.525 | MSE = 340.3459
Iteration 16 of 50 | Duration = 32.733 | MSE = 339.8562

Running polya filter for radius = 2, bins = 256, delta = 60.
Initial MSE: 1727.3032
Iteration 1 of 50 | Duration = 29.636 | MSE = 1726.7916
Iteration 2 of 50 | Duration = 30.867 | MSE = 1131.2742
Iteration 3 of 50 | Duration = 31.424 | MSE = 734.5080
Iteration 4 of 50 | Duration = 32.208 | MSE = 462.4973
Iteration 5 of 50 | Duration = 31.993 | MSE = 375.5332
Iteration 6 of 50 | Duration = 32.231 | MSE = 353.4123
Iteration 7 of 50 | Duration = 32.247 | MSE = 347.7247
Iteration 8 of 50 | Duration = 32.355 | MSE = 344.8703
Iteration 9 of 50 | Duration = 32.267 | MSE = 343.5626
Iteration 10 of 50 | Duration = 32.491 | MSE = 342.0676
Iteration 11 of 50 | Duration = 32.548 | MSE = 341.4602
Iteration 12 of 50 | Duration = 32.349 | MSE = 340.0639
Iteration 13 of 50 | Duration = 32.386 | MSE = 339.5016
Iteration 14 of 50 | Duration = 32.343 | MSE = 338.2994
Iteration 15 of 50 | Duration = 32.458 | MSE = 337.9319

Running polya filter for radius = 2, bins = 256, delta = 80.
Initial MSE: 1727.3032
Iteration 1 of 50 | Duration = 29.918 | MSE = 1726.7916
Iteration 2 of 50 | Duration = 30.671 | MSE = 1131.8843
Iteration 3 of 50 | Duration = 31.275 | MSE = 780.1055
Iteration 4 of 50 | Duration = 32.463 | MSE = 454.0166
Iteration 5 of 50 | Duration = 32.004 | MSE = 378.2225
Iteration 6 of 50 | Duration = 32.247 | MSE = 352.8140
Iteration 7 of 50 | Duration = 33.031 | MSE = 347.2858
Iteration 8 of 50 | Duration = 33.491 | MSE = 344.2517
Iteration 9 of 50 | Duration = 32.712 | MSE = 342.8078
Iteration 10 of 50 | Duration = 32.583 | MSE = 340.9873
Iteration 11 of 50 | Duration = 32.576 | MSE = 340.1048
Iteration 12 of 50 | Duration = 32.945 | MSE = 338.9128
Iteration 13 of 50 | Duration = 32.696 | MSE = 338.3151
Iteration 14 of 50 | Duration = 32.670 | MSE = 337.7097
Iteration 15 of 50 | Duration = 32.862 | MSE = 336.7146
Iteration 16 of 50 | Duration = 32.576 | MSE = 336.0307
Iteration 17 of 50 | Duration = 32.959 | MSE = 335.3718
Iteration 18 of 50 | Duration = 33.292 | MSE = 334.6427
Iteration 19 of 50 | Duration = 33.347 | MSE = 334.2862

Running polya filter for radius = 2, bins = 256, delta = 100.
Initial MSE: 1727.3032
Iteration 1 of 50 | Duration = 35.550 | MSE = 709.8520
Iteration 2 of 50 | Duration = 34.286 | MSE = 363.7285
Iteration 3 of 50 | Duration = 33.061 | MSE = 346.9162
Iteration 4 of 50 | Duration = 33.314 | MSE = 343.6577
Iteration 5 of 50 | Duration = 32.984 | MSE = 339.8690
Iteration 6 of 50 | Duration = 33.016 | MSE = 337.4574
Iteration 7 of 50 | Duration = 33.165 | MSE = 335.5392
Iteration 8 of 50 | Duration = 33.064 | MSE = 334.2719
Iteration 9 of 50 | Duration = 33.250 | MSE = 332.9427
Iteration 10 of 50 | Duration = 33.153 | MSE = 331.8231
Iteration 11 of 50 | Duration = 33.464 | MSE = 330.6547
Iteration 12 of 50 | Duration = 33.488 | MSE = 329.7161
Iteration 13 of 50 | Duration = 33.312 | MSE = 329.2753
New optimal MSE: 329.2753

Running polya filter for radius = 2, bins = 256, delta = 120.
Initial MSE: 1727.3032
Iteration 1 of 50 | Duration = 30.632 | MSE = 382.7243
Iteration 2 of 50 | Duration = 34.790 | MSE = 360.5329
Iteration 3 of 50 | Duration = 32.368 | MSE = 350.0814
Iteration 4 of 50 | Duration = 32.352 | MSE = 346.3073
Iteration 5 of 50 | Duration = 32.575 | MSE = 343.7827
Iteration 6 of 50 | Duration = 32.709 | MSE = 341.9933
Iteration 7 of 50 | Duration = 32.403 | MSE = 339.9883
Iteration 8 of 50 | Duration = 32.304 | MSE = 339.0890
Iteration 9 of 50 | Duration = 32.110 | MSE = 337.5414
Iteration 10 of 50 | Duration = 32.130 | MSE = 336.6182
Iteration 11 of 50 | Duration = 32.540 | MSE = 335.4758
Iteration 12 of 50 | Duration = 32.426 | MSE = 334.7670
Iteration 13 of 50 | Duration = 32.419 | MSE = 334.3447

Running polya filter for radius = 2, bins = 256, delta = 140.
Initial MSE: 1727.3032
Iteration 1 of 50 | Duration = 30.098 | MSE = 382.7243
Iteration 2 of 50 | Duration = 34.085 | MSE = 360.5312
Iteration 3 of 50 | Duration = 32.535 | MSE = 350.2397
Iteration 4 of 50 | Duration = 32.094 | MSE = 346.1876
Iteration 5 of 50 | Duration = 34.895 | MSE = 343.5246
Iteration 6 of 50 | Duration = 5447.633 | MSE = 342.0234
Iteration 7 of 50 | Duration = 33.352 | MSE = 340.2110
Iteration 8 of 50 | Duration = 34.054 | MSE = 339.1786
Iteration 9 of 50 | Duration = 33.613 | MSE = 337.7487
Iteration 10 of 50 | Duration = 34.185 | MSE = 336.8080
Iteration 11 of 50 | Duration = 34.370 | MSE = 335.6239
Iteration 12 of 50 | Duration = 36.574 | MSE = 335.0024
Iteration 13 of 50 | Duration = 33.473 | MSE = 334.3345
Iteration 14 of 50 | Duration = 40.540 | MSE = 333.7882
Iteration 15 of 50 | Duration = 36.276 | MSE = 332.6956
Iteration 16 of 50 | Duration = 34.096 | MSE = 332.1089
Iteration 17 of 50 | Duration = 33.738 | MSE = 330.9666
Iteration 18 of 50 | Duration = 33.919 | MSE = 330.6393

Running polya filter for radius = 2, bins = 256, delta = 160.
Initial MSE: 1727.3032
Iteration 1 of 50 | Duration = 30.884 | MSE = 382.7243
Iteration 2 of 50 | Duration = 39.914 | MSE = 360.5311
Iteration 3 of 50 | Duration = 36.088 | MSE = 351.2347
Iteration 4 of 50 | Duration = 33.939 | MSE = 346.2554
Iteration 5 of 50 | Duration = 33.961 | MSE = 343.5236
Iteration 6 of 50 | Duration = 33.683 | MSE = 342.0623
Iteration 7 of 50 | Duration = 34.075 | MSE = 340.4392
Iteration 8 of 50 | Duration = 33.640 | MSE = 339.5114
Iteration 9 of 50 | Duration = 33.834 | MSE = 338.1838
Iteration 10 of 50 | Duration = 33.740 | MSE = 337.0597
Iteration 11 of 50 | Duration = 33.893 | MSE = 336.0300
Iteration 12 of 50 | Duration = 33.460 | MSE = 335.0391
Iteration 13 of 50 | Duration = 34.676 | MSE = 333.6374
Iteration 14 of 50 | Duration = 33.940 | MSE = 332.9973
Iteration 15 of 50 | Duration = 35.548 | MSE = 331.7488
Iteration 16 of 50 | Duration = 36.355 | MSE = 331.1633
Iteration 17 of 50 | Duration = 34.444 | MSE = 330.6614
Iteration 18 of 50 | Duration = 35.229 | MSE = 330.3195

Running polya filter for radius = 2, bins = 256, delta = 180.
Initial MSE: 1727.3032
Iteration 1 of 50 | Duration = 31.785 | MSE = 382.7243
Iteration 2 of 50 | Duration = 35.798 | MSE = 360.3934
Iteration 3 of 50 | Duration = 34.303 | MSE = 351.1717
Iteration 4 of 50 | Duration = 34.395 | MSE = 346.4098
Iteration 5 of 50 | Duration = 33.716 | MSE = 343.4625
Iteration 6 of 50 | Duration = 36.479 | MSE = 342.0849
Iteration 7 of 50 | Duration = 33.769 | MSE = 340.2571
Iteration 8 of 50 | Duration = 34.059 | MSE = 339.3041
Iteration 9 of 50 | Duration = 34.727 | MSE = 337.9004
Iteration 10 of 50 | Duration = 33.894 | MSE = 336.7662
Iteration 11 of 50 | Duration = 33.594 | MSE = 335.8902
Iteration 12 of 50 | Duration = 34.222 | MSE = 334.8179
Iteration 13 of 50 | Duration = 34.399 | MSE = 333.4953
Iteration 14 of 50 | Duration = 34.515 | MSE = 332.7552
Iteration 15 of 50 | Duration = 33.581 | MSE = 331.6491
Iteration 16 of 50 | Duration = 33.108 | MSE = 331.1417
Iteration 17 of 50 | Duration = 33.074 | MSE = 330.6796

Running polya filter for radius = 2, bins = 256, delta = 200.
Initial MSE: 1727.3032
Iteration 1 of 50 | Duration = 30.945 | MSE = 382.7243
Iteration 2 of 50 | Duration = 34.844 | MSE = 360.3906
Iteration 3 of 50 | Duration = 32.597 | MSE = 351.1691
Iteration 4 of 50 | Duration = 32.395 | MSE = 346.4061
Iteration 5 of 50 | Duration = 32.610 | MSE = 343.4633
Iteration 6 of 50 | Duration = 32.477 | MSE = 342.0830
Iteration 7 of 50 | Duration = 32.956 | MSE = 340.2555
Iteration 8 of 50 | Duration = 32.895 | MSE = 339.3002
Iteration 9 of 50 | Duration = 33.748 | MSE = 337.8981
Iteration 10 of 50 | Duration = 34.284 | MSE = 336.7648
Iteration 11 of 50 | Duration = 38.249 | MSE = 335.8891
Iteration 12 of 50 | Duration = 5072.148 | MSE = 334.8169
Iteration 13 of 50 | Duration = 38.141 | MSE = 333.4941
Iteration 14 of 50 | Duration = 37.888 | MSE = 332.7545
Iteration 15 of 50 | Duration = 38.131 | MSE = 331.6481
Iteration 16 of 50 | Duration = 39.925 | MSE = 331.1413
Iteration 17 of 50 | Duration = 42.635 | MSE = 330.6800

Running polya filter for radius = 3, bins = 32, delta = 20.
Initial MSE: 1727.3032
Iteration 1 of 50 | Duration = 5.266 | MSE = 1722.9287
Iteration 2 of 50 | Duration = 3.630 | MSE = 1722.9287
Iteration 3 of 50 | Duration = 3.993 | MSE = 1722.9287

Running polya filter for radius = 3, bins = 32, delta = 40.
Initial MSE: 1727.3032
Iteration 1 of 50 | Duration = 4.705 | MSE = 1722.9287
Iteration 2 of 50 | Duration = 3.679 | MSE = 1722.9287
Iteration 3 of 50 | Duration = 3.942 | MSE = 777.2299
Iteration 4 of 50 | Duration = 3.985 | MSE = 430.8966
Iteration 5 of 50 | Duration = 3.900 | MSE = 289.2888
Iteration 6 of 50 | Duration = 4.134 | MSE = 264.0475
Iteration 7 of 50 | Duration = 4.433 | MSE = 260.1997
Iteration 8 of 50 | Duration = 3.572 | MSE = 257.1964
Iteration 9 of 50 | Duration = 3.517 | MSE = 256.4268
Iteration 10 of 50 | Duration = 3.683 | MSE = 254.8094
Iteration 11 of 50 | Duration = 3.855 | MSE = 254.7448
New optimal MSE: 254.7448

Running polya filter for radius = 3, bins = 32, delta = 60.
Initial MSE: 1727.3032
Iteration 1 of 50 | Duration = 4.744 | MSE = 1722.9287
Iteration 2 of 50 | Duration = 3.807 | MSE = 701.5480
Iteration 3 of 50 | Duration = 3.557 | MSE = 299.0856
Iteration 4 of 50 | Duration = 3.937 | MSE = 260.0821
Iteration 5 of 50 | Duration = 3.504 | MSE = 259.6425

Running polya filter for radius = 3, bins = 32, delta = 80.
Initial MSE: 1727.3032
Iteration 1 of 50 | Duration = 4.467 | MSE = 1722.9287
Iteration 2 of 50 | Duration = 3.934 | MSE = 711.9752
Iteration 3 of 50 | Duration = 3.588 | MSE = 302.0897
Iteration 4 of 50 | Duration = 3.742 | MSE = 260.5673
Iteration 5 of 50 | Duration = 3.677 | MSE = 259.8612
Iteration 6 of 50 | Duration = 3.625 | MSE = 256.0065
Iteration 7 of 50 | Duration = 3.544 | MSE = 255.3627
Iteration 8 of 50 | Duration = 3.529 | MSE = 253.9592
Iteration 9 of 50 | Duration = 3.677 | MSE = 254.0796
New optimal MSE: 253.9592

Running polya filter for radius = 3, bins = 32, delta = 100.
Initial MSE: 1727.3032
Iteration 1 of 50 | Duration = 8.606 | MSE = 530.2482
Iteration 2 of 50 | Duration = 4.471 | MSE = 259.9777
Iteration 3 of 50 | Duration = 3.769 | MSE = 255.0496
Iteration 4 of 50 | Duration = 3.732 | MSE = 251.8428
Iteration 5 of 50 | Duration = 3.541 | MSE = 251.4886
New optimal MSE: 251.4886

Running polya filter for radius = 3, bins = 32, delta = 120.
Initial MSE: 1727.3032
Iteration 1 of 50 | Duration = 4.604 | MSE = 286.6463
Iteration 2 of 50 | Duration = 4.439 | MSE = 260.4538
Iteration 3 of 50 | Duration = 3.555 | MSE = 259.0772
Iteration 4 of 50 | Duration = 3.782 | MSE = 253.7707
Iteration 5 of 50 | Duration = 3.576 | MSE = 253.9779

Running polya filter for radius = 3, bins = 32, delta = 140.
Initial MSE: 1727.3032
Iteration 1 of 50 | Duration = 4.742 | MSE = 286.6463
Iteration 2 of 50 | Duration = 4.805 | MSE = 260.4223
Iteration 3 of 50 | Duration = 3.437 | MSE = 258.7098
Iteration 4 of 50 | Duration = 3.545 | MSE = 253.7304
Iteration 5 of 50 | Duration = 3.666 | MSE = 254.0759

Running polya filter for radius = 3, bins = 32, delta = 160.
Initial MSE: 1727.3032
Iteration 1 of 50 | Duration = 5.209 | MSE = 286.6463
Iteration 2 of 50 | Duration = 4.750 | MSE = 260.4272
Iteration 3 of 50 | Duration = 3.614 | MSE = 258.8172
Iteration 4 of 50 | Duration = 3.974 | MSE = 253.5176
Iteration 5 of 50 | Duration = 3.906 | MSE = 254.2014

Running polya filter for radius = 3, bins = 32, delta = 180.
Initial MSE: 1727.3032
Iteration 1 of 50 | Duration = 4.596 | MSE = 286.6463
Iteration 2 of 50 | Duration = 4.570 | MSE = 260.2722
Iteration 3 of 50 | Duration = 3.590 | MSE = 258.4632
Iteration 4 of 50 | Duration = 3.724 | MSE = 253.4796
Iteration 5 of 50 | Duration = 3.566 | MSE = 254.3369

Running polya filter for radius = 3, bins = 32, delta = 200.
Initial MSE: 1727.3032
Iteration 1 of 50 | Duration = 5.004 | MSE = 286.6463
Iteration 2 of 50 | Duration = 4.751 | MSE = 260.2662
Iteration 3 of 50 | Duration = 3.595 | MSE = 258.5163
Iteration 4 of 50 | Duration = 3.759 | MSE = 253.4806
Iteration 5 of 50 | Duration = 3.702 | MSE = 254.3578

Running polya filter for radius = 3, bins = 64, delta = 20.
Initial MSE: 1727.3032
Iteration 1 of 50 | Duration = 6.914 | MSE = 1719.0469
Iteration 2 of 50 | Duration = 5.812 | MSE = 1719.0469
Iteration 3 of 50 | Duration = 5.745 | MSE = 1719.0469

Running polya filter for radius = 3, bins = 64, delta = 40.
Initial MSE: 1727.3032
Iteration 1 of 50 | Duration = 6.706 | MSE = 1719.0469
Iteration 2 of 50 | Duration = 5.636 | MSE = 1719.0469
Iteration 3 of 50 | Duration = 6.079 | MSE = 1006.2498
Iteration 4 of 50 | Duration = 5.862 | MSE = 588.5522
Iteration 5 of 50 | Duration = 5.706 | MSE = 372.1077
Iteration 6 of 50 | Duration = 5.768 | MSE = 290.3187
Iteration 7 of 50 | Duration = 5.537 | MSE = 265.9031
Iteration 8 of 50 | Duration = 5.545 | MSE = 257.8484
Iteration 9 of 50 | Duration = 5.490 | MSE = 254.5929
Iteration 10 of 50 | Duration = 5.918 | MSE = 252.7861
Iteration 11 of 50 | Duration = 6.025 | MSE = 252.1903
Iteration 12 of 50 | Duration = 7.103 | MSE = 251.4984
Iteration 13 of 50 | Duration = 6.959 | MSE = 251.4190
New optimal MSE: 251.4190

Running polya filter for radius = 3, bins = 64, delta = 60.
Initial MSE: 1727.3032
Iteration 1 of 50 | Duration = 7.039 | MSE = 1719.0469
Iteration 2 of 50 | Duration = 5.984 | MSE = 910.5833
Iteration 3 of 50 | Duration = 5.436 | MSE = 396.8916
Iteration 4 of 50 | Duration = 6.083 | MSE = 273.8873
Iteration 5 of 50 | Duration = 6.441 | MSE = 258.1463
Iteration 6 of 50 | Duration = 7.327 | MSE = 254.0559
Iteration 7 of 50 | Duration = 6.114 | MSE = 252.8153
Iteration 8 of 50 | Duration = 6.491 | MSE = 251.2420
Iteration 9 of 50 | Duration = 5.907 | MSE = 250.7642
New optimal MSE: 250.7642

Running polya filter for radius = 3, bins = 64, delta = 80.
Initial MSE: 1727.3032
Iteration 1 of 50 | Duration = 7.274 | MSE = 1719.0469
Iteration 2 of 50 | Duration = 5.698 | MSE = 921.0452
Iteration 3 of 50 | Duration = 6.033 | MSE = 407.3823
Iteration 4 of 50 | Duration = 6.538 | MSE = 274.0772
Iteration 5 of 50 | Duration = 5.758 | MSE = 258.4659
Iteration 6 of 50 | Duration = 5.724 | MSE = 254.6980
Iteration 7 of 50 | Duration = 6.543 | MSE = 253.0832
Iteration 8 of 50 | Duration = 6.031 | MSE = 251.7403
Iteration 9 of 50 | Duration = 5.833 | MSE = 251.3813

Running polya filter for radius = 3, bins = 64, delta = 100.
Initial MSE: 1727.3032
Iteration 1 of 50 | Duration = 11.005 | MSE = 574.1875
Iteration 2 of 50 | Duration = 7.655 | MSE = 256.1316
Iteration 3 of 50 | Duration = 6.765 | MSE = 252.1742
Iteration 4 of 50 | Duration = 7.570 | MSE = 250.7244
Iteration 5 of 50 | Duration = 5.990 | MSE = 249.0986
Iteration 6 of 50 | Duration = 6.056 | MSE = 247.7514
Iteration 7 of 50 | Duration = 6.232 | MSE = 247.7852
New optimal MSE: 247.7852

Running polya filter for radius = 3, bins = 64, delta = 120.
Initial MSE: 1727.3032
Iteration 1 of 50 | Duration = 6.848 | MSE = 282.7598
Iteration 2 of 50 | Duration = 7.317 | MSE = 259.6655
Iteration 3 of 50 | Duration = 5.957 | MSE = 256.7935
Iteration 4 of 50 | Duration = 6.125 | MSE = 252.0088
Iteration 5 of 50 | Duration = 5.914 | MSE = 250.9625
Iteration 6 of 50 | Duration = 5.732 | MSE = 250.3628
Iteration 7 of 50 | Duration = 5.543 | MSE = 250.5936

Running polya filter for radius = 3, bins = 64, delta = 140.
Initial MSE: 1727.3032
Iteration 1 of 50 | Duration = 8.130 | MSE = 282.7598
Iteration 2 of 50 | Duration = 7.329 | MSE = 259.6351
Iteration 3 of 50 | Duration = 5.747 | MSE = 256.3770
Iteration 4 of 50 | Duration = 5.843 | MSE = 252.0735
Iteration 5 of 50 | Duration = 5.712 | MSE = 251.0141
Iteration 6 of 50 | Duration = 5.532 | MSE = 250.5469

Running polya filter for radius = 3, bins = 64, delta = 160.
Initial MSE: 1727.3032
Iteration 1 of 50 | Duration = 6.482 | MSE = 282.7598
Iteration 2 of 50 | Duration = 7.090 | MSE = 259.6461
Iteration 3 of 50 | Duration = 5.493 | MSE = 256.5190
Iteration 4 of 50 | Duration = 5.534 | MSE = 251.9949
Iteration 5 of 50 | Duration = 5.321 | MSE = 251.2397
Iteration 6 of 50 | Duration = 5.437 | MSE = 250.8017

Running polya filter for radius = 3, bins = 64, delta = 180.
Initial MSE: 1727.3032
Iteration 1 of 50 | Duration = 6.373 | MSE = 282.7598
Iteration 2 of 50 | Duration = 7.099 | MSE = 259.5581
Iteration 3 of 50 | Duration = 5.849 | MSE = 256.0094
Iteration 4 of 50 | Duration = 5.639 | MSE = 251.8490
Iteration 5 of 50 | Duration = 5.526 | MSE = 251.3386
Iteration 6 of 50 | Duration = 5.495 | MSE = 250.8239
Iteration 7 of 50 | Duration = 5.396 | MSE = 251.0672

Running polya filter for radius = 3, bins = 64, delta = 200.
Initial MSE: 1727.3032
Iteration 1 of 50 | Duration = 6.573 | MSE = 282.7598
Iteration 2 of 50 | Duration = 7.255 | MSE = 259.5552
Iteration 3 of 50 | Duration = 5.553 | MSE = 256.0432
Iteration 4 of 50 | Duration = 5.596 | MSE = 251.7982
Iteration 5 of 50 | Duration = 5.530 | MSE = 251.3889

Running polya filter for radius = 3, bins = 128, delta = 20.
Initial MSE: 1727.3032
Iteration 1 of 50 | Duration = 21.659 | MSE = 1720.8748
Iteration 2 of 50 | Duration = 22.157 | MSE = 1720.8748
Iteration 3 of 50 | Duration = 21.936 | MSE = 1720.8748

Running polya filter for radius = 3, bins = 128, delta = 40.
Initial MSE: 1727.3032
Iteration 1 of 50 | Duration = 21.651 | MSE = 1720.8748
Iteration 2 of 50 | Duration = 22.252 | MSE = 1720.8748
Iteration 3 of 50 | Duration = 22.966 | MSE = 1171.6105
Iteration 4 of 50 | Duration = 22.240 | MSE = 766.5697
Iteration 5 of 50 | Duration = 22.656 | MSE = 508.5634
Iteration 6 of 50 | Duration = 25.293 | MSE = 364.3858
Iteration 7 of 50 | Duration = 22.937 | MSE = 300.2014
Iteration 8 of 50 | Duration = 24.217 | MSE = 271.8098
Iteration 9 of 50 | Duration = 22.582 | MSE = 260.3096
Iteration 10 of 50 | Duration = 22.345 | MSE = 255.6558
Iteration 11 of 50 | Duration = 22.745 | MSE = 253.6859
Iteration 12 of 50 | Duration = 22.454 | MSE = 252.5435
Iteration 13 of 50 | Duration = 22.565 | MSE = 251.9614
Iteration 14 of 50 | Duration = 22.397 | MSE = 251.5934

Running polya filter for radius = 3, bins = 128, delta = 60.
Initial MSE: 1727.3032
Iteration 1 of 50 | Duration = 21.997 | MSE = 1720.8748
Iteration 2 of 50 | Duration = 22.051 | MSE = 1073.3489
Iteration 3 of 50 | Duration = 22.091 | MSE = 543.2160
Iteration 4 of 50 | Duration = 22.954 | MSE = 325.4803
Iteration 5 of 50 | Duration = 22.555 | MSE = 270.0908
Iteration 6 of 50 | Duration = 22.574 | MSE = 257.4254
Iteration 7 of 50 | Duration = 22.753 | MSE = 254.2362
Iteration 8 of 50 | Duration = 22.483 | MSE = 252.1302
Iteration 9 of 50 | Duration = 22.346 | MSE = 251.3559
Iteration 10 of 50 | Duration = 22.319 | MSE = 250.8123
Iteration 11 of 50 | Duration = 22.382 | MSE = 250.6470

Running polya filter for radius = 3, bins = 128, delta = 80.
Initial MSE: 1727.3032
Iteration 1 of 50 | Duration = 21.695 | MSE = 1720.8748
Iteration 2 of 50 | Duration = 22.224 | MSE = 1080.5386
Iteration 3 of 50 | Duration = 22.029 | MSE = 563.9060
Iteration 4 of 50 | Duration = 22.997 | MSE = 325.5460
Iteration 5 of 50 | Duration = 22.754 | MSE = 269.8688
Iteration 6 of 50 | Duration = 22.466 | MSE = 257.5936
Iteration 7 of 50 | Duration = 22.489 | MSE = 254.3480
Iteration 8 of 50 | Duration = 22.637 | MSE = 252.7854
Iteration 9 of 50 | Duration = 22.803 | MSE = 251.9990
Iteration 10 of 50 | Duration = 22.872 | MSE = 251.4026
Iteration 11 of 50 | Duration = 23.086 | MSE = 251.2126

Running polya filter for radius = 3, bins = 128, delta = 100.
Initial MSE: 1727.3032
Iteration 1 of 50 | Duration = 26.761 | MSE = 588.7481
Iteration 2 of 50 | Duration = 25.286 | MSE = 255.6891
Iteration 3 of 50 | Duration = 22.892 | MSE = 252.4880
Iteration 4 of 50 | Duration = 24.559 | MSE = 252.2581

Running polya filter for radius = 3, bins = 128, delta = 120.
Initial MSE: 1727.3032
Iteration 1 of 50 | Duration = 21.591 | MSE = 282.4341
Iteration 2 of 50 | Duration = 25.060 | MSE = 262.0447
Iteration 3 of 50 | Duration = 22.640 | MSE = 257.8161
Iteration 4 of 50 | Duration = 22.765 | MSE = 253.2921
Iteration 5 of 50 | Duration = 23.112 | MSE = 251.6365
Iteration 6 of 50 | Duration = 23.480 | MSE = 250.8791
Iteration 7 of 50 | Duration = 23.307 | MSE = 250.8881

Running polya filter for radius = 3, bins = 128, delta = 140.
Initial MSE: 1727.3032
Iteration 1 of 50 | Duration = 21.864 | MSE = 282.4341
Iteration 2 of 50 | Duration = 25.906 | MSE = 262.0124
Iteration 3 of 50 | Duration = 22.938 | MSE = 257.4233
Iteration 4 of 50 | Duration = 24.030 | MSE = 253.3474
Iteration 5 of 50 | Duration = 22.331 | MSE = 251.5862
Iteration 6 of 50 | Duration = 24.062 | MSE = 251.1225

Running polya filter for radius = 3, bins = 128, delta = 160.
Initial MSE: 1727.3032
Iteration 1 of 50 | Duration = 21.379 | MSE = 282.4341
Iteration 2 of 50 | Duration = 25.463 | MSE = 262.0193
Iteration 3 of 50 | Duration = 22.473 | MSE = 257.5816
Iteration 4 of 50 | Duration = 23.024 | MSE = 253.4375
Iteration 5 of 50 | Duration = 22.931 | MSE = 251.8841
Iteration 6 of 50 | Duration = 22.795 | MSE = 251.3096
Iteration 7 of 50 | Duration = 22.437 | MSE = 251.0020

Running polya filter for radius = 3, bins = 128, delta = 180.
Initial MSE: 1727.3032
Iteration 1 of 50 | Duration = 20.866 | MSE = 282.4341
Iteration 2 of 50 | Duration = 27.536 | MSE = 261.9049
Iteration 3 of 50 | Duration = 22.561 | MSE = 257.1355
Iteration 4 of 50 | Duration = 23.292 | MSE = 253.2331
Iteration 5 of 50 | Duration = 22.974 | MSE = 251.7390
Iteration 6 of 50 | Duration = 22.457 | MSE = 251.2398

Running polya filter for radius = 3, bins = 128, delta = 200.
Initial MSE: 1727.3032
Iteration 1 of 50 | Duration = 22.356 | MSE = 282.4341
Iteration 2 of 50 | Duration = 25.377 | MSE = 261.9018
Iteration 3 of 50 | Duration = 22.967 | MSE = 257.1413
Iteration 4 of 50 | Duration = 22.642 | MSE = 253.1577
Iteration 5 of 50 | Duration = 22.707 | MSE = 251.7887
Iteration 6 of 50 | Duration = 24.077 | MSE = 251.2752
Iteration 7 of 50 | Duration = 22.334 | MSE = 251.2060

Running polya filter for radius = 3, bins = 256, delta = 20.
Initial MSE: 1727.3032
Iteration 1 of 50 | Duration = 36.694 | MSE = 1726.7916
Iteration 2 of 50 | Duration = 37.599 | MSE = 1726.7916
Iteration 3 of 50 | Duration = 39.029 | MSE = 1726.7916

Running polya filter for radius = 3, bins = 256, delta = 40.
Initial MSE: 1727.3032
Iteration 1 of 50 | Duration = 36.005 | MSE = 1726.7916
Iteration 2 of 50 | Duration = 37.550 | MSE = 1726.7916
Iteration 3 of 50 | Duration = 38.595 | MSE = 1269.5979
Iteration 4 of 50 | Duration = 39.371 | MSE = 900.9477
Iteration 5 of 50 | Duration = 38.408 | MSE = 638.1174
Iteration 6 of 50 | Duration = 39.288 | MSE = 452.9821
Iteration 7 of 50 | Duration = 39.152 | MSE = 353.8822
Iteration 8 of 50 | Duration = 39.236 | MSE = 300.7802
Iteration 9 of 50 | Duration = 39.052 | MSE = 274.7446
Iteration 10 of 50 | Duration = 39.143 | MSE = 261.9847
Iteration 11 of 50 | Duration = 39.079 | MSE = 255.9841
Iteration 12 of 50 | Duration = 39.872 | MSE = 252.8188
Iteration 13 of 50 | Duration = 40.900 | MSE = 251.0716
Iteration 14 of 50 | Duration = 41.526 | MSE = 250.4697
Iteration 15 of 50 | Duration = 40.657 | MSE = 250.1622

Running polya filter for radius = 3, bins = 256, delta = 60.
Initial MSE: 1727.3032
Iteration 1 of 50 | Duration = 35.980 | MSE = 1726.7916
Iteration 2 of 50 | Duration = 36.440 | MSE = 1173.6163
Iteration 3 of 50 | Duration = 37.383 | MSE = 673.7170
Iteration 4 of 50 | Duration = 39.311 | MSE = 394.7562
Iteration 5 of 50 | Duration = 40.255 | MSE = 294.0623
Iteration 6 of 50 | Duration = 43.162 | MSE = 264.4804
Iteration 7 of 50 | Duration = 39.987 | MSE = 255.1137
Iteration 8 of 50 | Duration = 40.356 | MSE = 251.4699
Iteration 9 of 50 | Duration = 41.577 | MSE = 250.1984
Iteration 10 of 50 | Duration = 39.787 | MSE = 249.2633
Iteration 11 of 50 | Duration = 40.743 | MSE = 249.0454

Running polya filter for radius = 3, bins = 256, delta = 80.
Initial MSE: 1727.3032
Iteration 1 of 50 | Duration = 36.280 | MSE = 1726.7916
Iteration 2 of 50 | Duration = 37.609 | MSE = 1177.7188
Iteration 3 of 50 | Duration = 37.856 | MSE = 700.1909
Iteration 4 of 50 | Duration = 40.967 | MSE = 393.3149
Iteration 5 of 50 | Duration = 38.833 | MSE = 294.1539
Iteration 6 of 50 | Duration = 40.524 | MSE = 264.6654
Iteration 7 of 50 | Duration = 40.622 | MSE = 255.6741
Iteration 8 of 50 | Duration = 39.624 | MSE = 252.2391
Iteration 9 of 50 | Duration = 39.320 | MSE = 250.7659
Iteration 10 of 50 | Duration = 41.190 | MSE = 249.9181
Iteration 11 of 50 | Duration = 40.783 | MSE = 249.4391

Running polya filter for radius = 3, bins = 256, delta = 100.
Initial MSE: 1727.3032
Iteration 1 of 50 | Duration = 42.932 | MSE = 598.7877
Iteration 2 of 50 | Duration = 41.941 | MSE = 253.9233
Iteration 3 of 50 | Duration = 38.971 | MSE = 250.8951
Iteration 4 of 50 | Duration = 40.307 | MSE = 251.2744

Running polya filter for radius = 3, bins = 256, delta = 120.
Initial MSE: 1727.3032
Iteration 1 of 50 | Duration = 35.477 | MSE = 281.0481
Iteration 2 of 50 | Duration = 41.386 | MSE = 262.0584
Iteration 3 of 50 | Duration = 40.273 | MSE = 256.2250
Iteration 4 of 50 | Duration = 40.221 | MSE = 252.4136
Iteration 5 of 50 | Duration = 39.755 | MSE = 250.4768
Iteration 6 of 50 | Duration = 40.014 | MSE = 249.4204
Iteration 7 of 50 | Duration = 39.692 | MSE = 249.1421

Running polya filter for radius = 3, bins = 256, delta = 140.
Initial MSE: 1727.3032
Iteration 1 of 50 | Duration = 36.018 | MSE = 281.0481
Iteration 2 of 50 | Duration = 41.820 | MSE = 262.0197
Iteration 3 of 50 | Duration = 40.977 | MSE = 255.8985
Iteration 4 of 50 | Duration = 38.799 | MSE = 252.4707
Iteration 5 of 50 | Duration = 40.004 | MSE = 250.2585
Iteration 6 of 50 | Duration = 43.773 | MSE = 249.4399
Iteration 7 of 50 | Duration = 39.593 | MSE = 248.9938

Running polya filter for radius = 3, bins = 256, delta = 160.
Initial MSE: 1727.3032
Iteration 1 of 50 | Duration = 35.662 | MSE = 281.0481
Iteration 2 of 50 | Duration = 42.706 | MSE = 262.0282
Iteration 3 of 50 | Duration = 39.455 | MSE = 256.0478
Iteration 4 of 50 | Duration = 39.269 | MSE = 252.5435
Iteration 5 of 50 | Duration = 39.774 | MSE = 250.5378
Iteration 6 of 50 | Duration = 39.564 | MSE = 249.5676
Iteration 7 of 50 | Duration = 39.618 | MSE = 249.1233

Running polya filter for radius = 3, bins = 256, delta = 180.
Initial MSE: 1727.3032
Iteration 1 of 50 | Duration = 35.545 | MSE = 281.0481
Iteration 2 of 50 | Duration = 41.944 | MSE = 261.9001
Iteration 3 of 50 | Duration = 40.275 | MSE = 255.5744
Iteration 4 of 50 | Duration = 38.649 | MSE = 252.2293
Iteration 5 of 50 | Duration = 39.972 | MSE = 250.3515
Iteration 6 of 50 | Duration = 41.182 | MSE = 249.5885
Iteration 7 of 50 | Duration = 38.684 | MSE = 249.2081

Running polya filter for radius = 3, bins = 256, delta = 200.
Initial MSE: 1727.3032
Iteration 1 of 50 | Duration = 35.227 | MSE = 281.0481
Iteration 2 of 50 | Duration = 41.416 | MSE = 261.8966
Iteration 3 of 50 | Duration = 39.100 | MSE = 255.6004
Iteration 4 of 50 | Duration = 38.842 | MSE = 252.1912
Iteration 5 of 50 | Duration = 38.537 | MSE = 250.4473
Iteration 6 of 50 | Duration = 38.812 | MSE = 249.6190
Iteration 7 of 50 | Duration = 38.896 | MSE = 249.2513

Optimal Median:  N = 45, MSE = 249.5671, PSNR = 24.1589, SSIM = 0.5815
