Log Started on 12-Mar-2018

Adding Noise
Optimizing for pentagon_speckle_mid_optimal
Running polya filter for radius = 1, bins = 32, delta = 20.
Initial MSE: 749.7859
Iteration 1 of 50 | Duration = 4.232 | MSE = 748.2183
Iteration 2 of 50 | Duration = 3.420 | MSE = 748.2183
Iteration 3 of 50 | Duration = 3.028 | MSE = 748.2183
New optimal MSE: 748.2183

Running polya filter for radius = 1, bins = 32, delta = 40.
Initial MSE: 749.7859
Iteration 1 of 50 | Duration = 3.865 | MSE = 748.2183
Iteration 2 of 50 | Duration = 3.186 | MSE = 748.2183
Iteration 3 of 50 | Duration = 3.276 | MSE = 356.1753
Iteration 4 of 50 | Duration = 3.364 | MSE = 283.8150
Iteration 5 of 50 | Duration = 3.336 | MSE = 275.3631
Iteration 6 of 50 | Duration = 4.222 | MSE = 231.9007
Iteration 7 of 50 | Duration = 3.480 | MSE = 222.2534
Iteration 8 of 50 | Duration = 3.459 | MSE = 220.4007
Iteration 9 of 50 | Duration = 3.300 | MSE = 211.5591
Iteration 10 of 50 | Duration = 3.375 | MSE = 210.8107
Iteration 11 of 50 | Duration = 3.684 | MSE = 209.9019
Iteration 12 of 50 | Duration = 3.620 | MSE = 209.5302
New optimal MSE: 209.5302

Running polya filter for radius = 1, bins = 32, delta = 60.
Initial MSE: 749.7859
Iteration 1 of 50 | Duration = 4.254 | MSE = 748.2183
Iteration 2 of 50 | Duration = 3.238 | MSE = 356.1753
Iteration 3 of 50 | Duration = 3.481 | MSE = 282.9514
Iteration 4 of 50 | Duration = 3.901 | MSE = 231.6188
Iteration 5 of 50 | Duration = 3.273 | MSE = 220.9369
Iteration 6 of 50 | Duration = 3.423 | MSE = 211.4953
Iteration 7 of 50 | Duration = 3.355 | MSE = 210.7680
Iteration 8 of 50 | Duration = 3.163 | MSE = 209.4039
Iteration 9 of 50 | Duration = 3.285 | MSE = 208.1615
Iteration 10 of 50 | Duration = 3.333 | MSE = 206.3474
Iteration 11 of 50 | Duration = 3.346 | MSE = 205.8792
New optimal MSE: 205.8792

Running polya filter for radius = 1, bins = 32, delta = 80.
Initial MSE: 749.7859
Iteration 1 of 50 | Duration = 4.259 | MSE = 748.2183
Iteration 2 of 50 | Duration = 3.382 | MSE = 356.1753
Iteration 3 of 50 | Duration = 3.332 | MSE = 285.5085
Iteration 4 of 50 | Duration = 3.895 | MSE = 232.0186
Iteration 5 of 50 | Duration = 3.664 | MSE = 221.3696
Iteration 6 of 50 | Duration = 3.840 | MSE = 211.6289
Iteration 7 of 50 | Duration = 3.557 | MSE = 209.9490
Iteration 8 of 50 | Duration = 3.587 | MSE = 207.8403
Iteration 9 of 50 | Duration = 3.427 | MSE = 206.9874
Iteration 10 of 50 | Duration = 3.480 | MSE = 205.1957
Iteration 11 of 50 | Duration = 3.365 | MSE = 204.7871
New optimal MSE: 204.7871

Running polya filter for radius = 1, bins = 32, delta = 100.
Initial MSE: 749.7859
Iteration 1 of 50 | Duration = 7.666 | MSE = 343.8507
Iteration 2 of 50 | Duration = 4.429 | MSE = 251.8661
Iteration 3 of 50 | Duration = 3.720 | MSE = 228.8711
Iteration 4 of 50 | Duration = 3.661 | MSE = 217.5341
Iteration 5 of 50 | Duration = 3.567 | MSE = 210.4340
Iteration 6 of 50 | Duration = 3.459 | MSE = 206.0426
Iteration 7 of 50 | Duration = 3.441 | MSE = 203.9820
Iteration 8 of 50 | Duration = 3.363 | MSE = 203.0018
Iteration 9 of 50 | Duration = 3.446 | MSE = 202.0626
Iteration 10 of 50 | Duration = 3.439 | MSE = 201.3022
Iteration 11 of 50 | Duration = 3.374 | MSE = 200.7875
Iteration 12 of 50 | Duration = 3.286 | MSE = 200.3594
New optimal MSE: 200.3594

Running polya filter for radius = 1, bins = 32, delta = 120.
Initial MSE: 749.7859
Iteration 1 of 50 | Duration = 4.215 | MSE = 295.4262
Iteration 2 of 50 | Duration = 4.611 | MSE = 240.9510
Iteration 3 of 50 | Duration = 3.735 | MSE = 213.0180
Iteration 4 of 50 | Duration = 3.643 | MSE = 208.6440
Iteration 5 of 50 | Duration = 3.728 | MSE = 205.6422
Iteration 6 of 50 | Duration = 3.483 | MSE = 203.6244
Iteration 7 of 50 | Duration = 3.612 | MSE = 201.3427
Iteration 8 of 50 | Duration = 3.453 | MSE = 200.7756
Iteration 9 of 50 | Duration = 3.283 | MSE = 200.1117
Iteration 10 of 50 | Duration = 3.272 | MSE = 199.6224
New optimal MSE: 199.6224

Running polya filter for radius = 1, bins = 32, delta = 140.
Initial MSE: 749.7859
Iteration 1 of 50 | Duration = 4.328 | MSE = 295.4262
Iteration 2 of 50 | Duration = 4.811 | MSE = 240.9510
Iteration 3 of 50 | Duration = 3.521 | MSE = 213.0475
Iteration 4 of 50 | Duration = 3.381 | MSE = 208.6122
Iteration 5 of 50 | Duration = 3.455 | MSE = 205.6230
Iteration 6 of 50 | Duration = 3.427 | MSE = 203.6098
Iteration 7 of 50 | Duration = 3.418 | MSE = 201.3253
Iteration 8 of 50 | Duration = 3.433 | MSE = 200.7585
Iteration 9 of 50 | Duration = 3.537 | MSE = 200.0979
Iteration 10 of 50 | Duration = 3.482 | MSE = 199.6106
New optimal MSE: 199.6106

Running polya filter for radius = 1, bins = 32, delta = 160.
Initial MSE: 749.7859
Iteration 1 of 50 | Duration = 4.324 | MSE = 295.4262
Iteration 2 of 50 | Duration = 4.610 | MSE = 240.9510
Iteration 3 of 50 | Duration = 3.506 | MSE = 213.8733
Iteration 4 of 50 | Duration = 3.313 | MSE = 207.5701
Iteration 5 of 50 | Duration = 3.519 | MSE = 204.8333
Iteration 6 of 50 | Duration = 3.541 | MSE = 203.1525
Iteration 7 of 50 | Duration = 3.510 | MSE = 201.0437
Iteration 8 of 50 | Duration = 3.285 | MSE = 200.4147
Iteration 9 of 50 | Duration = 3.149 | MSE = 199.8114
Iteration 10 of 50 | Duration = 3.201 | MSE = 199.4315
New optimal MSE: 199.4315

Running polya filter for radius = 1, bins = 32, delta = 180.
Initial MSE: 749.7859
Iteration 1 of 50 | Duration = 4.197 | MSE = 295.4262
Iteration 2 of 50 | Duration = 4.546 | MSE = 240.9182
Iteration 3 of 50 | Duration = 3.554 | MSE = 213.8048
Iteration 4 of 50 | Duration = 3.668 | MSE = 207.5397
Iteration 5 of 50 | Duration = 3.535 | MSE = 204.7797
Iteration 6 of 50 | Duration = 3.595 | MSE = 203.0993
Iteration 7 of 50 | Duration = 3.643 | MSE = 201.0048
Iteration 8 of 50 | Duration = 3.291 | MSE = 200.3820
Iteration 9 of 50 | Duration = 3.301 | MSE = 199.7830
Iteration 10 of 50 | Duration = 3.316 | MSE = 199.3997
New optimal MSE: 199.3997

Running polya filter for radius = 1, bins = 32, delta = 200.
Initial MSE: 749.7859
Iteration 1 of 50 | Duration = 4.534 | MSE = 295.4262
Iteration 2 of 50 | Duration = 4.971 | MSE = 240.9166
Iteration 3 of 50 | Duration = 3.675 | MSE = 213.7998
Iteration 4 of 50 | Duration = 3.422 | MSE = 207.5377
Iteration 5 of 50 | Duration = 3.414 | MSE = 204.7783
Iteration 6 of 50 | Duration = 3.395 | MSE = 203.0980
Iteration 7 of 50 | Duration = 3.373 | MSE = 201.0033
Iteration 8 of 50 | Duration = 3.378 | MSE = 200.3805
Iteration 9 of 50 | Duration = 3.411 | MSE = 199.7811
Iteration 10 of 50 | Duration = 3.631 | MSE = 199.3975
New optimal MSE: 199.3975

Running polya filter for radius = 1, bins = 64, delta = 20.
Initial MSE: 749.7859
Iteration 1 of 50 | Duration = 7.883 | MSE = 745.2986
Iteration 2 of 50 | Duration = 6.077 | MSE = 745.2986
Iteration 3 of 50 | Duration = 8.191 | MSE = 745.2986

Running polya filter for radius = 1, bins = 64, delta = 40.
Initial MSE: 749.7859
Iteration 1 of 50 | Duration = 7.417 | MSE = 745.2986
Iteration 2 of 50 | Duration = 6.026 | MSE = 745.2986
Iteration 3 of 50 | Duration = 5.949 | MSE = 367.5701
Iteration 4 of 50 | Duration = 5.464 | MSE = 295.2027
Iteration 5 of 50 | Duration = 5.517 | MSE = 286.5144
Iteration 6 of 50 | Duration = 6.298 | MSE = 229.9713
Iteration 7 of 50 | Duration = 5.378 | MSE = 219.0076
Iteration 8 of 50 | Duration = 5.452 | MSE = 216.0008
Iteration 9 of 50 | Duration = 5.327 | MSE = 208.7123
Iteration 10 of 50 | Duration = 5.241 | MSE = 207.8617
Iteration 11 of 50 | Duration = 5.493 | MSE = 206.9083
Iteration 12 of 50 | Duration = 5.494 | MSE = 206.4879

Running polya filter for radius = 1, bins = 64, delta = 60.
Initial MSE: 749.7859
Iteration 1 of 50 | Duration = 6.855 | MSE = 745.2986
Iteration 2 of 50 | Duration = 5.306 | MSE = 367.5701
Iteration 3 of 50 | Duration = 5.347 | MSE = 293.7868
Iteration 4 of 50 | Duration = 6.096 | MSE = 229.1876
Iteration 5 of 50 | Duration = 5.536 | MSE = 216.4285
Iteration 6 of 50 | Duration = 5.637 | MSE = 208.7692
Iteration 7 of 50 | Duration = 5.261 | MSE = 207.8333
Iteration 8 of 50 | Duration = 5.632 | MSE = 206.3507
Iteration 9 of 50 | Duration = 5.769 | MSE = 204.9681
Iteration 10 of 50 | Duration = 5.739 | MSE = 203.1176
Iteration 11 of 50 | Duration = 5.956 | MSE = 202.4903
Iteration 12 of 50 | Duration = 5.837 | MSE = 200.9631
Iteration 13 of 50 | Duration = 7.378 | MSE = 200.4547
Iteration 14 of 50 | Duration = 7.057 | MSE = 199.3350
Iteration 15 of 50 | Duration = 5.660 | MSE = 199.1265
New optimal MSE: 199.1265

Running polya filter for radius = 1, bins = 64, delta = 80.
Initial MSE: 749.7859
Iteration 1 of 50 | Duration = 7.456 | MSE = 745.2986
Iteration 2 of 50 | Duration = 6.631 | MSE = 367.5701
Iteration 3 of 50 | Duration = 6.662 | MSE = 297.5445
Iteration 4 of 50 | Duration = 6.714 | MSE = 230.1093
Iteration 5 of 50 | Duration = 6.363 | MSE = 217.3156
Iteration 6 of 50 | Duration = 5.673 | MSE = 208.9570
Iteration 7 of 50 | Duration = 5.822 | MSE = 206.7191
Iteration 8 of 50 | Duration = 6.752 | MSE = 204.7806
Iteration 9 of 50 | Duration = 7.407 | MSE = 203.8355
Iteration 10 of 50 | Duration = 6.529 | MSE = 202.1844
Iteration 11 of 50 | Duration = 6.041 | MSE = 201.6908

Running polya filter for radius = 1, bins = 64, delta = 100.
Initial MSE: 749.7859
Iteration 1 of 50 | Duration = 11.333 | MSE = 340.5546
Iteration 2 of 50 | Duration = 7.633 | MSE = 248.9083
Iteration 3 of 50 | Duration = 7.464 | MSE = 225.6858
Iteration 4 of 50 | Duration = 7.286 | MSE = 213.4838
Iteration 5 of 50 | Duration = 7.401 | MSE = 206.7446
Iteration 6 of 50 | Duration = 8.392 | MSE = 202.8902
Iteration 7 of 50 | Duration = 9.313 | MSE = 201.0536
Iteration 8 of 50 | Duration = 9.089 | MSE = 199.9509
Iteration 9 of 50 | Duration = 8.302 | MSE = 199.0687
Iteration 10 of 50 | Duration = 8.429 | MSE = 198.3434
Iteration 11 of 50 | Duration = 8.346 | MSE = 197.8489
New optimal MSE: 197.8489

Running polya filter for radius = 1, bins = 64, delta = 120.
Initial MSE: 749.7859
Iteration 1 of 50 | Duration = 9.963 | MSE = 292.4374
Iteration 2 of 50 | Duration = 11.011 | MSE = 235.7065
Iteration 3 of 50 | Duration = 9.078 | MSE = 210.0904
Iteration 4 of 50 | Duration = 8.712 | MSE = 205.7914
Iteration 5 of 50 | Duration = 8.776 | MSE = 202.3749
Iteration 6 of 50 | Duration = 8.353 | MSE = 200.3393
Iteration 7 of 50 | Duration = 7.998 | MSE = 198.5853
Iteration 8 of 50 | Duration = 8.359 | MSE = 197.8965
Iteration 9 of 50 | Duration = 8.357 | MSE = 197.1773
Iteration 10 of 50 | Duration = 8.176 | MSE = 196.6998
New optimal MSE: 196.6998

Running polya filter for radius = 1, bins = 64, delta = 140.
Initial MSE: 749.7859
Iteration 1 of 50 | Duration = 10.134 | MSE = 292.4374
Iteration 2 of 50 | Duration = 10.532 | MSE = 235.7065
Iteration 3 of 50 | Duration = 8.867 | MSE = 210.1165
Iteration 4 of 50 | Duration = 7.575 | MSE = 205.7425
Iteration 5 of 50 | Duration = 6.186 | MSE = 202.3657
Iteration 6 of 50 | Duration = 6.206 | MSE = 200.3259
Iteration 7 of 50 | Duration = 5.405 | MSE = 198.5745
Iteration 8 of 50 | Duration = 5.738 | MSE = 197.8779
Iteration 9 of 50 | Duration = 5.863 | MSE = 197.1629
Iteration 10 of 50 | Duration = 5.264 | MSE = 196.6946
New optimal MSE: 196.6946

Running polya filter for radius = 1, bins = 64, delta = 160.
Initial MSE: 749.7859
Iteration 1 of 50 | Duration = 6.784 | MSE = 292.4374
Iteration 2 of 50 | Duration = 7.506 | MSE = 235.7065
Iteration 3 of 50 | Duration = 6.062 | MSE = 211.0060
Iteration 4 of 50 | Duration = 5.703 | MSE = 204.4361
Iteration 5 of 50 | Duration = 5.471 | MSE = 201.7566
Iteration 6 of 50 | Duration = 5.995 | MSE = 200.0055
Iteration 7 of 50 | Duration = 5.532 | MSE = 198.2280
Iteration 8 of 50 | Duration = 5.184 | MSE = 197.5123
Iteration 9 of 50 | Duration = 5.680 | MSE = 196.9492
Iteration 10 of 50 | Duration = 6.054 | MSE = 196.5488
New optimal MSE: 196.5488

Running polya filter for radius = 1, bins = 64, delta = 180.
Initial MSE: 749.7859
Iteration 1 of 50 | Duration = 7.301 | MSE = 292.4374
Iteration 2 of 50 | Duration = 7.064 | MSE = 235.6712
Iteration 3 of 50 | Duration = 5.763 | MSE = 210.9416
Iteration 4 of 50 | Duration = 6.245 | MSE = 204.4243
Iteration 5 of 50 | Duration = 5.578 | MSE = 201.7058
Iteration 6 of 50 | Duration = 5.464 | MSE = 199.9549
Iteration 7 of 50 | Duration = 5.567 | MSE = 198.1895
Iteration 8 of 50 | Duration = 6.119 | MSE = 197.4814
Iteration 9 of 50 | Duration = 6.042 | MSE = 196.9222
Iteration 10 of 50 | Duration = 5.434 | MSE = 196.5143
New optimal MSE: 196.5143

Running polya filter for radius = 1, bins = 64, delta = 200.
Initial MSE: 749.7859
Iteration 1 of 50 | Duration = 6.884 | MSE = 292.4374
Iteration 2 of 50 | Duration = 7.674 | MSE = 235.6698
Iteration 3 of 50 | Duration = 5.899 | MSE = 210.9366
Iteration 4 of 50 | Duration = 5.622 | MSE = 204.4218
Iteration 5 of 50 | Duration = 5.528 | MSE = 201.7038
Iteration 6 of 50 | Duration = 5.861 | MSE = 199.9531
Iteration 7 of 50 | Duration = 5.461 | MSE = 198.1876
Iteration 8 of 50 | Duration = 5.335 | MSE = 197.4797
Iteration 9 of 50 | Duration = 5.307 | MSE = 196.9203
Iteration 10 of 50 | Duration = 5.281 | MSE = 196.5121
New optimal MSE: 196.5121

Running polya filter for radius = 1, bins = 128, delta = 20.
Initial MSE: 749.7859
Iteration 1 of 50 | Duration = 28.418 | MSE = 740.6676
Iteration 2 of 50 | Duration = 28.775 | MSE = 740.6676
Iteration 3 of 50 | Duration = 26.382 | MSE = 740.6676

Running polya filter for radius = 1, bins = 128, delta = 40.
Initial MSE: 749.7859
Iteration 1 of 50 | Duration = 27.505 | MSE = 740.6676
Iteration 2 of 50 | Duration = 26.285 | MSE = 740.6676
Iteration 3 of 50 | Duration = 26.769 | MSE = 372.8591
Iteration 4 of 50 | Duration = 26.291 | MSE = 302.2980
Iteration 5 of 50 | Duration = 27.789 | MSE = 293.4193
Iteration 6 of 50 | Duration = 37.591 | MSE = 230.0778
Iteration 7 of 50 | Duration = 33.907 | MSE = 218.2371
Iteration 8 of 50 | Duration = 33.157 | MSE = 214.3707
Iteration 9 of 50 | Duration = 32.962 | MSE = 207.8101
Iteration 10 of 50 | Duration = 33.450 | MSE = 206.8748
Iteration 11 of 50 | Duration = 33.918 | MSE = 205.9212
Iteration 12 of 50 | Duration = 32.334 | MSE = 205.4531

Running polya filter for radius = 1, bins = 128, delta = 60.
Initial MSE: 749.7859
Iteration 1 of 50 | Duration = 30.671 | MSE = 740.6676
Iteration 2 of 50 | Duration = 27.663 | MSE = 372.8591
Iteration 3 of 50 | Duration = 25.834 | MSE = 300.5598
Iteration 4 of 50 | Duration = 30.322 | MSE = 228.9612
Iteration 5 of 50 | Duration = 33.610 | MSE = 214.6833
Iteration 6 of 50 | Duration = 35.569 | MSE = 207.8650
Iteration 7 of 50 | Duration = 34.593 | MSE = 206.8417
Iteration 8 of 50 | Duration = 35.240 | MSE = 205.3671
Iteration 9 of 50 | Duration = 35.305 | MSE = 203.8754
Iteration 10 of 50 | Duration = 39.838 | MSE = 201.9771
Iteration 11 of 50 | Duration = 40.676 | MSE = 201.3200
Iteration 12 of 50 | Duration = 39.219 | MSE = 199.9959
Iteration 13 of 50 | Duration = 39.099 | MSE = 199.4630
Iteration 14 of 50 | Duration = 38.670 | MSE = 198.4975
Iteration 15 of 50 | Duration = 39.030 | MSE = 198.2586

Running polya filter for radius = 1, bins = 128, delta = 80.
Initial MSE: 749.7859
Iteration 1 of 50 | Duration = 40.614 | MSE = 740.6676
Iteration 2 of 50 | Duration = 38.035 | MSE = 372.8591
Iteration 3 of 50 | Duration = 38.191 | MSE = 304.8953
Iteration 4 of 50 | Duration = 40.976 | MSE = 230.1490
Iteration 5 of 50 | Duration = 37.121 | MSE = 215.9254
Iteration 6 of 50 | Duration = 24.726 | MSE = 208.0563
Iteration 7 of 50 | Duration = 23.853 | MSE = 205.6138
Iteration 8 of 50 | Duration = 23.907 | MSE = 203.8272
Iteration 9 of 50 | Duration = 24.730 | MSE = 202.8072
Iteration 10 of 50 | Duration = 24.909 | MSE = 201.2053
Iteration 11 of 50 | Duration = 25.307 | MSE = 200.6618
Iteration 12 of 50 | Duration = 24.956 | MSE = 199.3976
Iteration 13 of 50 | Duration = 24.253 | MSE = 198.9482

Running polya filter for radius = 1, bins = 128, delta = 100.
Initial MSE: 749.7859
Iteration 1 of 50 | Duration = 30.764 | MSE = 338.7559
Iteration 2 of 50 | Duration = 27.428 | MSE = 247.3907
Iteration 3 of 50 | Duration = 25.619 | MSE = 224.2360
Iteration 4 of 50 | Duration = 25.808 | MSE = 211.8645
Iteration 5 of 50 | Duration = 24.909 | MSE = 205.3153
Iteration 6 of 50 | Duration = 24.337 | MSE = 201.7309
Iteration 7 of 50 | Duration = 25.151 | MSE = 199.9506
Iteration 8 of 50 | Duration = 24.740 | MSE = 198.8140
Iteration 9 of 50 | Duration = 24.680 | MSE = 197.9942
Iteration 10 of 50 | Duration = 24.523 | MSE = 197.2697
Iteration 11 of 50 | Duration = 24.902 | MSE = 196.7940

Running polya filter for radius = 1, bins = 128, delta = 120.
Initial MSE: 749.7859
Iteration 1 of 50 | Duration = 25.397 | MSE = 290.6720
Iteration 2 of 50 | Duration = 26.435 | MSE = 233.7254
Iteration 3 of 50 | Duration = 24.147 | MSE = 209.0776
Iteration 4 of 50 | Duration = 23.883 | MSE = 204.9484
Iteration 5 of 50 | Duration = 24.519 | MSE = 201.2810
Iteration 6 of 50 | Duration = 24.359 | MSE = 199.3019
Iteration 7 of 50 | Duration = 24.489 | MSE = 197.7666
Iteration 8 of 50 | Duration = 24.722 | MSE = 197.0255
Iteration 9 of 50 | Duration = 24.235 | MSE = 196.3336
Iteration 10 of 50 | Duration = 23.898 | MSE = 195.8763
New optimal MSE: 195.8763

Running polya filter for radius = 1, bins = 128, delta = 140.
Initial MSE: 749.7859
Iteration 1 of 50 | Duration = 25.626 | MSE = 290.6720
Iteration 2 of 50 | Duration = 26.811 | MSE = 233.7254
Iteration 3 of 50 | Duration = 25.237 | MSE = 209.0971
Iteration 4 of 50 | Duration = 25.477 | MSE = 204.8942
Iteration 5 of 50 | Duration = 23.936 | MSE = 201.2714
Iteration 6 of 50 | Duration = 24.847 | MSE = 199.2864
Iteration 7 of 50 | Duration = 23.875 | MSE = 197.7540
Iteration 8 of 50 | Duration = 24.114 | MSE = 197.0088
Iteration 9 of 50 | Duration = 24.420 | MSE = 196.3196
Iteration 10 of 50 | Duration = 24.136 | MSE = 195.8710
New optimal MSE: 195.8710

Running polya filter for radius = 1, bins = 128, delta = 160.
Initial MSE: 749.7859
Iteration 1 of 50 | Duration = 25.173 | MSE = 290.6720
Iteration 2 of 50 | Duration = 28.259 | MSE = 233.7254
Iteration 3 of 50 | Duration = 27.294 | MSE = 209.9620
Iteration 4 of 50 | Duration = 25.500 | MSE = 203.4499
Iteration 5 of 50 | Duration = 26.423 | MSE = 200.7504
Iteration 6 of 50 | Duration = 25.667 | MSE = 198.9986
Iteration 7 of 50 | Duration = 23.817 | MSE = 197.4174
Iteration 8 of 50 | Duration = 24.701 | MSE = 196.6638
Iteration 9 of 50 | Duration = 24.347 | MSE = 196.1309
Iteration 10 of 50 | Duration = 24.220 | MSE = 195.7304
New optimal MSE: 195.7304

Running polya filter for radius = 1, bins = 128, delta = 180.
Initial MSE: 749.7859
Iteration 1 of 50 | Duration = 25.947 | MSE = 290.6720
Iteration 2 of 50 | Duration = 26.657 | MSE = 233.6891
Iteration 3 of 50 | Duration = 25.456 | MSE = 209.8996
Iteration 4 of 50 | Duration = 25.216 | MSE = 203.4499
Iteration 5 of 50 | Duration = 30.158 | MSE = 200.7023
Iteration 6 of 50 | Duration = 29.674 | MSE = 198.9569
Iteration 7 of 50 | Duration = 26.164 | MSE = 197.3863
Iteration 8 of 50 | Duration = 27.706 | MSE = 196.6355
Iteration 9 of 50 | Duration = 27.721 | MSE = 196.1063
Iteration 10 of 50 | Duration = 26.294 | MSE = 195.6985
New optimal MSE: 195.6985

Running polya filter for radius = 1, bins = 128, delta = 200.
Initial MSE: 749.7859
Iteration 1 of 50 | Duration = 29.220 | MSE = 290.6720
Iteration 2 of 50 | Duration = 30.125 | MSE = 233.6877
Iteration 3 of 50 | Duration = 25.767 | MSE = 209.8947
Iteration 4 of 50 | Duration = 25.265 | MSE = 203.4480
Iteration 5 of 50 | Duration = 26.600 | MSE = 200.7007
Iteration 6 of 50 | Duration = 24.686 | MSE = 198.9552
Iteration 7 of 50 | Duration = 25.566 | MSE = 197.3846
Iteration 8 of 50 | Duration = 25.046 | MSE = 196.6336
Iteration 9 of 50 | Duration = 23.611 | MSE = 196.1045
Iteration 10 of 50 | Duration = 26.057 | MSE = 195.6968
New optimal MSE: 195.6968

Running polya filter for radius = 1, bins = 256, delta = 20.
Initial MSE: 749.7859
Iteration 1 of 50 | Duration = 41.348 | MSE = 748.7630
Iteration 2 of 50 | Duration = 42.261 | MSE = 748.7630
Iteration 3 of 50 | Duration = 41.150 | MSE = 748.7630

Running polya filter for radius = 1, bins = 256, delta = 40.
Initial MSE: 749.7859
Iteration 1 of 50 | Duration = 40.787 | MSE = 748.7630
Iteration 2 of 50 | Duration = 40.076 | MSE = 748.7630
Iteration 3 of 50 | Duration = 39.732 | MSE = 380.3327
Iteration 4 of 50 | Duration = 39.862 | MSE = 309.8217
Iteration 5 of 50 | Duration = 40.974 | MSE = 300.5732
Iteration 6 of 50 | Duration = 43.129 | MSE = 232.2093
Iteration 7 of 50 | Duration = 42.174 | MSE = 219.5991
Iteration 8 of 50 | Duration = 41.431 | MSE = 215.1077
Iteration 9 of 50 | Duration = 42.174 | MSE = 208.6611
Iteration 10 of 50 | Duration = 41.641 | MSE = 207.6211
Iteration 11 of 50 | Duration = 42.781 | MSE = 206.6496
Iteration 12 of 50 | Duration = 46.023 | MSE = 206.1548

Running polya filter for radius = 1, bins = 256, delta = 60.
Initial MSE: 749.7859
Iteration 1 of 50 | Duration = 40.870 | MSE = 748.7630
Iteration 2 of 50 | Duration = 40.470 | MSE = 380.3327
Iteration 3 of 50 | Duration = 40.123 | MSE = 307.8492
Iteration 4 of 50 | Duration = 42.536 | MSE = 230.8286
Iteration 5 of 50 | Duration = 41.023 | MSE = 215.3570
Iteration 6 of 50 | Duration = 41.185 | MSE = 208.6972
Iteration 7 of 50 | Duration = 41.360 | MSE = 207.6178
Iteration 8 of 50 | Duration = 41.493 | MSE = 206.0917
Iteration 9 of 50 | Duration = 42.230 | MSE = 204.5092
Iteration 10 of 50 | Duration = 45.871 | MSE = 202.5383
Iteration 11 of 50 | Duration = 44.604 | MSE = 201.8138
Iteration 12 of 50 | Duration = 44.446 | MSE = 200.5228
Iteration 13 of 50 | Duration = 43.092 | MSE = 199.9420
Iteration 14 of 50 | Duration = 42.416 | MSE = 199.0178
Iteration 15 of 50 | Duration = 39.877 | MSE = 198.7446

Running polya filter for radius = 1, bins = 256, delta = 80.
Initial MSE: 749.7859
Iteration 1 of 50 | Duration = 40.680 | MSE = 748.7630
Iteration 2 of 50 | Duration = 39.416 | MSE = 380.3327
Iteration 3 of 50 | Duration = 39.998 | MSE = 312.5941
Iteration 4 of 50 | Duration = 41.214 | MSE = 232.2833
Iteration 5 of 50 | Duration = 39.797 | MSE = 216.8803
Iteration 6 of 50 | Duration = 40.067 | MSE = 208.9139
Iteration 7 of 50 | Duration = 39.475 | MSE = 206.2398
Iteration 8 of 50 | Duration = 39.664 | MSE = 204.4674
Iteration 9 of 50 | Duration = 39.035 | MSE = 203.4038
Iteration 10 of 50 | Duration = 39.356 | MSE = 201.7736
Iteration 11 of 50 | Duration = 39.532 | MSE = 201.1752
Iteration 12 of 50 | Duration = 39.307 | MSE = 199.9005
Iteration 13 of 50 | Duration = 39.359 | MSE = 199.4232

Running polya filter for radius = 1, bins = 256, delta = 100.
Initial MSE: 749.7859
Iteration 1 of 50 | Duration = 46.787 | MSE = 342.5108
Iteration 2 of 50 | Duration = 44.957 | MSE = 249.4991
Iteration 3 of 50 | Duration = 38.843 | MSE = 225.7177
Iteration 4 of 50 | Duration = 40.376 | MSE = 212.9176
Iteration 5 of 50 | Duration = 38.791 | MSE = 206.2532
Iteration 6 of 50 | Duration = 38.149 | MSE = 202.6746
Iteration 7 of 50 | Duration = 37.877 | MSE = 200.8590
Iteration 8 of 50 | Duration = 36.928 | MSE = 199.6784
Iteration 9 of 50 | Duration = 36.638 | MSE = 198.8481
Iteration 10 of 50 | Duration = 36.925 | MSE = 198.0976
Iteration 11 of 50 | Duration = 37.617 | MSE = 197.6020

Running polya filter for radius = 1, bins = 256, delta = 120.
Initial MSE: 749.7859
Iteration 1 of 50 | Duration = 37.046 | MSE = 293.3915
Iteration 2 of 50 | Duration = 38.612 | MSE = 234.8502
Iteration 3 of 50 | Duration = 38.206 | MSE = 209.8829
Iteration 4 of 50 | Duration = 37.303 | MSE = 205.7327
Iteration 5 of 50 | Duration = 37.838 | MSE = 201.8309
Iteration 6 of 50 | Duration = 37.758 | MSE = 199.7730
Iteration 7 of 50 | Duration = 37.579 | MSE = 198.2710
Iteration 8 of 50 | Duration = 37.345 | MSE = 197.4640
Iteration 9 of 50 | Duration = 38.499 | MSE = 196.7571
Iteration 10 of 50 | Duration = 38.181 | MSE = 196.2867

Running polya filter for radius = 1, bins = 256, delta = 140.
Initial MSE: 749.7859
Iteration 1 of 50 | Duration = 38.590 | MSE = 293.3915
Iteration 2 of 50 | Duration = 40.282 | MSE = 234.8502
Iteration 3 of 50 | Duration = 38.949 | MSE = 209.9051
Iteration 4 of 50 | Duration = 38.209 | MSE = 205.6718
Iteration 5 of 50 | Duration = 37.992 | MSE = 201.8218
Iteration 6 of 50 | Duration = 37.757 | MSE = 199.7499
Iteration 7 of 50 | Duration = 37.490 | MSE = 198.2531
Iteration 8 of 50 | Duration = 36.678 | MSE = 197.4527
Iteration 9 of 50 | Duration = 37.565 | MSE = 196.7426
Iteration 10 of 50 | Duration = 36.838 | MSE = 196.2778

Running polya filter for radius = 1, bins = 256, delta = 160.
Initial MSE: 749.7859
Iteration 1 of 50 | Duration = 37.709 | MSE = 293.3915
Iteration 2 of 50 | Duration = 40.971 | MSE = 234.8502
Iteration 3 of 50 | Duration = 37.935 | MSE = 210.7966
Iteration 4 of 50 | Duration = 37.411 | MSE = 204.1084
Iteration 5 of 50 | Duration = 37.078 | MSE = 201.2973
Iteration 6 of 50 | Duration = 37.227 | MSE = 199.4550
Iteration 7 of 50 | Duration = 36.727 | MSE = 197.8969
Iteration 8 of 50 | Duration = 37.712 | MSE = 197.1032
Iteration 9 of 50 | Duration = 36.071 | MSE = 196.5569
Iteration 10 of 50 | Duration = 36.841 | MSE = 196.1391

Running polya filter for radius = 1, bins = 256, delta = 180.
Initial MSE: 749.7859
Iteration 1 of 50 | Duration = 37.113 | MSE = 293.3915
Iteration 2 of 50 | Duration = 38.371 | MSE = 234.8086
Iteration 3 of 50 | Duration = 37.186 | MSE = 210.7269
Iteration 4 of 50 | Duration = 35.776 | MSE = 204.1137
Iteration 5 of 50 | Duration = 37.891 | MSE = 201.2463
Iteration 6 of 50 | Duration = 37.037 | MSE = 199.4172
Iteration 7 of 50 | Duration = 37.926 | MSE = 197.8672
Iteration 8 of 50 | Duration = 37.496 | MSE = 197.0722
Iteration 9 of 50 | Duration = 37.300 | MSE = 196.5272
Iteration 10 of 50 | Duration = 37.346 | MSE = 196.1098

Running polya filter for radius = 1, bins = 256, delta = 200.
Initial MSE: 749.7859
Iteration 1 of 50 | Duration = 37.139 | MSE = 293.3915
Iteration 2 of 50 | Duration = 40.268 | MSE = 234.8072
Iteration 3 of 50 | Duration = 37.743 | MSE = 210.7217
Iteration 4 of 50 | Duration = 37.698 | MSE = 204.1116
Iteration 5 of 50 | Duration = 37.497 | MSE = 201.2445
Iteration 6 of 50 | Duration = 37.033 | MSE = 199.4153
Iteration 7 of 50 | Duration = 36.382 | MSE = 197.8653
Iteration 8 of 50 | Duration = 37.129 | MSE = 197.0701
Iteration 9 of 50 | Duration = 36.916 | MSE = 196.5252
Iteration 10 of 50 | Duration = 36.316 | MSE = 196.1080

Running polya filter for radius = 2, bins = 32, delta = 20.
Initial MSE: 749.7859
Iteration 1 of 50 | Duration = 4.265 | MSE = 748.2183
Iteration 2 of 50 | Duration = 3.173 | MSE = 748.2183
Iteration 3 of 50 | Duration = 3.632 | MSE = 748.2183

Running polya filter for radius = 2, bins = 32, delta = 40.
Initial MSE: 749.7859
Iteration 1 of 50 | Duration = 4.950 | MSE = 748.2183
Iteration 2 of 50 | Duration = 3.331 | MSE = 748.2183
Iteration 3 of 50 | Duration = 3.069 | MSE = 375.0250
Iteration 4 of 50 | Duration = 2.931 | MSE = 252.1240
Iteration 5 of 50 | Duration = 2.900 | MSE = 204.8724
Iteration 6 of 50 | Duration = 3.559 | MSE = 185.8908
Iteration 7 of 50 | Duration = 3.407 | MSE = 182.5676
Iteration 8 of 50 | Duration = 3.624 | MSE = 181.4077
Iteration 9 of 50 | Duration = 3.480 | MSE = 180.8766
Iteration 10 of 50 | Duration = 3.015 | MSE = 180.4876
New optimal MSE: 180.4876

Running polya filter for radius = 2, bins = 32, delta = 60.
Initial MSE: 749.7859
Iteration 1 of 50 | Duration = 4.221 | MSE = 748.2183
Iteration 2 of 50 | Duration = 3.265 | MSE = 345.5285
Iteration 3 of 50 | Duration = 3.681 | MSE = 212.3988
Iteration 4 of 50 | Duration = 4.026 | MSE = 183.9861
Iteration 5 of 50 | Duration = 3.599 | MSE = 182.2753
Iteration 6 of 50 | Duration = 2.978 | MSE = 180.4872
Iteration 7 of 50 | Duration = 3.125 | MSE = 180.7213

Running polya filter for radius = 2, bins = 32, delta = 80.
Initial MSE: 749.7859
Iteration 1 of 50 | Duration = 4.455 | MSE = 748.2183
Iteration 2 of 50 | Duration = 3.417 | MSE = 348.2888
Iteration 3 of 50 | Duration = 3.590 | MSE = 215.4023
Iteration 4 of 50 | Duration = 3.907 | MSE = 183.7894
Iteration 5 of 50 | Duration = 3.120 | MSE = 182.3580
Iteration 6 of 50 | Duration = 2.993 | MSE = 180.8401
Iteration 7 of 50 | Duration = 3.108 | MSE = 181.0816

Running polya filter for radius = 2, bins = 32, delta = 100.
Initial MSE: 749.7859
Iteration 1 of 50 | Duration = 8.346 | MSE = 271.3656
Iteration 2 of 50 | Duration = 4.486 | MSE = 185.7053
Iteration 3 of 50 | Duration = 3.224 | MSE = 179.5173
Iteration 4 of 50 | Duration = 3.222 | MSE = 178.3185
Iteration 5 of 50 | Duration = 3.255 | MSE = 178.1622
New optimal MSE: 178.1622

Running polya filter for radius = 2, bins = 32, delta = 120.
Initial MSE: 749.7859
Iteration 1 of 50 | Duration = 4.535 | MSE = 209.1336
Iteration 2 of 50 | Duration = 4.664 | MSE = 185.7401
Iteration 3 of 50 | Duration = 3.293 | MSE = 181.8922
Iteration 4 of 50 | Duration = 3.288 | MSE = 180.7069
Iteration 5 of 50 | Duration = 3.370 | MSE = 180.5081

Running polya filter for radius = 2, bins = 32, delta = 140.
Initial MSE: 749.7859
Iteration 1 of 50 | Duration = 4.506 | MSE = 209.1336
Iteration 2 of 50 | Duration = 4.408 | MSE = 185.7384
Iteration 3 of 50 | Duration = 3.196 | MSE = 181.9331
Iteration 4 of 50 | Duration = 3.299 | MSE = 180.7318
Iteration 5 of 50 | Duration = 3.283 | MSE = 180.5280

Running polya filter for radius = 2, bins = 32, delta = 160.
Initial MSE: 749.7859
Iteration 1 of 50 | Duration = 4.523 | MSE = 209.1336
Iteration 2 of 50 | Duration = 4.824 | MSE = 185.7382
Iteration 3 of 50 | Duration = 3.297 | MSE = 182.0989
Iteration 4 of 50 | Duration = 3.189 | MSE = 180.7753
Iteration 5 of 50 | Duration = 3.097 | MSE = 180.6682

Running polya filter for radius = 2, bins = 32, delta = 180.
Initial MSE: 749.7859
Iteration 1 of 50 | Duration = 4.703 | MSE = 209.1336
Iteration 2 of 50 | Duration = 4.774 | MSE = 185.5939
Iteration 3 of 50 | Duration = 3.307 | MSE = 181.9995
Iteration 4 of 50 | Duration = 3.253 | MSE = 180.7623
Iteration 5 of 50 | Duration = 3.185 | MSE = 180.7271

Running polya filter for radius = 2, bins = 32, delta = 200.
Initial MSE: 749.7859
Iteration 1 of 50 | Duration = 4.495 | MSE = 209.1336
Iteration 2 of 50 | Duration = 5.086 | MSE = 185.5918
Iteration 3 of 50 | Duration = 3.480 | MSE = 181.9972
Iteration 4 of 50 | Duration = 3.387 | MSE = 180.7583
Iteration 5 of 50 | Duration = 3.252 | MSE = 180.7250

Running polya filter for radius = 2, bins = 64, delta = 20.
Initial MSE: 749.7859
Iteration 1 of 50 | Duration = 6.528 | MSE = 745.2986
Iteration 2 of 50 | Duration = 5.625 | MSE = 745.2986
Iteration 3 of 50 | Duration = 4.943 | MSE = 745.2986

Running polya filter for radius = 2, bins = 64, delta = 40.
Initial MSE: 749.7859
Iteration 1 of 50 | Duration = 5.993 | MSE = 745.2986
Iteration 2 of 50 | Duration = 4.962 | MSE = 745.2986
Iteration 3 of 50 | Duration = 5.636 | MSE = 424.7296
Iteration 4 of 50 | Duration = 5.196 | MSE = 289.4261
Iteration 5 of 50 | Duration = 4.685 | MSE = 231.0999
Iteration 6 of 50 | Duration = 5.467 | MSE = 192.8044
Iteration 7 of 50 | Duration = 5.324 | MSE = 183.5461
Iteration 8 of 50 | Duration = 5.229 | MSE = 179.6349
Iteration 9 of 50 | Duration = 4.764 | MSE = 178.4447
Iteration 10 of 50 | Duration = 5.227 | MSE = 177.9117
Iteration 11 of 50 | Duration = 5.303 | MSE = 177.8649
New optimal MSE: 177.8649

Running polya filter for radius = 2, bins = 64, delta = 60.
Initial MSE: 749.7859
Iteration 1 of 50 | Duration = 6.897 | MSE = 745.2986
Iteration 2 of 50 | Duration = 4.790 | MSE = 389.5260
Iteration 3 of 50 | Duration = 5.004 | MSE = 240.7361
Iteration 4 of 50 | Duration = 5.834 | MSE = 187.0630
Iteration 5 of 50 | Duration = 5.133 | MSE = 180.0177
Iteration 6 of 50 | Duration = 5.243 | MSE = 178.0469
Iteration 7 of 50 | Duration = 5.334 | MSE = 177.9371

Running polya filter for radius = 2, bins = 64, delta = 80.
Initial MSE: 749.7859
Iteration 1 of 50 | Duration = 6.638 | MSE = 745.2986
Iteration 2 of 50 | Duration = 4.863 | MSE = 391.6333
Iteration 3 of 50 | Duration = 5.013 | MSE = 246.7671
Iteration 4 of 50 | Duration = 5.767 | MSE = 186.5947
Iteration 5 of 50 | Duration = 5.396 | MSE = 180.0869
Iteration 6 of 50 | Duration = 4.943 | MSE = 178.3485
Iteration 7 of 50 | Duration = 4.837 | MSE = 178.2393

Running polya filter for radius = 2, bins = 64, delta = 100.
Initial MSE: 749.7859
Iteration 1 of 50 | Duration = 11.047 | MSE = 268.6587
Iteration 2 of 50 | Duration = 6.582 | MSE = 182.9784
Iteration 3 of 50 | Duration = 5.261 | MSE = 176.5271
Iteration 4 of 50 | Duration = 5.283 | MSE = 175.6719
Iteration 5 of 50 | Duration = 5.548 | MSE = 175.1983
New optimal MSE: 175.1983

Running polya filter for radius = 2, bins = 64, delta = 120.
Initial MSE: 749.7859
Iteration 1 of 50 | Duration = 6.511 | MSE = 206.3811
Iteration 2 of 50 | Duration = 6.875 | MSE = 183.0811
Iteration 3 of 50 | Duration = 5.602 | MSE = 179.2647
Iteration 4 of 50 | Duration = 5.367 | MSE = 178.0551
Iteration 5 of 50 | Duration = 5.041 | MSE = 177.6945

Running polya filter for radius = 2, bins = 64, delta = 140.
Initial MSE: 749.7859
Iteration 1 of 50 | Duration = 6.180 | MSE = 206.3811
Iteration 2 of 50 | Duration = 7.910 | MSE = 183.0793
Iteration 3 of 50 | Duration = 5.646 | MSE = 179.3022
Iteration 4 of 50 | Duration = 4.955 | MSE = 178.0656
Iteration 5 of 50 | Duration = 5.093 | MSE = 177.7406

Running polya filter for radius = 2, bins = 64, delta = 160.
Initial MSE: 749.7859
Iteration 1 of 50 | Duration = 6.891 | MSE = 206.3811
Iteration 2 of 50 | Duration = 6.858 | MSE = 183.0786
Iteration 3 of 50 | Duration = 5.445 | MSE = 179.4598
Iteration 4 of 50 | Duration = 6.069 | MSE = 178.1189
Iteration 5 of 50 | Duration = 5.586 | MSE = 177.9351

Running polya filter for radius = 2, bins = 64, delta = 180.
Initial MSE: 749.7859
Iteration 1 of 50 | Duration = 6.100 | MSE = 206.3811
Iteration 2 of 50 | Duration = 6.596 | MSE = 182.9257
Iteration 3 of 50 | Duration = 6.020 | MSE = 179.3663
Iteration 4 of 50 | Duration = 5.284 | MSE = 178.1001
Iteration 5 of 50 | Duration = 5.273 | MSE = 177.9943

Running polya filter for radius = 2, bins = 64, delta = 200.
Initial MSE: 749.7859
Iteration 1 of 50 | Duration = 6.508 | MSE = 206.3811
Iteration 2 of 50 | Duration = 7.412 | MSE = 182.9238
Iteration 3 of 50 | Duration = 5.295 | MSE = 179.3642
Iteration 4 of 50 | Duration = 5.095 | MSE = 178.0958
Iteration 5 of 50 | Duration = 5.666 | MSE = 177.9933

Running polya filter for radius = 2, bins = 128, delta = 20.
Initial MSE: 749.7859
Iteration 1 of 50 | Duration = 22.735 | MSE = 740.6676
Iteration 2 of 50 | Duration = 23.728 | MSE = 740.6676
Iteration 3 of 50 | Duration = 23.298 | MSE = 740.6676

Running polya filter for radius = 2, bins = 128, delta = 40.
Initial MSE: 749.7859
Iteration 1 of 50 | Duration = 22.896 | MSE = 740.6676
Iteration 2 of 50 | Duration = 23.620 | MSE = 740.6676
Iteration 3 of 50 | Duration = 23.501 | MSE = 454.6497
Iteration 4 of 50 | Duration = 24.326 | MSE = 318.8909
Iteration 5 of 50 | Duration = 24.682 | MSE = 256.4732
Iteration 6 of 50 | Duration = 24.531 | MSE = 204.4011
Iteration 7 of 50 | Duration = 24.874 | MSE = 189.3426
Iteration 8 of 50 | Duration = 24.172 | MSE = 181.7134
Iteration 9 of 50 | Duration = 24.735 | MSE = 179.2056
Iteration 10 of 50 | Duration = 24.574 | MSE = 178.0828
Iteration 11 of 50 | Duration = 24.745 | MSE = 177.7776

Running polya filter for radius = 2, bins = 128, delta = 60.
Initial MSE: 749.7859
Iteration 1 of 50 | Duration = 22.635 | MSE = 740.6676
Iteration 2 of 50 | Duration = 24.060 | MSE = 417.2740
Iteration 3 of 50 | Duration = 23.620 | MSE = 266.7383
Iteration 4 of 50 | Duration = 24.660 | MSE = 194.8019
Iteration 5 of 50 | Duration = 24.651 | MSE = 181.4620
Iteration 6 of 50 | Duration = 23.944 | MSE = 178.2258
Iteration 7 of 50 | Duration = 24.301 | MSE = 177.7324

Running polya filter for radius = 2, bins = 128, delta = 80.
Initial MSE: 749.7859
Iteration 1 of 50 | Duration = 23.517 | MSE = 740.6676
Iteration 2 of 50 | Duration = 23.233 | MSE = 418.6544
Iteration 3 of 50 | Duration = 24.680 | MSE = 275.1419
Iteration 4 of 50 | Duration = 24.882 | MSE = 194.1808
Iteration 5 of 50 | Duration = 23.747 | MSE = 181.8027
Iteration 6 of 50 | Duration = 25.180 | MSE = 178.5227
Iteration 7 of 50 | Duration = 24.102 | MSE = 178.1015

Running polya filter for radius = 2, bins = 128, delta = 100.
Initial MSE: 749.7859
Iteration 1 of 50 | Duration = 27.817 | MSE = 267.9323
Iteration 2 of 50 | Duration = 26.752 | MSE = 182.4580
Iteration 3 of 50 | Duration = 25.439 | MSE = 176.0677
Iteration 4 of 50 | Duration = 24.553 | MSE = 175.5047
Iteration 5 of 50 | Duration = 24.737 | MSE = 174.8374
Iteration 6 of 50 | Duration = 24.582 | MSE = 174.4823
New optimal MSE: 174.4823

Running polya filter for radius = 2, bins = 128, delta = 120.
Initial MSE: 749.7859
Iteration 1 of 50 | Duration = 22.256 | MSE = 205.6725
Iteration 2 of 50 | Duration = 26.948 | MSE = 183.2277
Iteration 3 of 50 | Duration = 25.027 | MSE = 178.9709
Iteration 4 of 50 | Duration = 24.634 | MSE = 177.8973
Iteration 5 of 50 | Duration = 25.040 | MSE = 177.5126

Running polya filter for radius = 2, bins = 128, delta = 140.
Initial MSE: 749.7859
Iteration 1 of 50 | Duration = 22.372 | MSE = 205.6725
Iteration 2 of 50 | Duration = 27.514 | MSE = 183.2256
Iteration 3 of 50 | Duration = 25.508 | MSE = 179.0051
Iteration 4 of 50 | Duration = 24.691 | MSE = 177.9073
Iteration 5 of 50 | Duration = 25.081 | MSE = 177.5550

Running polya filter for radius = 2, bins = 128, delta = 160.
Initial MSE: 749.7859
Iteration 1 of 50 | Duration = 23.351 | MSE = 205.6725
Iteration 2 of 50 | Duration = 25.858 | MSE = 183.2243
Iteration 3 of 50 | Duration = 25.528 | MSE = 179.1483
Iteration 4 of 50 | Duration = 24.596 | MSE = 177.9608
Iteration 5 of 50 | Duration = 24.058 | MSE = 177.7830

Running polya filter for radius = 2, bins = 128, delta = 180.
Initial MSE: 749.7859
Iteration 1 of 50 | Duration = 23.669 | MSE = 205.6725
Iteration 2 of 50 | Duration = 26.991 | MSE = 183.0749
Iteration 3 of 50 | Duration = 24.990 | MSE = 179.0736
Iteration 4 of 50 | Duration = 25.783 | MSE = 177.9544
Iteration 5 of 50 | Duration = 24.803 | MSE = 177.8548

Running polya filter for radius = 2, bins = 128, delta = 200.
Initial MSE: 749.7859
Iteration 1 of 50 | Duration = 23.410 | MSE = 205.6725
Iteration 2 of 50 | Duration = 28.454 | MSE = 183.0728
Iteration 3 of 50 | Duration = 24.199 | MSE = 179.0713
Iteration 4 of 50 | Duration = 24.650 | MSE = 177.9491
Iteration 5 of 50 | Duration = 24.781 | MSE = 177.8537

Running polya filter for radius = 2, bins = 256, delta = 20.
Initial MSE: 749.7859
Iteration 1 of 50 | Duration = 35.275 | MSE = 748.7630
Iteration 2 of 50 | Duration = 35.398 | MSE = 748.7630
Iteration 3 of 50 | Duration = 37.364 | MSE = 748.7630

Running polya filter for radius = 2, bins = 256, delta = 40.
Initial MSE: 749.7859
Iteration 1 of 50 | Duration = 35.370 | MSE = 748.7630
Iteration 2 of 50 | Duration = 35.821 | MSE = 748.7630
Iteration 3 of 50 | Duration = 36.699 | MSE = 476.2772
Iteration 4 of 50 | Duration = 37.437 | MSE = 339.3973
Iteration 5 of 50 | Duration = 38.008 | MSE = 274.6426
Iteration 6 of 50 | Duration = 38.837 | MSE = 213.3346
Iteration 7 of 50 | Duration = 37.490 | MSE = 194.0798
Iteration 8 of 50 | Duration = 38.388 | MSE = 183.2712
Iteration 9 of 50 | Duration = 38.202 | MSE = 179.4264
Iteration 10 of 50 | Duration = 38.705 | MSE = 177.5659
Iteration 11 of 50 | Duration = 37.858 | MSE = 176.8603
Iteration 12 of 50 | Duration = 38.826 | MSE = 176.6249

Running polya filter for radius = 2, bins = 256, delta = 60.
Initial MSE: 749.7859
Iteration 1 of 50 | Duration = 35.729 | MSE = 748.7630
Iteration 2 of 50 | Duration = 36.862 | MSE = 437.2061
Iteration 3 of 50 | Duration = 37.589 | MSE = 284.8510
Iteration 4 of 50 | Duration = 39.286 | MSE = 200.7838
Iteration 5 of 50 | Duration = 39.375 | MSE = 182.6454
Iteration 6 of 50 | Duration = 39.861 | MSE = 177.7582
Iteration 7 of 50 | Duration = 38.347 | MSE = 176.7681
Iteration 8 of 50 | Duration = 39.320 | MSE = 176.3102

Running polya filter for radius = 2, bins = 256, delta = 80.
Initial MSE: 749.7859
Iteration 1 of 50 | Duration = 36.714 | MSE = 748.7630
Iteration 2 of 50 | Duration = 37.074 | MSE = 438.1094
Iteration 3 of 50 | Duration = 38.508 | MSE = 294.9704
Iteration 4 of 50 | Duration = 39.364 | MSE = 199.6570
Iteration 5 of 50 | Duration = 40.046 | MSE = 183.0803
Iteration 6 of 50 | Duration = 39.214 | MSE = 177.9594
Iteration 7 of 50 | Duration = 39.090 | MSE = 177.0969
Iteration 8 of 50 | Duration = 39.316 | MSE = 176.7426

Running polya filter for radius = 2, bins = 256, delta = 100.
Initial MSE: 749.7859
Iteration 1 of 50 | Duration = 42.139 | MSE = 270.5621
Iteration 2 of 50 | Duration = 41.912 | MSE = 182.1305
Iteration 3 of 50 | Duration = 38.823 | MSE = 175.4587
Iteration 4 of 50 | Duration = 38.433 | MSE = 174.7907
Iteration 5 of 50 | Duration = 37.958 | MSE = 173.9138
Iteration 6 of 50 | Duration = 38.240 | MSE = 173.5473
New optimal MSE: 173.5473

Running polya filter for radius = 2, bins = 256, delta = 120.
Initial MSE: 749.7859
Iteration 1 of 50 | Duration = 35.874 | MSE = 205.8592
Iteration 2 of 50 | Duration = 40.152 | MSE = 183.1312
Iteration 3 of 50 | Duration = 38.045 | MSE = 178.0957
Iteration 4 of 50 | Duration = 37.443 | MSE = 176.9811
Iteration 5 of 50 | Duration = 38.398 | MSE = 176.5013

Running polya filter for radius = 2, bins = 256, delta = 140.
Initial MSE: 749.7859
Iteration 1 of 50 | Duration = 35.907 | MSE = 205.8592
Iteration 2 of 50 | Duration = 39.891 | MSE = 183.1289
Iteration 3 of 50 | Duration = 38.190 | MSE = 178.1254
Iteration 4 of 50 | Duration = 37.644 | MSE = 176.9783
Iteration 5 of 50 | Duration = 38.566 | MSE = 176.5422

Running polya filter for radius = 2, bins = 256, delta = 160.
Initial MSE: 749.7859
Iteration 1 of 50 | Duration = 35.295 | MSE = 205.8592
Iteration 2 of 50 | Duration = 40.053 | MSE = 183.1279
Iteration 3 of 50 | Duration = 38.656 | MSE = 178.2631
Iteration 4 of 50 | Duration = 38.197 | MSE = 177.0141
Iteration 5 of 50 | Duration = 38.799 | MSE = 176.7226

Running polya filter for radius = 2, bins = 256, delta = 180.
Initial MSE: 749.7859
Iteration 1 of 50 | Duration = 35.240 | MSE = 205.8592
Iteration 2 of 50 | Duration = 41.984 | MSE = 182.9727
Iteration 3 of 50 | Duration = 39.048 | MSE = 178.1781
Iteration 4 of 50 | Duration = 38.116 | MSE = 177.0062
Iteration 5 of 50 | Duration = 37.889 | MSE = 176.8041

Running polya filter for radius = 2, bins = 256, delta = 200.
Initial MSE: 749.7859
Iteration 1 of 50 | Duration = 35.092 | MSE = 205.8592
Iteration 2 of 50 | Duration = 41.307 | MSE = 182.9705
Iteration 3 of 50 | Duration = 39.531 | MSE = 178.1756
Iteration 4 of 50 | Duration = 39.164 | MSE = 177.0009
Iteration 5 of 50 | Duration = 38.863 | MSE = 176.8041

Running polya filter for radius = 3, bins = 32, delta = 20.
Initial MSE: 749.7859
Iteration 1 of 50 | Duration = 4.949 | MSE = 748.2183
Iteration 2 of 50 | Duration = 3.335 | MSE = 748.2183
Iteration 3 of 50 | Duration = 3.541 | MSE = 748.2183

Running polya filter for radius = 3, bins = 32, delta = 40.
Initial MSE: 749.7859
Iteration 1 of 50 | Duration = 5.077 | MSE = 748.2183
Iteration 2 of 50 | Duration = 3.578 | MSE = 748.2183
Iteration 3 of 50 | Duration = 3.510 | MSE = 380.2478
Iteration 4 of 50 | Duration = 3.231 | MSE = 253.1397
Iteration 5 of 50 | Duration = 3.736 | MSE = 205.2023
Iteration 6 of 50 | Duration = 4.088 | MSE = 197.8797
Iteration 7 of 50 | Duration = 3.644 | MSE = 198.1165

Running polya filter for radius = 3, bins = 32, delta = 60.
Initial MSE: 749.7859
Iteration 1 of 50 | Duration = 5.111 | MSE = 748.2183
Iteration 2 of 50 | Duration = 3.471 | MSE = 352.4293
Iteration 3 of 50 | Duration = 3.459 | MSE = 208.2647
Iteration 4 of 50 | Duration = 3.734 | MSE = 195.5181
Iteration 5 of 50 | Duration = 3.481 | MSE = 197.3207

Running polya filter for radius = 3, bins = 32, delta = 80.
Initial MSE: 749.7859
Iteration 1 of 50 | Duration = 4.925 | MSE = 748.2183
Iteration 2 of 50 | Duration = 3.757 | MSE = 358.0369
Iteration 3 of 50 | Duration = 3.588 | MSE = 208.9040
Iteration 4 of 50 | Duration = 4.089 | MSE = 195.9488
Iteration 5 of 50 | Duration = 3.818 | MSE = 198.0133

Running polya filter for radius = 3, bins = 32, delta = 100.
Initial MSE: 749.7859
Iteration 1 of 50 | Duration = 8.382 | MSE = 253.3304
Iteration 2 of 50 | Duration = 4.747 | MSE = 191.3160
Iteration 3 of 50 | Duration = 3.739 | MSE = 193.2533

Running polya filter for radius = 3, bins = 32, delta = 120.
Initial MSE: 749.7859
Iteration 1 of 50 | Duration = 5.189 | MSE = 206.2476
Iteration 2 of 50 | Duration = 4.624 | MSE = 193.5996
Iteration 3 of 50 | Duration = 3.853 | MSE = 196.3627

Running polya filter for radius = 3, bins = 32, delta = 140.
Initial MSE: 749.7859
Iteration 1 of 50 | Duration = 5.551 | MSE = 206.2476
Iteration 2 of 50 | Duration = 4.919 | MSE = 193.5850
Iteration 3 of 50 | Duration = 3.337 | MSE = 196.3563

Running polya filter for radius = 3, bins = 32, delta = 160.
Initial MSE: 749.7859
Iteration 1 of 50 | Duration = 4.987 | MSE = 206.2476
Iteration 2 of 50 | Duration = 4.443 | MSE = 193.5771
Iteration 3 of 50 | Duration = 3.837 | MSE = 196.4100

Running polya filter for radius = 3, bins = 32, delta = 180.
Initial MSE: 749.7859
Iteration 1 of 50 | Duration = 5.229 | MSE = 206.2476
Iteration 2 of 50 | Duration = 4.686 | MSE = 193.4750
Iteration 3 of 50 | Duration = 3.581 | MSE = 196.5277

Running polya filter for radius = 3, bins = 32, delta = 200.
Initial MSE: 749.7859
Iteration 1 of 50 | Duration = 5.004 | MSE = 206.2476
Iteration 2 of 50 | Duration = 4.873 | MSE = 193.4725
Iteration 3 of 50 | Duration = 3.714 | MSE = 196.5323

Running polya filter for radius = 3, bins = 64, delta = 20.
Initial MSE: 749.7859
Iteration 1 of 50 | Duration = 6.910 | MSE = 745.2986
Iteration 2 of 50 | Duration = 5.350 | MSE = 745.2986
Iteration 3 of 50 | Duration = 6.493 | MSE = 745.2986

Running polya filter for radius = 3, bins = 64, delta = 40.
Initial MSE: 749.7859
Iteration 1 of 50 | Duration = 7.687 | MSE = 745.2986
Iteration 2 of 50 | Duration = 5.311 | MSE = 745.2986
Iteration 3 of 50 | Duration = 5.653 | MSE = 460.0273
Iteration 4 of 50 | Duration = 6.116 | MSE = 302.9201
Iteration 5 of 50 | Duration = 5.409 | MSE = 229.8773
Iteration 6 of 50 | Duration = 5.803 | MSE = 204.0781
Iteration 7 of 50 | Duration = 6.184 | MSE = 197.8061
Iteration 8 of 50 | Duration = 6.417 | MSE = 196.4222
Iteration 9 of 50 | Duration = 5.806 | MSE = 196.7672

Running polya filter for radius = 3, bins = 64, delta = 60.
Initial MSE: 749.7859
Iteration 1 of 50 | Duration = 7.197 | MSE = 745.2986
Iteration 2 of 50 | Duration = 5.603 | MSE = 425.5155
Iteration 3 of 50 | Duration = 5.621 | MSE = 238.9113
Iteration 4 of 50 | Duration = 6.412 | MSE = 198.1169
Iteration 5 of 50 | Duration = 6.185 | MSE = 195.0222
Iteration 6 of 50 | Duration = 6.009 | MSE = 195.1996

Running polya filter for radius = 3, bins = 64, delta = 80.
Initial MSE: 749.7859
Iteration 1 of 50 | Duration = 7.499 | MSE = 745.2986
Iteration 2 of 50 | Duration = 5.677 | MSE = 430.8778
Iteration 3 of 50 | Duration = 5.502 | MSE = 241.1280
Iteration 4 of 50 | Duration = 6.334 | MSE = 198.4109
Iteration 5 of 50 | Duration = 6.544 | MSE = 195.6438
Iteration 6 of 50 | Duration = 6.474 | MSE = 196.0877

Running polya filter for radius = 3, bins = 64, delta = 100.
Initial MSE: 749.7859
Iteration 1 of 50 | Duration = 11.130 | MSE = 251.1137
Iteration 2 of 50 | Duration = 7.817 | MSE = 188.6891
Iteration 3 of 50 | Duration = 6.878 | MSE = 189.8679

Running polya filter for radius = 3, bins = 64, delta = 120.
Initial MSE: 749.7859
Iteration 1 of 50 | Duration = 7.197 | MSE = 203.6084
Iteration 2 of 50 | Duration = 8.299 | MSE = 191.7514
Iteration 3 of 50 | Duration = 5.923 | MSE = 193.8066

Running polya filter for radius = 3, bins = 64, delta = 140.
Initial MSE: 749.7859
Iteration 1 of 50 | Duration = 6.928 | MSE = 203.6084
Iteration 2 of 50 | Duration = 8.183 | MSE = 191.7309
Iteration 3 of 50 | Duration = 6.416 | MSE = 193.7964

Running polya filter for radius = 3, bins = 64, delta = 160.
Initial MSE: 749.7859
Iteration 1 of 50 | Duration = 7.151 | MSE = 203.6084
Iteration 2 of 50 | Duration = 7.628 | MSE = 191.7253
Iteration 3 of 50 | Duration = 6.299 | MSE = 193.8458

Running polya filter for radius = 3, bins = 64, delta = 180.
Initial MSE: 749.7859
Iteration 1 of 50 | Duration = 7.162 | MSE = 203.6084
Iteration 2 of 50 | Duration = 8.133 | MSE = 191.6193
Iteration 3 of 50 | Duration = 6.685 | MSE = 193.9603

Running polya filter for radius = 3, bins = 64, delta = 200.
Initial MSE: 749.7859
Iteration 1 of 50 | Duration = 7.136 | MSE = 203.6084
Iteration 2 of 50 | Duration = 7.932 | MSE = 191.6169
Iteration 3 of 50 | Duration = 5.842 | MSE = 193.9650

Running polya filter for radius = 3, bins = 128, delta = 20.
Initial MSE: 749.7859
Iteration 1 of 50 | Duration = 24.600 | MSE = 740.6676
Iteration 2 of 50 | Duration = 25.512 | MSE = 740.6676
Iteration 3 of 50 | Duration = 24.667 | MSE = 740.6676

Running polya filter for radius = 3, bins = 128, delta = 40.
Initial MSE: 749.7859
Iteration 1 of 50 | Duration = 24.529 | MSE = 740.6676
Iteration 2 of 50 | Duration = 25.038 | MSE = 740.6676
Iteration 3 of 50 | Duration = 26.173 | MSE = 513.6211
Iteration 4 of 50 | Duration = 25.188 | MSE = 354.7315
Iteration 5 of 50 | Duration = 25.391 | MSE = 268.3266
Iteration 6 of 50 | Duration = 27.786 | MSE = 223.6024
Iteration 7 of 50 | Duration = 25.855 | MSE = 206.3808
Iteration 8 of 50 | Duration = 26.148 | MSE = 199.7570
Iteration 9 of 50 | Duration = 26.999 | MSE = 197.9786
Iteration 10 of 50 | Duration = 26.006 | MSE = 197.6911

Running polya filter for radius = 3, bins = 128, delta = 60.
Initial MSE: 749.7859
Iteration 1 of 50 | Duration = 24.450 | MSE = 740.6676
Iteration 2 of 50 | Duration = 25.698 | MSE = 478.0056
Iteration 3 of 50 | Duration = 25.223 | MSE = 281.8211
Iteration 4 of 50 | Duration = 27.202 | MSE = 212.0868
Iteration 5 of 50 | Duration = 26.961 | MSE = 197.8255
Iteration 6 of 50 | Duration = 25.829 | MSE = 195.8421
Iteration 7 of 50 | Duration = 27.032 | MSE = 196.4058

Running polya filter for radius = 3, bins = 128, delta = 80.
Initial MSE: 749.7859
Iteration 1 of 50 | Duration = 24.294 | MSE = 740.6676
Iteration 2 of 50 | Duration = 25.488 | MSE = 481.7064
Iteration 3 of 50 | Duration = 26.264 | MSE = 286.1512
Iteration 4 of 50 | Duration = 26.890 | MSE = 211.7898
Iteration 5 of 50 | Duration = 26.612 | MSE = 198.2087
Iteration 6 of 50 | Duration = 26.806 | MSE = 196.7469
Iteration 7 of 50 | Duration = 26.046 | MSE = 197.3586

Running polya filter for radius = 3, bins = 128, delta = 100.
Initial MSE: 749.7859
Iteration 1 of 50 | Duration = 31.557 | MSE = 250.8309
Iteration 2 of 50 | Duration = 29.396 | MSE = 188.6036
Iteration 3 of 50 | Duration = 26.823 | MSE = 189.3100

Running polya filter for radius = 3, bins = 128, delta = 120.
Initial MSE: 749.7859
Iteration 1 of 50 | Duration = 23.771 | MSE = 203.3799
Iteration 2 of 50 | Duration = 29.471 | MSE = 192.7788
Iteration 3 of 50 | Duration = 26.504 | MSE = 193.8026

Running polya filter for radius = 3, bins = 128, delta = 140.
Initial MSE: 749.7859
Iteration 1 of 50 | Duration = 23.713 | MSE = 203.3799
Iteration 2 of 50 | Duration = 30.171 | MSE = 192.7549
Iteration 3 of 50 | Duration = 26.187 | MSE = 193.7898

Running polya filter for radius = 3, bins = 128, delta = 160.
Initial MSE: 749.7859
Iteration 1 of 50 | Duration = 23.977 | MSE = 203.3799
Iteration 2 of 50 | Duration = 29.699 | MSE = 192.7495
Iteration 3 of 50 | Duration = 27.005 | MSE = 193.8336

Running polya filter for radius = 3, bins = 128, delta = 180.
Initial MSE: 749.7859
Iteration 1 of 50 | Duration = 24.050 | MSE = 203.3799
Iteration 2 of 50 | Duration = 30.040 | MSE = 192.6389
Iteration 3 of 50 | Duration = 26.666 | MSE = 193.9488

Running polya filter for radius = 3, bins = 128, delta = 200.
Initial MSE: 749.7859
Iteration 1 of 50 | Duration = 25.459 | MSE = 203.3799
Iteration 2 of 50 | Duration = 32.797 | MSE = 192.6371
Iteration 3 of 50 | Duration = 30.449 | MSE = 193.9535

Running polya filter for radius = 3, bins = 256, delta = 20.
Initial MSE: 749.7859
Iteration 1 of 50 | Duration = 40.470 | MSE = 748.7630
Iteration 2 of 50 | Duration = 40.924 | MSE = 748.7630
Iteration 3 of 50 | Duration = 39.593 | MSE = 748.7630

Running polya filter for radius = 3, bins = 256, delta = 40.
Initial MSE: 749.7859
Iteration 1 of 50 | Duration = 37.219 | MSE = 748.7630
Iteration 2 of 50 | Duration = 39.331 | MSE = 748.7630
Iteration 3 of 50 | Duration = 40.056 | MSE = 551.5653
Iteration 4 of 50 | Duration = 41.047 | MSE = 394.4357
Iteration 5 of 50 | Duration = 42.098 | MSE = 301.4186
Iteration 6 of 50 | Duration = 42.002 | MSE = 243.5976
Iteration 7 of 50 | Duration = 42.886 | MSE = 217.0496
Iteration 8 of 50 | Duration = 42.511 | MSE = 204.3400
Iteration 9 of 50 | Duration = 41.818 | MSE = 199.2184
Iteration 10 of 50 | Duration = 42.331 | MSE = 197.3144
Iteration 11 of 50 | Duration = 42.197 | MSE = 196.8980

Running polya filter for radius = 3, bins = 256, delta = 60.
Initial MSE: 749.7859
Iteration 1 of 50 | Duration = 37.231 | MSE = 748.7630
Iteration 2 of 50 | Duration = 38.972 | MSE = 515.0204
Iteration 3 of 50 | Duration = 40.569 | MSE = 316.5902
Iteration 4 of 50 | Duration = 41.251 | MSE = 227.0275
Iteration 5 of 50 | Duration = 42.266 | MSE = 201.5582
Iteration 6 of 50 | Duration = 41.337 | MSE = 195.7680
Iteration 7 of 50 | Duration = 42.188 | MSE = 195.0942
Iteration 8 of 50 | Duration = 42.907 | MSE = 195.4838

Running polya filter for radius = 3, bins = 256, delta = 80.
Initial MSE: 749.7859
Iteration 1 of 50 | Duration = 37.161 | MSE = 748.7630
Iteration 2 of 50 | Duration = 38.522 | MSE = 517.4919
Iteration 3 of 50 | Duration = 40.290 | MSE = 322.3642
Iteration 4 of 50 | Duration = 41.804 | MSE = 225.8055
Iteration 5 of 50 | Duration = 41.808 | MSE = 201.6832
Iteration 6 of 50 | Duration = 41.782 | MSE = 196.5183
Iteration 7 of 50 | Duration = 40.849 | MSE = 195.9776
Iteration 8 of 50 | Duration = 41.401 | MSE = 196.4281

Running polya filter for radius = 3, bins = 256, delta = 100.
Initial MSE: 749.7859
Iteration 1 of 50 | Duration = 43.830 | MSE = 252.9458
Iteration 2 of 50 | Duration = 43.471 | MSE = 187.3434
Iteration 3 of 50 | Duration = 41.680 | MSE = 187.6971

Running polya filter for radius = 3, bins = 256, delta = 120.
Initial MSE: 749.7859
Iteration 1 of 50 | Duration = 37.345 | MSE = 202.5030
Iteration 2 of 50 | Duration = 44.320 | MSE = 192.2784
Iteration 3 of 50 | Duration = 41.903 | MSE = 192.2494

Running polya filter for radius = 3, bins = 256, delta = 140.
Initial MSE: 749.7859
Iteration 1 of 50 | Duration = 37.708 | MSE = 202.5030
Iteration 2 of 50 | Duration = 44.462 | MSE = 192.2534
Iteration 3 of 50 | Duration = 43.196 | MSE = 192.2373

Running polya filter for radius = 3, bins = 256, delta = 160.
Initial MSE: 749.7859
Iteration 1 of 50 | Duration = 37.590 | MSE = 202.5030
Iteration 2 of 50 | Duration = 43.997 | MSE = 192.2473
Iteration 3 of 50 | Duration = 40.871 | MSE = 192.2767

Running polya filter for radius = 3, bins = 256, delta = 180.
Initial MSE: 749.7859
Iteration 1 of 50 | Duration = 37.271 | MSE = 202.5030
Iteration 2 of 50 | Duration = 43.521 | MSE = 192.1233
Iteration 3 of 50 | Duration = 41.804 | MSE = 192.3740

Running polya filter for radius = 3, bins = 256, delta = 200.
Initial MSE: 749.7859
Iteration 1 of 50 | Duration = 37.898 | MSE = 202.5030
Iteration 2 of 50 | Duration = 44.154 | MSE = 192.1219
Iteration 3 of 50 | Duration = 42.620 | MSE = 192.3769

Optimal Median:  N = 4, MSE = 177.9042, PSNR = 25.2950, SSIM = 0.5621
