Log Started on 12-Mar-2018

Adding Noise
Optimizing for goldengate_speckle_mid_optimal
Running polya filter for radius = 1, bins = 32, delta = 20.
Initial MSE: 552.9740
Iteration 1 of 50 | Duration = 1.303 | MSE = 554.7476

Running polya filter for radius = 1, bins = 32, delta = 40.
Initial MSE: 552.9740
Iteration 1 of 50 | Duration = 1.374 | MSE = 554.7476

Running polya filter for radius = 1, bins = 32, delta = 60.
Initial MSE: 552.9740
Iteration 1 of 50 | Duration = 1.256 | MSE = 554.7476

Running polya filter for radius = 1, bins = 32, delta = 80.
Initial MSE: 552.9740
Iteration 1 of 50 | Duration = 1.276 | MSE = 554.7476

Running polya filter for radius = 1, bins = 32, delta = 100.
Initial MSE: 552.9740
Iteration 1 of 50 | Duration = 2.375 | MSE = 252.8148
Iteration 2 of 50 | Duration = 1.420 | MSE = 175.3057
Iteration 3 of 50 | Duration = 1.409 | MSE = 157.9500
Iteration 4 of 50 | Duration = 1.165 | MSE = 149.4741
Iteration 5 of 50 | Duration = 1.141 | MSE = 143.7540
Iteration 6 of 50 | Duration = 0.966 | MSE = 140.1654
Iteration 7 of 50 | Duration = 1.108 | MSE = 138.5241
Iteration 8 of 50 | Duration = 1.287 | MSE = 137.8790
Iteration 9 of 50 | Duration = 1.090 | MSE = 137.1264
Iteration 10 of 50 | Duration = 1.106 | MSE = 136.4650
Iteration 11 of 50 | Duration = 1.133 | MSE = 135.9743
New optimal MSE: 135.9743

Running polya filter for radius = 1, bins = 32, delta = 120.
Initial MSE: 552.9740
Iteration 1 of 50 | Duration = 1.236 | MSE = 206.1063
Iteration 2 of 50 | Duration = 1.414 | MSE = 167.7113
Iteration 3 of 50 | Duration = 1.180 | MSE = 145.4570
Iteration 4 of 50 | Duration = 1.129 | MSE = 142.1396
Iteration 5 of 50 | Duration = 1.145 | MSE = 139.9538
Iteration 6 of 50 | Duration = 1.134 | MSE = 138.3109
Iteration 7 of 50 | Duration = 1.138 | MSE = 136.3037
Iteration 8 of 50 | Duration = 1.062 | MSE = 135.9284
New optimal MSE: 135.9284

Running polya filter for radius = 1, bins = 32, delta = 140.
Initial MSE: 552.9740
Iteration 1 of 50 | Duration = 1.326 | MSE = 206.1063
Iteration 2 of 50 | Duration = 1.426 | MSE = 167.7113
Iteration 3 of 50 | Duration = 1.137 | MSE = 145.4767
Iteration 4 of 50 | Duration = 1.111 | MSE = 142.0913
Iteration 5 of 50 | Duration = 1.154 | MSE = 139.9223
Iteration 6 of 50 | Duration = 1.080 | MSE = 138.2905
Iteration 7 of 50 | Duration = 1.065 | MSE = 136.2880
Iteration 8 of 50 | Duration = 1.016 | MSE = 135.9199
New optimal MSE: 135.9199

Running polya filter for radius = 1, bins = 32, delta = 160.
Initial MSE: 552.9740
Iteration 1 of 50 | Duration = 1.321 | MSE = 206.1063
Iteration 2 of 50 | Duration = 1.503 | MSE = 167.7113
Iteration 3 of 50 | Duration = 1.167 | MSE = 146.0708
Iteration 4 of 50 | Duration = 1.066 | MSE = 141.4307
Iteration 5 of 50 | Duration = 1.062 | MSE = 139.3017
Iteration 6 of 50 | Duration = 1.013 | MSE = 137.9145
Iteration 7 of 50 | Duration = 1.060 | MSE = 136.0499
Iteration 8 of 50 | Duration = 1.065 | MSE = 135.5858
New optimal MSE: 135.5858

Running polya filter for radius = 1, bins = 32, delta = 180.
Initial MSE: 552.9740
Iteration 1 of 50 | Duration = 1.326 | MSE = 206.1063
Iteration 2 of 50 | Duration = 1.396 | MSE = 167.6960
Iteration 3 of 50 | Duration = 1.091 | MSE = 146.0083
Iteration 4 of 50 | Duration = 1.108 | MSE = 141.3836
Iteration 5 of 50 | Duration = 1.160 | MSE = 139.2576
Iteration 6 of 50 | Duration = 1.157 | MSE = 137.8696
Iteration 7 of 50 | Duration = 1.145 | MSE = 136.0111
Iteration 8 of 50 | Duration = 1.061 | MSE = 135.5650
New optimal MSE: 135.5650

Running polya filter for radius = 1, bins = 32, delta = 200.
Initial MSE: 552.9740
Iteration 1 of 50 | Duration = 1.390 | MSE = 206.1063
Iteration 2 of 50 | Duration = 1.494 | MSE = 167.6948
Iteration 3 of 50 | Duration = 1.218 | MSE = 146.0028
Iteration 4 of 50 | Duration = 1.159 | MSE = 141.3758
Iteration 5 of 50 | Duration = 1.163 | MSE = 139.2491
Iteration 6 of 50 | Duration = 1.096 | MSE = 137.8607
Iteration 7 of 50 | Duration = 1.019 | MSE = 136.0029
Iteration 8 of 50 | Duration = 1.016 | MSE = 135.5578
New optimal MSE: 135.5578

Running polya filter for radius = 1, bins = 64, delta = 20.
Initial MSE: 552.9740
Iteration 1 of 50 | Duration = 2.151 | MSE = 546.7607
Iteration 2 of 50 | Duration = 2.010 | MSE = 546.7607
Iteration 3 of 50 | Duration = 2.016 | MSE = 546.7607

Running polya filter for radius = 1, bins = 64, delta = 40.
Initial MSE: 552.9740
Iteration 1 of 50 | Duration = 2.164 | MSE = 546.7607
Iteration 2 of 50 | Duration = 1.954 | MSE = 546.7607
Iteration 3 of 50 | Duration = 1.936 | MSE = 255.9103
Iteration 4 of 50 | Duration = 1.850 | MSE = 200.2885
Iteration 5 of 50 | Duration = 1.864 | MSE = 194.0932
Iteration 6 of 50 | Duration = 2.125 | MSE = 154.6303
Iteration 7 of 50 | Duration = 1.819 | MSE = 146.7745
Iteration 8 of 50 | Duration = 2.023 | MSE = 144.7774
Iteration 9 of 50 | Duration = 3.059 | MSE = 139.3544
Iteration 10 of 50 | Duration = 1.870 | MSE = 138.7803
Iteration 11 of 50 | Duration = 1.854 | MSE = 138.0085
Iteration 12 of 50 | Duration = 1.952 | MSE = 137.7342

Running polya filter for radius = 1, bins = 64, delta = 60.
Initial MSE: 552.9740
Iteration 1 of 50 | Duration = 2.224 | MSE = 546.7607
Iteration 2 of 50 | Duration = 1.900 | MSE = 255.9103
Iteration 3 of 50 | Duration = 1.869 | MSE = 199.3434
Iteration 4 of 50 | Duration = 2.119 | MSE = 154.2265
Iteration 5 of 50 | Duration = 2.038 | MSE = 145.1722
Iteration 6 of 50 | Duration = 1.872 | MSE = 139.4286
Iteration 7 of 50 | Duration = 2.028 | MSE = 138.7630
Iteration 8 of 50 | Duration = 2.006 | MSE = 137.6285
Iteration 9 of 50 | Duration = 1.880 | MSE = 136.6201
Iteration 10 of 50 | Duration = 1.951 | MSE = 135.2724
Iteration 11 of 50 | Duration = 1.960 | MSE = 134.8207
New optimal MSE: 134.8207

Running polya filter for radius = 1, bins = 64, delta = 80.
Initial MSE: 552.9740
Iteration 1 of 50 | Duration = 2.357 | MSE = 546.7607
Iteration 2 of 50 | Duration = 2.139 | MSE = 255.9103
Iteration 3 of 50 | Duration = 2.015 | MSE = 201.9290
Iteration 4 of 50 | Duration = 2.107 | MSE = 154.7386
Iteration 5 of 50 | Duration = 2.054 | MSE = 145.7125
Iteration 6 of 50 | Duration = 2.112 | MSE = 139.6627
Iteration 7 of 50 | Duration = 2.138 | MSE = 138.0090
Iteration 8 of 50 | Duration = 2.019 | MSE = 136.5278
Iteration 9 of 50 | Duration = 2.021 | MSE = 135.8341
Iteration 10 of 50 | Duration = 2.015 | MSE = 134.5764
Iteration 11 of 50 | Duration = 1.968 | MSE = 134.1857
New optimal MSE: 134.1857

Running polya filter for radius = 1, bins = 64, delta = 100.
Initial MSE: 552.9740
Iteration 1 of 50 | Duration = 3.336 | MSE = 244.6906
Iteration 2 of 50 | Duration = 2.196 | MSE = 169.6400
Iteration 3 of 50 | Duration = 1.966 | MSE = 152.3637
Iteration 4 of 50 | Duration = 2.096 | MSE = 143.3175
Iteration 5 of 50 | Duration = 2.175 | MSE = 138.0665
Iteration 6 of 50 | Duration = 1.933 | MSE = 135.0732
Iteration 7 of 50 | Duration = 2.003 | MSE = 133.5907
Iteration 8 of 50 | Duration = 1.966 | MSE = 132.8326
Iteration 9 of 50 | Duration = 2.000 | MSE = 132.1479
Iteration 10 of 50 | Duration = 2.153 | MSE = 131.5575
Iteration 11 of 50 | Duration = 1.992 | MSE = 131.0889
New optimal MSE: 131.0889

Running polya filter for radius = 1, bins = 64, delta = 120.
Initial MSE: 552.9740
Iteration 1 of 50 | Duration = 2.265 | MSE = 199.9247
Iteration 2 of 50 | Duration = 2.275 | MSE = 159.8226
Iteration 3 of 50 | Duration = 2.059 | MSE = 140.4980
Iteration 4 of 50 | Duration = 1.832 | MSE = 137.2364
Iteration 5 of 50 | Duration = 2.002 | MSE = 134.7620
Iteration 6 of 50 | Duration = 1.819 | MSE = 133.0730
Iteration 7 of 50 | Duration = 1.968 | MSE = 131.6224
Iteration 8 of 50 | Duration = 1.946 | MSE = 131.1479

Running polya filter for radius = 1, bins = 64, delta = 140.
Initial MSE: 552.9740
Iteration 1 of 50 | Duration = 2.383 | MSE = 199.9247
Iteration 2 of 50 | Duration = 2.375 | MSE = 159.8226
Iteration 3 of 50 | Duration = 2.012 | MSE = 140.5213
Iteration 4 of 50 | Duration = 1.845 | MSE = 137.1859
Iteration 5 of 50 | Duration = 1.954 | MSE = 134.7446
Iteration 6 of 50 | Duration = 1.848 | MSE = 133.0643
Iteration 7 of 50 | Duration = 2.034 | MSE = 131.6094
Iteration 8 of 50 | Duration = 1.974 | MSE = 131.1287

Running polya filter for radius = 1, bins = 64, delta = 160.
Initial MSE: 552.9740
Iteration 1 of 50 | Duration = 2.359 | MSE = 199.9247
Iteration 2 of 50 | Duration = 2.480 | MSE = 159.8226
Iteration 3 of 50 | Duration = 2.037 | MSE = 141.2013
Iteration 4 of 50 | Duration = 1.916 | MSE = 136.2942
Iteration 5 of 50 | Duration = 1.869 | MSE = 134.3085
Iteration 6 of 50 | Duration = 1.930 | MSE = 132.8327
Iteration 7 of 50 | Duration = 1.978 | MSE = 131.3819
Iteration 8 of 50 | Duration = 1.947 | MSE = 130.8057
Iteration 9 of 50 | Duration = 2.075 | MSE = 130.3327
New optimal MSE: 130.3327

Running polya filter for radius = 1, bins = 64, delta = 180.
Initial MSE: 552.9740
Iteration 1 of 50 | Duration = 2.293 | MSE = 199.9247
Iteration 2 of 50 | Duration = 2.487 | MSE = 159.8053
Iteration 3 of 50 | Duration = 1.891 | MSE = 141.1497
Iteration 4 of 50 | Duration = 2.005 | MSE = 136.2710
Iteration 5 of 50 | Duration = 1.835 | MSE = 134.2693
Iteration 6 of 50 | Duration = 1.880 | MSE = 132.7848
Iteration 7 of 50 | Duration = 1.828 | MSE = 131.3523
Iteration 8 of 50 | Duration = 1.984 | MSE = 130.7811
Iteration 9 of 50 | Duration = 1.832 | MSE = 130.3116
New optimal MSE: 130.3116

Running polya filter for radius = 1, bins = 64, delta = 200.
Initial MSE: 552.9740
Iteration 1 of 50 | Duration = 2.160 | MSE = 199.9247
Iteration 2 of 50 | Duration = 2.374 | MSE = 159.8031
Iteration 3 of 50 | Duration = 1.991 | MSE = 141.1426
Iteration 4 of 50 | Duration = 1.817 | MSE = 136.2652
Iteration 5 of 50 | Duration = 1.888 | MSE = 134.2635
Iteration 6 of 50 | Duration = 1.724 | MSE = 132.7789
Iteration 7 of 50 | Duration = 1.863 | MSE = 131.3451
Iteration 8 of 50 | Duration = 1.830 | MSE = 130.7750
Iteration 9 of 50 | Duration = 1.928 | MSE = 130.3063
New optimal MSE: 130.3063

Running polya filter for radius = 1, bins = 128, delta = 20.
Initial MSE: 552.9740
Iteration 1 of 50 | Duration = 3.783 | MSE = 546.6892
Iteration 2 of 50 | Duration = 4.137 | MSE = 546.6892
Iteration 3 of 50 | Duration = 4.081 | MSE = 546.6892

Running polya filter for radius = 1, bins = 128, delta = 40.
Initial MSE: 552.9740
Iteration 1 of 50 | Duration = 3.796 | MSE = 546.6892
Iteration 2 of 50 | Duration = 3.814 | MSE = 546.6892
Iteration 3 of 50 | Duration = 3.746 | MSE = 262.6226
Iteration 4 of 50 | Duration = 4.741 | MSE = 207.4873
Iteration 5 of 50 | Duration = 3.955 | MSE = 201.0221
Iteration 6 of 50 | Duration = 4.444 | MSE = 154.2272
Iteration 7 of 50 | Duration = 3.969 | MSE = 145.5789
Iteration 8 of 50 | Duration = 4.090 | MSE = 142.8657
Iteration 9 of 50 | Duration = 3.849 | MSE = 138.0450
Iteration 10 of 50 | Duration = 4.054 | MSE = 137.3984
Iteration 11 of 50 | Duration = 4.093 | MSE = 136.6312
Iteration 12 of 50 | Duration = 3.928 | MSE = 136.3056

Running polya filter for radius = 1, bins = 128, delta = 60.
Initial MSE: 552.9740
Iteration 1 of 50 | Duration = 3.779 | MSE = 546.6892
Iteration 2 of 50 | Duration = 4.020 | MSE = 262.6226
Iteration 3 of 50 | Duration = 3.824 | MSE = 206.2072
Iteration 4 of 50 | Duration = 4.141 | MSE = 153.5376
Iteration 5 of 50 | Duration = 3.912 | MSE = 143.2353
Iteration 6 of 50 | Duration = 3.696 | MSE = 138.1416
Iteration 7 of 50 | Duration = 4.095 | MSE = 137.4059
Iteration 8 of 50 | Duration = 3.912 | MSE = 136.2614
Iteration 9 of 50 | Duration = 3.776 | MSE = 135.1209
Iteration 10 of 50 | Duration = 4.192 | MSE = 133.6881
Iteration 11 of 50 | Duration = 4.265 | MSE = 133.1579
Iteration 12 of 50 | Duration = 4.200 | MSE = 132.0136
Iteration 13 of 50 | Duration = 4.399 | MSE = 131.5673

Running polya filter for radius = 1, bins = 128, delta = 80.
Initial MSE: 552.9740
Iteration 1 of 50 | Duration = 4.318 | MSE = 546.6892
Iteration 2 of 50 | Duration = 3.751 | MSE = 262.6226
Iteration 3 of 50 | Duration = 3.848 | MSE = 209.3560
Iteration 4 of 50 | Duration = 4.542 | MSE = 154.2989
Iteration 5 of 50 | Duration = 3.895 | MSE = 143.9917
Iteration 6 of 50 | Duration = 3.972 | MSE = 138.3387
Iteration 7 of 50 | Duration = 4.174 | MSE = 136.4894
Iteration 8 of 50 | Duration = 4.031 | MSE = 135.1154
Iteration 9 of 50 | Duration = 4.143 | MSE = 134.3471
Iteration 10 of 50 | Duration = 4.105 | MSE = 133.0974
Iteration 11 of 50 | Duration = 4.085 | MSE = 132.6257

Running polya filter for radius = 1, bins = 128, delta = 100.
Initial MSE: 552.9740
Iteration 1 of 50 | Duration = 5.192 | MSE = 244.2747
Iteration 2 of 50 | Duration = 4.509 | MSE = 168.4874
Iteration 3 of 50 | Duration = 4.174 | MSE = 150.9883
Iteration 4 of 50 | Duration = 4.092 | MSE = 141.5684
Iteration 5 of 50 | Duration = 3.994 | MSE = 136.4502
Iteration 6 of 50 | Duration = 4.065 | MSE = 133.5773
Iteration 7 of 50 | Duration = 3.917 | MSE = 132.1532
Iteration 8 of 50 | Duration = 4.255 | MSE = 131.3529
Iteration 9 of 50 | Duration = 4.161 | MSE = 130.6735
Iteration 10 of 50 | Duration = 4.134 | MSE = 130.0580
Iteration 11 of 50 | Duration = 4.001 | MSE = 129.5884
New optimal MSE: 129.5884

Running polya filter for radius = 1, bins = 128, delta = 120.
Initial MSE: 552.9740
Iteration 1 of 50 | Duration = 3.940 | MSE = 198.8131
Iteration 2 of 50 | Duration = 4.838 | MSE = 157.8898
Iteration 3 of 50 | Duration = 4.108 | MSE = 139.1278
Iteration 4 of 50 | Duration = 4.203 | MSE = 135.9617
Iteration 5 of 50 | Duration = 4.217 | MSE = 133.2058
Iteration 6 of 50 | Duration = 4.185 | MSE = 131.5285
Iteration 7 of 50 | Duration = 4.140 | MSE = 130.2376
Iteration 8 of 50 | Duration = 4.156 | MSE = 129.6893
Iteration 9 of 50 | Duration = 3.891 | MSE = 129.1701
Iteration 10 of 50 | Duration = 3.988 | MSE = 128.7589
New optimal MSE: 128.7589

Running polya filter for radius = 1, bins = 128, delta = 140.
Initial MSE: 552.9740
Iteration 1 of 50 | Duration = 3.881 | MSE = 198.8131
Iteration 2 of 50 | Duration = 4.710 | MSE = 157.8898
Iteration 3 of 50 | Duration = 4.018 | MSE = 139.1502
Iteration 4 of 50 | Duration = 3.968 | MSE = 135.9049
Iteration 5 of 50 | Duration = 3.871 | MSE = 133.1922
Iteration 6 of 50 | Duration = 3.968 | MSE = 131.5132
Iteration 7 of 50 | Duration = 3.982 | MSE = 130.2229
Iteration 8 of 50 | Duration = 4.104 | MSE = 129.6749
Iteration 9 of 50 | Duration = 4.200 | MSE = 129.1549
Iteration 10 of 50 | Duration = 3.749 | MSE = 128.7584
New optimal MSE: 128.7584

Running polya filter for radius = 1, bins = 128, delta = 160.
Initial MSE: 552.9740
Iteration 1 of 50 | Duration = 3.837 | MSE = 198.8131
Iteration 2 of 50 | Duration = 4.889 | MSE = 157.8898
Iteration 3 of 50 | Duration = 4.388 | MSE = 139.8263
Iteration 4 of 50 | Duration = 3.982 | MSE = 134.8677
Iteration 5 of 50 | Duration = 4.314 | MSE = 132.7803
Iteration 6 of 50 | Duration = 4.276 | MSE = 131.2591
Iteration 7 of 50 | Duration = 4.116 | MSE = 129.9501
Iteration 8 of 50 | Duration = 4.511 | MSE = 129.3644
Iteration 9 of 50 | Duration = 4.137 | MSE = 128.9030

Running polya filter for radius = 1, bins = 128, delta = 180.
Initial MSE: 552.9740
Iteration 1 of 50 | Duration = 3.847 | MSE = 198.8131
Iteration 2 of 50 | Duration = 4.568 | MSE = 157.8716
Iteration 3 of 50 | Duration = 4.400 | MSE = 139.7606
Iteration 4 of 50 | Duration = 4.262 | MSE = 134.8620
Iteration 5 of 50 | Duration = 4.066 | MSE = 132.7337
Iteration 6 of 50 | Duration = 4.455 | MSE = 131.2270
Iteration 7 of 50 | Duration = 3.966 | MSE = 129.9200
Iteration 8 of 50 | Duration = 4.228 | MSE = 129.3399
Iteration 9 of 50 | Duration = 4.273 | MSE = 128.8862

Running polya filter for radius = 1, bins = 128, delta = 200.
Initial MSE: 552.9740
Iteration 1 of 50 | Duration = 3.677 | MSE = 198.8131
Iteration 2 of 50 | Duration = 4.603 | MSE = 157.8701
Iteration 3 of 50 | Duration = 4.392 | MSE = 139.7538
Iteration 4 of 50 | Duration = 4.038 | MSE = 134.8558
Iteration 5 of 50 | Duration = 4.061 | MSE = 132.7277
Iteration 6 of 50 | Duration = 4.204 | MSE = 131.2206
Iteration 7 of 50 | Duration = 3.779 | MSE = 129.9132
Iteration 8 of 50 | Duration = 3.938 | MSE = 129.3347
Iteration 9 of 50 | Duration = 4.057 | MSE = 128.8813

Running polya filter for radius = 1, bins = 256, delta = 20.
Initial MSE: 552.9740
Iteration 1 of 50 | Duration = 6.343 | MSE = 552.6460
Iteration 2 of 50 | Duration = 6.723 | MSE = 552.6460
Iteration 3 of 50 | Duration = 6.585 | MSE = 552.6460

Running polya filter for radius = 1, bins = 256, delta = 40.
Initial MSE: 552.9740
Iteration 1 of 50 | Duration = 6.602 | MSE = 552.6460
Iteration 2 of 50 | Duration = 6.401 | MSE = 552.6460
Iteration 3 of 50 | Duration = 6.591 | MSE = 269.9861
Iteration 4 of 50 | Duration = 6.663 | MSE = 215.1852
Iteration 5 of 50 | Duration = 6.913 | MSE = 208.4182
Iteration 6 of 50 | Duration = 7.025 | MSE = 157.0483
Iteration 7 of 50 | Duration = 6.987 | MSE = 147.7613
Iteration 8 of 50 | Duration = 7.043 | MSE = 144.5152
Iteration 9 of 50 | Duration = 6.750 | MSE = 139.8295
Iteration 10 of 50 | Duration = 7.095 | MSE = 139.1182
Iteration 11 of 50 | Duration = 6.896 | MSE = 138.3662
Iteration 12 of 50 | Duration = 6.908 | MSE = 137.9574

Running polya filter for radius = 1, bins = 256, delta = 60.
Initial MSE: 552.9740
Iteration 1 of 50 | Duration = 6.220 | MSE = 552.6460
Iteration 2 of 50 | Duration = 7.023 | MSE = 269.9861
Iteration 3 of 50 | Duration = 6.887 | MSE = 213.7511
Iteration 4 of 50 | Duration = 7.420 | MSE = 156.1690
Iteration 5 of 50 | Duration = 6.637 | MSE = 144.8555
Iteration 6 of 50 | Duration = 6.882 | MSE = 139.9245
Iteration 7 of 50 | Duration = 6.916 | MSE = 139.1373
Iteration 8 of 50 | Duration = 6.990 | MSE = 137.9484
Iteration 9 of 50 | Duration = 6.855 | MSE = 136.7021
Iteration 10 of 50 | Duration = 6.981 | MSE = 135.1774
Iteration 11 of 50 | Duration = 7.008 | MSE = 134.6055
Iteration 12 of 50 | Duration = 7.068 | MSE = 133.5318
Iteration 13 of 50 | Duration = 6.989 | MSE = 133.0300
Iteration 14 of 50 | Duration = 6.883 | MSE = 132.2566
Iteration 15 of 50 | Duration = 6.940 | MSE = 132.0494

Running polya filter for radius = 1, bins = 256, delta = 80.
Initial MSE: 552.9740
Iteration 1 of 50 | Duration = 6.499 | MSE = 552.6460
Iteration 2 of 50 | Duration = 6.355 | MSE = 269.9861
Iteration 3 of 50 | Duration = 6.962 | MSE = 217.3945
Iteration 4 of 50 | Duration = 7.214 | MSE = 157.1958
Iteration 5 of 50 | Duration = 6.993 | MSE = 145.8311
Iteration 6 of 50 | Duration = 6.878 | MSE = 140.1050
Iteration 7 of 50 | Duration = 6.831 | MSE = 138.0800
Iteration 8 of 50 | Duration = 6.822 | MSE = 136.7498
Iteration 9 of 50 | Duration = 7.015 | MSE = 135.9106
Iteration 10 of 50 | Duration = 7.290 | MSE = 134.5977
Iteration 11 of 50 | Duration = 6.735 | MSE = 134.1133

Running polya filter for radius = 1, bins = 256, delta = 100.
Initial MSE: 552.9740
Iteration 1 of 50 | Duration = 8.223 | MSE = 247.5757
Iteration 2 of 50 | Duration = 7.388 | MSE = 171.0695
Iteration 3 of 50 | Duration = 7.012 | MSE = 153.1036
Iteration 4 of 50 | Duration = 6.950 | MSE = 143.3983
Iteration 5 of 50 | Duration = 7.128 | MSE = 138.2362
Iteration 6 of 50 | Duration = 6.745 | MSE = 135.3923
Iteration 7 of 50 | Duration = 7.046 | MSE = 133.9449
Iteration 8 of 50 | Duration = 6.872 | MSE = 133.1110
Iteration 9 of 50 | Duration = 6.507 | MSE = 132.4115
Iteration 10 of 50 | Duration = 6.817 | MSE = 131.7504
Iteration 11 of 50 | Duration = 7.172 | MSE = 131.2978

Running polya filter for radius = 1, bins = 256, delta = 120.
Initial MSE: 552.9740
Iteration 1 of 50 | Duration = 6.952 | MSE = 201.7883
Iteration 2 of 50 | Duration = 7.716 | MSE = 159.6635
Iteration 3 of 50 | Duration = 6.929 | MSE = 140.9217
Iteration 4 of 50 | Duration = 7.192 | MSE = 137.7300
Iteration 5 of 50 | Duration = 7.072 | MSE = 134.7041
Iteration 6 of 50 | Duration = 6.902 | MSE = 133.0028
Iteration 7 of 50 | Duration = 7.029 | MSE = 131.7198
Iteration 8 of 50 | Duration = 6.992 | MSE = 131.1126
Iteration 9 of 50 | Duration = 7.037 | MSE = 130.5836
Iteration 10 of 50 | Duration = 6.735 | MSE = 130.1668

Running polya filter for radius = 1, bins = 256, delta = 140.
Initial MSE: 552.9740
Iteration 1 of 50 | Duration = 6.397 | MSE = 201.7883
Iteration 2 of 50 | Duration = 7.607 | MSE = 159.6635
Iteration 3 of 50 | Duration = 7.283 | MSE = 140.9417
Iteration 4 of 50 | Duration = 6.911 | MSE = 137.6619
Iteration 5 of 50 | Duration = 6.888 | MSE = 134.6870
Iteration 6 of 50 | Duration = 6.939 | MSE = 132.9831
Iteration 7 of 50 | Duration = 6.932 | MSE = 131.7046
Iteration 8 of 50 | Duration = 6.928 | MSE = 131.0964
Iteration 9 of 50 | Duration = 6.902 | MSE = 130.5674
Iteration 10 of 50 | Duration = 7.111 | MSE = 130.1621

Running polya filter for radius = 1, bins = 256, delta = 160.
Initial MSE: 552.9740
Iteration 1 of 50 | Duration = 6.441 | MSE = 201.7883
Iteration 2 of 50 | Duration = 7.820 | MSE = 159.6635
Iteration 3 of 50 | Duration = 7.266 | MSE = 141.6385
Iteration 4 of 50 | Duration = 7.804 | MSE = 136.5159
Iteration 5 of 50 | Duration = 7.255 | MSE = 134.2840
Iteration 6 of 50 | Duration = 7.523 | MSE = 132.7347
Iteration 7 of 50 | Duration = 7.000 | MSE = 131.4121
Iteration 8 of 50 | Duration = 6.890 | MSE = 130.7863
Iteration 9 of 50 | Duration = 7.050 | MSE = 130.3286

Running polya filter for radius = 1, bins = 256, delta = 180.
Initial MSE: 552.9740
Iteration 1 of 50 | Duration = 6.280 | MSE = 201.7883
Iteration 2 of 50 | Duration = 8.061 | MSE = 159.6439
Iteration 3 of 50 | Duration = 7.172 | MSE = 141.5666
Iteration 4 of 50 | Duration = 6.753 | MSE = 136.5099
Iteration 5 of 50 | Duration = 7.342 | MSE = 134.2337
Iteration 6 of 50 | Duration = 7.374 | MSE = 132.7029
Iteration 7 of 50 | Duration = 7.174 | MSE = 131.3814
Iteration 8 of 50 | Duration = 7.199 | MSE = 130.7571
Iteration 9 of 50 | Duration = 7.086 | MSE = 130.3058

Running polya filter for radius = 1, bins = 256, delta = 200.
Initial MSE: 552.9740
Iteration 1 of 50 | Duration = 6.454 | MSE = 201.7883
Iteration 2 of 50 | Duration = 7.607 | MSE = 159.6426
Iteration 3 of 50 | Duration = 7.159 | MSE = 141.5605
Iteration 4 of 50 | Duration = 7.073 | MSE = 136.5051
Iteration 5 of 50 | Duration = 6.924 | MSE = 134.2290
Iteration 6 of 50 | Duration = 6.959 | MSE = 132.6977
Iteration 7 of 50 | Duration = 6.783 | MSE = 131.3755
Iteration 8 of 50 | Duration = 6.972 | MSE = 130.7530
Iteration 9 of 50 | Duration = 7.246 | MSE = 130.3020

Running polya filter for radius = 2, bins = 32, delta = 20.
Initial MSE: 552.9740
Iteration 1 of 50 | Duration = 1.353 | MSE = 554.7476

Running polya filter for radius = 2, bins = 32, delta = 40.
Initial MSE: 552.9740
Iteration 1 of 50 | Duration = 1.412 | MSE = 554.7476

Running polya filter for radius = 2, bins = 32, delta = 60.
Initial MSE: 552.9740
Iteration 1 of 50 | Duration = 1.513 | MSE = 554.7476

Running polya filter for radius = 2, bins = 32, delta = 80.
Initial MSE: 552.9740
Iteration 1 of 50 | Duration = 1.276 | MSE = 554.7476

Running polya filter for radius = 2, bins = 32, delta = 100.
Initial MSE: 552.9740
Iteration 1 of 50 | Duration = 2.482 | MSE = 198.2571
Iteration 2 of 50 | Duration = 1.322 | MSE = 122.2849
Iteration 3 of 50 | Duration = 1.175 | MSE = 117.0412
Iteration 4 of 50 | Duration = 1.198 | MSE = 115.9807
Iteration 5 of 50 | Duration = 1.254 | MSE = 115.9450
New optimal MSE: 115.9450

Running polya filter for radius = 2, bins = 32, delta = 120.
Initial MSE: 552.9740
Iteration 1 of 50 | Duration = 1.362 | MSE = 138.9753
Iteration 2 of 50 | Duration = 1.468 | MSE = 122.1538
Iteration 3 of 50 | Duration = 1.235 | MSE = 118.5673
Iteration 4 of 50 | Duration = 1.133 | MSE = 117.7086
Iteration 5 of 50 | Duration = 1.290 | MSE = 117.5122

Running polya filter for radius = 2, bins = 32, delta = 140.
Initial MSE: 552.9740
Iteration 1 of 50 | Duration = 1.529 | MSE = 138.9753
Iteration 2 of 50 | Duration = 1.356 | MSE = 122.1517
Iteration 3 of 50 | Duration = 1.243 | MSE = 118.5986
Iteration 4 of 50 | Duration = 1.186 | MSE = 117.7626
Iteration 5 of 50 | Duration = 1.118 | MSE = 117.5429

Running polya filter for radius = 2, bins = 32, delta = 160.
Initial MSE: 552.9740
Iteration 1 of 50 | Duration = 1.522 | MSE = 138.9753
Iteration 2 of 50 | Duration = 1.454 | MSE = 122.1510
Iteration 3 of 50 | Duration = 1.067 | MSE = 118.6965
Iteration 4 of 50 | Duration = 1.277 | MSE = 117.9589
Iteration 5 of 50 | Duration = 1.119 | MSE = 117.7379

Running polya filter for radius = 2, bins = 32, delta = 180.
Initial MSE: 552.9740
Iteration 1 of 50 | Duration = 1.268 | MSE = 138.9753
Iteration 2 of 50 | Duration = 1.607 | MSE = 122.0604
Iteration 3 of 50 | Duration = 1.227 | MSE = 118.6312
Iteration 4 of 50 | Duration = 1.104 | MSE = 117.9437
Iteration 5 of 50 | Duration = 1.144 | MSE = 117.8028

Running polya filter for radius = 2, bins = 32, delta = 200.
Initial MSE: 552.9740
Iteration 1 of 50 | Duration = 1.498 | MSE = 138.9753
Iteration 2 of 50 | Duration = 1.479 | MSE = 122.0577
Iteration 3 of 50 | Duration = 1.133 | MSE = 118.6349
Iteration 4 of 50 | Duration = 1.093 | MSE = 117.9474
Iteration 5 of 50 | Duration = 1.182 | MSE = 117.8058

Running polya filter for radius = 2, bins = 64, delta = 20.
Initial MSE: 552.9740
Iteration 1 of 50 | Duration = 2.307 | MSE = 546.7607
Iteration 2 of 50 | Duration = 2.113 | MSE = 546.7607
Iteration 3 of 50 | Duration = 1.977 | MSE = 546.7607

Running polya filter for radius = 2, bins = 64, delta = 40.
Initial MSE: 552.9740
Iteration 1 of 50 | Duration = 2.413 | MSE = 546.7607
Iteration 2 of 50 | Duration = 1.961 | MSE = 546.7607
Iteration 3 of 50 | Duration = 2.102 | MSE = 295.6735
Iteration 4 of 50 | Duration = 1.872 | MSE = 190.2922
Iteration 5 of 50 | Duration = 1.930 | MSE = 146.2813
Iteration 6 of 50 | Duration = 2.145 | MSE = 122.3131
Iteration 7 of 50 | Duration = 1.903 | MSE = 117.0304
Iteration 8 of 50 | Duration = 1.931 | MSE = 115.1944
Iteration 9 of 50 | Duration = 2.014 | MSE = 114.4623
Iteration 10 of 50 | Duration = 1.916 | MSE = 114.2273
New optimal MSE: 114.2273

Running polya filter for radius = 2, bins = 64, delta = 60.
Initial MSE: 552.9740
Iteration 1 of 50 | Duration = 2.499 | MSE = 546.7607
Iteration 2 of 50 | Duration = 1.854 | MSE = 269.6895
Iteration 3 of 50 | Duration = 1.937 | MSE = 154.0635
Iteration 4 of 50 | Duration = 2.012 | MSE = 119.1044
Iteration 5 of 50 | Duration = 2.063 | MSE = 115.2769
Iteration 6 of 50 | Duration = 2.054 | MSE = 114.2033
Iteration 7 of 50 | Duration = 2.085 | MSE = 114.2454

Running polya filter for radius = 2, bins = 64, delta = 80.
Initial MSE: 552.9740
Iteration 1 of 50 | Duration = 2.392 | MSE = 546.7607
Iteration 2 of 50 | Duration = 1.874 | MSE = 271.4509
Iteration 3 of 50 | Duration = 1.815 | MSE = 158.1608
Iteration 4 of 50 | Duration = 2.243 | MSE = 118.9295
Iteration 5 of 50 | Duration = 1.933 | MSE = 115.4555
Iteration 6 of 50 | Duration = 2.100 | MSE = 114.4514
Iteration 7 of 50 | Duration = 2.044 | MSE = 114.6161

Running polya filter for radius = 2, bins = 64, delta = 100.
Initial MSE: 552.9740
Iteration 1 of 50 | Duration = 3.233 | MSE = 191.4583
Iteration 2 of 50 | Duration = 2.303 | MSE = 118.2322
Iteration 3 of 50 | Duration = 2.076 | MSE = 113.2232
Iteration 4 of 50 | Duration = 2.024 | MSE = 112.5522
Iteration 5 of 50 | Duration = 2.029 | MSE = 112.3828
New optimal MSE: 112.3828

Running polya filter for radius = 2, bins = 64, delta = 120.
Initial MSE: 552.9740
Iteration 1 of 50 | Duration = 2.286 | MSE = 134.3424
Iteration 2 of 50 | Duration = 2.623 | MSE = 117.8190
Iteration 3 of 50 | Duration = 2.032 | MSE = 115.1498
Iteration 4 of 50 | Duration = 2.030 | MSE = 114.2942
Iteration 5 of 50 | Duration = 2.002 | MSE = 114.1777

Running polya filter for radius = 2, bins = 64, delta = 140.
Initial MSE: 552.9740
Iteration 1 of 50 | Duration = 2.322 | MSE = 134.3424
Iteration 2 of 50 | Duration = 2.495 | MSE = 117.8185
Iteration 3 of 50 | Duration = 1.944 | MSE = 115.1846
Iteration 4 of 50 | Duration = 1.876 | MSE = 114.3407
Iteration 5 of 50 | Duration = 1.892 | MSE = 114.2294

Running polya filter for radius = 2, bins = 64, delta = 160.
Initial MSE: 552.9740
Iteration 1 of 50 | Duration = 2.295 | MSE = 134.3424
Iteration 2 of 50 | Duration = 2.395 | MSE = 117.8181
Iteration 3 of 50 | Duration = 2.032 | MSE = 115.2651
Iteration 4 of 50 | Duration = 2.076 | MSE = 114.5649
Iteration 5 of 50 | Duration = 1.947 | MSE = 114.4689

Running polya filter for radius = 2, bins = 64, delta = 180.
Initial MSE: 552.9740
Iteration 1 of 50 | Duration = 2.138 | MSE = 134.3424
Iteration 2 of 50 | Duration = 2.450 | MSE = 117.7111
Iteration 3 of 50 | Duration = 1.894 | MSE = 115.1832
Iteration 4 of 50 | Duration = 1.958 | MSE = 114.5732
Iteration 5 of 50 | Duration = 1.852 | MSE = 114.5376

Running polya filter for radius = 2, bins = 64, delta = 200.
Initial MSE: 552.9740
Iteration 1 of 50 | Duration = 2.203 | MSE = 134.3424
Iteration 2 of 50 | Duration = 2.334 | MSE = 117.7083
Iteration 3 of 50 | Duration = 1.966 | MSE = 115.1846
Iteration 4 of 50 | Duration = 1.809 | MSE = 114.5703
Iteration 5 of 50 | Duration = 2.031 | MSE = 114.5362

Running polya filter for radius = 2, bins = 128, delta = 20.
Initial MSE: 552.9740
Iteration 1 of 50 | Duration = 4.101 | MSE = 546.6892
Iteration 2 of 50 | Duration = 4.208 | MSE = 546.6892
Iteration 3 of 50 | Duration = 4.331 | MSE = 546.6892

Running polya filter for radius = 2, bins = 128, delta = 40.
Initial MSE: 552.9740
Iteration 1 of 50 | Duration = 3.998 | MSE = 546.6892
Iteration 2 of 50 | Duration = 4.332 | MSE = 546.6892
Iteration 3 of 50 | Duration = 4.228 | MSE = 324.5496
Iteration 4 of 50 | Duration = 4.513 | MSE = 216.3283
Iteration 5 of 50 | Duration = 4.326 | MSE = 166.5196
Iteration 6 of 50 | Duration = 4.790 | MSE = 130.3237
Iteration 7 of 50 | Duration = 4.574 | MSE = 119.9490
Iteration 8 of 50 | Duration = 4.435 | MSE = 115.2160
Iteration 9 of 50 | Duration = 4.497 | MSE = 113.6015
Iteration 10 of 50 | Duration = 4.850 | MSE = 112.9389
Iteration 11 of 50 | Duration = 4.527 | MSE = 112.7574

Running polya filter for radius = 2, bins = 128, delta = 60.
Initial MSE: 552.9740
Iteration 1 of 50 | Duration = 4.108 | MSE = 546.6892
Iteration 2 of 50 | Duration = 4.412 | MSE = 295.5163
Iteration 3 of 50 | Duration = 4.423 | MSE = 175.4904
Iteration 4 of 50 | Duration = 4.929 | MSE = 123.4246
Iteration 5 of 50 | Duration = 4.475 | MSE = 114.9886
Iteration 6 of 50 | Duration = 4.342 | MSE = 113.0070
Iteration 7 of 50 | Duration = 4.868 | MSE = 112.7869

Running polya filter for radius = 2, bins = 128, delta = 80.
Initial MSE: 552.9740
Iteration 1 of 50 | Duration = 4.061 | MSE = 546.6892
Iteration 2 of 50 | Duration = 4.419 | MSE = 296.7986
Iteration 3 of 50 | Duration = 4.432 | MSE = 181.9475
Iteration 4 of 50 | Duration = 5.095 | MSE = 123.3687
Iteration 5 of 50 | Duration = 4.616 | MSE = 115.1177
Iteration 6 of 50 | Duration = 4.730 | MSE = 113.2606
Iteration 7 of 50 | Duration = 4.674 | MSE = 113.2039

Running polya filter for radius = 2, bins = 128, delta = 100.
Initial MSE: 552.9740
Iteration 1 of 50 | Duration = 5.593 | MSE = 190.9757
Iteration 2 of 50 | Duration = 5.346 | MSE = 116.8492
Iteration 3 of 50 | Duration = 4.954 | MSE = 111.7873
Iteration 4 of 50 | Duration = 4.649 | MSE = 111.1790
Iteration 5 of 50 | Duration = 4.598 | MSE = 110.8566
New optimal MSE: 110.8566

Running polya filter for radius = 2, bins = 128, delta = 120.
Initial MSE: 552.9740
Iteration 1 of 50 | Duration = 4.131 | MSE = 132.9628
Iteration 2 of 50 | Duration = 5.401 | MSE = 116.9407
Iteration 3 of 50 | Duration = 4.715 | MSE = 113.8075
Iteration 4 of 50 | Duration = 4.156 | MSE = 112.9109
Iteration 5 of 50 | Duration = 4.659 | MSE = 112.7201

Running polya filter for radius = 2, bins = 128, delta = 140.
Initial MSE: 552.9740
Iteration 1 of 50 | Duration = 3.876 | MSE = 132.9628
Iteration 2 of 50 | Duration = 4.885 | MSE = 116.9391
Iteration 3 of 50 | Duration = 4.590 | MSE = 113.8364
Iteration 4 of 50 | Duration = 4.398 | MSE = 112.9662
Iteration 5 of 50 | Duration = 4.580 | MSE = 112.7694

Running polya filter for radius = 2, bins = 128, delta = 160.
Initial MSE: 552.9740
Iteration 1 of 50 | Duration = 3.957 | MSE = 132.9628
Iteration 2 of 50 | Duration = 5.420 | MSE = 116.9381
Iteration 3 of 50 | Duration = 4.532 | MSE = 113.9288
Iteration 4 of 50 | Duration = 4.632 | MSE = 113.1880
Iteration 5 of 50 | Duration = 4.658 | MSE = 113.0110

Running polya filter for radius = 2, bins = 128, delta = 180.
Initial MSE: 552.9740
Iteration 1 of 50 | Duration = 3.986 | MSE = 132.9628
Iteration 2 of 50 | Duration = 5.298 | MSE = 116.8247
Iteration 3 of 50 | Duration = 4.557 | MSE = 113.8438
Iteration 4 of 50 | Duration = 4.575 | MSE = 113.1939
Iteration 5 of 50 | Duration = 4.844 | MSE = 113.0870

Running polya filter for radius = 2, bins = 128, delta = 200.
Initial MSE: 552.9740
Iteration 1 of 50 | Duration = 4.125 | MSE = 132.9628
Iteration 2 of 50 | Duration = 5.649 | MSE = 116.8218
Iteration 3 of 50 | Duration = 4.630 | MSE = 113.8452
Iteration 4 of 50 | Duration = 4.772 | MSE = 113.1914
Iteration 5 of 50 | Duration = 4.729 | MSE = 113.0852

Running polya filter for radius = 2, bins = 256, delta = 20.
Initial MSE: 552.9740
Iteration 1 of 50 | Duration = 6.849 | MSE = 552.6460
Iteration 2 of 50 | Duration = 7.261 | MSE = 552.6460
Iteration 3 of 50 | Duration = 7.273 | MSE = 552.6460

Running polya filter for radius = 2, bins = 256, delta = 40.
Initial MSE: 552.9740
Iteration 1 of 50 | Duration = 7.224 | MSE = 552.6460
Iteration 2 of 50 | Duration = 7.261 | MSE = 552.6460
Iteration 3 of 50 | Duration = 7.166 | MSE = 345.2372
Iteration 4 of 50 | Duration = 7.026 | MSE = 236.8509
Iteration 5 of 50 | Duration = 7.477 | MSE = 184.1328
Iteration 6 of 50 | Duration = 7.895 | MSE = 139.2832
Iteration 7 of 50 | Duration = 8.017 | MSE = 125.3837
Iteration 8 of 50 | Duration = 7.592 | MSE = 117.8396
Iteration 9 of 50 | Duration = 7.467 | MSE = 114.8892
Iteration 10 of 50 | Duration = 7.543 | MSE = 113.5411
Iteration 11 of 50 | Duration = 7.582 | MSE = 112.9951
Iteration 12 of 50 | Duration = 7.414 | MSE = 112.8219

Running polya filter for radius = 2, bins = 256, delta = 60.
Initial MSE: 552.9740
Iteration 1 of 50 | Duration = 6.558 | MSE = 552.6460
Iteration 2 of 50 | Duration = 6.963 | MSE = 314.2019
Iteration 3 of 50 | Duration = 7.169 | MSE = 193.2562
Iteration 4 of 50 | Duration = 7.860 | MSE = 129.5337
Iteration 5 of 50 | Duration = 7.647 | MSE = 116.8324
Iteration 6 of 50 | Duration = 7.758 | MSE = 113.6933
Iteration 7 of 50 | Duration = 8.368 | MSE = 113.0144
Iteration 8 of 50 | Duration = 7.684 | MSE = 112.7396

Running polya filter for radius = 2, bins = 256, delta = 80.
Initial MSE: 552.9740
Iteration 1 of 50 | Duration = 6.970 | MSE = 552.6460
Iteration 2 of 50 | Duration = 7.270 | MSE = 314.9059
Iteration 3 of 50 | Duration = 7.542 | MSE = 200.9678
Iteration 4 of 50 | Duration = 7.776 | MSE = 129.2451
Iteration 5 of 50 | Duration = 7.969 | MSE = 117.2369
Iteration 6 of 50 | Duration = 8.015 | MSE = 113.8755
Iteration 7 of 50 | Duration = 7.758 | MSE = 113.4121

Running polya filter for radius = 2, bins = 256, delta = 100.
Initial MSE: 552.9740
Iteration 1 of 50 | Duration = 8.776 | MSE = 193.7488
Iteration 2 of 50 | Duration = 8.171 | MSE = 117.6361
Iteration 3 of 50 | Duration = 8.020 | MSE = 112.3442
Iteration 4 of 50 | Duration = 7.683 | MSE = 111.6121
Iteration 5 of 50 | Duration = 7.940 | MSE = 111.1066
Iteration 6 of 50 | Duration = 7.759 | MSE = 110.8346
New optimal MSE: 110.8346

Running polya filter for radius = 2, bins = 256, delta = 120.
Initial MSE: 552.9740
Iteration 1 of 50 | Duration = 6.811 | MSE = 134.1368
Iteration 2 of 50 | Duration = 8.151 | MSE = 117.8057
Iteration 3 of 50 | Duration = 7.687 | MSE = 114.1322
Iteration 4 of 50 | Duration = 7.201 | MSE = 113.1920
Iteration 5 of 50 | Duration = 7.717 | MSE = 112.8951

Running polya filter for radius = 2, bins = 256, delta = 140.
Initial MSE: 552.9740
Iteration 1 of 50 | Duration = 6.714 | MSE = 134.1368
Iteration 2 of 50 | Duration = 8.169 | MSE = 117.8041
Iteration 3 of 50 | Duration = 7.152 | MSE = 114.1670
Iteration 4 of 50 | Duration = 7.521 | MSE = 113.2494
Iteration 5 of 50 | Duration = 7.746 | MSE = 112.9481

Running polya filter for radius = 2, bins = 256, delta = 160.
Initial MSE: 552.9740
Iteration 1 of 50 | Duration = 6.943 | MSE = 134.1368
Iteration 2 of 50 | Duration = 8.563 | MSE = 117.8035
Iteration 3 of 50 | Duration = 7.563 | MSE = 114.2530
Iteration 4 of 50 | Duration = 7.624 | MSE = 113.4657
Iteration 5 of 50 | Duration = 7.483 | MSE = 113.1639

Running polya filter for radius = 2, bins = 256, delta = 180.
Initial MSE: 552.9740
Iteration 1 of 50 | Duration = 7.090 | MSE = 134.1368
Iteration 2 of 50 | Duration = 8.509 | MSE = 117.6814
Iteration 3 of 50 | Duration = 7.774 | MSE = 114.1653
Iteration 4 of 50 | Duration = 7.700 | MSE = 113.4701
Iteration 5 of 50 | Duration = 7.699 | MSE = 113.2409

Running polya filter for radius = 2, bins = 256, delta = 200.
Initial MSE: 552.9740
Iteration 1 of 50 | Duration = 7.170 | MSE = 134.1368
Iteration 2 of 50 | Duration = 8.762 | MSE = 117.6795
Iteration 3 of 50 | Duration = 7.781 | MSE = 114.1669
Iteration 4 of 50 | Duration = 7.483 | MSE = 113.4692
Iteration 5 of 50 | Duration = 7.623 | MSE = 113.2399

Running polya filter for radius = 3, bins = 32, delta = 20.
Initial MSE: 552.9740
Iteration 1 of 50 | Duration = 1.445 | MSE = 554.7476

Running polya filter for radius = 3, bins = 32, delta = 40.
Initial MSE: 552.9740
Iteration 1 of 50 | Duration = 1.718 | MSE = 554.7476

Running polya filter for radius = 3, bins = 32, delta = 60.
Initial MSE: 552.9740
Iteration 1 of 50 | Duration = 1.346 | MSE = 554.7476

Running polya filter for radius = 3, bins = 32, delta = 80.
Initial MSE: 552.9740
Iteration 1 of 50 | Duration = 1.461 | MSE = 554.7476

Running polya filter for radius = 3, bins = 32, delta = 100.
Initial MSE: 552.9740
Iteration 1 of 50 | Duration = 2.466 | MSE = 184.3040
Iteration 2 of 50 | Duration = 1.629 | MSE = 124.9674
Iteration 3 of 50 | Duration = 1.230 | MSE = 127.1587

Running polya filter for radius = 3, bins = 32, delta = 120.
Initial MSE: 552.9740
Iteration 1 of 50 | Duration = 1.400 | MSE = 134.4905
Iteration 2 of 50 | Duration = 1.405 | MSE = 126.6265
Iteration 3 of 50 | Duration = 1.132 | MSE = 130.1143

Running polya filter for radius = 3, bins = 32, delta = 140.
Initial MSE: 552.9740
Iteration 1 of 50 | Duration = 1.455 | MSE = 134.4905
Iteration 2 of 50 | Duration = 1.555 | MSE = 126.6154
Iteration 3 of 50 | Duration = 1.200 | MSE = 130.1372

Running polya filter for radius = 3, bins = 32, delta = 160.
Initial MSE: 552.9740
Iteration 1 of 50 | Duration = 1.354 | MSE = 134.4905
Iteration 2 of 50 | Duration = 1.586 | MSE = 126.6183
Iteration 3 of 50 | Duration = 1.246 | MSE = 130.1674

Running polya filter for radius = 3, bins = 32, delta = 180.
Initial MSE: 552.9740
Iteration 1 of 50 | Duration = 1.418 | MSE = 134.4905
Iteration 2 of 50 | Duration = 1.581 | MSE = 126.6004
Iteration 3 of 50 | Duration = 1.169 | MSE = 130.3954

Running polya filter for radius = 3, bins = 32, delta = 200.
Initial MSE: 552.9740
Iteration 1 of 50 | Duration = 1.454 | MSE = 134.4905
Iteration 2 of 50 | Duration = 1.559 | MSE = 126.6109
Iteration 3 of 50 | Duration = 1.131 | MSE = 130.4179

Running polya filter for radius = 3, bins = 64, delta = 20.
Initial MSE: 552.9740
Iteration 1 of 50 | Duration = 2.419 | MSE = 546.7607
Iteration 2 of 50 | Duration = 2.117 | MSE = 546.7607
Iteration 3 of 50 | Duration = 2.061 | MSE = 546.7607

Running polya filter for radius = 3, bins = 64, delta = 40.
Initial MSE: 552.9740
Iteration 1 of 50 | Duration = 2.408 | MSE = 546.7607
Iteration 2 of 50 | Duration = 2.078 | MSE = 546.7607
Iteration 3 of 50 | Duration = 2.193 | MSE = 316.1113
Iteration 4 of 50 | Duration = 1.994 | MSE = 196.9293
Iteration 5 of 50 | Duration = 2.188 | MSE = 144.6514
Iteration 6 of 50 | Duration = 2.142 | MSE = 131.7010
Iteration 7 of 50 | Duration = 2.207 | MSE = 129.8384
Iteration 8 of 50 | Duration = 2.170 | MSE = 129.8008

Running polya filter for radius = 3, bins = 64, delta = 60.
Initial MSE: 552.9740
Iteration 1 of 50 | Duration = 2.518 | MSE = 546.7607
Iteration 2 of 50 | Duration = 1.981 | MSE = 289.5528
Iteration 3 of 50 | Duration = 2.081 | MSE = 150.8096
Iteration 4 of 50 | Duration = 2.257 | MSE = 128.8539
Iteration 5 of 50 | Duration = 2.246 | MSE = 128.6392

Running polya filter for radius = 3, bins = 64, delta = 80.
Initial MSE: 552.9740
Iteration 1 of 50 | Duration = 2.293 | MSE = 546.7607
Iteration 2 of 50 | Duration = 1.965 | MSE = 293.6100
Iteration 3 of 50 | Duration = 2.314 | MSE = 151.2185
Iteration 4 of 50 | Duration = 2.175 | MSE = 129.3633
Iteration 5 of 50 | Duration = 2.110 | MSE = 129.4056

Running polya filter for radius = 3, bins = 64, delta = 100.
Initial MSE: 552.9740
Iteration 1 of 50 | Duration = 3.556 | MSE = 178.2965
Iteration 2 of 50 | Duration = 2.727 | MSE = 122.0242
Iteration 3 of 50 | Duration = 2.281 | MSE = 123.7160

Running polya filter for radius = 3, bins = 64, delta = 120.
Initial MSE: 552.9740
Iteration 1 of 50 | Duration = 2.417 | MSE = 131.3112
Iteration 2 of 50 | Duration = 2.734 | MSE = 123.9960
Iteration 3 of 50 | Duration = 2.133 | MSE = 127.5886

Running polya filter for radius = 3, bins = 64, delta = 140.
Initial MSE: 552.9740
Iteration 1 of 50 | Duration = 2.418 | MSE = 131.3112
Iteration 2 of 50 | Duration = 2.774 | MSE = 123.9925
Iteration 3 of 50 | Duration = 2.207 | MSE = 127.6198

Running polya filter for radius = 3, bins = 64, delta = 160.
Initial MSE: 552.9740
Iteration 1 of 50 | Duration = 2.292 | MSE = 131.3112
Iteration 2 of 50 | Duration = 2.702 | MSE = 123.9937
Iteration 3 of 50 | Duration = 2.288 | MSE = 127.6602

Running polya filter for radius = 3, bins = 64, delta = 180.
Initial MSE: 552.9740
Iteration 1 of 50 | Duration = 2.404 | MSE = 131.3112
Iteration 2 of 50 | Duration = 2.531 | MSE = 124.0107
Iteration 3 of 50 | Duration = 2.159 | MSE = 127.8958

Running polya filter for radius = 3, bins = 64, delta = 200.
Initial MSE: 552.9740
Iteration 1 of 50 | Duration = 2.356 | MSE = 131.3112
Iteration 2 of 50 | Duration = 2.508 | MSE = 124.0161
Iteration 3 of 50 | Duration = 2.482 | MSE = 127.9129

Running polya filter for radius = 3, bins = 128, delta = 20.
Initial MSE: 552.9740
Iteration 1 of 50 | Duration = 4.564 | MSE = 546.6892
Iteration 2 of 50 | Duration = 5.495 | MSE = 546.6892
Iteration 3 of 50 | Duration = 5.326 | MSE = 546.6892

Running polya filter for radius = 3, bins = 128, delta = 40.
Initial MSE: 552.9740
Iteration 1 of 50 | Duration = 4.743 | MSE = 546.6892
Iteration 2 of 50 | Duration = 5.055 | MSE = 546.6892
Iteration 3 of 50 | Duration = 4.878 | MSE = 366.8826
Iteration 4 of 50 | Duration = 5.119 | MSE = 239.2295
Iteration 5 of 50 | Duration = 5.344 | MSE = 172.0323
Iteration 6 of 50 | Duration = 6.044 | MSE = 143.4035
Iteration 7 of 50 | Duration = 5.867 | MSE = 133.1294
Iteration 8 of 50 | Duration = 5.961 | MSE = 129.9998
Iteration 9 of 50 | Duration = 6.021 | MSE = 129.6719

Running polya filter for radius = 3, bins = 128, delta = 60.
Initial MSE: 552.9740
Iteration 1 of 50 | Duration = 5.152 | MSE = 546.6892
Iteration 2 of 50 | Duration = 4.831 | MSE = 337.8059
Iteration 3 of 50 | Duration = 5.467 | MSE = 181.4686
Iteration 4 of 50 | Duration = 5.196 | MSE = 135.4861
Iteration 5 of 50 | Duration = 5.280 | MSE = 128.5815
Iteration 6 of 50 | Duration = 5.876 | MSE = 128.3727

Running polya filter for radius = 3, bins = 128, delta = 80.
Initial MSE: 552.9740
Iteration 1 of 50 | Duration = 6.359 | MSE = 546.6892
Iteration 2 of 50 | Duration = 5.886 | MSE = 341.1260
Iteration 3 of 50 | Duration = 6.971 | MSE = 183.4071
Iteration 4 of 50 | Duration = 6.351 | MSE = 135.6260
Iteration 5 of 50 | Duration = 5.556 | MSE = 129.2568
Iteration 6 of 50 | Duration = 5.486 | MSE = 129.2554

Running polya filter for radius = 3, bins = 128, delta = 100.
Initial MSE: 552.9740
Iteration 1 of 50 | Duration = 7.494 | MSE = 177.9025
Iteration 2 of 50 | Duration = 6.195 | MSE = 120.6493
Iteration 3 of 50 | Duration = 5.987 | MSE = 122.0267

Running polya filter for radius = 3, bins = 128, delta = 120.
Initial MSE: 552.9740
Iteration 1 of 50 | Duration = 5.118 | MSE = 129.9862
Iteration 2 of 50 | Duration = 6.427 | MSE = 123.6968
Iteration 3 of 50 | Duration = 5.474 | MSE = 126.2595

Running polya filter for radius = 3, bins = 128, delta = 140.
Initial MSE: 552.9740
Iteration 1 of 50 | Duration = 5.867 | MSE = 129.9862
Iteration 2 of 50 | Duration = 7.949 | MSE = 123.6942
Iteration 3 of 50 | Duration = 6.463 | MSE = 126.2796

Running polya filter for radius = 3, bins = 128, delta = 160.
Initial MSE: 552.9740
Iteration 1 of 50 | Duration = 6.138 | MSE = 129.9862
Iteration 2 of 50 | Duration = 7.761 | MSE = 123.7029
Iteration 3 of 50 | Duration = 6.396 | MSE = 126.3205

Running polya filter for radius = 3, bins = 128, delta = 180.
Initial MSE: 552.9740
Iteration 1 of 50 | Duration = 4.826 | MSE = 129.9862
Iteration 2 of 50 | Duration = 6.658 | MSE = 123.7030
Iteration 3 of 50 | Duration = 5.781 | MSE = 126.5675

Running polya filter for radius = 3, bins = 128, delta = 200.
Initial MSE: 552.9740
Iteration 1 of 50 | Duration = 6.114 | MSE = 129.9862
Iteration 2 of 50 | Duration = 7.862 | MSE = 123.7116
Iteration 3 of 50 | Duration = 6.734 | MSE = 126.5802

Running polya filter for radius = 3, bins = 256, delta = 20.
Initial MSE: 552.9740
Iteration 1 of 50 | Duration = 9.100 | MSE = 552.6460
Iteration 2 of 50 | Duration = 9.481 | MSE = 552.6460
Iteration 3 of 50 | Duration = 9.835 | MSE = 552.6460

Running polya filter for radius = 3, bins = 256, delta = 40.
Initial MSE: 552.9740
Iteration 1 of 50 | Duration = 9.548 | MSE = 552.6460
Iteration 2 of 50 | Duration = 9.320 | MSE = 552.6460
Iteration 3 of 50 | Duration = 8.184 | MSE = 403.9222
Iteration 4 of 50 | Duration = 8.685 | MSE = 277.3845
Iteration 5 of 50 | Duration = 10.101 | MSE = 201.3310
Iteration 6 of 50 | Duration = 11.072 | MSE = 160.1970
Iteration 7 of 50 | Duration = 10.914 | MSE = 141.1920
Iteration 8 of 50 | Duration = 11.014 | MSE = 133.7325
Iteration 9 of 50 | Duration = 11.017 | MSE = 130.8690
Iteration 10 of 50 | Duration = 11.179 | MSE = 130.0589
Iteration 11 of 50 | Duration = 11.318 | MSE = 129.9795

Running polya filter for radius = 3, bins = 256, delta = 60.
Initial MSE: 552.9740
Iteration 1 of 50 | Duration = 10.278 | MSE = 552.6460
Iteration 2 of 50 | Duration = 10.951 | MSE = 374.5522
Iteration 3 of 50 | Duration = 10.307 | MSE = 214.4362
Iteration 4 of 50 | Duration = 10.933 | MSE = 147.8721
Iteration 5 of 50 | Duration = 10.430 | MSE = 131.5290
Iteration 6 of 50 | Duration = 8.134 | MSE = 128.9072
Iteration 7 of 50 | Duration = 8.369 | MSE = 128.8609

Running polya filter for radius = 3, bins = 256, delta = 80.
Initial MSE: 552.9740
Iteration 1 of 50 | Duration = 7.351 | MSE = 552.6460
Iteration 2 of 50 | Duration = 7.864 | MSE = 376.5594
Iteration 3 of 50 | Duration = 8.262 | MSE = 217.2894
Iteration 4 of 50 | Duration = 8.758 | MSE = 147.3846
Iteration 5 of 50 | Duration = 8.511 | MSE = 132.2205
Iteration 6 of 50 | Duration = 8.461 | MSE = 129.4412
Iteration 7 of 50 | Duration = 8.131 | MSE = 129.5966

Running polya filter for radius = 3, bins = 256, delta = 100.
Initial MSE: 552.9740
Iteration 1 of 50 | Duration = 9.090 | MSE = 180.5081
Iteration 2 of 50 | Duration = 9.429 | MSE = 120.5667
Iteration 3 of 50 | Duration = 8.468 | MSE = 121.5023

Running polya filter for radius = 3, bins = 256, delta = 120.
Initial MSE: 552.9740
Iteration 1 of 50 | Duration = 7.463 | MSE = 130.1914
Iteration 2 of 50 | Duration = 9.463 | MSE = 124.0699
Iteration 3 of 50 | Duration = 8.983 | MSE = 125.8384

Running polya filter for radius = 3, bins = 256, delta = 140.
Initial MSE: 552.9740
Iteration 1 of 50 | Duration = 9.494 | MSE = 130.1914
Iteration 2 of 50 | Duration = 11.795 | MSE = 124.0681
Iteration 3 of 50 | Duration = 11.545 | MSE = 125.8588

Running polya filter for radius = 3, bins = 256, delta = 160.
Initial MSE: 552.9740
Iteration 1 of 50 | Duration = 9.411 | MSE = 130.1914
Iteration 2 of 50 | Duration = 11.564 | MSE = 124.0734
Iteration 3 of 50 | Duration = 10.645 | MSE = 125.9036

Running polya filter for radius = 3, bins = 256, delta = 180.
Initial MSE: 552.9740
Iteration 1 of 50 | Duration = 9.161 | MSE = 130.1914
Iteration 2 of 50 | Duration = 12.313 | MSE = 124.0751
Iteration 3 of 50 | Duration = 11.163 | MSE = 126.1516

Running polya filter for radius = 3, bins = 256, delta = 200.
Initial MSE: 552.9740
Iteration 1 of 50 | Duration = 9.625 | MSE = 130.1914
Iteration 2 of 50 | Duration = 12.210 | MSE = 124.0834
Iteration 3 of 50 | Duration = 10.792 | MSE = 126.1687

Optimal Median:  N = 5, MSE = 118.7346, PSNR = 27.3850, SSIM = 0.6964
