Log Started on 28-Mar-2018

Adding Noise
Edge map chosen. Generating Edge Map...
Edge Map Completed.

Optimizing for aerial1_speckle_and_gauss_markov_mid_optimal
Removing edges for radius 1
Running polya filter for radius = 1, bins = 32, delta = 20.
Initial MSE: 790.4528
Iteration 1 of 50 | Duration = 1.004 | MSE = 782.8163
Iteration 2 of 50 | Duration = 0.894 | MSE = 782.8163
Iteration 3 of 50 | Duration = 0.754 | MSE = 782.8163
New optimal MSE: 782.8163

Running polya filter for radius = 1, bins = 32, delta = 40.
Initial MSE: 790.4528
Iteration 1 of 50 | Duration = 0.981 | MSE = 782.8163
Iteration 2 of 50 | Duration = 0.889 | MSE = 782.8163
Iteration 3 of 50 | Duration = 0.818 | MSE = 446.0557
Iteration 4 of 50 | Duration = 0.803 | MSE = 383.5201
Iteration 5 of 50 | Duration = 0.791 | MSE = 375.0521
Iteration 6 of 50 | Duration = 0.939 | MSE = 339.6773
Iteration 7 of 50 | Duration = 0.803 | MSE = 331.5174
Iteration 8 of 50 | Duration = 0.767 | MSE = 330.1838
Iteration 9 of 50 | Duration = 0.798 | MSE = 319.8392
Iteration 10 of 50 | Duration = 0.769 | MSE = 319.2211
Iteration 11 of 50 | Duration = 0.786 | MSE = 318.2640
Iteration 12 of 50 | Duration = 0.766 | MSE = 318.1318
New optimal MSE: 318.1318

Running polya filter for radius = 1, bins = 32, delta = 60.
Initial MSE: 790.4528
Iteration 1 of 50 | Duration = 0.970 | MSE = 782.8163
Iteration 2 of 50 | Duration = 0.888 | MSE = 446.0557
Iteration 3 of 50 | Duration = 0.811 | MSE = 382.9888
Iteration 4 of 50 | Duration = 0.894 | MSE = 339.9651
Iteration 5 of 50 | Duration = 0.792 | MSE = 330.8039
Iteration 6 of 50 | Duration = 0.755 | MSE = 319.5557
Iteration 7 of 50 | Duration = 0.814 | MSE = 318.9496
Iteration 8 of 50 | Duration = 0.772 | MSE = 317.8248
Iteration 9 of 50 | Duration = 0.798 | MSE = 317.0960
Iteration 10 of 50 | Duration = 0.767 | MSE = 315.8194
Iteration 11 of 50 | Duration = 0.819 | MSE = 315.6468
New optimal MSE: 315.6468

Running polya filter for radius = 1, bins = 32, delta = 80.
Initial MSE: 790.4528
Iteration 1 of 50 | Duration = 0.957 | MSE = 782.8163
Iteration 2 of 50 | Duration = 0.905 | MSE = 446.0557
Iteration 3 of 50 | Duration = 0.755 | MSE = 385.3000
Iteration 4 of 50 | Duration = 0.931 | MSE = 340.1802
Iteration 5 of 50 | Duration = 0.785 | MSE = 331.1576
Iteration 6 of 50 | Duration = 0.798 | MSE = 320.0989
Iteration 7 of 50 | Duration = 0.762 | MSE = 318.9253
Iteration 8 of 50 | Duration = 0.814 | MSE = 316.8700
Iteration 9 of 50 | Duration = 0.803 | MSE = 316.2349
Iteration 10 of 50 | Duration = 0.824 | MSE = 314.7653
Iteration 11 of 50 | Duration = 0.777 | MSE = 314.5895
New optimal MSE: 314.5895

Running polya filter for radius = 1, bins = 32, delta = 100.
Initial MSE: 790.4528
Iteration 1 of 50 | Duration = 1.721 | MSE = 417.4775
Iteration 2 of 50 | Duration = 1.097 | MSE = 359.5614
Iteration 3 of 50 | Duration = 0.866 | MSE = 339.0444
Iteration 4 of 50 | Duration = 0.886 | MSE = 328.3793
Iteration 5 of 50 | Duration = 0.821 | MSE = 321.0667
Iteration 6 of 50 | Duration = 0.842 | MSE = 317.2724
Iteration 7 of 50 | Duration = 0.796 | MSE = 315.3901
Iteration 8 of 50 | Duration = 0.797 | MSE = 314.6258
Iteration 9 of 50 | Duration = 0.794 | MSE = 313.8605
Iteration 10 of 50 | Duration = 0.774 | MSE = 313.1312
Iteration 11 of 50 | Duration = 0.785 | MSE = 312.7164
New optimal MSE: 312.7164

Running polya filter for radius = 1, bins = 32, delta = 120.
Initial MSE: 790.4528
Iteration 1 of 50 | Duration = 0.980 | MSE = 402.7353
Iteration 2 of 50 | Duration = 1.179 | MSE = 350.4369
Iteration 3 of 50 | Duration = 0.850 | MSE = 321.7850
Iteration 4 of 50 | Duration = 0.809 | MSE = 317.3497
Iteration 5 of 50 | Duration = 0.817 | MSE = 315.0864
Iteration 6 of 50 | Duration = 0.817 | MSE = 313.5535
Iteration 7 of 50 | Duration = 0.809 | MSE = 311.2262
Iteration 8 of 50 | Duration = 0.787 | MSE = 310.8759
New optimal MSE: 310.8759

Running polya filter for radius = 1, bins = 32, delta = 140.
Initial MSE: 790.4528
Iteration 1 of 50 | Duration = 0.978 | MSE = 402.7353
Iteration 2 of 50 | Duration = 1.175 | MSE = 350.4369
Iteration 3 of 50 | Duration = 0.820 | MSE = 321.8368
Iteration 4 of 50 | Duration = 0.803 | MSE = 317.3249
Iteration 5 of 50 | Duration = 0.771 | MSE = 315.0490
Iteration 6 of 50 | Duration = 0.834 | MSE = 313.5314
Iteration 7 of 50 | Duration = 0.796 | MSE = 311.2131
Iteration 8 of 50 | Duration = 0.802 | MSE = 310.8591
New optimal MSE: 310.8591

Running polya filter for radius = 1, bins = 32, delta = 160.
Initial MSE: 790.4528
Iteration 1 of 50 | Duration = 0.932 | MSE = 402.7353
Iteration 2 of 50 | Duration = 1.194 | MSE = 350.4369
Iteration 3 of 50 | Duration = 0.844 | MSE = 322.8185
Iteration 4 of 50 | Duration = 0.808 | MSE = 316.8724
Iteration 5 of 50 | Duration = 0.777 | MSE = 314.5019
Iteration 6 of 50 | Duration = 0.794 | MSE = 313.2112
Iteration 7 of 50 | Duration = 0.773 | MSE = 311.0990
Iteration 8 of 50 | Duration = 0.788 | MSE = 310.6883
New optimal MSE: 310.6883

Running polya filter for radius = 1, bins = 32, delta = 180.
Initial MSE: 790.4528
Iteration 1 of 50 | Duration = 0.944 | MSE = 402.7353
Iteration 2 of 50 | Duration = 1.142 | MSE = 350.4108
Iteration 3 of 50 | Duration = 0.832 | MSE = 322.7427
Iteration 4 of 50 | Duration = 0.789 | MSE = 316.8549
Iteration 5 of 50 | Duration = 0.767 | MSE = 314.4660
Iteration 6 of 50 | Duration = 0.801 | MSE = 313.1852
Iteration 7 of 50 | Duration = 0.788 | MSE = 311.0765
Iteration 8 of 50 | Duration = 0.780 | MSE = 310.6598
New optimal MSE: 310.6598

Running polya filter for radius = 1, bins = 32, delta = 200.
Initial MSE: 790.4528
Iteration 1 of 50 | Duration = 0.934 | MSE = 402.7353
Iteration 2 of 50 | Duration = 1.161 | MSE = 350.4153
Iteration 3 of 50 | Duration = 0.866 | MSE = 322.7760
Iteration 4 of 50 | Duration = 0.802 | MSE = 316.8676
Iteration 5 of 50 | Duration = 0.909 | MSE = 314.4877
Iteration 6 of 50 | Duration = 0.790 | MSE = 313.2102
Iteration 7 of 50 | Duration = 0.798 | MSE = 311.1000
Iteration 8 of 50 | Duration = 0.792 | MSE = 310.6842

Running polya filter for radius = 1, bins = 64, delta = 20.
Initial MSE: 790.4528
Iteration 1 of 50 | Duration = 1.646 | MSE = 784.0710
Iteration 2 of 50 | Duration = 1.630 | MSE = 784.0710
Iteration 3 of 50 | Duration = 1.643 | MSE = 784.0710

Running polya filter for radius = 1, bins = 64, delta = 40.
Initial MSE: 790.4528
Iteration 1 of 50 | Duration = 1.587 | MSE = 784.0710
Iteration 2 of 50 | Duration = 1.594 | MSE = 784.0710
Iteration 3 of 50 | Duration = 1.613 | MSE = 455.1493
Iteration 4 of 50 | Duration = 1.590 | MSE = 392.1031
Iteration 5 of 50 | Duration = 1.600 | MSE = 384.2725
Iteration 6 of 50 | Duration = 1.734 | MSE = 337.0442
Iteration 7 of 50 | Duration = 1.648 | MSE = 327.2316
Iteration 8 of 50 | Duration = 1.601 | MSE = 324.9601
Iteration 9 of 50 | Duration = 1.638 | MSE = 316.5646
Iteration 10 of 50 | Duration = 1.591 | MSE = 315.8680
Iteration 11 of 50 | Duration = 1.642 | MSE = 314.9125
Iteration 12 of 50 | Duration = 1.606 | MSE = 314.6905

Running polya filter for radius = 1, bins = 64, delta = 60.
Initial MSE: 790.4528
Iteration 1 of 50 | Duration = 1.609 | MSE = 784.0710
Iteration 2 of 50 | Duration = 1.592 | MSE = 455.1493
Iteration 3 of 50 | Duration = 1.645 | MSE = 391.2127
Iteration 4 of 50 | Duration = 1.822 | MSE = 337.0074
Iteration 5 of 50 | Duration = 1.678 | MSE = 325.5341
Iteration 6 of 50 | Duration = 1.565 | MSE = 316.4545
Iteration 7 of 50 | Duration = 1.615 | MSE = 315.6386
Iteration 8 of 50 | Duration = 1.629 | MSE = 314.4657
Iteration 9 of 50 | Duration = 1.607 | MSE = 313.6056
Iteration 10 of 50 | Duration = 1.618 | MSE = 312.1078
Iteration 11 of 50 | Duration = 1.621 | MSE = 311.6971

Running polya filter for radius = 1, bins = 64, delta = 80.
Initial MSE: 790.4528
Iteration 1 of 50 | Duration = 1.637 | MSE = 784.0710
Iteration 2 of 50 | Duration = 1.559 | MSE = 455.1493
Iteration 3 of 50 | Duration = 1.631 | MSE = 394.3642
Iteration 4 of 50 | Duration = 1.726 | MSE = 337.4568
Iteration 5 of 50 | Duration = 1.711 | MSE = 326.2898
Iteration 6 of 50 | Duration = 1.577 | MSE = 317.0597
Iteration 7 of 50 | Duration = 1.623 | MSE = 315.3860
Iteration 8 of 50 | Duration = 1.600 | MSE = 313.4105
Iteration 9 of 50 | Duration = 1.626 | MSE = 312.5990
Iteration 10 of 50 | Duration = 1.642 | MSE = 311.2004
Iteration 11 of 50 | Duration = 1.603 | MSE = 310.9318

Running polya filter for radius = 1, bins = 64, delta = 100.
Initial MSE: 790.4528
Iteration 1 of 50 | Duration = 2.368 | MSE = 416.5680
Iteration 2 of 50 | Duration = 1.893 | MSE = 356.3596
Iteration 3 of 50 | Duration = 1.692 | MSE = 335.2283
Iteration 4 of 50 | Duration = 1.684 | MSE = 323.6598
Iteration 5 of 50 | Duration = 1.662 | MSE = 316.7190
Iteration 6 of 50 | Duration = 1.669 | MSE = 313.4708
Iteration 7 of 50 | Duration = 1.601 | MSE = 311.8556
Iteration 8 of 50 | Duration = 1.608 | MSE = 310.9356
Iteration 9 of 50 | Duration = 1.605 | MSE = 310.1928
Iteration 10 of 50 | Duration = 1.695 | MSE = 309.5232
Iteration 11 of 50 | Duration = 1.628 | MSE = 309.1456
New optimal MSE: 309.1456

Running polya filter for radius = 1, bins = 64, delta = 120.
Initial MSE: 790.4528
Iteration 1 of 50 | Duration = 1.648 | MSE = 399.7085
Iteration 2 of 50 | Duration = 1.937 | MSE = 343.9713
Iteration 3 of 50 | Duration = 1.648 | MSE = 318.2653
Iteration 4 of 50 | Duration = 1.617 | MSE = 314.1108
Iteration 5 of 50 | Duration = 1.634 | MSE = 311.3631
Iteration 6 of 50 | Duration = 1.643 | MSE = 309.7403
Iteration 7 of 50 | Duration = 1.586 | MSE = 308.0556
Iteration 8 of 50 | Duration = 1.625 | MSE = 307.6127
New optimal MSE: 307.6127

Running polya filter for radius = 1, bins = 64, delta = 140.
Initial MSE: 790.4528
Iteration 1 of 50 | Duration = 1.647 | MSE = 399.7085
Iteration 2 of 50 | Duration = 1.925 | MSE = 343.9713
Iteration 3 of 50 | Duration = 1.667 | MSE = 318.3191
Iteration 4 of 50 | Duration = 1.643 | MSE = 314.0786
Iteration 5 of 50 | Duration = 1.624 | MSE = 311.3385
Iteration 6 of 50 | Duration = 1.618 | MSE = 309.7249
Iteration 7 of 50 | Duration = 1.576 | MSE = 308.0338
Iteration 8 of 50 | Duration = 1.616 | MSE = 307.6065
New optimal MSE: 307.6065

Running polya filter for radius = 1, bins = 64, delta = 160.
Initial MSE: 790.4528
Iteration 1 of 50 | Duration = 1.635 | MSE = 399.7085
Iteration 2 of 50 | Duration = 1.948 | MSE = 343.9713
Iteration 3 of 50 | Duration = 1.662 | MSE = 319.3541
Iteration 4 of 50 | Duration = 1.609 | MSE = 313.3182
Iteration 5 of 50 | Duration = 1.614 | MSE = 311.0045
Iteration 6 of 50 | Duration = 1.634 | MSE = 309.5392
Iteration 7 of 50 | Duration = 1.605 | MSE = 307.8453
Iteration 8 of 50 | Duration = 1.616 | MSE = 307.3972
New optimal MSE: 307.3972

Running polya filter for radius = 1, bins = 64, delta = 180.
Initial MSE: 790.4528
Iteration 1 of 50 | Duration = 1.639 | MSE = 399.7085
Iteration 2 of 50 | Duration = 1.960 | MSE = 343.9423
Iteration 3 of 50 | Duration = 1.662 | MSE = 319.2697
Iteration 4 of 50 | Duration = 1.601 | MSE = 313.3384
Iteration 5 of 50 | Duration = 1.636 | MSE = 310.9697
Iteration 6 of 50 | Duration = 1.622 | MSE = 309.5169
Iteration 7 of 50 | Duration = 1.577 | MSE = 307.8143
Iteration 8 of 50 | Duration = 1.595 | MSE = 307.3599
New optimal MSE: 307.3599

Running polya filter for radius = 1, bins = 64, delta = 200.
Initial MSE: 790.4528
Iteration 1 of 50 | Duration = 1.679 | MSE = 399.7085
Iteration 2 of 50 | Duration = 1.946 | MSE = 343.9507
Iteration 3 of 50 | Duration = 1.638 | MSE = 319.3083
Iteration 4 of 50 | Duration = 1.615 | MSE = 313.3624
Iteration 5 of 50 | Duration = 1.602 | MSE = 310.9976
Iteration 6 of 50 | Duration = 1.646 | MSE = 309.5472
Iteration 7 of 50 | Duration = 1.604 | MSE = 307.8445
Iteration 8 of 50 | Duration = 1.618 | MSE = 307.3884

Running polya filter for radius = 1, bins = 128, delta = 20.
Initial MSE: 790.4528
Iteration 1 of 50 | Duration = 3.047 | MSE = 789.8544
Iteration 2 of 50 | Duration = 3.062 | MSE = 789.8544
Iteration 3 of 50 | Duration = 3.027 | MSE = 789.8544

Running polya filter for radius = 1, bins = 128, delta = 40.
Initial MSE: 790.4528
Iteration 1 of 50 | Duration = 3.012 | MSE = 789.8544
Iteration 2 of 50 | Duration = 3.031 | MSE = 789.8544
Iteration 3 of 50 | Duration = 3.067 | MSE = 463.2377
Iteration 4 of 50 | Duration = 3.236 | MSE = 400.6327
Iteration 5 of 50 | Duration = 3.413 | MSE = 392.5984
Iteration 6 of 50 | Duration = 3.543 | MSE = 338.0383
Iteration 7 of 50 | Duration = 3.365 | MSE = 327.1027
Iteration 8 of 50 | Duration = 3.267 | MSE = 324.0015
Iteration 9 of 50 | Duration = 3.402 | MSE = 316.5740
Iteration 10 of 50 | Duration = 3.222 | MSE = 315.8869
Iteration 11 of 50 | Duration = 3.274 | MSE = 314.9642
Iteration 12 of 50 | Duration = 3.283 | MSE = 314.6546

Running polya filter for radius = 1, bins = 128, delta = 60.
Initial MSE: 790.4528
Iteration 1 of 50 | Duration = 3.195 | MSE = 789.8544
Iteration 2 of 50 | Duration = 2.989 | MSE = 463.2377
Iteration 3 of 50 | Duration = 3.279 | MSE = 399.4788
Iteration 4 of 50 | Duration = 3.523 | MSE = 337.7066
Iteration 5 of 50 | Duration = 3.253 | MSE = 324.6300
Iteration 6 of 50 | Duration = 3.290 | MSE = 316.5621
Iteration 7 of 50 | Duration = 3.438 | MSE = 315.6901
Iteration 8 of 50 | Duration = 3.377 | MSE = 314.5445
Iteration 9 of 50 | Duration = 3.448 | MSE = 313.5133
Iteration 10 of 50 | Duration = 3.447 | MSE = 311.8817
Iteration 11 of 50 | Duration = 3.347 | MSE = 311.4138

Running polya filter for radius = 1, bins = 128, delta = 80.
Initial MSE: 790.4528
Iteration 1 of 50 | Duration = 3.217 | MSE = 789.8544
Iteration 2 of 50 | Duration = 3.178 | MSE = 463.2377
Iteration 3 of 50 | Duration = 3.144 | MSE = 403.3438
Iteration 4 of 50 | Duration = 3.564 | MSE = 338.5057
Iteration 5 of 50 | Duration = 3.319 | MSE = 325.5630
Iteration 6 of 50 | Duration = 3.383 | MSE = 317.0656
Iteration 7 of 50 | Duration = 3.284 | MSE = 315.2081
Iteration 8 of 50 | Duration = 3.285 | MSE = 313.4496
Iteration 9 of 50 | Duration = 3.291 | MSE = 312.4751
Iteration 10 of 50 | Duration = 3.484 | MSE = 311.0693
Iteration 11 of 50 | Duration = 3.309 | MSE = 310.7663

Running polya filter for radius = 1, bins = 128, delta = 100.
Initial MSE: 790.4528
Iteration 1 of 50 | Duration = 4.382 | MSE = 419.4455
Iteration 2 of 50 | Duration = 3.572 | MSE = 357.3003
Iteration 3 of 50 | Duration = 3.392 | MSE = 335.5944
Iteration 4 of 50 | Duration = 3.535 | MSE = 323.3402
Iteration 5 of 50 | Duration = 3.326 | MSE = 316.6502
Iteration 6 of 50 | Duration = 3.297 | MSE = 313.7803
Iteration 7 of 50 | Duration = 3.341 | MSE = 312.1557
Iteration 8 of 50 | Duration = 3.339 | MSE = 311.2207
Iteration 9 of 50 | Duration = 3.469 | MSE = 310.4942
Iteration 10 of 50 | Duration = 3.318 | MSE = 309.7684
Iteration 11 of 50 | Duration = 3.248 | MSE = 309.3422

Running polya filter for radius = 1, bins = 128, delta = 120.
Initial MSE: 790.4528
Iteration 1 of 50 | Duration = 3.068 | MSE = 400.7611
Iteration 2 of 50 | Duration = 3.731 | MSE = 342.8957
Iteration 3 of 50 | Duration = 3.480 | MSE = 318.2468
Iteration 4 of 50 | Duration = 3.323 | MSE = 314.1473
Iteration 5 of 50 | Duration = 3.416 | MSE = 311.1490
Iteration 6 of 50 | Duration = 3.418 | MSE = 309.5547
Iteration 7 of 50 | Duration = 3.470 | MSE = 308.0518
Iteration 8 of 50 | Duration = 3.415 | MSE = 307.4954
Iteration 9 of 50 | Duration = 3.338 | MSE = 306.8980
Iteration 10 of 50 | Duration = 3.405 | MSE = 306.5069
New optimal MSE: 306.5069

Running polya filter for radius = 1, bins = 128, delta = 140.
Initial MSE: 790.4528
Iteration 1 of 50 | Duration = 3.062 | MSE = 400.7611
Iteration 2 of 50 | Duration = 3.706 | MSE = 342.8957
Iteration 3 of 50 | Duration = 3.373 | MSE = 318.2919
Iteration 4 of 50 | Duration = 3.477 | MSE = 314.1106
Iteration 5 of 50 | Duration = 3.422 | MSE = 311.1211
Iteration 6 of 50 | Duration = 3.433 | MSE = 309.5331
Iteration 7 of 50 | Duration = 3.441 | MSE = 308.0266
Iteration 8 of 50 | Duration = 3.268 | MSE = 307.4847
Iteration 9 of 50 | Duration = 3.318 | MSE = 306.8901
Iteration 10 of 50 | Duration = 3.285 | MSE = 306.4887
New optimal MSE: 306.4887

Running polya filter for radius = 1, bins = 128, delta = 160.
Initial MSE: 790.4528
Iteration 1 of 50 | Duration = 3.185 | MSE = 400.7611
Iteration 2 of 50 | Duration = 3.784 | MSE = 342.8957
Iteration 3 of 50 | Duration = 3.522 | MSE = 319.2908
Iteration 4 of 50 | Duration = 3.468 | MSE = 313.2303
Iteration 5 of 50 | Duration = 3.349 | MSE = 310.8737
Iteration 6 of 50 | Duration = 3.492 | MSE = 309.3576
Iteration 7 of 50 | Duration = 3.401 | MSE = 307.8272
Iteration 8 of 50 | Duration = 3.266 | MSE = 307.2674
Iteration 9 of 50 | Duration = 3.311 | MSE = 306.7854

Running polya filter for radius = 1, bins = 128, delta = 180.
Initial MSE: 790.4528
Iteration 1 of 50 | Duration = 3.032 | MSE = 400.7611
Iteration 2 of 50 | Duration = 3.638 | MSE = 342.8607
Iteration 3 of 50 | Duration = 3.517 | MSE = 319.2294
Iteration 4 of 50 | Duration = 3.419 | MSE = 313.2444
Iteration 5 of 50 | Duration = 3.394 | MSE = 310.8325
Iteration 6 of 50 | Duration = 3.310 | MSE = 309.3397
Iteration 7 of 50 | Duration = 3.253 | MSE = 307.8012
Iteration 8 of 50 | Duration = 3.283 | MSE = 307.2371
Iteration 9 of 50 | Duration = 3.301 | MSE = 306.7675

Running polya filter for radius = 1, bins = 128, delta = 200.
Initial MSE: 790.4528
Iteration 1 of 50 | Duration = 3.070 | MSE = 400.7611
Iteration 2 of 50 | Duration = 3.772 | MSE = 342.8657
Iteration 3 of 50 | Duration = 3.414 | MSE = 319.2732
Iteration 4 of 50 | Duration = 3.513 | MSE = 313.2725
Iteration 5 of 50 | Duration = 3.345 | MSE = 310.8646
Iteration 6 of 50 | Duration = 3.442 | MSE = 309.3736
Iteration 7 of 50 | Duration = 3.427 | MSE = 307.8341
Iteration 8 of 50 | Duration = 3.407 | MSE = 307.2683
Iteration 9 of 50 | Duration = 3.333 | MSE = 306.7970

Running polya filter for radius = 1, bins = 256, delta = 20.
Initial MSE: 790.4528
Iteration 1 of 50 | Duration = 5.152 | MSE = 790.4528
Iteration 2 of 50 | Duration = 5.095 | MSE = 790.4528
Iteration 3 of 50 | Duration = 5.124 | MSE = 790.4528

Running polya filter for radius = 1, bins = 256, delta = 40.
Initial MSE: 790.4528
Iteration 1 of 50 | Duration = 5.232 | MSE = 790.4528
Iteration 2 of 50 | Duration = 5.330 | MSE = 790.4528
Iteration 3 of 50 | Duration = 5.601 | MSE = 466.9883
Iteration 4 of 50 | Duration = 5.383 | MSE = 405.1475
Iteration 5 of 50 | Duration = 5.877 | MSE = 397.1036
Iteration 6 of 50 | Duration = 5.893 | MSE = 338.6396
Iteration 7 of 50 | Duration = 5.693 | MSE = 327.3007
Iteration 8 of 50 | Duration = 5.926 | MSE = 323.7380
Iteration 9 of 50 | Duration = 5.709 | MSE = 316.7863
Iteration 10 of 50 | Duration = 5.573 | MSE = 316.0985
Iteration 11 of 50 | Duration = 5.523 | MSE = 315.1961
Iteration 12 of 50 | Duration = 5.807 | MSE = 314.8406

Running polya filter for radius = 1, bins = 256, delta = 60.
Initial MSE: 790.4528
Iteration 1 of 50 | Duration = 5.463 | MSE = 790.4528
Iteration 2 of 50 | Duration = 5.287 | MSE = 466.9883
Iteration 3 of 50 | Duration = 5.803 | MSE = 403.8252
Iteration 4 of 50 | Duration = 6.105 | MSE = 338.1630
Iteration 5 of 50 | Duration = 5.723 | MSE = 324.4322
Iteration 6 of 50 | Duration = 5.809 | MSE = 316.8204
Iteration 7 of 50 | Duration = 5.805 | MSE = 315.9735
Iteration 8 of 50 | Duration = 6.229 | MSE = 314.7847
Iteration 9 of 50 | Duration = 5.852 | MSE = 313.6311
Iteration 10 of 50 | Duration = 5.685 | MSE = 311.9366
Iteration 11 of 50 | Duration = 5.710 | MSE = 311.4139
Iteration 12 of 50 | Duration = 5.903 | MSE = 310.1355
Iteration 13 of 50 | Duration = 6.049 | MSE = 309.7014

Running polya filter for radius = 1, bins = 256, delta = 80.
Initial MSE: 790.4528
Iteration 1 of 50 | Duration = 5.575 | MSE = 790.4528
Iteration 2 of 50 | Duration = 5.212 | MSE = 466.9883
Iteration 3 of 50 | Duration = 5.903 | MSE = 407.9726
Iteration 4 of 50 | Duration = 6.045 | MSE = 339.0354
Iteration 5 of 50 | Duration = 6.031 | MSE = 325.5424
Iteration 6 of 50 | Duration = 5.905 | MSE = 317.2961
Iteration 7 of 50 | Duration = 6.084 | MSE = 315.2733
Iteration 8 of 50 | Duration = 5.708 | MSE = 313.6046
Iteration 9 of 50 | Duration = 5.704 | MSE = 312.5921
Iteration 10 of 50 | Duration = 5.668 | MSE = 311.1588
Iteration 11 of 50 | Duration = 5.982 | MSE = 310.8322

Running polya filter for radius = 1, bins = 256, delta = 100.
Initial MSE: 790.4528
Iteration 1 of 50 | Duration = 6.889 | MSE = 421.6816
Iteration 2 of 50 | Duration = 5.954 | MSE = 357.6469
Iteration 3 of 50 | Duration = 5.641 | MSE = 335.6324
Iteration 4 of 50 | Duration = 5.889 | MSE = 323.2151
Iteration 5 of 50 | Duration = 6.065 | MSE = 316.6820
Iteration 6 of 50 | Duration = 6.000 | MSE = 313.9154
Iteration 7 of 50 | Duration = 5.758 | MSE = 312.2959
Iteration 8 of 50 | Duration = 5.668 | MSE = 311.3126
Iteration 9 of 50 | Duration = 6.001 | MSE = 310.5777
Iteration 10 of 50 | Duration = 6.010 | MSE = 309.8455
Iteration 11 of 50 | Duration = 5.893 | MSE = 309.4718

Running polya filter for radius = 1, bins = 256, delta = 120.
Initial MSE: 790.4528
Iteration 1 of 50 | Duration = 5.300 | MSE = 401.2079
Iteration 2 of 50 | Duration = 6.098 | MSE = 342.5861
Iteration 3 of 50 | Duration = 6.094 | MSE = 318.4265
Iteration 4 of 50 | Duration = 5.812 | MSE = 314.4766
Iteration 5 of 50 | Duration = 5.725 | MSE = 311.2403
Iteration 6 of 50 | Duration = 5.586 | MSE = 309.6598
Iteration 7 of 50 | Duration = 5.975 | MSE = 308.2450
Iteration 8 of 50 | Duration = 5.578 | MSE = 307.6597
Iteration 9 of 50 | Duration = 5.706 | MSE = 307.0558
Iteration 10 of 50 | Duration = 5.629 | MSE = 306.6556

Running polya filter for radius = 1, bins = 256, delta = 140.
Initial MSE: 790.4528
Iteration 1 of 50 | Duration = 5.447 | MSE = 401.2079
Iteration 2 of 50 | Duration = 6.405 | MSE = 342.5861
Iteration 3 of 50 | Duration = 5.680 | MSE = 318.4717
Iteration 4 of 50 | Duration = 5.995 | MSE = 314.4287
Iteration 5 of 50 | Duration = 5.868 | MSE = 311.2236
Iteration 6 of 50 | Duration = 5.977 | MSE = 309.6411
Iteration 7 of 50 | Duration = 5.572 | MSE = 308.2160
Iteration 8 of 50 | Duration = 5.702 | MSE = 307.6495
Iteration 9 of 50 | Duration = 5.693 | MSE = 307.0464
Iteration 10 of 50 | Duration = 5.662 | MSE = 306.6385

Running polya filter for radius = 1, bins = 256, delta = 160.
Initial MSE: 790.4528
Iteration 1 of 50 | Duration = 5.191 | MSE = 401.2079
Iteration 2 of 50 | Duration = 6.323 | MSE = 342.5861
Iteration 3 of 50 | Duration = 5.944 | MSE = 319.4170
Iteration 4 of 50 | Duration = 5.816 | MSE = 313.4617
Iteration 5 of 50 | Duration = 5.939 | MSE = 310.9853
Iteration 6 of 50 | Duration = 6.014 | MSE = 309.4707
Iteration 7 of 50 | Duration = 5.888 | MSE = 308.0321
Iteration 8 of 50 | Duration = 6.010 | MSE = 307.4326
Iteration 9 of 50 | Duration = 5.910 | MSE = 306.9434

Running polya filter for radius = 1, bins = 256, delta = 180.
Initial MSE: 790.4528
Iteration 1 of 50 | Duration = 5.569 | MSE = 401.2079
Iteration 2 of 50 | Duration = 6.389 | MSE = 342.5468
Iteration 3 of 50 | Duration = 6.071 | MSE = 319.3601
Iteration 4 of 50 | Duration = 5.843 | MSE = 313.4823
Iteration 5 of 50 | Duration = 5.753 | MSE = 310.9428
Iteration 6 of 50 | Duration = 5.862 | MSE = 309.4525
Iteration 7 of 50 | Duration = 6.140 | MSE = 308.0031
Iteration 8 of 50 | Duration = 6.063 | MSE = 307.3999
Iteration 9 of 50 | Duration = 6.109 | MSE = 306.9206

Running polya filter for radius = 1, bins = 256, delta = 200.
Initial MSE: 790.4528
Iteration 1 of 50 | Duration = 5.475 | MSE = 401.2079
Iteration 2 of 50 | Duration = 6.211 | MSE = 342.5536
Iteration 3 of 50 | Duration = 6.167 | MSE = 319.4044
Iteration 4 of 50 | Duration = 6.125 | MSE = 313.5205
Iteration 5 of 50 | Duration = 6.160 | MSE = 310.9754
Iteration 6 of 50 | Duration = 5.936 | MSE = 309.4867
Iteration 7 of 50 | Duration = 5.920 | MSE = 308.0368
Iteration 8 of 50 | Duration = 5.787 | MSE = 307.4307
Iteration 9 of 50 | Duration = 5.727 | MSE = 306.9508

Removing edges for radius 2
Running polya filter for radius = 2, bins = 32, delta = 20.
Initial MSE: 790.4528
Iteration 1 of 50 | Duration = 1.040 | MSE = 782.8163
Iteration 2 of 50 | Duration = 0.933 | MSE = 782.8163
Iteration 3 of 50 | Duration = 0.800 | MSE = 782.8163

Running polya filter for radius = 2, bins = 32, delta = 40.
Initial MSE: 790.4528
Iteration 1 of 50 | Duration = 1.092 | MSE = 782.8163
Iteration 2 of 50 | Duration = 0.928 | MSE = 782.8163
Iteration 3 of 50 | Duration = 0.808 | MSE = 465.4034
Iteration 4 of 50 | Duration = 0.830 | MSE = 362.1769
Iteration 5 of 50 | Duration = 0.788 | MSE = 325.7887
Iteration 6 of 50 | Duration = 0.872 | MSE = 314.4376
Iteration 7 of 50 | Duration = 0.800 | MSE = 314.0052

Running polya filter for radius = 2, bins = 32, delta = 60.
Initial MSE: 790.4528
Iteration 1 of 50 | Duration = 1.070 | MSE = 782.8163
Iteration 2 of 50 | Duration = 0.925 | MSE = 441.9762
Iteration 3 of 50 | Duration = 0.848 | MSE = 331.7699
Iteration 4 of 50 | Duration = 0.900 | MSE = 312.7474
Iteration 5 of 50 | Duration = 0.824 | MSE = 314.2241

Running polya filter for radius = 2, bins = 32, delta = 80.
Initial MSE: 790.4528
Iteration 1 of 50 | Duration = 1.038 | MSE = 782.8163
Iteration 2 of 50 | Duration = 0.901 | MSE = 443.9121
Iteration 3 of 50 | Duration = 0.812 | MSE = 333.5527
Iteration 4 of 50 | Duration = 0.923 | MSE = 312.9098
Iteration 5 of 50 | Duration = 0.847 | MSE = 314.3914

Running polya filter for radius = 2, bins = 32, delta = 100.
Initial MSE: 790.4528
Iteration 1 of 50 | Duration = 1.937 | MSE = 347.2550
Iteration 2 of 50 | Duration = 1.205 | MSE = 305.4202
Iteration 3 of 50 | Duration = 0.871 | MSE = 308.1145
New optimal MSE: 305.4202

Running polya filter for radius = 2, bins = 32, delta = 120.
Initial MSE: 790.4528
Iteration 1 of 50 | Duration = 1.110 | MSE = 332.4730
Iteration 2 of 50 | Duration = 1.230 | MSE = 312.1337
Iteration 3 of 50 | Duration = 0.855 | MSE = 312.9757
Iteration 4 of 50 | Duration = 0.873 | MSE = 314.4415

Running polya filter for radius = 2, bins = 32, delta = 140.
Initial MSE: 790.4528
Iteration 1 of 50 | Duration = 1.014 | MSE = 332.4730
Iteration 2 of 50 | Duration = 1.303 | MSE = 312.1326
Iteration 3 of 50 | Duration = 0.853 | MSE = 313.0257

Running polya filter for radius = 2, bins = 32, delta = 160.
Initial MSE: 790.4528
Iteration 1 of 50 | Duration = 1.011 | MSE = 332.4730
Iteration 2 of 50 | Duration = 1.265 | MSE = 312.1349
Iteration 3 of 50 | Duration = 0.828 | MSE = 313.2003

Running polya filter for radius = 2, bins = 32, delta = 180.
Initial MSE: 790.4528
Iteration 1 of 50 | Duration = 1.033 | MSE = 332.4730
Iteration 2 of 50 | Duration = 1.266 | MSE = 312.0973
Iteration 3 of 50 | Duration = 0.820 | MSE = 313.2596

Running polya filter for radius = 2, bins = 32, delta = 200.
Initial MSE: 790.4528
Iteration 1 of 50 | Duration = 1.047 | MSE = 332.4730
Iteration 2 of 50 | Duration = 1.249 | MSE = 312.1408
Iteration 3 of 50 | Duration = 0.862 | MSE = 313.3937

Running polya filter for radius = 2, bins = 64, delta = 20.
Initial MSE: 790.4528
Iteration 1 of 50 | Duration = 1.866 | MSE = 784.0710
Iteration 2 of 50 | Duration = 1.747 | MSE = 784.0710
Iteration 3 of 50 | Duration = 1.649 | MSE = 784.0710

Running polya filter for radius = 2, bins = 64, delta = 40.
Initial MSE: 790.4528
Iteration 1 of 50 | Duration = 1.892 | MSE = 784.0710
Iteration 2 of 50 | Duration = 1.721 | MSE = 784.0710
Iteration 3 of 50 | Duration = 1.735 | MSE = 511.2695
Iteration 4 of 50 | Duration = 1.721 | MSE = 393.6355
Iteration 5 of 50 | Duration = 1.783 | MSE = 344.8381
Iteration 6 of 50 | Duration = 1.749 | MSE = 317.8052
Iteration 7 of 50 | Duration = 1.725 | MSE = 313.2260
Iteration 8 of 50 | Duration = 1.770 | MSE = 311.9907
Iteration 9 of 50 | Duration = 1.750 | MSE = 312.1902

Running polya filter for radius = 2, bins = 64, delta = 60.
Initial MSE: 790.4528
Iteration 1 of 50 | Duration = 1.899 | MSE = 784.0710
Iteration 2 of 50 | Duration = 1.709 | MSE = 481.8121
Iteration 3 of 50 | Duration = 1.733 | MSE = 353.8061
Iteration 4 of 50 | Duration = 1.882 | MSE = 313.4485
Iteration 5 of 50 | Duration = 1.717 | MSE = 311.0168
Iteration 6 of 50 | Duration = 1.761 | MSE = 311.1272

Running polya filter for radius = 2, bins = 64, delta = 80.
Initial MSE: 790.4528
Iteration 1 of 50 | Duration = 1.839 | MSE = 784.0710
Iteration 2 of 50 | Duration = 1.742 | MSE = 483.4295
Iteration 3 of 50 | Duration = 1.662 | MSE = 358.2556
Iteration 4 of 50 | Duration = 1.826 | MSE = 313.7253
Iteration 5 of 50 | Duration = 1.780 | MSE = 311.3434
Iteration 6 of 50 | Duration = 1.723 | MSE = 311.7484

Running polya filter for radius = 2, bins = 64, delta = 100.
Initial MSE: 790.4528
Iteration 1 of 50 | Duration = 2.781 | MSE = 345.8849
Iteration 2 of 50 | Duration = 2.123 | MSE = 301.9355
Iteration 3 of 50 | Duration = 1.806 | MSE = 303.7681
New optimal MSE: 301.9355

Running polya filter for radius = 2, bins = 64, delta = 120.
Initial MSE: 790.4528
Iteration 1 of 50 | Duration = 1.851 | MSE = 329.1150
Iteration 2 of 50 | Duration = 2.147 | MSE = 307.7269
Iteration 3 of 50 | Duration = 1.798 | MSE = 309.8925

Running polya filter for radius = 2, bins = 64, delta = 140.
Initial MSE: 790.4528
Iteration 1 of 50 | Duration = 1.821 | MSE = 329.1150
Iteration 2 of 50 | Duration = 2.181 | MSE = 307.7257
Iteration 3 of 50 | Duration = 1.772 | MSE = 309.9251

Running polya filter for radius = 2, bins = 64, delta = 160.
Initial MSE: 790.4528
Iteration 1 of 50 | Duration = 1.828 | MSE = 329.1150
Iteration 2 of 50 | Duration = 2.201 | MSE = 307.7257
Iteration 3 of 50 | Duration = 1.762 | MSE = 310.0900

Running polya filter for radius = 2, bins = 64, delta = 180.
Initial MSE: 790.4528
Iteration 1 of 50 | Duration = 1.882 | MSE = 329.1150
Iteration 2 of 50 | Duration = 2.127 | MSE = 307.6696
Iteration 3 of 50 | Duration = 1.808 | MSE = 310.1503

Running polya filter for radius = 2, bins = 64, delta = 200.
Initial MSE: 790.4528
Iteration 1 of 50 | Duration = 1.856 | MSE = 329.1150
Iteration 2 of 50 | Duration = 2.158 | MSE = 307.7040
Iteration 3 of 50 | Duration = 1.781 | MSE = 310.2751

Running polya filter for radius = 2, bins = 128, delta = 20.
Initial MSE: 790.4528
Iteration 1 of 50 | Duration = 3.474 | MSE = 789.8544
Iteration 2 of 50 | Duration = 3.549 | MSE = 789.8544
Iteration 3 of 50 | Duration = 3.739 | MSE = 789.8544

Running polya filter for radius = 2, bins = 128, delta = 40.
Initial MSE: 790.4528
Iteration 1 of 50 | Duration = 3.540 | MSE = 789.8544
Iteration 2 of 50 | Duration = 3.558 | MSE = 789.8544
Iteration 3 of 50 | Duration = 3.672 | MSE = 541.6325
Iteration 4 of 50 | Duration = 3.719 | MSE = 422.1888
Iteration 5 of 50 | Duration = 3.827 | MSE = 368.1085
Iteration 6 of 50 | Duration = 3.791 | MSE = 326.7573
Iteration 7 of 50 | Duration = 3.914 | MSE = 316.7337
Iteration 8 of 50 | Duration = 3.717 | MSE = 312.6031
Iteration 9 of 50 | Duration = 3.857 | MSE = 311.9280
Iteration 10 of 50 | Duration = 3.789 | MSE = 311.8730

Running polya filter for radius = 2, bins = 128, delta = 60.
Initial MSE: 790.4528
Iteration 1 of 50 | Duration = 3.219 | MSE = 789.8544
Iteration 2 of 50 | Duration = 3.370 | MSE = 509.3270
Iteration 3 of 50 | Duration = 3.499 | MSE = 377.2136
Iteration 4 of 50 | Duration = 3.822 | MSE = 318.9462
Iteration 5 of 50 | Duration = 3.688 | MSE = 311.2682
Iteration 6 of 50 | Duration = 3.787 | MSE = 310.4523
Iteration 7 of 50 | Duration = 3.675 | MSE = 311.2880

Running polya filter for radius = 2, bins = 128, delta = 80.
Initial MSE: 790.4528
Iteration 1 of 50 | Duration = 3.244 | MSE = 789.8544
Iteration 2 of 50 | Duration = 3.585 | MSE = 510.3737
Iteration 3 of 50 | Duration = 3.618 | MSE = 383.6063
Iteration 4 of 50 | Duration = 3.774 | MSE = 318.9302
Iteration 5 of 50 | Duration = 3.715 | MSE = 311.3499
Iteration 6 of 50 | Duration = 3.871 | MSE = 311.0251

Running polya filter for radius = 2, bins = 128, delta = 100.
Initial MSE: 790.4528
Iteration 1 of 50 | Duration = 4.732 | MSE = 348.2522
Iteration 2 of 50 | Duration = 4.139 | MSE = 301.3469
Iteration 3 of 50 | Duration = 3.796 | MSE = 302.7921
New optimal MSE: 301.3469

Running polya filter for radius = 2, bins = 128, delta = 120.
Initial MSE: 790.4528
Iteration 1 of 50 | Duration = 3.191 | MSE = 328.6573
Iteration 2 of 50 | Duration = 4.157 | MSE = 307.3063
Iteration 3 of 50 | Duration = 3.736 | MSE = 308.9664

Running polya filter for radius = 2, bins = 128, delta = 140.
Initial MSE: 790.4528
Iteration 1 of 50 | Duration = 3.223 | MSE = 328.6573
Iteration 2 of 50 | Duration = 4.378 | MSE = 307.3060
Iteration 3 of 50 | Duration = 3.826 | MSE = 308.9941

Running polya filter for radius = 2, bins = 128, delta = 160.
Initial MSE: 790.4528
Iteration 1 of 50 | Duration = 3.377 | MSE = 328.6573
Iteration 2 of 50 | Duration = 4.393 | MSE = 307.3074
Iteration 3 of 50 | Duration = 3.885 | MSE = 309.1502

Running polya filter for radius = 2, bins = 128, delta = 180.
Initial MSE: 790.4528
Iteration 1 of 50 | Duration = 3.382 | MSE = 328.6573
Iteration 2 of 50 | Duration = 4.258 | MSE = 307.2290
Iteration 3 of 50 | Duration = 3.843 | MSE = 309.1989

Running polya filter for radius = 2, bins = 128, delta = 200.
Initial MSE: 790.4528
Iteration 1 of 50 | Duration = 3.420 | MSE = 328.6573
Iteration 2 of 50 | Duration = 4.412 | MSE = 307.2592
Iteration 3 of 50 | Duration = 3.844 | MSE = 309.3403

Running polya filter for radius = 2, bins = 256, delta = 20.
Initial MSE: 790.4528
Iteration 1 of 50 | Duration = 5.689 | MSE = 790.4528
Iteration 2 of 50 | Duration = 5.889 | MSE = 790.4528
Iteration 3 of 50 | Duration = 5.681 | MSE = 790.4528

Running polya filter for radius = 2, bins = 256, delta = 40.
Initial MSE: 790.4528
Iteration 1 of 50 | Duration = 5.673 | MSE = 790.4528
Iteration 2 of 50 | Duration = 5.560 | MSE = 790.4528
Iteration 3 of 50 | Duration = 5.986 | MSE = 557.8932
Iteration 4 of 50 | Duration = 6.020 | MSE = 439.7253
Iteration 5 of 50 | Duration = 6.370 | MSE = 383.9011
Iteration 6 of 50 | Duration = 6.466 | MSE = 334.5157
Iteration 7 of 50 | Duration = 6.106 | MSE = 321.0550
Iteration 8 of 50 | Duration = 6.530 | MSE = 314.7243
Iteration 9 of 50 | Duration = 6.406 | MSE = 312.7333
Iteration 10 of 50 | Duration = 6.332 | MSE = 311.9867
Iteration 11 of 50 | Duration = 6.381 | MSE = 312.3583

Running polya filter for radius = 2, bins = 256, delta = 60.
Initial MSE: 790.4528
Iteration 1 of 50 | Duration = 5.316 | MSE = 790.4528
Iteration 2 of 50 | Duration = 6.051 | MSE = 524.7304
Iteration 3 of 50 | Duration = 6.177 | MSE = 393.4243
Iteration 4 of 50 | Duration = 6.647 | MSE = 324.4230
Iteration 5 of 50 | Duration = 6.558 | MSE = 312.7830
Iteration 6 of 50 | Duration = 6.357 | MSE = 310.8823
Iteration 7 of 50 | Duration = 6.302 | MSE = 311.2833

Running polya filter for radius = 2, bins = 256, delta = 80.
Initial MSE: 790.4528
Iteration 1 of 50 | Duration = 5.397 | MSE = 790.4528
Iteration 2 of 50 | Duration = 6.167 | MSE = 525.3475
Iteration 3 of 50 | Duration = 6.391 | MSE = 401.2983
Iteration 4 of 50 | Duration = 6.523 | MSE = 323.9263
Iteration 5 of 50 | Duration = 6.395 | MSE = 312.9777
Iteration 6 of 50 | Duration = 6.419 | MSE = 311.4334
Iteration 7 of 50 | Duration = 6.393 | MSE = 312.2090

Running polya filter for radius = 2, bins = 256, delta = 100.
Initial MSE: 790.4528
Iteration 1 of 50 | Duration = 7.274 | MSE = 350.6510
Iteration 2 of 50 | Duration = 6.831 | MSE = 301.4716
Iteration 3 of 50 | Duration = 6.350 | MSE = 302.6936

Running polya filter for radius = 2, bins = 256, delta = 120.
Initial MSE: 790.4528
Iteration 1 of 50 | Duration = 5.844 | MSE = 328.9788
Iteration 2 of 50 | Duration = 7.184 | MSE = 307.6758
Iteration 3 of 50 | Duration = 6.733 | MSE = 308.9316

Running polya filter for radius = 2, bins = 256, delta = 140.
Initial MSE: 790.4528
Iteration 1 of 50 | Duration = 5.481 | MSE = 328.9788
Iteration 2 of 50 | Duration = 7.024 | MSE = 307.6745
Iteration 3 of 50 | Duration = 6.290 | MSE = 308.9454

Running polya filter for radius = 2, bins = 256, delta = 160.
Initial MSE: 790.4528
Iteration 1 of 50 | Duration = 5.819 | MSE = 328.9788
Iteration 2 of 50 | Duration = 7.006 | MSE = 307.6757
Iteration 3 of 50 | Duration = 6.447 | MSE = 309.0802

Running polya filter for radius = 2, bins = 256, delta = 180.
Initial MSE: 790.4528
Iteration 1 of 50 | Duration = 5.379 | MSE = 328.9788
Iteration 2 of 50 | Duration = 7.166 | MSE = 307.5900
Iteration 3 of 50 | Duration = 6.722 | MSE = 309.1282

Running polya filter for radius = 2, bins = 256, delta = 200.
Initial MSE: 790.4528
Iteration 1 of 50 | Duration = 5.560 | MSE = 328.9788
Iteration 2 of 50 | Duration = 7.225 | MSE = 307.6216
Iteration 3 of 50 | Duration = 6.429 | MSE = 309.2675

Optimal Median:  N = 2, MSE = 297.4238, PSNR = 23.2506, SSIM = 0.6184
