Log Started on 08-Mar-2018

Adding Noise
Optimizing for aerial1_speckle_and_binary_erasure_mid_optimal
Running polya filter for radius = 1, bins = 32, delta = 20.
Initial MSE: 3988.0238
Iteration 1 of 50 | Duration = 0.862 | MSE = 3979.6285
Iteration 2 of 50 | Duration = 0.768 | MSE = 3979.6285
Iteration 3 of 50 | Duration = 0.671 | MSE = 3979.6285
New optimal MSE: 3979.6285

Running polya filter for radius = 1, bins = 32, delta = 40.
Initial MSE: 3988.0238
Iteration 1 of 50 | Duration = 0.783 | MSE = 3979.6285
Iteration 2 of 50 | Duration = 0.727 | MSE = 3979.6285
Iteration 3 of 50 | Duration = 0.652 | MSE = 3540.3138
Iteration 4 of 50 | Duration = 0.652 | MSE = 3474.5957
Iteration 5 of 50 | Duration = 0.669 | MSE = 3464.2260
Iteration 6 of 50 | Duration = 0.775 | MSE = 3421.5813
Iteration 7 of 50 | Duration = 0.664 | MSE = 3414.8945
Iteration 8 of 50 | Duration = 0.662 | MSE = 3413.3044
Iteration 9 of 50 | Duration = 0.672 | MSE = 3311.3934
Iteration 10 of 50 | Duration = 0.658 | MSE = 3310.1614
Iteration 11 of 50 | Duration = 0.667 | MSE = 3308.7832
Iteration 12 of 50 | Duration = 0.658 | MSE = 3308.4979
New optimal MSE: 3308.4979

Running polya filter for radius = 1, bins = 32, delta = 60.
Initial MSE: 3988.0238
Iteration 1 of 50 | Duration = 0.799 | MSE = 3979.6285
Iteration 2 of 50 | Duration = 0.726 | MSE = 3540.3138
Iteration 3 of 50 | Duration = 0.649 | MSE = 3473.5986
Iteration 4 of 50 | Duration = 0.769 | MSE = 3421.8009
Iteration 5 of 50 | Duration = 0.678 | MSE = 3414.0090
Iteration 6 of 50 | Duration = 0.656 | MSE = 3310.8814
Iteration 7 of 50 | Duration = 0.666 | MSE = 3309.3609
Iteration 8 of 50 | Duration = 0.681 | MSE = 3307.8761
Iteration 9 of 50 | Duration = 0.656 | MSE = 3291.1847
Iteration 10 of 50 | Duration = 0.674 | MSE = 3289.2776
Iteration 11 of 50 | Duration = 0.670 | MSE = 3291.1471
New optimal MSE: 3289.2776

Running polya filter for radius = 1, bins = 32, delta = 80.
Initial MSE: 3988.0238
Iteration 1 of 50 | Duration = 0.797 | MSE = 3979.6285
Iteration 2 of 50 | Duration = 0.717 | MSE = 3540.3138
Iteration 3 of 50 | Duration = 0.667 | MSE = 3476.0833
Iteration 4 of 50 | Duration = 0.760 | MSE = 3422.0097
Iteration 5 of 50 | Duration = 0.677 | MSE = 3414.3008
Iteration 6 of 50 | Duration = 0.674 | MSE = 3311.3723
Iteration 7 of 50 | Duration = 0.666 | MSE = 3309.3410
Iteration 8 of 50 | Duration = 0.664 | MSE = 3291.6748
Iteration 9 of 50 | Duration = 0.676 | MSE = 3291.2636

Running polya filter for radius = 1, bins = 32, delta = 100.
Initial MSE: 3988.0238
Iteration 1 of 50 | Duration = 1.335 | MSE = 3494.9755
Iteration 2 of 50 | Duration = 0.866 | MSE = 3431.9858
Iteration 3 of 50 | Duration = 0.741 | MSE = 3334.3879
Iteration 4 of 50 | Duration = 0.712 | MSE = 3303.7835
Iteration 5 of 50 | Duration = 0.688 | MSE = 3286.8148
Iteration 6 of 50 | Duration = 0.685 | MSE = 3281.0720
Iteration 7 of 50 | Duration = 0.669 | MSE = 3221.8307
Iteration 8 of 50 | Duration = 0.675 | MSE = 3202.5706
Iteration 9 of 50 | Duration = 0.678 | MSE = 3192.0635
Iteration 10 of 50 | Duration = 0.676 | MSE = 3188.2339
Iteration 11 of 50 | Duration = 0.661 | MSE = 3179.7186
Iteration 12 of 50 | Duration = 0.675 | MSE = 3178.5407
Iteration 13 of 50 | Duration = 0.671 | MSE = 3178.1514
New optimal MSE: 3178.1514

Running polya filter for radius = 1, bins = 32, delta = 120.
Initial MSE: 3988.0238
Iteration 1 of 50 | Duration = 0.809 | MSE = 3483.9728
Iteration 2 of 50 | Duration = 0.917 | MSE = 3424.6401
Iteration 3 of 50 | Duration = 0.704 | MSE = 3298.1741
Iteration 4 of 50 | Duration = 0.666 | MSE = 3290.3042
Iteration 5 of 50 | Duration = 0.672 | MSE = 3286.7845
Iteration 6 of 50 | Duration = 0.682 | MSE = 3287.2483

Running polya filter for radius = 1, bins = 32, delta = 140.
Initial MSE: 3988.0238
Iteration 1 of 50 | Duration = 0.798 | MSE = 3483.9728
Iteration 2 of 50 | Duration = 0.931 | MSE = 3424.6401
Iteration 3 of 50 | Duration = 0.690 | MSE = 3298.2192
Iteration 4 of 50 | Duration = 0.679 | MSE = 3290.2826
Iteration 5 of 50 | Duration = 0.695 | MSE = 3286.7767
Iteration 6 of 50 | Duration = 0.682 | MSE = 3287.2365

Running polya filter for radius = 1, bins = 32, delta = 160.
Initial MSE: 3988.0238
Iteration 1 of 50 | Duration = 0.765 | MSE = 3483.9728
Iteration 2 of 50 | Duration = 0.937 | MSE = 3424.6401
Iteration 3 of 50 | Duration = 0.703 | MSE = 3314.0349
Iteration 4 of 50 | Duration = 0.662 | MSE = 3289.3605
Iteration 5 of 50 | Duration = 0.672 | MSE = 3286.5346
Iteration 6 of 50 | Duration = 0.666 | MSE = 3286.7310

Running polya filter for radius = 1, bins = 32, delta = 180.
Initial MSE: 3988.0238
Iteration 1 of 50 | Duration = 0.787 | MSE = 3483.9728
Iteration 2 of 50 | Duration = 0.901 | MSE = 3424.5877
Iteration 3 of 50 | Duration = 0.708 | MSE = 3313.9876
Iteration 4 of 50 | Duration = 0.677 | MSE = 3289.8156
Iteration 5 of 50 | Duration = 0.657 | MSE = 3286.4886
Iteration 6 of 50 | Duration = 0.688 | MSE = 3286.6827

Running polya filter for radius = 1, bins = 32, delta = 200.
Initial MSE: 3988.0238
Iteration 1 of 50 | Duration = 0.782 | MSE = 3483.9728
Iteration 2 of 50 | Duration = 0.910 | MSE = 3424.5879
Iteration 3 of 50 | Duration = 0.702 | MSE = 3313.9839
Iteration 4 of 50 | Duration = 0.676 | MSE = 3289.8164
Iteration 5 of 50 | Duration = 0.669 | MSE = 3286.4886
Iteration 6 of 50 | Duration = 0.686 | MSE = 3286.6827

Running polya filter for radius = 1, bins = 64, delta = 20.
Initial MSE: 3988.0238
Iteration 1 of 50 | Duration = 1.466 | MSE = 3978.5137
Iteration 2 of 50 | Duration = 1.350 | MSE = 3978.5137
Iteration 3 of 50 | Duration = 1.380 | MSE = 3978.5137

Running polya filter for radius = 1, bins = 64, delta = 40.
Initial MSE: 3988.0238
Iteration 1 of 50 | Duration = 1.439 | MSE = 3978.5137
Iteration 2 of 50 | Duration = 1.383 | MSE = 3978.5137
Iteration 3 of 50 | Duration = 1.360 | MSE = 3547.7862
Iteration 4 of 50 | Duration = 1.367 | MSE = 3481.3310
Iteration 5 of 50 | Duration = 1.371 | MSE = 3471.8248
Iteration 6 of 50 | Duration = 1.479 | MSE = 3417.6205
Iteration 7 of 50 | Duration = 1.397 | MSE = 3409.0889
Iteration 8 of 50 | Duration = 1.372 | MSE = 3406.5076
Iteration 9 of 50 | Duration = 1.346 | MSE = 3309.4502
Iteration 10 of 50 | Duration = 1.356 | MSE = 3308.0482
Iteration 11 of 50 | Duration = 1.393 | MSE = 3306.5042
Iteration 12 of 50 | Duration = 1.379 | MSE = 3306.2260

Running polya filter for radius = 1, bins = 64, delta = 60.
Initial MSE: 3988.0238
Iteration 1 of 50 | Duration = 1.399 | MSE = 3978.5137
Iteration 2 of 50 | Duration = 1.353 | MSE = 3547.7862
Iteration 3 of 50 | Duration = 1.383 | MSE = 3479.9974
Iteration 4 of 50 | Duration = 1.475 | MSE = 3417.3968
Iteration 5 of 50 | Duration = 1.472 | MSE = 3407.1321
Iteration 6 of 50 | Duration = 1.424 | MSE = 3309.1065
Iteration 7 of 50 | Duration = 1.348 | MSE = 3307.3378
Iteration 8 of 50 | Duration = 1.351 | MSE = 3305.8268
Iteration 9 of 50 | Duration = 1.399 | MSE = 3287.5663
Iteration 10 of 50 | Duration = 1.418 | MSE = 3285.8676
Iteration 11 of 50 | Duration = 1.371 | MSE = 3287.2051

Running polya filter for radius = 1, bins = 64, delta = 80.
Initial MSE: 3988.0238
Iteration 1 of 50 | Duration = 1.409 | MSE = 3978.5137
Iteration 2 of 50 | Duration = 1.395 | MSE = 3547.7862
Iteration 3 of 50 | Duration = 1.401 | MSE = 3483.4389
Iteration 4 of 50 | Duration = 1.499 | MSE = 3417.9498
Iteration 5 of 50 | Duration = 1.423 | MSE = 3407.7403
Iteration 6 of 50 | Duration = 1.394 | MSE = 3309.6233
Iteration 7 of 50 | Duration = 1.393 | MSE = 3306.9850
Iteration 8 of 50 | Duration = 1.360 | MSE = 3288.0902
Iteration 9 of 50 | Duration = 1.344 | MSE = 3287.6180

Running polya filter for radius = 1, bins = 64, delta = 100.
Initial MSE: 3988.0238
Iteration 1 of 50 | Duration = 2.028 | MSE = 3493.6959
Iteration 2 of 50 | Duration = 1.603 | MSE = 3428.4745
Iteration 3 of 50 | Duration = 1.466 | MSE = 3331.4712
Iteration 4 of 50 | Duration = 1.459 | MSE = 3300.7212
Iteration 5 of 50 | Duration = 1.442 | MSE = 3282.1259
Iteration 6 of 50 | Duration = 1.377 | MSE = 3277.6292
Iteration 7 of 50 | Duration = 1.395 | MSE = 3221.1585
Iteration 8 of 50 | Duration = 1.363 | MSE = 3202.9260
Iteration 9 of 50 | Duration = 1.389 | MSE = 3191.9062
Iteration 10 of 50 | Duration = 1.374 | MSE = 3188.1043
Iteration 11 of 50 | Duration = 1.366 | MSE = 3177.8029
Iteration 12 of 50 | Duration = 1.399 | MSE = 3176.2558
Iteration 13 of 50 | Duration = 1.372 | MSE = 3175.1791
Iteration 14 of 50 | Duration = 1.372 | MSE = 3174.6702
Iteration 15 of 50 | Duration = 1.358 | MSE = 3128.1049
Iteration 16 of 50 | Duration = 1.389 | MSE = 3112.4195
Iteration 17 of 50 | Duration = 1.414 | MSE = 3105.5742
Iteration 18 of 50 | Duration = 1.408 | MSE = 3102.6448
Iteration 19 of 50 | Duration = 1.352 | MSE = 3096.7058
Iteration 20 of 50 | Duration = 1.391 | MSE = 3094.2412
Iteration 21 of 50 | Duration = 1.350 | MSE = 3091.0683
Iteration 22 of 50 | Duration = 1.402 | MSE = 3090.2496
Iteration 23 of 50 | Duration = 1.394 | MSE = 3082.2156
Iteration 24 of 50 | Duration = 1.377 | MSE = 3080.9900
Iteration 25 of 50 | Duration = 1.368 | MSE = 3079.7464
Iteration 26 of 50 | Duration = 1.395 | MSE = 3079.6129
New optimal MSE: 3079.6129

Running polya filter for radius = 1, bins = 64, delta = 120.
Initial MSE: 3988.0238
Iteration 1 of 50 | Duration = 1.433 | MSE = 3480.1776
Iteration 2 of 50 | Duration = 1.668 | MSE = 3416.7326
Iteration 3 of 50 | Duration = 1.438 | MSE = 3294.4647
Iteration 4 of 50 | Duration = 1.379 | MSE = 3286.8953
Iteration 5 of 50 | Duration = 1.435 | MSE = 3283.0866
Iteration 6 of 50 | Duration = 1.430 | MSE = 3283.4876

Running polya filter for radius = 1, bins = 64, delta = 140.
Initial MSE: 3988.0238
Iteration 1 of 50 | Duration = 1.441 | MSE = 3480.1776
Iteration 2 of 50 | Duration = 1.660 | MSE = 3416.7326
Iteration 3 of 50 | Duration = 1.494 | MSE = 3294.5111
Iteration 4 of 50 | Duration = 1.410 | MSE = 3286.8301
Iteration 5 of 50 | Duration = 1.387 | MSE = 3283.0767
Iteration 6 of 50 | Duration = 1.436 | MSE = 3283.4546

Running polya filter for radius = 1, bins = 64, delta = 160.
Initial MSE: 3988.0238
Iteration 1 of 50 | Duration = 1.397 | MSE = 3480.1776
Iteration 2 of 50 | Duration = 1.674 | MSE = 3416.7326
Iteration 3 of 50 | Duration = 1.514 | MSE = 3311.7914
Iteration 4 of 50 | Duration = 1.509 | MSE = 3285.1438
Iteration 5 of 50 | Duration = 1.400 | MSE = 3282.8623
Iteration 6 of 50 | Duration = 1.414 | MSE = 3282.9386

Running polya filter for radius = 1, bins = 64, delta = 180.
Initial MSE: 3988.0238
Iteration 1 of 50 | Duration = 1.444 | MSE = 3480.1776
Iteration 2 of 50 | Duration = 1.680 | MSE = 3416.6764
Iteration 3 of 50 | Duration = 1.444 | MSE = 3311.7363
Iteration 4 of 50 | Duration = 1.398 | MSE = 3285.8382
Iteration 5 of 50 | Duration = 1.418 | MSE = 3282.8113
Iteration 6 of 50 | Duration = 1.418 | MSE = 3282.9061

Running polya filter for radius = 1, bins = 64, delta = 200.
Initial MSE: 3988.0238
Iteration 1 of 50 | Duration = 1.419 | MSE = 3480.1776
Iteration 2 of 50 | Duration = 1.707 | MSE = 3416.6762
Iteration 3 of 50 | Duration = 1.510 | MSE = 3311.7369
Iteration 4 of 50 | Duration = 1.390 | MSE = 3285.8387
Iteration 5 of 50 | Duration = 1.432 | MSE = 3282.8113
Iteration 6 of 50 | Duration = 1.420 | MSE = 3282.9061

Running polya filter for radius = 1, bins = 128, delta = 20.
Initial MSE: 3988.0238
Iteration 1 of 50 | Duration = 2.672 | MSE = 3984.1955
Iteration 2 of 50 | Duration = 2.732 | MSE = 3984.1955
Iteration 3 of 50 | Duration = 2.686 | MSE = 3984.1955

Running polya filter for radius = 1, bins = 128, delta = 40.
Initial MSE: 3988.0238
Iteration 1 of 50 | Duration = 2.552 | MSE = 3984.1955
Iteration 2 of 50 | Duration = 2.712 | MSE = 3984.1955
Iteration 3 of 50 | Duration = 2.710 | MSE = 3557.0175
Iteration 4 of 50 | Duration = 2.787 | MSE = 3490.4407
Iteration 5 of 50 | Duration = 2.992 | MSE = 3480.9570
Iteration 6 of 50 | Duration = 3.061 | MSE = 3420.4412
Iteration 7 of 50 | Duration = 3.047 | MSE = 3410.6318
Iteration 8 of 50 | Duration = 3.005 | MSE = 3407.3366
Iteration 9 of 50 | Duration = 2.970 | MSE = 3312.7874
Iteration 10 of 50 | Duration = 3.051 | MSE = 3311.2692
Iteration 11 of 50 | Duration = 2.969 | MSE = 3309.5497
Iteration 12 of 50 | Duration = 2.963 | MSE = 3309.2557

Running polya filter for radius = 1, bins = 128, delta = 60.
Initial MSE: 3988.0238
Iteration 1 of 50 | Duration = 2.663 | MSE = 3984.1955
Iteration 2 of 50 | Duration = 2.648 | MSE = 3557.0175
Iteration 3 of 50 | Duration = 2.867 | MSE = 3488.8068
Iteration 4 of 50 | Duration = 3.116 | MSE = 3419.8182
Iteration 5 of 50 | Duration = 2.971 | MSE = 3407.8752
Iteration 6 of 50 | Duration = 2.982 | MSE = 3312.3453
Iteration 7 of 50 | Duration = 2.987 | MSE = 3310.4297
Iteration 8 of 50 | Duration = 2.991 | MSE = 3308.8171
Iteration 9 of 50 | Duration = 2.978 | MSE = 3289.4217
Iteration 10 of 50 | Duration = 3.002 | MSE = 3287.6729
Iteration 11 of 50 | Duration = 3.031 | MSE = 3288.8829

Running polya filter for radius = 1, bins = 128, delta = 80.
Initial MSE: 3988.0238
Iteration 1 of 50 | Duration = 2.713 | MSE = 3984.1955
Iteration 2 of 50 | Duration = 2.688 | MSE = 3557.0175
Iteration 3 of 50 | Duration = 2.764 | MSE = 3492.8089
Iteration 4 of 50 | Duration = 3.046 | MSE = 3420.7197
Iteration 5 of 50 | Duration = 3.001 | MSE = 3408.7799
Iteration 6 of 50 | Duration = 2.904 | MSE = 3313.0604
Iteration 7 of 50 | Duration = 2.964 | MSE = 3310.0674
Iteration 8 of 50 | Duration = 3.034 | MSE = 3290.4104
Iteration 9 of 50 | Duration = 2.842 | MSE = 3289.7970
Iteration 10 of 50 | Duration = 2.995 | MSE = 3287.5082
Iteration 11 of 50 | Duration = 3.002 | MSE = 3287.8042

Running polya filter for radius = 1, bins = 128, delta = 100.
Initial MSE: 3988.0238
Iteration 1 of 50 | Duration = 3.609 | MSE = 3499.2689
Iteration 2 of 50 | Duration = 3.182 | MSE = 3431.0783
Iteration 3 of 50 | Duration = 2.874 | MSE = 3333.9369
Iteration 4 of 50 | Duration = 2.984 | MSE = 3303.1932
Iteration 5 of 50 | Duration = 3.009 | MSE = 3283.4898
Iteration 6 of 50 | Duration = 2.975 | MSE = 3279.3998
Iteration 7 of 50 | Duration = 2.953 | MSE = 3224.8175
Iteration 8 of 50 | Duration = 3.026 | MSE = 3207.2337
Iteration 9 of 50 | Duration = 2.988 | MSE = 3195.5018
Iteration 10 of 50 | Duration = 2.995 | MSE = 3191.5026
Iteration 11 of 50 | Duration = 2.996 | MSE = 3180.3220
Iteration 12 of 50 | Duration = 2.977 | MSE = 3178.6629
Iteration 13 of 50 | Duration = 3.002 | MSE = 3177.0099
Iteration 14 of 50 | Duration = 2.990 | MSE = 3176.4804
Iteration 15 of 50 | Duration = 2.948 | MSE = 3132.5435
Iteration 16 of 50 | Duration = 2.976 | MSE = 3117.9946
Iteration 17 of 50 | Duration = 2.932 | MSE = 3110.6449
Iteration 18 of 50 | Duration = 2.977 | MSE = 3107.5309
Iteration 19 of 50 | Duration = 3.021 | MSE = 3101.0517
Iteration 20 of 50 | Duration = 3.013 | MSE = 3098.4347
Iteration 21 of 50 | Duration = 2.923 | MSE = 3094.9538
Iteration 22 of 50 | Duration = 2.982 | MSE = 3094.1318
Iteration 23 of 50 | Duration = 2.967 | MSE = 3085.6094
Iteration 24 of 50 | Duration = 2.987 | MSE = 3084.3336
Iteration 25 of 50 | Duration = 2.957 | MSE = 3082.4797
Iteration 26 of 50 | Duration = 2.965 | MSE = 3082.2142

Running polya filter for radius = 1, bins = 128, delta = 120.
Initial MSE: 3988.0238
Iteration 1 of 50 | Duration = 2.733 | MSE = 3483.3140
Iteration 2 of 50 | Duration = 3.121 | MSE = 3417.6040
Iteration 3 of 50 | Duration = 2.958 | MSE = 3296.7299
Iteration 4 of 50 | Duration = 2.956 | MSE = 3288.9462
Iteration 5 of 50 | Duration = 3.022 | MSE = 3284.8251
Iteration 6 of 50 | Duration = 3.035 | MSE = 3285.1390

Running polya filter for radius = 1, bins = 128, delta = 140.
Initial MSE: 3988.0238
Iteration 1 of 50 | Duration = 2.760 | MSE = 3483.3140
Iteration 2 of 50 | Duration = 3.270 | MSE = 3417.6040
Iteration 3 of 50 | Duration = 2.970 | MSE = 3296.7738
Iteration 4 of 50 | Duration = 3.013 | MSE = 3288.8930
Iteration 5 of 50 | Duration = 2.983 | MSE = 3284.8249
Iteration 6 of 50 | Duration = 3.003 | MSE = 3285.0961

Running polya filter for radius = 1, bins = 128, delta = 160.
Initial MSE: 3988.0238
Iteration 1 of 50 | Duration = 2.801 | MSE = 3483.3140
Iteration 2 of 50 | Duration = 3.047 | MSE = 3417.6040
Iteration 3 of 50 | Duration = 3.001 | MSE = 3315.1910
Iteration 4 of 50 | Duration = 2.955 | MSE = 3287.0379
Iteration 5 of 50 | Duration = 3.050 | MSE = 3284.6292
Iteration 6 of 50 | Duration = 3.075 | MSE = 3284.6197

Running polya filter for radius = 1, bins = 128, delta = 180.
Initial MSE: 3988.0238
Iteration 1 of 50 | Duration = 2.695 | MSE = 3483.3140
Iteration 2 of 50 | Duration = 3.047 | MSE = 3417.5444
Iteration 3 of 50 | Duration = 3.035 | MSE = 3315.1439
Iteration 4 of 50 | Duration = 3.000 | MSE = 3287.7369
Iteration 5 of 50 | Duration = 2.859 | MSE = 3284.5654
Iteration 6 of 50 | Duration = 2.964 | MSE = 3284.5946

Running polya filter for radius = 1, bins = 128, delta = 200.
Initial MSE: 3988.0238
Iteration 1 of 50 | Duration = 2.742 | MSE = 3483.3140
Iteration 2 of 50 | Duration = 3.029 | MSE = 3417.5439
Iteration 3 of 50 | Duration = 3.025 | MSE = 3315.1449
Iteration 4 of 50 | Duration = 2.931 | MSE = 3287.7374
Iteration 5 of 50 | Duration = 2.970 | MSE = 3284.5654
Iteration 6 of 50 | Duration = 2.980 | MSE = 3284.5946

Running polya filter for radius = 1, bins = 256, delta = 20.
Initial MSE: 3988.0238
Iteration 1 of 50 | Duration = 4.908 | MSE = 3983.6639
Iteration 2 of 50 | Duration = 4.778 | MSE = 3983.6639
Iteration 3 of 50 | Duration = 4.795 | MSE = 3983.6639

Running polya filter for radius = 1, bins = 256, delta = 40.
Initial MSE: 3988.0238
Iteration 1 of 50 | Duration = 4.772 | MSE = 3983.6639
Iteration 2 of 50 | Duration = 4.938 | MSE = 3983.6639
Iteration 3 of 50 | Duration = 4.919 | MSE = 3561.0354
Iteration 4 of 50 | Duration = 5.113 | MSE = 3495.0773
Iteration 5 of 50 | Duration = 5.330 | MSE = 3485.4466
Iteration 6 of 50 | Duration = 5.462 | MSE = 3421.9645
Iteration 7 of 50 | Duration = 5.398 | MSE = 3411.4404
Iteration 8 of 50 | Duration = 5.291 | MSE = 3407.7158
Iteration 9 of 50 | Duration = 5.275 | MSE = 3314.5708
Iteration 10 of 50 | Duration = 5.278 | MSE = 3312.9954
Iteration 11 of 50 | Duration = 5.373 | MSE = 3311.2999
Iteration 12 of 50 | Duration = 5.254 | MSE = 3310.9627

Running polya filter for radius = 1, bins = 256, delta = 60.
Initial MSE: 3988.0238
Iteration 1 of 50 | Duration = 4.850 | MSE = 3983.6639
Iteration 2 of 50 | Duration = 4.882 | MSE = 3561.0354
Iteration 3 of 50 | Duration = 5.080 | MSE = 3493.3373
Iteration 4 of 50 | Duration = 5.330 | MSE = 3421.1279
Iteration 5 of 50 | Duration = 5.264 | MSE = 3408.2399
Iteration 6 of 50 | Duration = 5.310 | MSE = 3314.2323
Iteration 7 of 50 | Duration = 5.482 | MSE = 3312.2917
Iteration 8 of 50 | Duration = 5.409 | MSE = 3310.6140
Iteration 9 of 50 | Duration = 5.442 | MSE = 3290.4679
Iteration 10 of 50 | Duration = 5.402 | MSE = 3288.7292
Iteration 11 of 50 | Duration = 5.411 | MSE = 3289.8846

Running polya filter for radius = 1, bins = 256, delta = 80.
Initial MSE: 3988.0238
Iteration 1 of 50 | Duration = 4.889 | MSE = 3983.6639
Iteration 2 of 50 | Duration = 4.858 | MSE = 3561.0354
Iteration 3 of 50 | Duration = 5.065 | MSE = 3497.6757
Iteration 4 of 50 | Duration = 5.360 | MSE = 3422.2322
Iteration 5 of 50 | Duration = 5.312 | MSE = 3409.3055
Iteration 6 of 50 | Duration = 5.348 | MSE = 3314.8525
Iteration 7 of 50 | Duration = 5.298 | MSE = 3311.7555
Iteration 8 of 50 | Duration = 5.385 | MSE = 3291.8632
Iteration 9 of 50 | Duration = 5.340 | MSE = 3291.2149
Iteration 10 of 50 | Duration = 5.369 | MSE = 3289.0275
Iteration 11 of 50 | Duration = 5.364 | MSE = 3288.9118

Running polya filter for radius = 1, bins = 256, delta = 100.
Initial MSE: 3988.0238
Iteration 1 of 50 | Duration = 5.647 | MSE = 3502.0682
Iteration 2 of 50 | Duration = 5.267 | MSE = 3431.9310
Iteration 3 of 50 | Duration = 5.164 | MSE = 3334.6578
Iteration 4 of 50 | Duration = 5.265 | MSE = 3304.2692
Iteration 5 of 50 | Duration = 5.295 | MSE = 3284.1806
Iteration 6 of 50 | Duration = 5.333 | MSE = 3280.2314
Iteration 7 of 50 | Duration = 5.218 | MSE = 3226.4690
Iteration 8 of 50 | Duration = 5.334 | MSE = 3209.3276
Iteration 9 of 50 | Duration = 5.310 | MSE = 3197.4087
Iteration 10 of 50 | Duration = 4.880 | MSE = 3193.3806
Iteration 11 of 50 | Duration = 5.294 | MSE = 3181.8361
Iteration 12 of 50 | Duration = 5.351 | MSE = 3180.1487
Iteration 13 of 50 | Duration = 5.474 | MSE = 3178.0681
Iteration 14 of 50 | Duration = 5.261 | MSE = 3177.5853

Running polya filter for radius = 1, bins = 256, delta = 120.
Initial MSE: 3988.0238
Iteration 1 of 50 | Duration = 4.890 | MSE = 3484.4307
Iteration 2 of 50 | Duration = 5.408 | MSE = 3417.6789
Iteration 3 of 50 | Duration = 4.931 | MSE = 3297.6679
Iteration 4 of 50 | Duration = 5.268 | MSE = 3290.1200
Iteration 5 of 50 | Duration = 5.409 | MSE = 3285.9002
Iteration 6 of 50 | Duration = 5.343 | MSE = 3286.2073

Running polya filter for radius = 1, bins = 256, delta = 140.
Initial MSE: 3988.0238
Iteration 1 of 50 | Duration = 4.907 | MSE = 3484.4307
Iteration 2 of 50 | Duration = 5.310 | MSE = 3417.6789
Iteration 3 of 50 | Duration = 5.295 | MSE = 3297.7054
Iteration 4 of 50 | Duration = 5.399 | MSE = 3290.0469
Iteration 5 of 50 | Duration = 5.437 | MSE = 3285.9302
Iteration 6 of 50 | Duration = 5.339 | MSE = 3286.1595

Running polya filter for radius = 1, bins = 256, delta = 160.
Initial MSE: 3988.0238
Iteration 1 of 50 | Duration = 4.863 | MSE = 3484.4307
Iteration 2 of 50 | Duration = 5.392 | MSE = 3417.6789
Iteration 3 of 50 | Duration = 5.395 | MSE = 3316.4974
Iteration 4 of 50 | Duration = 5.313 | MSE = 3288.0895
Iteration 5 of 50 | Duration = 5.403 | MSE = 3285.7599
Iteration 6 of 50 | Duration = 5.063 | MSE = 3285.7059

Running polya filter for radius = 1, bins = 256, delta = 180.
Initial MSE: 3988.0238
Iteration 1 of 50 | Duration = 4.943 | MSE = 3484.4307
Iteration 2 of 50 | Duration = 5.263 | MSE = 3417.6168
Iteration 3 of 50 | Duration = 5.486 | MSE = 3316.4504
Iteration 4 of 50 | Duration = 5.311 | MSE = 3289.3229
Iteration 5 of 50 | Duration = 5.348 | MSE = 3285.6863
Iteration 6 of 50 | Duration = 5.388 | MSE = 3285.6850

Running polya filter for radius = 1, bins = 256, delta = 200.
Initial MSE: 3988.0238
Iteration 1 of 50 | Duration = 4.880 | MSE = 3484.4307
Iteration 2 of 50 | Duration = 5.457 | MSE = 3417.6164
Iteration 3 of 50 | Duration = 5.510 | MSE = 3316.4512
Iteration 4 of 50 | Duration = 5.408 | MSE = 3289.3236
Iteration 5 of 50 | Duration = 5.441 | MSE = 3285.6863
Iteration 6 of 50 | Duration = 5.373 | MSE = 3285.6850

Running polya filter for radius = 2, bins = 32, delta = 20.
Initial MSE: 3988.0238
Iteration 1 of 50 | Duration = 0.953 | MSE = 3979.6285
Iteration 2 of 50 | Duration = 0.793 | MSE = 3979.6285
Iteration 3 of 50 | Duration = 0.668 | MSE = 3979.6285

Running polya filter for radius = 2, bins = 32, delta = 40.
Initial MSE: 3988.0238
Iteration 1 of 50 | Duration = 0.870 | MSE = 3979.6285
Iteration 2 of 50 | Duration = 0.736 | MSE = 3979.6285
Iteration 3 of 50 | Duration = 0.688 | MSE = 2463.7691
Iteration 4 of 50 | Duration = 0.697 | MSE = 1680.9994
Iteration 5 of 50 | Duration = 0.694 | MSE = 1282.5986
Iteration 6 of 50 | Duration = 0.750 | MSE = 1038.3680
Iteration 7 of 50 | Duration = 0.686 | MSE = 972.4915
Iteration 8 of 50 | Duration = 0.705 | MSE = 949.7472
Iteration 9 of 50 | Duration = 0.689 | MSE = 941.1071
Iteration 10 of 50 | Duration = 0.697 | MSE = 934.6451
Iteration 11 of 50 | Duration = 0.701 | MSE = 931.8018
Iteration 12 of 50 | Duration = 0.693 | MSE = 928.2889
Iteration 13 of 50 | Duration = 0.678 | MSE = 926.7807
Iteration 14 of 50 | Duration = 0.706 | MSE = 924.8038
Iteration 15 of 50 | Duration = 0.682 | MSE = 922.7013
Iteration 16 of 50 | Duration = 0.677 | MSE = 921.0718
Iteration 17 of 50 | Duration = 0.682 | MSE = 918.4436
Iteration 18 of 50 | Duration = 0.683 | MSE = 916.8870
Iteration 19 of 50 | Duration = 0.693 | MSE = 916.4131
New optimal MSE: 916.4131

Running polya filter for radius = 2, bins = 32, delta = 60.
Initial MSE: 3988.0238
Iteration 1 of 50 | Duration = 0.931 | MSE = 3979.6285
Iteration 2 of 50 | Duration = 0.743 | MSE = 2269.1183
Iteration 3 of 50 | Duration = 0.677 | MSE = 1352.0138
Iteration 4 of 50 | Duration = 0.791 | MSE = 1008.6791
Iteration 5 of 50 | Duration = 0.716 | MSE = 961.1121
Iteration 6 of 50 | Duration = 0.713 | MSE = 945.3569
Iteration 7 of 50 | Duration = 0.701 | MSE = 941.9184
Iteration 8 of 50 | Duration = 0.725 | MSE = 934.8515
Iteration 9 of 50 | Duration = 0.701 | MSE = 932.1988
Iteration 10 of 50 | Duration = 0.706 | MSE = 928.4525
Iteration 11 of 50 | Duration = 0.700 | MSE = 927.5622
Iteration 12 of 50 | Duration = 0.692 | MSE = 922.0516
Iteration 13 of 50 | Duration = 0.695 | MSE = 921.3276
Iteration 14 of 50 | Duration = 0.707 | MSE = 917.3787
Iteration 15 of 50 | Duration = 0.682 | MSE = 915.4729
Iteration 16 of 50 | Duration = 0.712 | MSE = 913.3028
Iteration 17 of 50 | Duration = 0.695 | MSE = 912.0370
Iteration 18 of 50 | Duration = 0.682 | MSE = 909.6341
Iteration 19 of 50 | Duration = 0.689 | MSE = 909.2639
New optimal MSE: 909.2639

Running polya filter for radius = 2, bins = 32, delta = 80.
Initial MSE: 3988.0238
Iteration 1 of 50 | Duration = 0.905 | MSE = 3979.6285
Iteration 2 of 50 | Duration = 0.730 | MSE = 2273.2159
Iteration 3 of 50 | Duration = 0.711 | MSE = 1405.2044
Iteration 4 of 50 | Duration = 0.781 | MSE = 1006.1708
Iteration 5 of 50 | Duration = 0.695 | MSE = 961.9071
Iteration 6 of 50 | Duration = 0.717 | MSE = 943.1239
Iteration 7 of 50 | Duration = 0.707 | MSE = 938.6133
Iteration 8 of 50 | Duration = 0.697 | MSE = 932.3757
Iteration 9 of 50 | Duration = 0.704 | MSE = 929.6684
Iteration 10 of 50 | Duration = 0.701 | MSE = 924.7879
Iteration 11 of 50 | Duration = 0.690 | MSE = 923.3453
Iteration 12 of 50 | Duration = 0.708 | MSE = 918.4231
Iteration 13 of 50 | Duration = 0.682 | MSE = 916.8863
Iteration 14 of 50 | Duration = 0.681 | MSE = 914.6696
Iteration 15 of 50 | Duration = 0.698 | MSE = 912.9212
Iteration 16 of 50 | Duration = 0.695 | MSE = 911.0910
Iteration 17 of 50 | Duration = 0.684 | MSE = 910.4576
Iteration 18 of 50 | Duration = 0.707 | MSE = 908.7301
Iteration 19 of 50 | Duration = 0.719 | MSE = 908.9724
New optimal MSE: 908.9724

Running polya filter for radius = 2, bins = 32, delta = 100.
Initial MSE: 3988.0238
Iteration 1 of 50 | Duration = 1.603 | MSE = 1734.5219
Iteration 2 of 50 | Duration = 1.027 | MSE = 1008.5745
Iteration 3 of 50 | Duration = 0.771 | MSE = 950.1141
Iteration 4 of 50 | Duration = 0.753 | MSE = 934.0164
Iteration 5 of 50 | Duration = 0.723 | MSE = 924.9176
Iteration 6 of 50 | Duration = 0.728 | MSE = 918.3072
Iteration 7 of 50 | Duration = 0.713 | MSE = 912.4929
Iteration 8 of 50 | Duration = 0.731 | MSE = 909.7687
Iteration 9 of 50 | Duration = 0.718 | MSE = 906.6111
Iteration 10 of 50 | Duration = 0.701 | MSE = 902.7785
Iteration 11 of 50 | Duration = 0.690 | MSE = 899.4235
Iteration 12 of 50 | Duration = 0.692 | MSE = 897.4129
Iteration 13 of 50 | Duration = 0.692 | MSE = 896.6636
Iteration 14 of 50 | Duration = 0.693 | MSE = 895.5228
Iteration 15 of 50 | Duration = 0.688 | MSE = 892.8488
Iteration 16 of 50 | Duration = 0.702 | MSE = 890.8166
Iteration 17 of 50 | Duration = 0.681 | MSE = 889.2006
Iteration 18 of 50 | Duration = 0.688 | MSE = 887.1959
Iteration 19 of 50 | Duration = 0.689 | MSE = 886.1434
Iteration 20 of 50 | Duration = 0.684 | MSE = 885.3077
Iteration 21 of 50 | Duration = 0.686 | MSE = 883.3154
Iteration 22 of 50 | Duration = 0.690 | MSE = 881.9523
Iteration 23 of 50 | Duration = 0.701 | MSE = 881.4905
New optimal MSE: 881.4905

Running polya filter for radius = 2, bins = 32, delta = 120.
Initial MSE: 3988.0238
Iteration 1 of 50 | Duration = 0.902 | MSE = 1049.4490
Iteration 2 of 50 | Duration = 1.029 | MSE = 986.7320
Iteration 3 of 50 | Duration = 0.719 | MSE = 953.1015
Iteration 4 of 50 | Duration = 0.713 | MSE = 940.8656
Iteration 5 of 50 | Duration = 0.708 | MSE = 932.3926
Iteration 6 of 50 | Duration = 0.728 | MSE = 928.8974
Iteration 7 of 50 | Duration = 0.704 | MSE = 922.2713
Iteration 8 of 50 | Duration = 0.692 | MSE = 920.7520
Iteration 9 of 50 | Duration = 0.699 | MSE = 916.6226
Iteration 10 of 50 | Duration = 0.696 | MSE = 914.0276
Iteration 11 of 50 | Duration = 0.696 | MSE = 911.0767
Iteration 12 of 50 | Duration = 0.690 | MSE = 909.4615
Iteration 13 of 50 | Duration = 0.692 | MSE = 908.7797
Iteration 14 of 50 | Duration = 0.709 | MSE = 908.3945

Running polya filter for radius = 2, bins = 32, delta = 140.
Initial MSE: 3988.0238
Iteration 1 of 50 | Duration = 0.865 | MSE = 1049.4490
Iteration 2 of 50 | Duration = 1.039 | MSE = 986.7340
Iteration 3 of 50 | Duration = 0.729 | MSE = 953.7159
Iteration 4 of 50 | Duration = 0.719 | MSE = 941.1029
Iteration 5 of 50 | Duration = 0.714 | MSE = 932.8316
Iteration 6 of 50 | Duration = 0.730 | MSE = 929.3642
Iteration 7 of 50 | Duration = 0.711 | MSE = 923.0565
Iteration 8 of 50 | Duration = 0.696 | MSE = 921.1906
Iteration 9 of 50 | Duration = 0.693 | MSE = 917.0208
Iteration 10 of 50 | Duration = 0.714 | MSE = 913.7018
Iteration 11 of 50 | Duration = 0.706 | MSE = 911.7320
Iteration 12 of 50 | Duration = 0.689 | MSE = 910.2668
Iteration 13 of 50 | Duration = 0.700 | MSE = 909.6310
Iteration 14 of 50 | Duration = 0.701 | MSE = 908.7608
Iteration 15 of 50 | Duration = 0.697 | MSE = 904.2336
Iteration 16 of 50 | Duration = 0.683 | MSE = 903.5563
Iteration 17 of 50 | Duration = 0.690 | MSE = 901.0049
Iteration 18 of 50 | Duration = 0.677 | MSE = 899.8562
Iteration 19 of 50 | Duration = 0.679 | MSE = 898.7825
Iteration 20 of 50 | Duration = 0.702 | MSE = 898.1945
Iteration 21 of 50 | Duration = 0.675 | MSE = 896.3368
Iteration 22 of 50 | Duration = 0.685 | MSE = 895.5381
Iteration 23 of 50 | Duration = 0.699 | MSE = 895.3692

Running polya filter for radius = 2, bins = 32, delta = 160.
Initial MSE: 3988.0238
Iteration 1 of 50 | Duration = 0.907 | MSE = 1049.4490
Iteration 2 of 50 | Duration = 1.051 | MSE = 986.7307
Iteration 3 of 50 | Duration = 0.729 | MSE = 956.2926
Iteration 4 of 50 | Duration = 0.727 | MSE = 941.6067
Iteration 5 of 50 | Duration = 0.707 | MSE = 933.4473
Iteration 6 of 50 | Duration = 0.725 | MSE = 929.7540
Iteration 7 of 50 | Duration = 0.705 | MSE = 923.9676
Iteration 8 of 50 | Duration = 0.706 | MSE = 922.4777
Iteration 9 of 50 | Duration = 0.728 | MSE = 918.2542
Iteration 10 of 50 | Duration = 0.704 | MSE = 913.9212
Iteration 11 of 50 | Duration = 0.701 | MSE = 911.9685
Iteration 12 of 50 | Duration = 0.689 | MSE = 910.2469
Iteration 13 of 50 | Duration = 0.698 | MSE = 907.4220
Iteration 14 of 50 | Duration = 0.700 | MSE = 906.4057
Iteration 15 of 50 | Duration = 0.689 | MSE = 903.2346
Iteration 16 of 50 | Duration = 0.702 | MSE = 901.2374
Iteration 17 of 50 | Duration = 0.702 | MSE = 900.5650
Iteration 18 of 50 | Duration = 0.694 | MSE = 899.2322
Iteration 19 of 50 | Duration = 0.688 | MSE = 897.6964
Iteration 20 of 50 | Duration = 0.687 | MSE = 896.2281
Iteration 21 of 50 | Duration = 0.691 | MSE = 895.9311

Running polya filter for radius = 2, bins = 32, delta = 180.
Initial MSE: 3988.0238
Iteration 1 of 50 | Duration = 0.861 | MSE = 1049.4490
Iteration 2 of 50 | Duration = 1.039 | MSE = 986.4390
Iteration 3 of 50 | Duration = 0.758 | MSE = 956.1647
Iteration 4 of 50 | Duration = 0.726 | MSE = 941.4999
Iteration 5 of 50 | Duration = 0.720 | MSE = 933.6942
Iteration 6 of 50 | Duration = 0.714 | MSE = 929.6339
Iteration 7 of 50 | Duration = 0.701 | MSE = 924.0000
Iteration 8 of 50 | Duration = 0.697 | MSE = 922.9576
Iteration 9 of 50 | Duration = 0.698 | MSE = 918.0535
Iteration 10 of 50 | Duration = 0.696 | MSE = 913.7487
Iteration 11 of 50 | Duration = 0.700 | MSE = 912.3022
Iteration 12 of 50 | Duration = 0.706 | MSE = 910.9282
Iteration 13 of 50 | Duration = 0.686 | MSE = 908.3367
Iteration 14 of 50 | Duration = 0.692 | MSE = 907.0583
Iteration 15 of 50 | Duration = 0.682 | MSE = 904.0295
Iteration 16 of 50 | Duration = 0.689 | MSE = 901.4041
Iteration 17 of 50 | Duration = 0.685 | MSE = 900.7059
Iteration 18 of 50 | Duration = 0.690 | MSE = 898.8176
Iteration 19 of 50 | Duration = 0.682 | MSE = 898.1132
Iteration 20 of 50 | Duration = 0.696 | MSE = 897.0344
Iteration 21 of 50 | Duration = 0.690 | MSE = 896.6675

Running polya filter for radius = 2, bins = 32, delta = 200.
Initial MSE: 3988.0238
Iteration 1 of 50 | Duration = 0.853 | MSE = 1049.4490
Iteration 2 of 50 | Duration = 1.022 | MSE = 986.4447
Iteration 3 of 50 | Duration = 0.742 | MSE = 956.1783
Iteration 4 of 50 | Duration = 0.730 | MSE = 941.5157
Iteration 5 of 50 | Duration = 0.705 | MSE = 933.8098
Iteration 6 of 50 | Duration = 0.733 | MSE = 929.7547
Iteration 7 of 50 | Duration = 0.710 | MSE = 924.0042
Iteration 8 of 50 | Duration = 0.693 | MSE = 922.9301
Iteration 9 of 50 | Duration = 0.698 | MSE = 918.0477
Iteration 10 of 50 | Duration = 0.702 | MSE = 913.7659
Iteration 11 of 50 | Duration = 0.688 | MSE = 912.3024
Iteration 12 of 50 | Duration = 0.693 | MSE = 910.9419
Iteration 13 of 50 | Duration = 0.703 | MSE = 908.3720
Iteration 14 of 50 | Duration = 0.701 | MSE = 907.0985
Iteration 15 of 50 | Duration = 0.685 | MSE = 904.0446
Iteration 16 of 50 | Duration = 0.691 | MSE = 901.4189
Iteration 17 of 50 | Duration = 0.685 | MSE = 900.7304
Iteration 18 of 50 | Duration = 0.691 | MSE = 898.8378
Iteration 19 of 50 | Duration = 0.692 | MSE = 898.1269
Iteration 20 of 50 | Duration = 0.678 | MSE = 897.0393
Iteration 21 of 50 | Duration = 0.693 | MSE = 896.6604

Running polya filter for radius = 2, bins = 64, delta = 20.
Initial MSE: 3988.0238
Iteration 1 of 50 | Duration = 1.605 | MSE = 3978.5137
Iteration 2 of 50 | Duration = 1.553 | MSE = 3978.5137
Iteration 3 of 50 | Duration = 1.435 | MSE = 3978.5137

Running polya filter for radius = 2, bins = 64, delta = 40.
Initial MSE: 3988.0238
Iteration 1 of 50 | Duration = 1.539 | MSE = 3978.5137
Iteration 2 of 50 | Duration = 1.438 | MSE = 3978.5137
Iteration 3 of 50 | Duration = 1.423 | MSE = 2677.7995
Iteration 4 of 50 | Duration = 1.445 | MSE = 1926.1290
Iteration 5 of 50 | Duration = 1.414 | MSE = 1495.5948
Iteration 6 of 50 | Duration = 1.520 | MSE = 1144.2777
Iteration 7 of 50 | Duration = 1.473 | MSE = 1024.0256
Iteration 8 of 50 | Duration = 1.483 | MSE = 967.5518
Iteration 9 of 50 | Duration = 1.488 | MSE = 946.4224
Iteration 10 of 50 | Duration = 1.468 | MSE = 936.1443
Iteration 11 of 50 | Duration = 1.481 | MSE = 931.1830
Iteration 12 of 50 | Duration = 1.408 | MSE = 926.6998
Iteration 13 of 50 | Duration = 1.425 | MSE = 924.7236
Iteration 14 of 50 | Duration = 1.407 | MSE = 922.4726
Iteration 15 of 50 | Duration = 1.475 | MSE = 920.0986
Iteration 16 of 50 | Duration = 1.454 | MSE = 918.6504
Iteration 17 of 50 | Duration = 1.468 | MSE = 916.6177
Iteration 18 of 50 | Duration = 1.477 | MSE = 915.2757
Iteration 19 of 50 | Duration = 1.460 | MSE = 913.9354
Iteration 20 of 50 | Duration = 1.453 | MSE = 912.0328
Iteration 21 of 50 | Duration = 1.482 | MSE = 910.7015
Iteration 22 of 50 | Duration = 1.438 | MSE = 909.1044
Iteration 23 of 50 | Duration = 1.455 | MSE = 907.5733
Iteration 24 of 50 | Duration = 1.424 | MSE = 906.6943
Iteration 25 of 50 | Duration = 1.445 | MSE = 906.0032
Iteration 26 of 50 | Duration = 1.467 | MSE = 904.6640
Iteration 27 of 50 | Duration = 1.470 | MSE = 904.3464

Running polya filter for radius = 2, bins = 64, delta = 60.
Initial MSE: 3988.0238
Iteration 1 of 50 | Duration = 1.558 | MSE = 3978.5137
Iteration 2 of 50 | Duration = 1.471 | MSE = 2472.3949
Iteration 3 of 50 | Duration = 1.391 | MSE = 1575.9838
Iteration 4 of 50 | Duration = 1.498 | MSE = 1088.8134
Iteration 5 of 50 | Duration = 1.452 | MSE = 972.6346
Iteration 6 of 50 | Duration = 1.483 | MSE = 945.6432
Iteration 7 of 50 | Duration = 1.439 | MSE = 939.4560
Iteration 8 of 50 | Duration = 1.435 | MSE = 933.5759
Iteration 9 of 50 | Duration = 1.430 | MSE = 930.1263
Iteration 10 of 50 | Duration = 1.433 | MSE = 926.4439
Iteration 11 of 50 | Duration = 1.414 | MSE = 924.7446
Iteration 12 of 50 | Duration = 1.442 | MSE = 921.0479
Iteration 13 of 50 | Duration = 1.425 | MSE = 918.8727
Iteration 14 of 50 | Duration = 1.430 | MSE = 915.7711
Iteration 15 of 50 | Duration = 1.426 | MSE = 913.9356
Iteration 16 of 50 | Duration = 1.445 | MSE = 911.2783
Iteration 17 of 50 | Duration = 1.416 | MSE = 910.4600
Iteration 18 of 50 | Duration = 1.411 | MSE = 907.8530
Iteration 19 of 50 | Duration = 1.434 | MSE = 907.2541
Iteration 20 of 50 | Duration = 1.474 | MSE = 905.9081
Iteration 21 of 50 | Duration = 1.451 | MSE = 905.2030
Iteration 22 of 50 | Duration = 1.407 | MSE = 904.2517
Iteration 23 of 50 | Duration = 1.409 | MSE = 903.8400

Running polya filter for radius = 2, bins = 64, delta = 80.
Initial MSE: 3988.0238
Iteration 1 of 50 | Duration = 1.558 | MSE = 3978.5137
Iteration 2 of 50 | Duration = 1.404 | MSE = 2475.2458
Iteration 3 of 50 | Duration = 1.450 | MSE = 1653.4759
Iteration 4 of 50 | Duration = 1.524 | MSE = 1078.0691
Iteration 5 of 50 | Duration = 1.453 | MSE = 975.5413
Iteration 6 of 50 | Duration = 1.438 | MSE = 944.8740
Iteration 7 of 50 | Duration = 1.454 | MSE = 936.8748
Iteration 8 of 50 | Duration = 1.461 | MSE = 931.3099
Iteration 9 of 50 | Duration = 1.439 | MSE = 927.8410
Iteration 10 of 50 | Duration = 1.464 | MSE = 922.7731
Iteration 11 of 50 | Duration = 1.410 | MSE = 920.6560
Iteration 12 of 50 | Duration = 1.451 | MSE = 916.4083
Iteration 13 of 50 | Duration = 1.402 | MSE = 914.3880
Iteration 14 of 50 | Duration = 1.424 | MSE = 912.1291
Iteration 15 of 50 | Duration = 1.614 | MSE = 910.6909
Iteration 16 of 50 | Duration = 1.417 | MSE = 909.2948
Iteration 17 of 50 | Duration = 1.404 | MSE = 908.1941
Iteration 18 of 50 | Duration = 1.444 | MSE = 905.9926
Iteration 19 of 50 | Duration = 1.397 | MSE = 905.5157

Running polya filter for radius = 2, bins = 64, delta = 100.
Initial MSE: 3988.0238
Iteration 1 of 50 | Duration = 2.416 | MSE = 1765.3611
Iteration 2 of 50 | Duration = 1.819 | MSE = 1004.4022
Iteration 3 of 50 | Duration = 1.566 | MSE = 949.0527
Iteration 4 of 50 | Duration = 1.502 | MSE = 933.9282
Iteration 5 of 50 | Duration = 1.505 | MSE = 923.0289
Iteration 6 of 50 | Duration = 1.517 | MSE = 916.1289
Iteration 7 of 50 | Duration = 1.443 | MSE = 910.6585
Iteration 8 of 50 | Duration = 1.449 | MSE = 907.6666
Iteration 9 of 50 | Duration = 1.420 | MSE = 904.0904
Iteration 10 of 50 | Duration = 1.423 | MSE = 900.4427
Iteration 11 of 50 | Duration = 1.488 | MSE = 897.0040
Iteration 12 of 50 | Duration = 1.448 | MSE = 895.3174
Iteration 13 of 50 | Duration = 1.428 | MSE = 894.0878
Iteration 14 of 50 | Duration = 1.457 | MSE = 892.5047
Iteration 15 of 50 | Duration = 1.406 | MSE = 890.5134
Iteration 16 of 50 | Duration = 1.410 | MSE = 888.6665
Iteration 17 of 50 | Duration = 1.464 | MSE = 886.8071
Iteration 18 of 50 | Duration = 1.466 | MSE = 884.6329
Iteration 19 of 50 | Duration = 1.444 | MSE = 883.5177
Iteration 20 of 50 | Duration = 1.469 | MSE = 882.9016
Iteration 21 of 50 | Duration = 1.396 | MSE = 880.9653
Iteration 22 of 50 | Duration = 1.465 | MSE = 879.8966
Iteration 23 of 50 | Duration = 1.430 | MSE = 879.3223
Iteration 24 of 50 | Duration = 1.427 | MSE = 878.8283
New optimal MSE: 878.8283

Running polya filter for radius = 2, bins = 64, delta = 120.
Initial MSE: 3988.0238
Iteration 1 of 50 | Duration = 1.640 | MSE = 1045.2368
Iteration 2 of 50 | Duration = 1.880 | MSE = 986.7832
Iteration 3 of 50 | Duration = 1.508 | MSE = 951.8289
Iteration 4 of 50 | Duration = 1.479 | MSE = 939.9442
Iteration 5 of 50 | Duration = 1.528 | MSE = 930.1803
Iteration 6 of 50 | Duration = 1.508 | MSE = 926.7411
Iteration 7 of 50 | Duration = 1.451 | MSE = 920.7642
Iteration 8 of 50 | Duration = 1.427 | MSE = 918.5418
Iteration 9 of 50 | Duration = 1.481 | MSE = 914.5305
Iteration 10 of 50 | Duration = 1.465 | MSE = 911.6450
Iteration 11 of 50 | Duration = 1.442 | MSE = 908.3172
Iteration 12 of 50 | Duration = 1.451 | MSE = 907.1790
Iteration 13 of 50 | Duration = 1.457 | MSE = 905.7288
Iteration 14 of 50 | Duration = 1.476 | MSE = 905.0807
Iteration 15 of 50 | Duration = 1.449 | MSE = 902.8488
Iteration 16 of 50 | Duration = 1.430 | MSE = 901.5635
Iteration 17 of 50 | Duration = 1.489 | MSE = 899.4941
Iteration 18 of 50 | Duration = 1.432 | MSE = 897.4613
Iteration 19 of 50 | Duration = 1.425 | MSE = 897.0928

Running polya filter for radius = 2, bins = 64, delta = 140.
Initial MSE: 3988.0238
Iteration 1 of 50 | Duration = 1.571 | MSE = 1045.2368
Iteration 2 of 50 | Duration = 1.877 | MSE = 986.7812
Iteration 3 of 50 | Duration = 1.492 | MSE = 952.2604
Iteration 4 of 50 | Duration = 1.502 | MSE = 940.2467
Iteration 5 of 50 | Duration = 1.507 | MSE = 930.3372
Iteration 6 of 50 | Duration = 1.503 | MSE = 927.1843
Iteration 7 of 50 | Duration = 1.429 | MSE = 921.3616
Iteration 8 of 50 | Duration = 1.482 | MSE = 918.9086
Iteration 9 of 50 | Duration = 1.446 | MSE = 914.9416
Iteration 10 of 50 | Duration = 1.458 | MSE = 911.7387
Iteration 11 of 50 | Duration = 1.444 | MSE = 908.8274
Iteration 12 of 50 | Duration = 1.449 | MSE = 908.0589
Iteration 13 of 50 | Duration = 1.485 | MSE = 906.6715
Iteration 14 of 50 | Duration = 1.468 | MSE = 905.9160
Iteration 15 of 50 | Duration = 1.458 | MSE = 903.1876
Iteration 16 of 50 | Duration = 1.465 | MSE = 901.9672
Iteration 17 of 50 | Duration = 1.411 | MSE = 899.3456
Iteration 18 of 50 | Duration = 1.418 | MSE = 897.5620
Iteration 19 of 50 | Duration = 1.470 | MSE = 896.2639
Iteration 20 of 50 | Duration = 1.436 | MSE = 895.4083
Iteration 21 of 50 | Duration = 1.452 | MSE = 893.9927
Iteration 22 of 50 | Duration = 1.462 | MSE = 893.4654
Iteration 23 of 50 | Duration = 1.486 | MSE = 892.8218
Iteration 24 of 50 | Duration = 1.465 | MSE = 892.4587

Running polya filter for radius = 2, bins = 64, delta = 160.
Initial MSE: 3988.0238
Iteration 1 of 50 | Duration = 1.524 | MSE = 1045.2368
Iteration 2 of 50 | Duration = 1.807 | MSE = 986.7772
Iteration 3 of 50 | Duration = 1.551 | MSE = 954.9322
Iteration 4 of 50 | Duration = 1.529 | MSE = 940.4944
Iteration 5 of 50 | Duration = 1.609 | MSE = 931.2412
Iteration 6 of 50 | Duration = 1.534 | MSE = 927.4725
Iteration 7 of 50 | Duration = 1.465 | MSE = 921.9765
Iteration 8 of 50 | Duration = 1.443 | MSE = 920.0045
Iteration 9 of 50 | Duration = 1.503 | MSE = 915.8339
Iteration 10 of 50 | Duration = 1.476 | MSE = 911.6742
Iteration 11 of 50 | Duration = 1.485 | MSE = 909.4580
Iteration 12 of 50 | Duration = 1.433 | MSE = 907.4590
Iteration 13 of 50 | Duration = 1.450 | MSE = 904.9681
Iteration 14 of 50 | Duration = 1.518 | MSE = 903.9914
Iteration 15 of 50 | Duration = 1.471 | MSE = 901.3865
Iteration 16 of 50 | Duration = 1.443 | MSE = 899.2875
Iteration 17 of 50 | Duration = 1.428 | MSE = 898.0059
Iteration 18 of 50 | Duration = 1.458 | MSE = 896.9609
Iteration 19 of 50 | Duration = 1.463 | MSE = 895.0658
Iteration 20 of 50 | Duration = 1.421 | MSE = 893.7529
Iteration 21 of 50 | Duration = 1.449 | MSE = 893.0644
Iteration 22 of 50 | Duration = 1.465 | MSE = 892.2460
Iteration 23 of 50 | Duration = 1.482 | MSE = 892.0114

Running polya filter for radius = 2, bins = 64, delta = 180.
Initial MSE: 3988.0238
Iteration 1 of 50 | Duration = 1.549 | MSE = 1045.2368
Iteration 2 of 50 | Duration = 1.872 | MSE = 986.4462
Iteration 3 of 50 | Duration = 1.503 | MSE = 954.7700
Iteration 4 of 50 | Duration = 1.481 | MSE = 940.5018
Iteration 5 of 50 | Duration = 1.507 | MSE = 931.5395
Iteration 6 of 50 | Duration = 1.516 | MSE = 927.8072
Iteration 7 of 50 | Duration = 1.474 | MSE = 922.0041
Iteration 8 of 50 | Duration = 1.446 | MSE = 920.0202
Iteration 9 of 50 | Duration = 1.474 | MSE = 915.2642
Iteration 10 of 50 | Duration = 1.441 | MSE = 911.2712
Iteration 11 of 50 | Duration = 1.469 | MSE = 909.5989
Iteration 12 of 50 | Duration = 1.437 | MSE = 907.7647
Iteration 13 of 50 | Duration = 1.460 | MSE = 905.6557
Iteration 14 of 50 | Duration = 1.472 | MSE = 904.5707
Iteration 15 of 50 | Duration = 1.469 | MSE = 901.8247
Iteration 16 of 50 | Duration = 1.495 | MSE = 898.5637
Iteration 17 of 50 | Duration = 1.433 | MSE = 897.6998
Iteration 18 of 50 | Duration = 1.463 | MSE = 896.1865
Iteration 19 of 50 | Duration = 1.407 | MSE = 895.4336
Iteration 20 of 50 | Duration = 1.437 | MSE = 894.2591
Iteration 21 of 50 | Duration = 1.409 | MSE = 893.6646
Iteration 22 of 50 | Duration = 1.463 | MSE = 892.8890
Iteration 23 of 50 | Duration = 1.417 | MSE = 892.3276
Iteration 24 of 50 | Duration = 1.455 | MSE = 891.6073
Iteration 25 of 50 | Duration = 1.431 | MSE = 888.5274
Iteration 26 of 50 | Duration = 1.473 | MSE = 887.3326
Iteration 27 of 50 | Duration = 1.470 | MSE = 886.0654
Iteration 28 of 50 | Duration = 1.473 | MSE = 885.7903

Running polya filter for radius = 2, bins = 64, delta = 200.
Initial MSE: 3988.0238
Iteration 1 of 50 | Duration = 1.542 | MSE = 1045.2368
Iteration 2 of 50 | Duration = 1.826 | MSE = 986.4449
Iteration 3 of 50 | Duration = 1.602 | MSE = 954.7799
Iteration 4 of 50 | Duration = 1.497 | MSE = 940.5160
Iteration 5 of 50 | Duration = 1.508 | MSE = 931.6495
Iteration 6 of 50 | Duration = 1.489 | MSE = 927.9319
Iteration 7 of 50 | Duration = 1.437 | MSE = 922.0062
Iteration 8 of 50 | Duration = 1.428 | MSE = 920.0173
Iteration 9 of 50 | Duration = 1.461 | MSE = 915.2637
Iteration 10 of 50 | Duration = 1.446 | MSE = 911.2746
Iteration 11 of 50 | Duration = 1.484 | MSE = 909.6090
Iteration 12 of 50 | Duration = 1.465 | MSE = 907.7852
Iteration 13 of 50 | Duration = 1.412 | MSE = 905.6828
Iteration 14 of 50 | Duration = 1.452 | MSE = 904.6056
Iteration 15 of 50 | Duration = 1.458 | MSE = 901.8419
Iteration 16 of 50 | Duration = 1.466 | MSE = 898.5697
Iteration 17 of 50 | Duration = 1.451 | MSE = 897.7061
Iteration 18 of 50 | Duration = 1.446 | MSE = 896.1991
Iteration 19 of 50 | Duration = 1.424 | MSE = 895.4415
Iteration 20 of 50 | Duration = 1.423 | MSE = 894.2683
Iteration 21 of 50 | Duration = 1.455 | MSE = 893.6661
Iteration 22 of 50 | Duration = 1.417 | MSE = 892.9002
Iteration 23 of 50 | Duration = 1.431 | MSE = 892.3298
Iteration 24 of 50 | Duration = 1.446 | MSE = 891.6066
Iteration 25 of 50 | Duration = 1.476 | MSE = 888.5514
Iteration 26 of 50 | Duration = 1.409 | MSE = 887.3587
Iteration 27 of 50 | Duration = 1.403 | MSE = 886.0935
Iteration 28 of 50 | Duration = 1.448 | MSE = 885.8035

Running polya filter for radius = 2, bins = 128, delta = 20.
Initial MSE: 3988.0238
Iteration 1 of 50 | Duration = 3.077 | MSE = 3984.1955
Iteration 2 of 50 | Duration = 3.254 | MSE = 3984.1955
Iteration 3 of 50 | Duration = 3.363 | MSE = 3984.1955

Running polya filter for radius = 2, bins = 128, delta = 40.
Initial MSE: 3988.0238
Iteration 1 of 50 | Duration = 3.107 | MSE = 3984.1955
Iteration 2 of 50 | Duration = 3.319 | MSE = 3984.1955
Iteration 3 of 50 | Duration = 3.320 | MSE = 2796.4600
Iteration 4 of 50 | Duration = 3.509 | MSE = 2084.8488
Iteration 5 of 50 | Duration = 3.634 | MSE = 1655.7648
Iteration 6 of 50 | Duration = 3.651 | MSE = 1237.0300
Iteration 7 of 50 | Duration = 3.589 | MSE = 1083.3031
Iteration 8 of 50 | Duration = 3.663 | MSE = 996.3681
Iteration 9 of 50 | Duration = 3.640 | MSE = 960.8798
Iteration 10 of 50 | Duration = 3.648 | MSE = 945.0136
Iteration 11 of 50 | Duration = 3.606 | MSE = 935.9502
Iteration 12 of 50 | Duration = 3.703 | MSE = 930.8794
Iteration 13 of 50 | Duration = 3.663 | MSE = 928.1298
Iteration 14 of 50 | Duration = 3.654 | MSE = 925.7299
Iteration 15 of 50 | Duration = 3.617 | MSE = 923.4710
Iteration 16 of 50 | Duration = 3.666 | MSE = 921.8573
Iteration 17 of 50 | Duration = 3.696 | MSE = 919.8343
Iteration 18 of 50 | Duration = 3.698 | MSE = 918.5560
Iteration 19 of 50 | Duration = 3.730 | MSE = 916.6833
Iteration 20 of 50 | Duration = 3.667 | MSE = 914.5583
Iteration 21 of 50 | Duration = 3.709 | MSE = 913.4308
Iteration 22 of 50 | Duration = 3.685 | MSE = 911.6919
Iteration 23 of 50 | Duration = 3.713 | MSE = 910.1274
Iteration 24 of 50 | Duration = 3.679 | MSE = 909.2360
Iteration 25 of 50 | Duration = 3.732 | MSE = 908.8751

Running polya filter for radius = 2, bins = 128, delta = 60.
Initial MSE: 3988.0238
Iteration 1 of 50 | Duration = 3.101 | MSE = 3984.1955
Iteration 2 of 50 | Duration = 3.394 | MSE = 2589.5231
Iteration 3 of 50 | Duration = 3.395 | MSE = 1736.4942
Iteration 4 of 50 | Duration = 3.545 | MSE = 1167.0859
Iteration 5 of 50 | Duration = 3.689 | MSE = 997.9472
Iteration 6 of 50 | Duration = 3.700 | MSE = 953.7157
Iteration 7 of 50 | Duration = 3.694 | MSE = 942.6521
Iteration 8 of 50 | Duration = 3.672 | MSE = 936.4142
Iteration 9 of 50 | Duration = 3.655 | MSE = 932.6294
Iteration 10 of 50 | Duration = 3.710 | MSE = 928.8281
Iteration 11 of 50 | Duration = 3.661 | MSE = 927.2433
Iteration 12 of 50 | Duration = 3.647 | MSE = 924.2625
Iteration 13 of 50 | Duration = 3.697 | MSE = 921.4353
Iteration 14 of 50 | Duration = 3.765 | MSE = 918.6413
Iteration 15 of 50 | Duration = 3.726 | MSE = 916.3022
Iteration 16 of 50 | Duration = 3.753 | MSE = 913.9117
Iteration 17 of 50 | Duration = 3.745 | MSE = 912.9848
Iteration 18 of 50 | Duration = 3.767 | MSE = 910.4830
Iteration 19 of 50 | Duration = 3.758 | MSE = 909.2145
Iteration 20 of 50 | Duration = 3.748 | MSE = 907.9734
Iteration 21 of 50 | Duration = 3.778 | MSE = 907.1952
Iteration 22 of 50 | Duration = 3.776 | MSE = 905.9205
Iteration 23 of 50 | Duration = 3.746 | MSE = 905.1928
Iteration 24 of 50 | Duration = 3.770 | MSE = 903.4193
Iteration 25 of 50 | Duration = 3.780 | MSE = 901.9182
Iteration 26 of 50 | Duration = 3.795 | MSE = 900.1261
Iteration 27 of 50 | Duration = 3.743 | MSE = 899.6469

Running polya filter for radius = 2, bins = 128, delta = 80.
Initial MSE: 3988.0238
Iteration 1 of 50 | Duration = 3.164 | MSE = 3984.1955
Iteration 2 of 50 | Duration = 3.290 | MSE = 2591.3498
Iteration 3 of 50 | Duration = 3.477 | MSE = 1825.5267
Iteration 4 of 50 | Duration = 3.913 | MSE = 1151.2096
Iteration 5 of 50 | Duration = 3.435 | MSE = 1004.7701
Iteration 6 of 50 | Duration = 3.702 | MSE = 953.7771
Iteration 7 of 50 | Duration = 3.743 | MSE = 940.9630
Iteration 8 of 50 | Duration = 3.779 | MSE = 934.7377
Iteration 9 of 50 | Duration = 3.726 | MSE = 931.0348
Iteration 10 of 50 | Duration = 3.717 | MSE = 926.4469
Iteration 11 of 50 | Duration = 3.734 | MSE = 924.0317
Iteration 12 of 50 | Duration = 3.742 | MSE = 920.2124
Iteration 13 of 50 | Duration = 3.734 | MSE = 917.8370
Iteration 14 of 50 | Duration = 3.762 | MSE = 915.2633
Iteration 15 of 50 | Duration = 3.828 | MSE = 913.6533
Iteration 16 of 50 | Duration = 3.726 | MSE = 911.7930
Iteration 17 of 50 | Duration = 3.731 | MSE = 910.3753
Iteration 18 of 50 | Duration = 3.742 | MSE = 908.1496
Iteration 19 of 50 | Duration = 3.765 | MSE = 907.5279
Iteration 20 of 50 | Duration = 3.714 | MSE = 906.2143
Iteration 21 of 50 | Duration = 3.731 | MSE = 905.3372
Iteration 22 of 50 | Duration = 3.769 | MSE = 903.4058
Iteration 23 of 50 | Duration = 3.769 | MSE = 901.3093
Iteration 24 of 50 | Duration = 3.738 | MSE = 899.8748
Iteration 25 of 50 | Duration = 3.726 | MSE = 898.9966
Iteration 26 of 50 | Duration = 3.750 | MSE = 897.7845
Iteration 27 of 50 | Duration = 3.873 | MSE = 896.4898
Iteration 28 of 50 | Duration = 3.765 | MSE = 895.2790
Iteration 29 of 50 | Duration = 3.767 | MSE = 894.9242

Running polya filter for radius = 2, bins = 128, delta = 100.
Initial MSE: 3988.0238
Iteration 1 of 50 | Duration = 4.367 | MSE = 1789.5323
Iteration 2 of 50 | Duration = 4.058 | MSE = 1006.3754
Iteration 3 of 50 | Duration = 3.728 | MSE = 952.1811
Iteration 4 of 50 | Duration = 3.782 | MSE = 937.6749
Iteration 5 of 50 | Duration = 3.742 | MSE = 926.2980
Iteration 6 of 50 | Duration = 3.748 | MSE = 918.9413
Iteration 7 of 50 | Duration = 3.768 | MSE = 913.4679
Iteration 8 of 50 | Duration = 3.822 | MSE = 910.3035
Iteration 9 of 50 | Duration = 3.657 | MSE = 906.9234
Iteration 10 of 50 | Duration = 3.726 | MSE = 903.4380
Iteration 11 of 50 | Duration = 3.745 | MSE = 899.3657
Iteration 12 of 50 | Duration = 3.763 | MSE = 897.4821
Iteration 13 of 50 | Duration = 3.729 | MSE = 896.2274
Iteration 14 of 50 | Duration = 3.772 | MSE = 894.4173
Iteration 15 of 50 | Duration = 3.812 | MSE = 892.2996
Iteration 16 of 50 | Duration = 3.746 | MSE = 890.5228
Iteration 17 of 50 | Duration = 3.792 | MSE = 888.7217
Iteration 18 of 50 | Duration = 3.778 | MSE = 886.8917
Iteration 19 of 50 | Duration = 3.780 | MSE = 885.6043
Iteration 20 of 50 | Duration = 3.757 | MSE = 884.7342
Iteration 21 of 50 | Duration = 3.740 | MSE = 882.8444
Iteration 22 of 50 | Duration = 3.772 | MSE = 881.8371
Iteration 23 of 50 | Duration = 3.746 | MSE = 881.1863
Iteration 24 of 50 | Duration = 3.798 | MSE = 880.5850
Iteration 25 of 50 | Duration = 3.905 | MSE = 879.7515
Iteration 26 of 50 | Duration = 3.785 | MSE = 879.4506

Running polya filter for radius = 2, bins = 128, delta = 120.
Initial MSE: 3988.0238
Iteration 1 of 50 | Duration = 3.151 | MSE = 1047.6642
Iteration 2 of 50 | Duration = 4.118 | MSE = 991.0365
Iteration 3 of 50 | Duration = 3.746 | MSE = 954.4338
Iteration 4 of 50 | Duration = 3.695 | MSE = 942.8539
Iteration 5 of 50 | Duration = 3.732 | MSE = 933.6030
Iteration 6 of 50 | Duration = 3.764 | MSE = 929.4048
Iteration 7 of 50 | Duration = 3.784 | MSE = 923.1178
Iteration 8 of 50 | Duration = 3.739 | MSE = 921.0523
Iteration 9 of 50 | Duration = 3.828 | MSE = 917.2671
Iteration 10 of 50 | Duration = 3.742 | MSE = 914.6104
Iteration 11 of 50 | Duration = 3.777 | MSE = 910.4363
Iteration 12 of 50 | Duration = 3.704 | MSE = 909.0170
Iteration 13 of 50 | Duration = 3.780 | MSE = 907.6581
Iteration 14 of 50 | Duration = 3.737 | MSE = 906.6285
Iteration 15 of 50 | Duration = 3.792 | MSE = 904.6287
Iteration 16 of 50 | Duration = 3.716 | MSE = 903.4041
Iteration 17 of 50 | Duration = 3.767 | MSE = 901.1788
Iteration 18 of 50 | Duration = 3.592 | MSE = 899.7197
Iteration 19 of 50 | Duration = 3.501 | MSE = 898.8831
Iteration 20 of 50 | Duration = 3.758 | MSE = 897.7644
Iteration 21 of 50 | Duration = 3.782 | MSE = 894.8637
Iteration 22 of 50 | Duration = 3.779 | MSE = 894.3152
Iteration 23 of 50 | Duration = 3.819 | MSE = 893.6537
Iteration 24 of 50 | Duration = 3.780 | MSE = 893.5628

Running polya filter for radius = 2, bins = 128, delta = 140.
Initial MSE: 3988.0238
Iteration 1 of 50 | Duration = 3.182 | MSE = 1047.6642
Iteration 2 of 50 | Duration = 4.138 | MSE = 991.0342
Iteration 3 of 50 | Duration = 3.709 | MSE = 955.0065
Iteration 4 of 50 | Duration = 3.689 | MSE = 943.3546
Iteration 5 of 50 | Duration = 3.789 | MSE = 933.8187
Iteration 6 of 50 | Duration = 3.737 | MSE = 929.9819
Iteration 7 of 50 | Duration = 3.796 | MSE = 923.8666
Iteration 8 of 50 | Duration = 3.721 | MSE = 921.3738
Iteration 9 of 50 | Duration = 3.751 | MSE = 917.9882
Iteration 10 of 50 | Duration = 3.691 | MSE = 914.7239
Iteration 11 of 50 | Duration = 3.773 | MSE = 911.0493
Iteration 12 of 50 | Duration = 3.709 | MSE = 910.2388
Iteration 13 of 50 | Duration = 3.735 | MSE = 908.6995
Iteration 14 of 50 | Duration = 3.752 | MSE = 907.5402
Iteration 15 of 50 | Duration = 3.751 | MSE = 905.1148
Iteration 16 of 50 | Duration = 3.757 | MSE = 903.6835
Iteration 17 of 50 | Duration = 3.767 | MSE = 901.2178
Iteration 18 of 50 | Duration = 3.732 | MSE = 899.6227
Iteration 19 of 50 | Duration = 3.802 | MSE = 898.1808
Iteration 20 of 50 | Duration = 3.724 | MSE = 897.0379
Iteration 21 of 50 | Duration = 3.748 | MSE = 895.3236
Iteration 22 of 50 | Duration = 3.733 | MSE = 894.8675

Running polya filter for radius = 2, bins = 128, delta = 160.
Initial MSE: 3988.0238
Iteration 1 of 50 | Duration = 3.203 | MSE = 1047.6642
Iteration 2 of 50 | Duration = 4.150 | MSE = 991.0314
Iteration 3 of 50 | Duration = 3.740 | MSE = 957.6613
Iteration 4 of 50 | Duration = 3.667 | MSE = 943.4951
Iteration 5 of 50 | Duration = 3.740 | MSE = 934.2573
Iteration 6 of 50 | Duration = 3.760 | MSE = 930.4599
Iteration 7 of 50 | Duration = 3.853 | MSE = 924.7165
Iteration 8 of 50 | Duration = 3.723 | MSE = 922.7783
Iteration 9 of 50 | Duration = 3.747 | MSE = 918.7001
Iteration 10 of 50 | Duration = 3.728 | MSE = 914.1978
Iteration 11 of 50 | Duration = 3.747 | MSE = 911.5453
Iteration 12 of 50 | Duration = 3.727 | MSE = 909.4981
Iteration 13 of 50 | Duration = 3.786 | MSE = 907.1448
Iteration 14 of 50 | Duration = 3.763 | MSE = 906.1529
Iteration 15 of 50 | Duration = 3.748 | MSE = 903.9783
Iteration 16 of 50 | Duration = 3.761 | MSE = 901.9464
Iteration 17 of 50 | Duration = 3.558 | MSE = 899.9723
Iteration 18 of 50 | Duration = 3.751 | MSE = 898.7912
Iteration 19 of 50 | Duration = 3.733 | MSE = 896.6620
Iteration 20 of 50 | Duration = 3.759 | MSE = 895.3619
Iteration 21 of 50 | Duration = 3.779 | MSE = 894.6540
Iteration 22 of 50 | Duration = 3.741 | MSE = 893.9324
Iteration 23 of 50 | Duration = 3.791 | MSE = 893.8092

Running polya filter for radius = 2, bins = 128, delta = 180.
Initial MSE: 3988.0238
Iteration 1 of 50 | Duration = 3.168 | MSE = 1047.6642
Iteration 2 of 50 | Duration = 4.233 | MSE = 990.6791
Iteration 3 of 50 | Duration = 3.716 | MSE = 957.3058
Iteration 4 of 50 | Duration = 3.675 | MSE = 943.2966
Iteration 5 of 50 | Duration = 3.703 | MSE = 934.5702
Iteration 6 of 50 | Duration = 3.730 | MSE = 930.4783
Iteration 7 of 50 | Duration = 3.576 | MSE = 924.9509
Iteration 8 of 50 | Duration = 3.820 | MSE = 922.4213
Iteration 9 of 50 | Duration = 3.764 | MSE = 917.5956
Iteration 10 of 50 | Duration = 3.736 | MSE = 913.2580
Iteration 11 of 50 | Duration = 3.764 | MSE = 911.4568
Iteration 12 of 50 | Duration = 3.733 | MSE = 909.5364
Iteration 13 of 50 | Duration = 3.632 | MSE = 907.7784
Iteration 14 of 50 | Duration = 3.746 | MSE = 906.6430
Iteration 15 of 50 | Duration = 3.670 | MSE = 904.2776
Iteration 16 of 50 | Duration = 3.685 | MSE = 901.1393
Iteration 17 of 50 | Duration = 3.657 | MSE = 899.8841
Iteration 18 of 50 | Duration = 3.711 | MSE = 897.9576
Iteration 19 of 50 | Duration = 3.684 | MSE = 896.9994
Iteration 20 of 50 | Duration = 3.619 | MSE = 895.9768
Iteration 21 of 50 | Duration = 3.635 | MSE = 895.3969
Iteration 22 of 50 | Duration = 3.714 | MSE = 894.8004
Iteration 23 of 50 | Duration = 3.687 | MSE = 893.9400
Iteration 24 of 50 | Duration = 3.648 | MSE = 893.2245
Iteration 25 of 50 | Duration = 3.689 | MSE = 890.7048
Iteration 26 of 50 | Duration = 3.663 | MSE = 889.7455
Iteration 27 of 50 | Duration = 3.694 | MSE = 888.5323
Iteration 28 of 50 | Duration = 3.658 | MSE = 888.3455

Running polya filter for radius = 2, bins = 128, delta = 200.
Initial MSE: 3988.0238
Iteration 1 of 50 | Duration = 3.095 | MSE = 1047.6642
Iteration 2 of 50 | Duration = 4.081 | MSE = 990.6804
Iteration 3 of 50 | Duration = 3.610 | MSE = 957.3142
Iteration 4 of 50 | Duration = 3.668 | MSE = 943.3188
Iteration 5 of 50 | Duration = 3.624 | MSE = 934.6768
Iteration 6 of 50 | Duration = 3.652 | MSE = 930.5861
Iteration 7 of 50 | Duration = 3.615 | MSE = 924.9537
Iteration 8 of 50 | Duration = 3.517 | MSE = 922.4143
Iteration 9 of 50 | Duration = 3.667 | MSE = 917.5893
Iteration 10 of 50 | Duration = 3.685 | MSE = 913.2654
Iteration 11 of 50 | Duration = 3.633 | MSE = 911.4601
Iteration 12 of 50 | Duration = 3.412 | MSE = 909.5587
Iteration 13 of 50 | Duration = 3.627 | MSE = 907.8105
Iteration 14 of 50 | Duration = 3.653 | MSE = 906.6751
Iteration 15 of 50 | Duration = 3.672 | MSE = 904.2986
Iteration 16 of 50 | Duration = 3.721 | MSE = 901.1497
Iteration 17 of 50 | Duration = 3.639 | MSE = 899.8997
Iteration 18 of 50 | Duration = 3.649 | MSE = 897.9737
Iteration 19 of 50 | Duration = 3.712 | MSE = 897.0085
Iteration 20 of 50 | Duration = 3.652 | MSE = 895.9876
Iteration 21 of 50 | Duration = 3.671 | MSE = 895.3993
Iteration 22 of 50 | Duration = 3.655 | MSE = 894.8061
Iteration 23 of 50 | Duration = 3.730 | MSE = 893.9518
Iteration 24 of 50 | Duration = 3.660 | MSE = 893.2354
Iteration 25 of 50 | Duration = 3.643 | MSE = 890.7196
Iteration 26 of 50 | Duration = 3.620 | MSE = 889.7665
Iteration 27 of 50 | Duration = 3.670 | MSE = 888.5611
Iteration 28 of 50 | Duration = 3.657 | MSE = 888.3735

Running polya filter for radius = 2, bins = 256, delta = 20.
Initial MSE: 3988.0238
Iteration 1 of 50 | Duration = 5.365 | MSE = 3983.6639
Iteration 2 of 50 | Duration = 5.647 | MSE = 3983.6639
Iteration 3 of 50 | Duration = 5.803 | MSE = 3983.6639

Running polya filter for radius = 2, bins = 256, delta = 40.
Initial MSE: 3988.0238
Iteration 1 of 50 | Duration = 5.461 | MSE = 3983.6639
Iteration 2 of 50 | Duration = 5.721 | MSE = 3983.6639
Iteration 3 of 50 | Duration = 5.931 | MSE = 2859.3468
Iteration 4 of 50 | Duration = 6.054 | MSE = 2177.1608
Iteration 5 of 50 | Duration = 6.126 | MSE = 1751.3508
Iteration 6 of 50 | Duration = 6.204 | MSE = 1301.8059
Iteration 7 of 50 | Duration = 6.209 | MSE = 1129.5925
Iteration 8 of 50 | Duration = 6.130 | MSE = 1023.2972
Iteration 9 of 50 | Duration = 6.176 | MSE = 978.7213
Iteration 10 of 50 | Duration = 6.336 | MSE = 953.9879
Iteration 11 of 50 | Duration = 6.358 | MSE = 941.4394
Iteration 12 of 50 | Duration = 6.357 | MSE = 933.7503
Iteration 13 of 50 | Duration = 6.459 | MSE = 930.4678
Iteration 14 of 50 | Duration = 6.435 | MSE = 927.9152
Iteration 15 of 50 | Duration = 6.433 | MSE = 925.9850
Iteration 16 of 50 | Duration = 6.533 | MSE = 924.5383
Iteration 17 of 50 | Duration = 6.430 | MSE = 922.8213
Iteration 18 of 50 | Duration = 6.620 | MSE = 921.2409
Iteration 19 of 50 | Duration = 6.515 | MSE = 919.1014
Iteration 20 of 50 | Duration = 6.433 | MSE = 917.0962
Iteration 21 of 50 | Duration = 6.476 | MSE = 915.6257
Iteration 22 of 50 | Duration = 6.474 | MSE = 913.8853
Iteration 23 of 50 | Duration = 6.518 | MSE = 912.2306
Iteration 24 of 50 | Duration = 6.452 | MSE = 911.4278
Iteration 25 of 50 | Duration = 6.476 | MSE = 910.9374

Running polya filter for radius = 2, bins = 256, delta = 60.
Initial MSE: 3988.0238
Iteration 1 of 50 | Duration = 5.376 | MSE = 3983.6639
Iteration 2 of 50 | Duration = 5.696 | MSE = 2653.1804
Iteration 3 of 50 | Duration = 6.009 | MSE = 1830.6260
Iteration 4 of 50 | Duration = 6.182 | MSE = 1218.0952
Iteration 5 of 50 | Duration = 6.214 | MSE = 1020.3020
Iteration 6 of 50 | Duration = 6.240 | MSE = 963.0114
Iteration 7 of 50 | Duration = 6.166 | MSE = 946.6495
Iteration 8 of 50 | Duration = 6.366 | MSE = 939.8359
Iteration 9 of 50 | Duration = 6.328 | MSE = 935.0413
Iteration 10 of 50 | Duration = 6.349 | MSE = 931.1886
Iteration 11 of 50 | Duration = 6.328 | MSE = 929.4110
Iteration 12 of 50 | Duration = 6.410 | MSE = 926.7651
Iteration 13 of 50 | Duration = 6.438 | MSE = 924.0159
Iteration 14 of 50 | Duration = 6.543 | MSE = 921.0941
Iteration 15 of 50 | Duration = 6.419 | MSE = 918.6311
Iteration 16 of 50 | Duration = 6.504 | MSE = 916.2121
Iteration 17 of 50 | Duration = 6.281 | MSE = 914.9919
Iteration 18 of 50 | Duration = 6.618 | MSE = 912.7278
Iteration 19 of 50 | Duration = 6.462 | MSE = 911.2840
Iteration 20 of 50 | Duration = 6.460 | MSE = 909.8762
Iteration 21 of 50 | Duration = 6.536 | MSE = 909.0366
Iteration 22 of 50 | Duration = 6.488 | MSE = 907.7944
Iteration 23 of 50 | Duration = 6.541 | MSE = 907.1831
Iteration 24 of 50 | Duration = 6.547 | MSE = 905.6462
Iteration 25 of 50 | Duration = 6.548 | MSE = 904.4602
Iteration 26 of 50 | Duration = 6.446 | MSE = 902.7375
Iteration 27 of 50 | Duration = 6.520 | MSE = 902.1547
Iteration 28 of 50 | Duration = 6.506 | MSE = 900.1388
Iteration 29 of 50 | Duration = 6.569 | MSE = 899.7708

Running polya filter for radius = 2, bins = 256, delta = 80.
Initial MSE: 3988.0238
Iteration 1 of 50 | Duration = 5.462 | MSE = 3983.6639
Iteration 2 of 50 | Duration = 5.799 | MSE = 2653.8767
Iteration 3 of 50 | Duration = 6.002 | MSE = 1924.5756
Iteration 4 of 50 | Duration = 6.254 | MSE = 1200.7559
Iteration 5 of 50 | Duration = 6.327 | MSE = 1029.7596
Iteration 6 of 50 | Duration = 6.280 | MSE = 963.3535
Iteration 7 of 50 | Duration = 6.260 | MSE = 945.2443
Iteration 8 of 50 | Duration = 6.419 | MSE = 937.5951
Iteration 9 of 50 | Duration = 6.385 | MSE = 933.0783
Iteration 10 of 50 | Duration = 6.440 | MSE = 928.6326
Iteration 11 of 50 | Duration = 6.399 | MSE = 926.1832
Iteration 12 of 50 | Duration = 6.410 | MSE = 922.3331
Iteration 13 of 50 | Duration = 6.480 | MSE = 919.8293
Iteration 14 of 50 | Duration = 6.430 | MSE = 917.5769
Iteration 15 of 50 | Duration = 6.447 | MSE = 915.9086
Iteration 16 of 50 | Duration = 6.442 | MSE = 914.1202
Iteration 17 of 50 | Duration = 6.488 | MSE = 912.3824
Iteration 18 of 50 | Duration = 6.492 | MSE = 910.1274
Iteration 19 of 50 | Duration = 6.279 | MSE = 909.4705
Iteration 20 of 50 | Duration = 6.465 | MSE = 908.4374
Iteration 21 of 50 | Duration = 6.513 | MSE = 907.6364
Iteration 22 of 50 | Duration = 6.444 | MSE = 905.9749
Iteration 23 of 50 | Duration = 6.569 | MSE = 904.2110
Iteration 24 of 50 | Duration = 6.479 | MSE = 902.9473
Iteration 25 of 50 | Duration = 6.631 | MSE = 901.8491
Iteration 26 of 50 | Duration = 6.496 | MSE = 900.6137
Iteration 27 of 50 | Duration = 6.483 | MSE = 898.7817
Iteration 28 of 50 | Duration = 6.574 | MSE = 897.7400
Iteration 29 of 50 | Duration = 6.556 | MSE = 897.2341
Iteration 30 of 50 | Duration = 6.612 | MSE = 896.3744
Iteration 31 of 50 | Duration = 6.512 | MSE = 896.0579

Running polya filter for radius = 2, bins = 256, delta = 100.
Initial MSE: 3988.0238
Iteration 1 of 50 | Duration = 6.473 | MSE = 1802.6409
Iteration 2 of 50 | Duration = 6.307 | MSE = 1008.3259
Iteration 3 of 50 | Duration = 6.086 | MSE = 954.9800
Iteration 4 of 50 | Duration = 6.258 | MSE = 940.5070
Iteration 5 of 50 | Duration = 6.289 | MSE = 928.6452
Iteration 6 of 50 | Duration = 6.347 | MSE = 921.2135
Iteration 7 of 50 | Duration = 6.121 | MSE = 915.8477
Iteration 8 of 50 | Duration = 6.409 | MSE = 912.3623
Iteration 9 of 50 | Duration = 6.265 | MSE = 909.0192
Iteration 10 of 50 | Duration = 6.374 | MSE = 905.6096
Iteration 11 of 50 | Duration = 6.357 | MSE = 901.4286
Iteration 12 of 50 | Duration = 6.333 | MSE = 899.4890
Iteration 13 of 50 | Duration = 6.336 | MSE = 898.1194
Iteration 14 of 50 | Duration = 6.394 | MSE = 896.4543
Iteration 15 of 50 | Duration = 6.411 | MSE = 894.5299
Iteration 16 of 50 | Duration = 6.427 | MSE = 892.8343
Iteration 17 of 50 | Duration = 6.442 | MSE = 891.1310
Iteration 18 of 50 | Duration = 6.466 | MSE = 889.4172
Iteration 19 of 50 | Duration = 6.422 | MSE = 887.8593
Iteration 20 of 50 | Duration = 6.429 | MSE = 886.8242
Iteration 21 of 50 | Duration = 6.475 | MSE = 884.8488
Iteration 22 of 50 | Duration = 6.431 | MSE = 883.6342
Iteration 23 of 50 | Duration = 6.458 | MSE = 882.8481
Iteration 24 of 50 | Duration = 6.500 | MSE = 882.1919
Iteration 25 of 50 | Duration = 6.502 | MSE = 881.3282
Iteration 26 of 50 | Duration = 6.571 | MSE = 881.0738

Running polya filter for radius = 2, bins = 256, delta = 120.
Initial MSE: 3988.0238
Iteration 1 of 50 | Duration = 5.379 | MSE = 1049.8065
Iteration 2 of 50 | Duration = 6.554 | MSE = 994.4578
Iteration 3 of 50 | Duration = 6.139 | MSE = 957.0986
Iteration 4 of 50 | Duration = 6.236 | MSE = 945.6330
Iteration 5 of 50 | Duration = 6.342 | MSE = 936.1886
Iteration 6 of 50 | Duration = 6.407 | MSE = 931.7993
Iteration 7 of 50 | Duration = 6.290 | MSE = 925.9799
Iteration 8 of 50 | Duration = 6.248 | MSE = 923.4179
Iteration 9 of 50 | Duration = 6.336 | MSE = 919.8690
Iteration 10 of 50 | Duration = 6.397 | MSE = 917.0766
Iteration 11 of 50 | Duration = 6.411 | MSE = 912.8449
Iteration 12 of 50 | Duration = 6.307 | MSE = 911.3414
Iteration 13 of 50 | Duration = 6.477 | MSE = 909.7422
Iteration 14 of 50 | Duration = 6.511 | MSE = 908.8786
Iteration 15 of 50 | Duration = 6.469 | MSE = 907.0294
Iteration 16 of 50 | Duration = 6.628 | MSE = 905.8431
Iteration 17 of 50 | Duration = 6.456 | MSE = 903.8457
Iteration 18 of 50 | Duration = 6.170 | MSE = 902.1541
Iteration 19 of 50 | Duration = 6.571 | MSE = 901.1343
Iteration 20 of 50 | Duration = 6.500 | MSE = 900.0687
Iteration 21 of 50 | Duration = 6.504 | MSE = 897.4014
Iteration 22 of 50 | Duration = 6.485 | MSE = 896.3965
Iteration 23 of 50 | Duration = 6.449 | MSE = 895.5797
Iteration 24 of 50 | Duration = 6.506 | MSE = 895.4176

Running polya filter for radius = 2, bins = 256, delta = 140.
Initial MSE: 3988.0238
Iteration 1 of 50 | Duration = 5.441 | MSE = 1049.8065
Iteration 2 of 50 | Duration = 6.464 | MSE = 994.4567
Iteration 3 of 50 | Duration = 6.167 | MSE = 957.3774
Iteration 4 of 50 | Duration = 6.243 | MSE = 945.9951
Iteration 5 of 50 | Duration = 6.253 | MSE = 936.1466
Iteration 6 of 50 | Duration = 6.250 | MSE = 932.2311
Iteration 7 of 50 | Duration = 6.388 | MSE = 926.4615
Iteration 8 of 50 | Duration = 6.132 | MSE = 923.3017
Iteration 9 of 50 | Duration = 6.380 | MSE = 920.3643
Iteration 10 of 50 | Duration = 6.371 | MSE = 917.1162
Iteration 11 of 50 | Duration = 6.583 | MSE = 913.2084
Iteration 12 of 50 | Duration = 6.474 | MSE = 912.2179
Iteration 13 of 50 | Duration = 6.536 | MSE = 910.7170
Iteration 14 of 50 | Duration = 6.101 | MSE = 909.5762
Iteration 15 of 50 | Duration = 6.516 | MSE = 907.5356
Iteration 16 of 50 | Duration = 6.436 | MSE = 906.3275
Iteration 17 of 50 | Duration = 6.396 | MSE = 903.8840
Iteration 18 of 50 | Duration = 6.497 | MSE = 902.0159
Iteration 19 of 50 | Duration = 6.512 | MSE = 900.6783
Iteration 20 of 50 | Duration = 6.447 | MSE = 899.5735
Iteration 21 of 50 | Duration = 6.518 | MSE = 897.7018
Iteration 22 of 50 | Duration = 6.522 | MSE = 896.9580
Iteration 23 of 50 | Duration = 6.527 | MSE = 896.5455

Running polya filter for radius = 2, bins = 256, delta = 160.
Initial MSE: 3988.0238
Iteration 1 of 50 | Duration = 5.401 | MSE = 1049.8065
Iteration 2 of 50 | Duration = 6.632 | MSE = 994.4540
Iteration 3 of 50 | Duration = 6.200 | MSE = 960.0191
Iteration 4 of 50 | Duration = 6.104 | MSE = 946.1253
Iteration 5 of 50 | Duration = 6.283 | MSE = 936.6723
Iteration 6 of 50 | Duration = 6.253 | MSE = 932.6112
Iteration 7 of 50 | Duration = 6.446 | MSE = 926.7775
Iteration 8 of 50 | Duration = 6.221 | MSE = 924.6301
Iteration 9 of 50 | Duration = 6.371 | MSE = 921.1175
Iteration 10 of 50 | Duration = 6.294 | MSE = 916.5359
Iteration 11 of 50 | Duration = 6.431 | MSE = 913.7204
Iteration 12 of 50 | Duration = 6.369 | MSE = 911.5799
Iteration 13 of 50 | Duration = 6.362 | MSE = 909.3000
Iteration 14 of 50 | Duration = 6.394 | MSE = 908.3581
Iteration 15 of 50 | Duration = 6.362 | MSE = 906.5713
Iteration 16 of 50 | Duration = 6.477 | MSE = 904.3136
Iteration 17 of 50 | Duration = 6.038 | MSE = 902.5777
Iteration 18 of 50 | Duration = 6.438 | MSE = 901.3752
Iteration 19 of 50 | Duration = 6.495 | MSE = 898.9631
Iteration 20 of 50 | Duration = 6.490 | MSE = 897.6654
Iteration 21 of 50 | Duration = 6.644 | MSE = 896.6584
Iteration 22 of 50 | Duration = 6.536 | MSE = 895.7357
Iteration 23 of 50 | Duration = 6.471 | MSE = 895.5592

Running polya filter for radius = 2, bins = 256, delta = 180.
Initial MSE: 3988.0238
Iteration 1 of 50 | Duration = 5.423 | MSE = 1049.8065
Iteration 2 of 50 | Duration = 6.508 | MSE = 994.0990
Iteration 3 of 50 | Duration = 6.182 | MSE = 959.6835
Iteration 4 of 50 | Duration = 6.215 | MSE = 945.9695
Iteration 5 of 50 | Duration = 6.239 | MSE = 936.9899
Iteration 6 of 50 | Duration = 6.294 | MSE = 932.7179
Iteration 7 of 50 | Duration = 6.391 | MSE = 926.9879
Iteration 8 of 50 | Duration = 6.180 | MSE = 924.2700
Iteration 9 of 50 | Duration = 6.410 | MSE = 920.1233
Iteration 10 of 50 | Duration = 6.456 | MSE = 915.6372
Iteration 11 of 50 | Duration = 6.422 | MSE = 913.5110
Iteration 12 of 50 | Duration = 6.262 | MSE = 911.4759
Iteration 13 of 50 | Duration = 6.374 | MSE = 909.8162
Iteration 14 of 50 | Duration = 6.467 | MSE = 908.7179
Iteration 15 of 50 | Duration = 6.450 | MSE = 906.7099
Iteration 16 of 50 | Duration = 6.471 | MSE = 903.5227
Iteration 17 of 50 | Duration = 6.394 | MSE = 902.5745
Iteration 18 of 50 | Duration = 6.458 | MSE = 900.2252
Iteration 19 of 50 | Duration = 6.481 | MSE = 899.2098
Iteration 20 of 50 | Duration = 6.573 | MSE = 898.0338
Iteration 21 of 50 | Duration = 6.619 | MSE = 897.2653
Iteration 22 of 50 | Duration = 6.532 | MSE = 896.6132
Iteration 23 of 50 | Duration = 6.556 | MSE = 895.6262
Iteration 24 of 50 | Duration = 6.539 | MSE = 894.9001
Iteration 25 of 50 | Duration = 6.486 | MSE = 892.7383
Iteration 26 of 50 | Duration = 6.639 | MSE = 892.1530
Iteration 27 of 50 | Duration = 6.421 | MSE = 891.2077
Iteration 28 of 50 | Duration = 6.547 | MSE = 891.0076

Running polya filter for radius = 2, bins = 256, delta = 200.
Initial MSE: 3988.0238
Iteration 1 of 50 | Duration = 5.443 | MSE = 1049.8065
Iteration 2 of 50 | Duration = 6.530 | MSE = 994.1039
Iteration 3 of 50 | Duration = 6.219 | MSE = 959.6890
Iteration 4 of 50 | Duration = 6.198 | MSE = 945.9821
Iteration 5 of 50 | Duration = 6.279 | MSE = 937.1002
Iteration 6 of 50 | Duration = 6.371 | MSE = 932.8309
Iteration 7 of 50 | Duration = 6.347 | MSE = 926.9978
Iteration 8 of 50 | Duration = 6.306 | MSE = 924.2602
Iteration 9 of 50 | Duration = 6.330 | MSE = 920.1185
Iteration 10 of 50 | Duration = 6.342 | MSE = 915.6481
Iteration 11 of 50 | Duration = 6.463 | MSE = 913.5121
Iteration 12 of 50 | Duration = 6.372 | MSE = 911.4860
Iteration 13 of 50 | Duration = 6.428 | MSE = 909.8437
Iteration 14 of 50 | Duration = 6.463 | MSE = 908.7492
Iteration 15 of 50 | Duration = 6.493 | MSE = 906.7334
Iteration 16 of 50 | Duration = 6.441 | MSE = 903.5386
Iteration 17 of 50 | Duration = 6.504 | MSE = 902.5972
Iteration 18 of 50 | Duration = 6.480 | MSE = 900.2519
Iteration 19 of 50 | Duration = 6.424 | MSE = 899.2247
Iteration 20 of 50 | Duration = 6.484 | MSE = 898.0423
Iteration 21 of 50 | Duration = 6.550 | MSE = 897.2731
Iteration 22 of 50 | Duration = 6.510 | MSE = 896.6220
Iteration 23 of 50 | Duration = 6.544 | MSE = 895.6322
Iteration 24 of 50 | Duration = 6.266 | MSE = 894.9099
Iteration 25 of 50 | Duration = 6.535 | MSE = 892.7580
Iteration 26 of 50 | Duration = 6.406 | MSE = 892.1751
Iteration 27 of 50 | Duration = 6.485 | MSE = 891.2325
Iteration 28 of 50 | Duration = 6.425 | MSE = 891.0329

Running polya filter for radius = 3, bins = 32, delta = 20.
Initial MSE: 3988.0238
Iteration 1 of 50 | Duration = 1.068 | MSE = 3979.6285
Iteration 2 of 50 | Duration = 0.860 | MSE = 3979.6285
Iteration 3 of 50 | Duration = 0.743 | MSE = 3979.6285

Running polya filter for radius = 3, bins = 32, delta = 40.
Initial MSE: 3988.0238
Iteration 1 of 50 | Duration = 0.970 | MSE = 3979.6285
Iteration 2 of 50 | Duration = 0.747 | MSE = 3979.6285
Iteration 3 of 50 | Duration = 0.740 | MSE = 2282.1868
Iteration 4 of 50 | Duration = 0.736 | MSE = 1340.6742
Iteration 5 of 50 | Duration = 0.733 | MSE = 866.9434
Iteration 6 of 50 | Duration = 0.787 | MSE = 708.1446
Iteration 7 of 50 | Duration = 0.775 | MSE = 657.3333
Iteration 8 of 50 | Duration = 0.764 | MSE = 640.8535
Iteration 9 of 50 | Duration = 0.789 | MSE = 630.8278
Iteration 10 of 50 | Duration = 0.756 | MSE = 626.6353
Iteration 11 of 50 | Duration = 0.739 | MSE = 625.2438
Iteration 12 of 50 | Duration = 0.745 | MSE = 625.2494
New optimal MSE: 625.2494

Running polya filter for radius = 3, bins = 32, delta = 60.
Initial MSE: 3988.0238
Iteration 1 of 50 | Duration = 1.085 | MSE = 3979.6285
Iteration 2 of 50 | Duration = 0.808 | MSE = 2062.7001
Iteration 3 of 50 | Duration = 0.753 | MSE = 912.8052
Iteration 4 of 50 | Duration = 0.836 | MSE = 673.9744
Iteration 5 of 50 | Duration = 0.773 | MSE = 651.8209
Iteration 6 of 50 | Duration = 0.779 | MSE = 634.7601
Iteration 7 of 50 | Duration = 0.760 | MSE = 629.3315
Iteration 8 of 50 | Duration = 0.791 | MSE = 623.9294
Iteration 9 of 50 | Duration = 0.871 | MSE = 623.2679
Iteration 10 of 50 | Duration = 0.756 | MSE = 623.8461
Iteration 11 of 50 | Duration = 0.751 | MSE = 625.5455
New optimal MSE: 623.8461

Running polya filter for radius = 3, bins = 32, delta = 80.
Initial MSE: 3988.0238
Iteration 1 of 50 | Duration = 1.062 | MSE = 3979.6285
Iteration 2 of 50 | Duration = 0.804 | MSE = 2091.0998
Iteration 3 of 50 | Duration = 0.729 | MSE = 937.4509
Iteration 4 of 50 | Duration = 0.835 | MSE = 677.6888
Iteration 5 of 50 | Duration = 0.768 | MSE = 654.2539
Iteration 6 of 50 | Duration = 0.769 | MSE = 635.8570
Iteration 7 of 50 | Duration = 0.777 | MSE = 631.3679
Iteration 8 of 50 | Duration = 0.771 | MSE = 627.8584
Iteration 9 of 50 | Duration = 0.767 | MSE = 627.6912

Running polya filter for radius = 3, bins = 32, delta = 100.
Initial MSE: 3988.0238
Iteration 1 of 50 | Duration = 1.728 | MSE = 1405.9101
Iteration 2 of 50 | Duration = 1.064 | MSE = 648.6332
Iteration 3 of 50 | Duration = 0.824 | MSE = 634.2471
Iteration 4 of 50 | Duration = 0.833 | MSE = 627.5001
Iteration 5 of 50 | Duration = 0.785 | MSE = 619.3481
Iteration 6 of 50 | Duration = 0.798 | MSE = 615.2299
Iteration 7 of 50 | Duration = 0.771 | MSE = 617.2903
New optimal MSE: 615.2299

Running polya filter for radius = 3, bins = 32, delta = 120.
Initial MSE: 3988.0238
Iteration 1 of 50 | Duration = 1.071 | MSE = 740.5636
Iteration 2 of 50 | Duration = 1.141 | MSE = 673.0439
Iteration 3 of 50 | Duration = 0.780 | MSE = 649.8097
Iteration 4 of 50 | Duration = 0.798 | MSE = 631.5562
Iteration 5 of 50 | Duration = 0.783 | MSE = 627.8270
Iteration 6 of 50 | Duration = 0.775 | MSE = 629.7047

Running polya filter for radius = 3, bins = 32, delta = 140.
Initial MSE: 3988.0238
Iteration 1 of 50 | Duration = 0.976 | MSE = 740.5636
Iteration 2 of 50 | Duration = 1.100 | MSE = 673.1027
Iteration 3 of 50 | Duration = 0.796 | MSE = 648.6321
Iteration 4 of 50 | Duration = 0.793 | MSE = 631.6693
Iteration 5 of 50 | Duration = 0.799 | MSE = 628.4170
Iteration 6 of 50 | Duration = 0.779 | MSE = 630.6796

Running polya filter for radius = 3, bins = 32, delta = 160.
Initial MSE: 3988.0238
Iteration 1 of 50 | Duration = 0.985 | MSE = 740.5636
Iteration 2 of 50 | Duration = 1.074 | MSE = 673.1489
Iteration 3 of 50 | Duration = 0.801 | MSE = 649.0099
Iteration 4 of 50 | Duration = 0.819 | MSE = 631.9959
Iteration 5 of 50 | Duration = 0.795 | MSE = 629.9583
Iteration 6 of 50 | Duration = 0.784 | MSE = 631.9338

Running polya filter for radius = 3, bins = 32, delta = 180.
Initial MSE: 3988.0238
Iteration 1 of 50 | Duration = 0.979 | MSE = 740.5636
Iteration 2 of 50 | Duration = 1.086 | MSE = 672.9371
Iteration 3 of 50 | Duration = 0.785 | MSE = 649.4737
Iteration 4 of 50 | Duration = 0.818 | MSE = 631.2166
Iteration 5 of 50 | Duration = 0.792 | MSE = 630.7465

Running polya filter for radius = 3, bins = 32, delta = 200.
Initial MSE: 3988.0238
Iteration 1 of 50 | Duration = 1.004 | MSE = 740.5636
Iteration 2 of 50 | Duration = 1.080 | MSE = 672.9398
Iteration 3 of 50 | Duration = 0.786 | MSE = 649.5152
Iteration 4 of 50 | Duration = 0.799 | MSE = 631.0804
Iteration 5 of 50 | Duration = 0.774 | MSE = 631.0869

Running polya filter for radius = 3, bins = 64, delta = 20.
Initial MSE: 3988.0238
Iteration 1 of 50 | Duration = 1.712 | MSE = 3978.5137
Iteration 2 of 50 | Duration = 1.688 | MSE = 3978.5137
Iteration 3 of 50 | Duration = 1.548 | MSE = 3978.5137

Running polya filter for radius = 3, bins = 64, delta = 40.
Initial MSE: 3988.0238
Iteration 1 of 50 | Duration = 1.728 | MSE = 3978.5137
Iteration 2 of 50 | Duration = 1.617 | MSE = 3978.5137
Iteration 3 of 50 | Duration = 1.617 | MSE = 2696.2004
Iteration 4 of 50 | Duration = 1.589 | MSE = 1753.6314
Iteration 5 of 50 | Duration = 1.644 | MSE = 1173.8242
Iteration 6 of 50 | Duration = 1.767 | MSE = 865.7248
Iteration 7 of 50 | Duration = 1.596 | MSE = 727.7033
Iteration 8 of 50 | Duration = 1.613 | MSE = 668.6792
Iteration 9 of 50 | Duration = 1.621 | MSE = 641.8362
Iteration 10 of 50 | Duration = 1.608 | MSE = 630.2991
Iteration 11 of 50 | Duration = 1.631 | MSE = 625.9568
Iteration 12 of 50 | Duration = 1.601 | MSE = 623.4122
Iteration 13 of 50 | Duration = 1.591 | MSE = 624.3791

Running polya filter for radius = 3, bins = 64, delta = 60.
Initial MSE: 3988.0238
Iteration 1 of 50 | Duration = 1.714 | MSE = 3978.5137
Iteration 2 of 50 | Duration = 1.618 | MSE = 2470.8990
Iteration 3 of 50 | Duration = 1.541 | MSE = 1247.1577
Iteration 4 of 50 | Duration = 1.649 | MSE = 781.0155
Iteration 5 of 50 | Duration = 1.595 | MSE = 672.6407
Iteration 6 of 50 | Duration = 1.630 | MSE = 641.4264
Iteration 7 of 50 | Duration = 1.610 | MSE = 631.9834
Iteration 8 of 50 | Duration = 1.664 | MSE = 625.1348
Iteration 9 of 50 | Duration = 1.593 | MSE = 622.5162
Iteration 10 of 50 | Duration = 1.607 | MSE = 622.0896

Running polya filter for radius = 3, bins = 64, delta = 80.
Initial MSE: 3988.0238
Iteration 1 of 50 | Duration = 1.730 | MSE = 3978.5137
Iteration 2 of 50 | Duration = 1.605 | MSE = 2489.7138
Iteration 3 of 50 | Duration = 1.538 | MSE = 1290.3750
Iteration 4 of 50 | Duration = 1.641 | MSE = 785.8920
Iteration 5 of 50 | Duration = 1.619 | MSE = 672.9680
Iteration 6 of 50 | Duration = 1.671 | MSE = 643.0715
Iteration 7 of 50 | Duration = 1.676 | MSE = 632.2177
Iteration 8 of 50 | Duration = 1.602 | MSE = 627.8503
Iteration 9 of 50 | Duration = 1.572 | MSE = 625.8792
Iteration 10 of 50 | Duration = 1.590 | MSE = 625.9112

Running polya filter for radius = 3, bins = 64, delta = 100.
Initial MSE: 3988.0238
Iteration 1 of 50 | Duration = 2.526 | MSE = 1442.8719
Iteration 2 of 50 | Duration = 2.018 | MSE = 644.1415
Iteration 3 of 50 | Duration = 1.732 | MSE = 631.7442
Iteration 4 of 50 | Duration = 1.733 | MSE = 630.6991
Iteration 5 of 50 | Duration = 1.712 | MSE = 620.1035
Iteration 6 of 50 | Duration = 1.632 | MSE = 614.0933
Iteration 7 of 50 | Duration = 1.659 | MSE = 615.1107
New optimal MSE: 614.0933

Running polya filter for radius = 3, bins = 64, delta = 120.
Initial MSE: 3988.0238
Iteration 1 of 50 | Duration = 1.800 | MSE = 736.0384
Iteration 2 of 50 | Duration = 2.043 | MSE = 675.6901
Iteration 3 of 50 | Duration = 2.474 | MSE = 651.4903
Iteration 4 of 50 | Duration = 1.656 | MSE = 634.0911
Iteration 5 of 50 | Duration = 2.326 | MSE = 626.3371
Iteration 6 of 50 | Duration = 1.672 | MSE = 627.0934

Running polya filter for radius = 3, bins = 64, delta = 140.
Initial MSE: 3988.0238
Iteration 1 of 50 | Duration = 2.639 | MSE = 736.0384
Iteration 2 of 50 | Duration = 2.056 | MSE = 675.6641
Iteration 3 of 50 | Duration = 2.215 | MSE = 650.9148
Iteration 4 of 50 | Duration = 1.672 | MSE = 633.8771
Iteration 5 of 50 | Duration = 1.666 | MSE = 626.2160
Iteration 6 of 50 | Duration = 1.649 | MSE = 627.7700

Running polya filter for radius = 3, bins = 64, delta = 160.
Initial MSE: 3988.0238
Iteration 1 of 50 | Duration = 1.691 | MSE = 736.0384
Iteration 2 of 50 | Duration = 2.019 | MSE = 675.6954
Iteration 3 of 50 | Duration = 1.723 | MSE = 651.8625
Iteration 4 of 50 | Duration = 1.662 | MSE = 634.4355
Iteration 5 of 50 | Duration = 1.642 | MSE = 627.9284
Iteration 6 of 50 | Duration = 1.659 | MSE = 629.3576

Running polya filter for radius = 3, bins = 64, delta = 180.
Initial MSE: 3988.0238
Iteration 1 of 50 | Duration = 1.712 | MSE = 736.0384
Iteration 2 of 50 | Duration = 2.193 | MSE = 675.4626
Iteration 3 of 50 | Duration = 1.721 | MSE = 651.3346
Iteration 4 of 50 | Duration = 1.663 | MSE = 632.8414
Iteration 5 of 50 | Duration = 1.670 | MSE = 628.2321
Iteration 6 of 50 | Duration = 1.642 | MSE = 630.1348

Running polya filter for radius = 3, bins = 64, delta = 200.
Initial MSE: 3988.0238
Iteration 1 of 50 | Duration = 1.716 | MSE = 736.0384
Iteration 2 of 50 | Duration = 2.029 | MSE = 675.4573
Iteration 3 of 50 | Duration = 1.785 | MSE = 651.3769
Iteration 4 of 50 | Duration = 1.654 | MSE = 632.7115
Iteration 5 of 50 | Duration = 1.700 | MSE = 628.7783
Iteration 6 of 50 | Duration = 1.669 | MSE = 630.4360

Running polya filter for radius = 3, bins = 128, delta = 20.
Initial MSE: 3988.0238
Iteration 1 of 50 | Duration = 3.493 | MSE = 3984.1955
Iteration 2 of 50 | Duration = 3.777 | MSE = 3984.1955
Iteration 3 of 50 | Duration = 3.983 | MSE = 3984.1955

Running polya filter for radius = 3, bins = 128, delta = 40.
Initial MSE: 3988.0238
Iteration 1 of 50 | Duration = 3.694 | MSE = 3984.1955
Iteration 2 of 50 | Duration = 3.796 | MSE = 3984.1955
Iteration 3 of 50 | Duration = 3.973 | MSE = 2936.5726
Iteration 4 of 50 | Duration = 3.890 | MSE = 2089.0033
Iteration 5 of 50 | Duration = 4.222 | MSE = 1488.0510
Iteration 6 of 50 | Duration = 4.265 | MSE = 1079.7450
Iteration 7 of 50 | Duration = 4.301 | MSE = 857.7073
Iteration 8 of 50 | Duration = 4.353 | MSE = 745.6819
Iteration 9 of 50 | Duration = 4.279 | MSE = 677.6994
Iteration 10 of 50 | Duration = 4.347 | MSE = 651.2121
Iteration 11 of 50 | Duration = 4.322 | MSE = 637.8199
Iteration 12 of 50 | Duration = 4.315 | MSE = 631.1754
Iteration 13 of 50 | Duration = 4.410 | MSE = 629.2634
Iteration 14 of 50 | Duration = 4.402 | MSE = 628.8881

Running polya filter for radius = 3, bins = 128, delta = 60.
Initial MSE: 3988.0238
Iteration 1 of 50 | Duration = 3.647 | MSE = 3984.1955
Iteration 2 of 50 | Duration = 3.849 | MSE = 2714.6836
Iteration 3 of 50 | Duration = 4.067 | MSE = 1566.8883
Iteration 4 of 50 | Duration = 4.339 | MSE = 949.7652
Iteration 5 of 50 | Duration = 4.234 | MSE = 730.9320
Iteration 6 of 50 | Duration = 4.275 | MSE = 666.2065
Iteration 7 of 50 | Duration = 4.479 | MSE = 641.9438
Iteration 8 of 50 | Duration = 4.321 | MSE = 631.2427
Iteration 9 of 50 | Duration = 4.286 | MSE = 626.5696
Iteration 10 of 50 | Duration = 4.325 | MSE = 624.9494
Iteration 11 of 50 | Duration = 4.365 | MSE = 625.8156

Running polya filter for radius = 3, bins = 128, delta = 80.
Initial MSE: 3988.0238
Iteration 1 of 50 | Duration = 3.696 | MSE = 3984.1955
Iteration 2 of 50 | Duration = 3.877 | MSE = 2725.2239
Iteration 3 of 50 | Duration = 4.004 | MSE = 1627.3012
Iteration 4 of 50 | Duration = 4.253 | MSE = 954.3202
Iteration 5 of 50 | Duration = 4.272 | MSE = 737.1052
Iteration 6 of 50 | Duration = 4.302 | MSE = 665.9992
Iteration 7 of 50 | Duration = 4.312 | MSE = 642.7260
Iteration 8 of 50 | Duration = 4.434 | MSE = 634.1859
Iteration 9 of 50 | Duration = 4.379 | MSE = 630.3161
Iteration 10 of 50 | Duration = 4.373 | MSE = 629.5032
Iteration 11 of 50 | Duration = 4.313 | MSE = 629.9930

Running polya filter for radius = 3, bins = 128, delta = 100.
Initial MSE: 3988.0238
Iteration 1 of 50 | Duration = 4.866 | MSE = 1467.2516
Iteration 2 of 50 | Duration = 4.679 | MSE = 645.0291
Iteration 3 of 50 | Duration = 4.295 | MSE = 634.8443
Iteration 4 of 50 | Duration = 4.419 | MSE = 636.5423

Running polya filter for radius = 3, bins = 128, delta = 120.
Initial MSE: 3988.0238
Iteration 1 of 50 | Duration = 3.661 | MSE = 737.3983
Iteration 2 of 50 | Duration = 4.658 | MSE = 681.2886
Iteration 3 of 50 | Duration = 4.269 | MSE = 656.7901
Iteration 4 of 50 | Duration = 4.336 | MSE = 640.3760
Iteration 5 of 50 | Duration = 4.307 | MSE = 630.8942
Iteration 6 of 50 | Duration = 4.353 | MSE = 629.3806
Iteration 7 of 50 | Duration = 4.420 | MSE = 626.9509
Iteration 8 of 50 | Duration = 4.325 | MSE = 627.8339

Running polya filter for radius = 3, bins = 128, delta = 140.
Initial MSE: 3988.0238
Iteration 1 of 50 | Duration = 3.624 | MSE = 737.3983
Iteration 2 of 50 | Duration = 4.541 | MSE = 681.2746
Iteration 3 of 50 | Duration = 4.244 | MSE = 655.8896
Iteration 4 of 50 | Duration = 4.302 | MSE = 639.3345
Iteration 5 of 50 | Duration = 4.304 | MSE = 629.8790
Iteration 6 of 50 | Duration = 4.319 | MSE = 629.5984

Running polya filter for radius = 3, bins = 128, delta = 160.
Initial MSE: 3988.0238
Iteration 1 of 50 | Duration = 3.639 | MSE = 737.3983
Iteration 2 of 50 | Duration = 4.736 | MSE = 681.3295
Iteration 3 of 50 | Duration = 4.383 | MSE = 656.9737
Iteration 4 of 50 | Duration = 4.358 | MSE = 640.4550
Iteration 5 of 50 | Duration = 4.312 | MSE = 631.2243
Iteration 6 of 50 | Duration = 4.380 | MSE = 631.0725

Running polya filter for radius = 3, bins = 128, delta = 180.
Initial MSE: 3988.0238
Iteration 1 of 50 | Duration = 3.611 | MSE = 737.3983
Iteration 2 of 50 | Duration = 4.716 | MSE = 681.1170
Iteration 3 of 50 | Duration = 4.368 | MSE = 656.4726
Iteration 4 of 50 | Duration = 4.229 | MSE = 638.4682
Iteration 5 of 50 | Duration = 4.376 | MSE = 632.1255
Iteration 6 of 50 | Duration = 4.276 | MSE = 632.0376

Running polya filter for radius = 3, bins = 128, delta = 200.
Initial MSE: 3988.0238
Iteration 1 of 50 | Duration = 3.605 | MSE = 737.3983
Iteration 2 of 50 | Duration = 4.711 | MSE = 681.1185
Iteration 3 of 50 | Duration = 4.319 | MSE = 656.6999
Iteration 4 of 50 | Duration = 4.248 | MSE = 638.2950
Iteration 5 of 50 | Duration = 4.545 | MSE = 632.7821
Iteration 6 of 50 | Duration = 4.385 | MSE = 632.2855

Running polya filter for radius = 3, bins = 256, delta = 20.
Initial MSE: 3988.0238
Iteration 1 of 50 | Duration = 6.019 | MSE = 3983.6639
Iteration 2 of 50 | Duration = 6.511 | MSE = 3983.6639
Iteration 3 of 50 | Duration = 6.728 | MSE = 3983.6639

Running polya filter for radius = 3, bins = 256, delta = 40.
Initial MSE: 3988.0238
Iteration 1 of 50 | Duration = 6.122 | MSE = 3983.6639
Iteration 2 of 50 | Duration = 6.537 | MSE = 3983.6639
Iteration 3 of 50 | Duration = 6.776 | MSE = 3060.8918
Iteration 4 of 50 | Duration = 6.948 | MSE = 2276.8154
Iteration 5 of 50 | Duration = 7.092 | MSE = 1692.7028
Iteration 6 of 50 | Duration = 7.133 | MSE = 1241.1687
Iteration 7 of 50 | Duration = 7.184 | MSE = 985.6410
Iteration 8 of 50 | Duration = 7.298 | MSE = 830.2209
Iteration 9 of 50 | Duration = 7.340 | MSE = 732.1303
Iteration 10 of 50 | Duration = 7.307 | MSE = 683.2024
Iteration 11 of 50 | Duration = 7.501 | MSE = 659.1820
Iteration 12 of 50 | Duration = 7.382 | MSE = 645.0125
Iteration 13 of 50 | Duration = 7.650 | MSE = 637.9093
Iteration 14 of 50 | Duration = 7.532 | MSE = 635.2633
Iteration 15 of 50 | Duration = 7.555 | MSE = 633.2569
Iteration 16 of 50 | Duration = 7.513 | MSE = 632.1062
Iteration 17 of 50 | Duration = 7.624 | MSE = 632.7879
Iteration 18 of 50 | Duration = 7.588 | MSE = 633.7840

Running polya filter for radius = 3, bins = 256, delta = 60.
Initial MSE: 3988.0238
Iteration 1 of 50 | Duration = 5.908 | MSE = 3983.6639
Iteration 2 of 50 | Duration = 6.536 | MSE = 2846.8112
Iteration 3 of 50 | Duration = 6.416 | MSE = 1768.2740
Iteration 4 of 50 | Duration = 7.149 | MSE = 1090.7294
Iteration 5 of 50 | Duration = 7.210 | MSE = 803.1376
Iteration 6 of 50 | Duration = 7.024 | MSE = 694.4666
Iteration 7 of 50 | Duration = 7.296 | MSE = 655.2378
Iteration 8 of 50 | Duration = 7.390 | MSE = 638.6094
Iteration 9 of 50 | Duration = 7.365 | MSE = 632.3656
Iteration 10 of 50 | Duration = 7.495 | MSE = 629.4020
Iteration 11 of 50 | Duration = 7.429 | MSE = 629.9932
Iteration 12 of 50 | Duration = 7.478 | MSE = 629.9975

Running polya filter for radius = 3, bins = 256, delta = 80.
Initial MSE: 3988.0238
Iteration 1 of 50 | Duration = 5.992 | MSE = 3983.6639
Iteration 2 of 50 | Duration = 6.490 | MSE = 2852.2532
Iteration 3 of 50 | Duration = 6.842 | MSE = 1835.0193
Iteration 4 of 50 | Duration = 7.038 | MSE = 1089.4063
Iteration 5 of 50 | Duration = 7.091 | MSE = 812.6952
Iteration 6 of 50 | Duration = 7.390 | MSE = 696.8079
Iteration 7 of 50 | Duration = 7.301 | MSE = 655.4425
Iteration 8 of 50 | Duration = 7.308 | MSE = 641.5354
Iteration 9 of 50 | Duration = 7.406 | MSE = 635.1014
Iteration 10 of 50 | Duration = 7.389 | MSE = 634.1096
Iteration 11 of 50 | Duration = 7.194 | MSE = 633.9691

Running polya filter for radius = 3, bins = 256, delta = 100.
Initial MSE: 3988.0238
Iteration 1 of 50 | Duration = 7.117 | MSE = 1482.0834
Iteration 2 of 50 | Duration = 7.270 | MSE = 646.7044
Iteration 3 of 50 | Duration = 7.044 | MSE = 637.6653
Iteration 4 of 50 | Duration = 6.964 | MSE = 640.4756

Running polya filter for radius = 3, bins = 256, delta = 120.
Initial MSE: 3988.0238
Iteration 1 of 50 | Duration = 5.993 | MSE = 739.1971
Iteration 2 of 50 | Duration = 7.425 | MSE = 685.4119
Iteration 3 of 50 | Duration = 7.196 | MSE = 660.2150
Iteration 4 of 50 | Duration = 7.169 | MSE = 645.1041
Iteration 5 of 50 | Duration = 7.104 | MSE = 635.6124
Iteration 6 of 50 | Duration = 7.304 | MSE = 632.2363
Iteration 7 of 50 | Duration = 7.402 | MSE = 629.2062
Iteration 8 of 50 | Duration = 7.003 | MSE = 630.2114

Running polya filter for radius = 3, bins = 256, delta = 140.
Initial MSE: 3988.0238
Iteration 1 of 50 | Duration = 6.075 | MSE = 739.1971
Iteration 2 of 50 | Duration = 7.606 | MSE = 685.3903
Iteration 3 of 50 | Duration = 7.356 | MSE = 659.1683
Iteration 4 of 50 | Duration = 7.215 | MSE = 644.0638
Iteration 5 of 50 | Duration = 7.385 | MSE = 633.5684
Iteration 6 of 50 | Duration = 7.510 | MSE = 632.5669
Iteration 7 of 50 | Duration = 7.451 | MSE = 629.8209
Iteration 8 of 50 | Duration = 7.413 | MSE = 631.1361

Running polya filter for radius = 3, bins = 256, delta = 160.
Initial MSE: 3988.0238
Iteration 1 of 50 | Duration = 6.053 | MSE = 739.1971
Iteration 2 of 50 | Duration = 7.554 | MSE = 685.4440
Iteration 3 of 50 | Duration = 7.529 | MSE = 660.2994
Iteration 4 of 50 | Duration = 7.349 | MSE = 645.2643
Iteration 5 of 50 | Duration = 7.423 | MSE = 635.1278
Iteration 6 of 50 | Duration = 7.592 | MSE = 633.8782
Iteration 7 of 50 | Duration = 7.543 | MSE = 631.1400
Iteration 8 of 50 | Duration = 7.335 | MSE = 633.0297

Running polya filter for radius = 3, bins = 256, delta = 180.
Initial MSE: 3988.0238
Iteration 1 of 50 | Duration = 5.945 | MSE = 739.1971
Iteration 2 of 50 | Duration = 7.608 | MSE = 685.2836
Iteration 3 of 50 | Duration = 7.401 | MSE = 660.0019
Iteration 4 of 50 | Duration = 7.405 | MSE = 644.1999
Iteration 5 of 50 | Duration = 7.387 | MSE = 636.0118
Iteration 6 of 50 | Duration = 7.433 | MSE = 634.6979
Iteration 7 of 50 | Duration = 7.485 | MSE = 631.7701
Iteration 8 of 50 | Duration = 7.534 | MSE = 634.2252

Running polya filter for radius = 3, bins = 256, delta = 200.
Initial MSE: 3988.0238
Iteration 1 of 50 | Duration = 5.994 | MSE = 739.1971
Iteration 2 of 50 | Duration = 7.562 | MSE = 685.2822
Iteration 3 of 50 | Duration = 7.106 | MSE = 660.2336
Iteration 4 of 50 | Duration = 7.373 | MSE = 643.9814
Iteration 5 of 50 | Duration = 7.255 | MSE = 636.5114
Iteration 6 of 50 | Duration = 7.280 | MSE = 634.9884
Iteration 7 of 50 | Duration = 7.269 | MSE = 632.0802
Iteration 8 of 50 | Duration = 7.385 | MSE = 634.6150

