Log Started on 29-Mar-2018

Adding Noise
Edge map chosen. Generating Edge Map...
Edge Map Completed.

Optimizing for lena512_speckle_high_optimal
Removing edges for radius 1
Running polya filter for radius = 1, bins = 32, delta = 20.
Initial MSE: 1066.4604
Iteration 1 of 50 | Duration = 3.033 | MSE = 1065.9445
Iteration 2 of 50 | Duration = 1.963 | MSE = 1065.9445
Iteration 3 of 50 | Duration = 1.661 | MSE = 1065.9445
New optimal MSE: 1065.9445

Running polya filter for radius = 1, bins = 32, delta = 40.
Initial MSE: 1066.4604
Iteration 1 of 50 | Duration = 2.123 | MSE = 1065.9445
Iteration 2 of 50 | Duration = 2.080 | MSE = 1065.9445
Iteration 3 of 50 | Duration = 1.662 | MSE = 510.6186
Iteration 4 of 50 | Duration = 1.636 | MSE = 404.4316
Iteration 5 of 50 | Duration = 1.624 | MSE = 390.7982
Iteration 6 of 50 | Duration = 1.833 | MSE = 322.6951
Iteration 7 of 50 | Duration = 1.613 | MSE = 304.8648
Iteration 8 of 50 | Duration = 1.482 | MSE = 301.9354
Iteration 9 of 50 | Duration = 1.386 | MSE = 286.3872
Iteration 10 of 50 | Duration = 1.233 | MSE = 284.9504
Iteration 11 of 50 | Duration = 1.181 | MSE = 283.2139
Iteration 12 of 50 | Duration = 1.243 | MSE = 282.6014
Iteration 13 of 50 | Duration = 1.199 | MSE = 280.3870
Iteration 14 of 50 | Duration = 1.172 | MSE = 278.2422
Iteration 15 of 50 | Duration = 1.181 | MSE = 276.1457
Iteration 16 of 50 | Duration = 1.443 | MSE = 274.8367
Iteration 17 of 50 | Duration = 1.584 | MSE = 273.5106
Iteration 18 of 50 | Duration = 1.555 | MSE = 271.2217
Iteration 19 of 50 | Duration = 1.344 | MSE = 269.4894
Iteration 20 of 50 | Duration = 1.181 | MSE = 269.2843
New optimal MSE: 269.2843

Running polya filter for radius = 1, bins = 32, delta = 60.
Initial MSE: 1066.4604
Iteration 1 of 50 | Duration = 1.693 | MSE = 1065.9445
Iteration 2 of 50 | Duration = 1.373 | MSE = 510.6186
Iteration 3 of 50 | Duration = 1.292 | MSE = 403.1398
Iteration 4 of 50 | Duration = 1.389 | MSE = 322.7989
Iteration 5 of 50 | Duration = 1.267 | MSE = 302.7803
Iteration 6 of 50 | Duration = 1.489 | MSE = 286.4242
Iteration 7 of 50 | Duration = 1.209 | MSE = 284.8799
Iteration 8 of 50 | Duration = 1.278 | MSE = 282.2327
Iteration 9 of 50 | Duration = 1.259 | MSE = 279.9082
Iteration 10 of 50 | Duration = 1.172 | MSE = 276.4181
Iteration 11 of 50 | Duration = 1.215 | MSE = 274.7210
Iteration 12 of 50 | Duration = 1.230 | MSE = 271.2247
Iteration 13 of 50 | Duration = 1.193 | MSE = 269.9191
Iteration 14 of 50 | Duration = 1.213 | MSE = 266.9747
Iteration 15 of 50 | Duration = 1.343 | MSE = 266.5108
New optimal MSE: 266.5108

Running polya filter for radius = 1, bins = 32, delta = 80.
Initial MSE: 1066.4604
Iteration 1 of 50 | Duration = 1.780 | MSE = 1065.9445
Iteration 2 of 50 | Duration = 1.358 | MSE = 510.6186
Iteration 3 of 50 | Duration = 1.149 | MSE = 407.4772
Iteration 4 of 50 | Duration = 1.363 | MSE = 323.3642
Iteration 5 of 50 | Duration = 1.197 | MSE = 303.4675
Iteration 6 of 50 | Duration = 1.281 | MSE = 286.3325
Iteration 7 of 50 | Duration = 1.188 | MSE = 282.8581
Iteration 8 of 50 | Duration = 1.195 | MSE = 279.0358
Iteration 9 of 50 | Duration = 1.308 | MSE = 277.2282
Iteration 10 of 50 | Duration = 1.245 | MSE = 273.7643
Iteration 11 of 50 | Duration = 1.560 | MSE = 272.5393
Iteration 12 of 50 | Duration = 1.257 | MSE = 269.5919
Iteration 13 of 50 | Duration = 1.191 | MSE = 268.4161
Iteration 14 of 50 | Duration = 1.138 | MSE = 265.8736
Iteration 15 of 50 | Duration = 1.089 | MSE = 265.4634
New optimal MSE: 265.4634

Running polya filter for radius = 1, bins = 32, delta = 100.
Initial MSE: 1066.4604
Iteration 1 of 50 | Duration = 2.603 | MSE = 508.4289
Iteration 2 of 50 | Duration = 1.638 | MSE = 361.3528
Iteration 3 of 50 | Duration = 1.357 | MSE = 320.2870
Iteration 4 of 50 | Duration = 1.444 | MSE = 300.7877
Iteration 5 of 50 | Duration = 1.338 | MSE = 286.6156
Iteration 6 of 50 | Duration = 1.233 | MSE = 277.8635
Iteration 7 of 50 | Duration = 1.256 | MSE = 273.9612
Iteration 8 of 50 | Duration = 1.192 | MSE = 271.7851
Iteration 9 of 50 | Duration = 1.122 | MSE = 269.8673
Iteration 10 of 50 | Duration = 1.144 | MSE = 268.1894
Iteration 11 of 50 | Duration = 1.192 | MSE = 266.8540
Iteration 12 of 50 | Duration = 1.145 | MSE = 265.9468
Iteration 13 of 50 | Duration = 1.097 | MSE = 264.6948
Iteration 14 of 50 | Duration = 1.075 | MSE = 263.5829
Iteration 15 of 50 | Duration = 1.111 | MSE = 262.9563
Iteration 16 of 50 | Duration = 1.247 | MSE = 262.6409
New optimal MSE: 262.6409

Running polya filter for radius = 1, bins = 32, delta = 120.
Initial MSE: 1066.4604
Iteration 1 of 50 | Duration = 1.958 | MSE = 423.2968
Iteration 2 of 50 | Duration = 1.702 | MSE = 340.4276
Iteration 3 of 50 | Duration = 1.450 | MSE = 289.1723
Iteration 4 of 50 | Duration = 1.107 | MSE = 281.3553
Iteration 5 of 50 | Duration = 1.236 | MSE = 275.2894
Iteration 6 of 50 | Duration = 1.123 | MSE = 270.6082
Iteration 7 of 50 | Duration = 1.370 | MSE = 265.9930
Iteration 8 of 50 | Duration = 1.288 | MSE = 264.6281
Iteration 9 of 50 | Duration = 1.285 | MSE = 263.0036
Iteration 10 of 50 | Duration = 1.101 | MSE = 261.8269
Iteration 11 of 50 | Duration = 1.294 | MSE = 260.3909
Iteration 12 of 50 | Duration = 1.123 | MSE = 260.0506
New optimal MSE: 260.0506

Running polya filter for radius = 1, bins = 32, delta = 140.
Initial MSE: 1066.4604
Iteration 1 of 50 | Duration = 1.533 | MSE = 423.2968
Iteration 2 of 50 | Duration = 2.080 | MSE = 340.4276
Iteration 3 of 50 | Duration = 1.192 | MSE = 289.2101
Iteration 4 of 50 | Duration = 1.331 | MSE = 281.2527
Iteration 5 of 50 | Duration = 1.178 | MSE = 275.2433
Iteration 6 of 50 | Duration = 1.483 | MSE = 270.5671
Iteration 7 of 50 | Duration = 1.184 | MSE = 265.9229
Iteration 8 of 50 | Duration = 1.086 | MSE = 264.5734
Iteration 9 of 50 | Duration = 1.135 | MSE = 262.9649
Iteration 10 of 50 | Duration = 1.144 | MSE = 261.7949
Iteration 11 of 50 | Duration = 1.128 | MSE = 260.3614
Iteration 12 of 50 | Duration = 1.102 | MSE = 260.0098
New optimal MSE: 260.0098

Running polya filter for radius = 1, bins = 32, delta = 160.
Initial MSE: 1066.4604
Iteration 1 of 50 | Duration = 1.593 | MSE = 423.2968
Iteration 2 of 50 | Duration = 1.622 | MSE = 340.4276
Iteration 3 of 50 | Duration = 1.274 | MSE = 290.4977
Iteration 4 of 50 | Duration = 1.338 | MSE = 278.8281
Iteration 5 of 50 | Duration = 1.306 | MSE = 273.3946
Iteration 6 of 50 | Duration = 1.200 | MSE = 269.5626
Iteration 7 of 50 | Duration = 1.266 | MSE = 265.0416
Iteration 8 of 50 | Duration = 1.155 | MSE = 263.4974
Iteration 9 of 50 | Duration = 1.228 | MSE = 262.0667
Iteration 10 of 50 | Duration = 1.254 | MSE = 261.1767
Iteration 11 of 50 | Duration = 1.208 | MSE = 259.9108
Iteration 12 of 50 | Duration = 1.155 | MSE = 259.5037
New optimal MSE: 259.5037

Running polya filter for radius = 1, bins = 32, delta = 180.
Initial MSE: 1066.4604
Iteration 1 of 50 | Duration = 1.464 | MSE = 423.2968
Iteration 2 of 50 | Duration = 1.907 | MSE = 340.3930
Iteration 3 of 50 | Duration = 1.203 | MSE = 290.3169
Iteration 4 of 50 | Duration = 1.275 | MSE = 278.7732
Iteration 5 of 50 | Duration = 1.271 | MSE = 273.2407
Iteration 6 of 50 | Duration = 1.142 | MSE = 269.4192
Iteration 7 of 50 | Duration = 1.111 | MSE = 264.9447
Iteration 8 of 50 | Duration = 1.266 | MSE = 263.4050
Iteration 9 of 50 | Duration = 1.134 | MSE = 261.9842
Iteration 10 of 50 | Duration = 1.113 | MSE = 261.0795
Iteration 11 of 50 | Duration = 1.350 | MSE = 259.8446
Iteration 12 of 50 | Duration = 1.239 | MSE = 259.4495
New optimal MSE: 259.4495

Running polya filter for radius = 1, bins = 32, delta = 200.
Initial MSE: 1066.4604
Iteration 1 of 50 | Duration = 1.555 | MSE = 423.2968
Iteration 2 of 50 | Duration = 1.616 | MSE = 340.3849
Iteration 3 of 50 | Duration = 1.221 | MSE = 290.2950
Iteration 4 of 50 | Duration = 1.203 | MSE = 278.7552
Iteration 5 of 50 | Duration = 1.342 | MSE = 273.2289
Iteration 6 of 50 | Duration = 1.150 | MSE = 269.4101
Iteration 7 of 50 | Duration = 1.280 | MSE = 264.9337
Iteration 8 of 50 | Duration = 1.127 | MSE = 263.4016
Iteration 9 of 50 | Duration = 1.291 | MSE = 261.9828
Iteration 10 of 50 | Duration = 1.475 | MSE = 261.0763
Iteration 11 of 50 | Duration = 1.246 | MSE = 259.8413
Iteration 12 of 50 | Duration = 1.201 | MSE = 259.4449
New optimal MSE: 259.4449

Running polya filter for radius = 1, bins = 64, delta = 20.
Initial MSE: 1066.4604
Iteration 1 of 50 | Duration = 2.562 | MSE = 1065.2545
Iteration 2 of 50 | Duration = 2.351 | MSE = 1065.2545
Iteration 3 of 50 | Duration = 2.469 | MSE = 1065.2545

Running polya filter for radius = 1, bins = 64, delta = 40.
Initial MSE: 1066.4604
Iteration 1 of 50 | Duration = 2.494 | MSE = 1065.2545
Iteration 2 of 50 | Duration = 2.560 | MSE = 1065.2545
Iteration 3 of 50 | Duration = 2.512 | MSE = 527.2551
Iteration 4 of 50 | Duration = 2.507 | MSE = 420.6234
Iteration 5 of 50 | Duration = 2.372 | MSE = 406.8178
Iteration 6 of 50 | Duration = 2.848 | MSE = 321.8159
Iteration 7 of 50 | Duration = 2.527 | MSE = 302.0447
Iteration 8 of 50 | Duration = 2.616 | MSE = 297.0816
Iteration 9 of 50 | Duration = 2.411 | MSE = 283.8344
Iteration 10 of 50 | Duration = 2.866 | MSE = 282.4568
Iteration 11 of 50 | Duration = 2.714 | MSE = 280.6757
Iteration 12 of 50 | Duration = 2.536 | MSE = 279.9233
Iteration 13 of 50 | Duration = 2.560 | MSE = 277.7241
Iteration 14 of 50 | Duration = 2.332 | MSE = 275.3837
Iteration 15 of 50 | Duration = 2.275 | MSE = 272.8426
Iteration 16 of 50 | Duration = 2.264 | MSE = 271.5137
Iteration 17 of 50 | Duration = 2.131 | MSE = 270.3943
Iteration 18 of 50 | Duration = 2.274 | MSE = 268.1981
Iteration 19 of 50 | Duration = 2.182 | MSE = 266.6875
Iteration 20 of 50 | Duration = 2.383 | MSE = 266.3966

Running polya filter for radius = 1, bins = 64, delta = 60.
Initial MSE: 1066.4604
Iteration 1 of 50 | Duration = 2.771 | MSE = 1065.2545
Iteration 2 of 50 | Duration = 2.282 | MSE = 527.2551
Iteration 3 of 50 | Duration = 2.161 | MSE = 418.7319
Iteration 4 of 50 | Duration = 2.451 | MSE = 321.0567
Iteration 5 of 50 | Duration = 2.153 | MSE = 297.9246
Iteration 6 of 50 | Duration = 2.322 | MSE = 284.1045
Iteration 7 of 50 | Duration = 2.694 | MSE = 282.3847
Iteration 8 of 50 | Duration = 2.307 | MSE = 279.5914
Iteration 9 of 50 | Duration = 2.416 | MSE = 276.9825
Iteration 10 of 50 | Duration = 2.776 | MSE = 273.2845
Iteration 11 of 50 | Duration = 2.396 | MSE = 271.3791
Iteration 12 of 50 | Duration = 2.651 | MSE = 268.3203
Iteration 13 of 50 | Duration = 2.284 | MSE = 266.9791
Iteration 14 of 50 | Duration = 2.238 | MSE = 264.5988
Iteration 15 of 50 | Duration = 2.219 | MSE = 264.0090
Iteration 16 of 50 | Duration = 2.313 | MSE = 263.1945
Iteration 17 of 50 | Duration = 2.378 | MSE = 262.6744
Iteration 18 of 50 | Duration = 2.105 | MSE = 262.0547
Iteration 19 of 50 | Duration = 2.134 | MSE = 261.7665

Running polya filter for radius = 1, bins = 64, delta = 80.
Initial MSE: 1066.4604
Iteration 1 of 50 | Duration = 2.592 | MSE = 1065.2545
Iteration 2 of 50 | Duration = 2.224 | MSE = 527.2551
Iteration 3 of 50 | Duration = 2.203 | MSE = 424.5653
Iteration 4 of 50 | Duration = 2.431 | MSE = 322.2765
Iteration 5 of 50 | Duration = 2.238 | MSE = 299.3589
Iteration 6 of 50 | Duration = 2.278 | MSE = 284.2087
Iteration 7 of 50 | Duration = 2.231 | MSE = 279.8525
Iteration 8 of 50 | Duration = 2.365 | MSE = 276.2265
Iteration 9 of 50 | Duration = 2.199 | MSE = 274.3106
Iteration 10 of 50 | Duration = 2.541 | MSE = 270.9257
Iteration 11 of 50 | Duration = 2.299 | MSE = 269.5703
Iteration 12 of 50 | Duration = 2.353 | MSE = 266.8153
Iteration 13 of 50 | Duration = 2.510 | MSE = 265.5688
Iteration 14 of 50 | Duration = 2.613 | MSE = 263.4769
Iteration 15 of 50 | Duration = 2.471 | MSE = 262.9698
Iteration 16 of 50 | Duration = 2.351 | MSE = 262.2506
Iteration 17 of 50 | Duration = 2.350 | MSE = 261.8343

Running polya filter for radius = 1, bins = 64, delta = 100.
Initial MSE: 1066.4604
Iteration 1 of 50 | Duration = 3.620 | MSE = 507.5473
Iteration 2 of 50 | Duration = 2.675 | MSE = 358.9706
Iteration 3 of 50 | Duration = 2.565 | MSE = 317.2199
Iteration 4 of 50 | Duration = 2.327 | MSE = 296.6070
Iteration 5 of 50 | Duration = 2.187 | MSE = 282.8458
Iteration 6 of 50 | Duration = 2.236 | MSE = 274.9154
Iteration 7 of 50 | Duration = 2.268 | MSE = 271.1660
Iteration 8 of 50 | Duration = 2.261 | MSE = 268.8717
Iteration 9 of 50 | Duration = 2.151 | MSE = 267.0102
Iteration 10 of 50 | Duration = 2.336 | MSE = 265.3548
Iteration 11 of 50 | Duration = 2.094 | MSE = 264.0399
Iteration 12 of 50 | Duration = 2.263 | MSE = 263.0275
Iteration 13 of 50 | Duration = 2.148 | MSE = 261.8908
Iteration 14 of 50 | Duration = 2.090 | MSE = 260.9602
Iteration 15 of 50 | Duration = 2.287 | MSE = 260.3574
Iteration 16 of 50 | Duration = 2.061 | MSE = 259.9616

Running polya filter for radius = 1, bins = 64, delta = 120.
Initial MSE: 1066.4604
Iteration 1 of 50 | Duration = 2.257 | MSE = 421.3137
Iteration 2 of 50 | Duration = 2.725 | MSE = 334.6752
Iteration 3 of 50 | Duration = 2.215 | MSE = 286.7558
Iteration 4 of 50 | Duration = 2.095 | MSE = 279.0721
Iteration 5 of 50 | Duration = 2.240 | MSE = 272.2070
Iteration 6 of 50 | Duration = 1.983 | MSE = 267.5556
Iteration 7 of 50 | Duration = 1.776 | MSE = 263.7090
Iteration 8 of 50 | Duration = 2.003 | MSE = 262.1143
Iteration 9 of 50 | Duration = 2.022 | MSE = 260.4068
Iteration 10 of 50 | Duration = 1.859 | MSE = 259.2814
Iteration 11 of 50 | Duration = 1.859 | MSE = 258.0771
Iteration 12 of 50 | Duration = 2.006 | MSE = 257.6156
New optimal MSE: 257.6156

Running polya filter for radius = 1, bins = 64, delta = 140.
Initial MSE: 1066.4604
Iteration 1 of 50 | Duration = 2.278 | MSE = 421.3137
Iteration 2 of 50 | Duration = 2.287 | MSE = 334.6752
Iteration 3 of 50 | Duration = 2.256 | MSE = 286.7881
Iteration 4 of 50 | Duration = 1.871 | MSE = 278.9486
Iteration 5 of 50 | Duration = 1.935 | MSE = 272.1741
Iteration 6 of 50 | Duration = 2.093 | MSE = 267.5018
Iteration 7 of 50 | Duration = 1.888 | MSE = 263.6351
Iteration 8 of 50 | Duration = 1.879 | MSE = 262.0614
Iteration 9 of 50 | Duration = 2.442 | MSE = 260.3666
Iteration 10 of 50 | Duration = 2.028 | MSE = 259.2341
Iteration 11 of 50 | Duration = 1.860 | MSE = 258.0408
Iteration 12 of 50 | Duration = 1.882 | MSE = 257.5769
New optimal MSE: 257.5769

Running polya filter for radius = 1, bins = 64, delta = 160.
Initial MSE: 1066.4604
Iteration 1 of 50 | Duration = 2.365 | MSE = 421.3137
Iteration 2 of 50 | Duration = 2.302 | MSE = 334.6752
Iteration 3 of 50 | Duration = 2.115 | MSE = 288.2628
Iteration 4 of 50 | Duration = 2.049 | MSE = 276.0940
Iteration 5 of 50 | Duration = 1.870 | MSE = 270.6141
Iteration 6 of 50 | Duration = 1.911 | MSE = 266.6244
Iteration 7 of 50 | Duration = 2.062 | MSE = 262.6671
Iteration 8 of 50 | Duration = 1.821 | MSE = 260.9786
Iteration 9 of 50 | Duration = 1.906 | MSE = 259.6113
Iteration 10 of 50 | Duration = 2.138 | MSE = 258.6936
Iteration 11 of 50 | Duration = 1.949 | MSE = 257.5498
Iteration 12 of 50 | Duration = 1.832 | MSE = 257.0702
New optimal MSE: 257.0702

Running polya filter for radius = 1, bins = 64, delta = 180.
Initial MSE: 1066.4604
Iteration 1 of 50 | Duration = 2.344 | MSE = 421.3137
Iteration 2 of 50 | Duration = 2.452 | MSE = 334.6214
Iteration 3 of 50 | Duration = 1.940 | MSE = 288.0724
Iteration 4 of 50 | Duration = 2.148 | MSE = 276.0503
Iteration 5 of 50 | Duration = 2.032 | MSE = 270.4547
Iteration 6 of 50 | Duration = 1.817 | MSE = 266.4784
Iteration 7 of 50 | Duration = 1.989 | MSE = 262.5692
Iteration 8 of 50 | Duration = 1.916 | MSE = 260.8699
Iteration 9 of 50 | Duration = 1.868 | MSE = 259.5049
Iteration 10 of 50 | Duration = 1.838 | MSE = 258.5952
Iteration 11 of 50 | Duration = 2.181 | MSE = 257.4681
Iteration 12 of 50 | Duration = 1.848 | MSE = 257.0129
New optimal MSE: 257.0129

Running polya filter for radius = 1, bins = 64, delta = 200.
Initial MSE: 1066.4604
Iteration 1 of 50 | Duration = 2.149 | MSE = 421.3137
Iteration 2 of 50 | Duration = 2.616 | MSE = 334.6083
Iteration 3 of 50 | Duration = 1.990 | MSE = 288.0570
Iteration 4 of 50 | Duration = 1.838 | MSE = 276.0372
Iteration 5 of 50 | Duration = 2.285 | MSE = 270.4466
Iteration 6 of 50 | Duration = 1.906 | MSE = 266.4748
Iteration 7 of 50 | Duration = 1.951 | MSE = 262.5646
Iteration 8 of 50 | Duration = 2.027 | MSE = 260.8752
Iteration 9 of 50 | Duration = 2.007 | MSE = 259.5115
Iteration 10 of 50 | Duration = 1.819 | MSE = 258.5994
Iteration 11 of 50 | Duration = 2.048 | MSE = 257.4723
Iteration 12 of 50 | Duration = 2.001 | MSE = 257.0164

Running polya filter for radius = 1, bins = 128, delta = 20.
Initial MSE: 1066.4604
Iteration 1 of 50 | Duration = 5.853 | MSE = 1063.7797
Iteration 2 of 50 | Duration = 8.494 | MSE = 1063.7797
Iteration 3 of 50 | Duration = 7.812 | MSE = 1063.7797

Running polya filter for radius = 1, bins = 128, delta = 40.
Initial MSE: 1066.4604
Iteration 1 of 50 | Duration = 6.090 | MSE = 1063.7797
Iteration 2 of 50 | Duration = 7.930 | MSE = 1063.7797
Iteration 3 of 50 | Duration = 7.753 | MSE = 535.8458
Iteration 4 of 50 | Duration = 6.900 | MSE = 430.8002
Iteration 5 of 50 | Duration = 6.871 | MSE = 416.4816
Iteration 6 of 50 | Duration = 7.146 | MSE = 321.2536
Iteration 7 of 50 | Duration = 7.066 | MSE = 300.3690
Iteration 8 of 50 | Duration = 7.125 | MSE = 294.1551
Iteration 9 of 50 | Duration = 7.173 | MSE = 281.8723
Iteration 10 of 50 | Duration = 7.088 | MSE = 280.5168
Iteration 11 of 50 | Duration = 7.315 | MSE = 278.7460
Iteration 12 of 50 | Duration = 7.090 | MSE = 277.8709
Iteration 13 of 50 | Duration = 7.185 | MSE = 275.6313
Iteration 14 of 50 | Duration = 6.942 | MSE = 273.1490
Iteration 15 of 50 | Duration = 6.887 | MSE = 270.4864
Iteration 16 of 50 | Duration = 6.704 | MSE = 269.1464
Iteration 17 of 50 | Duration = 6.898 | MSE = 268.1046
Iteration 18 of 50 | Duration = 6.885 | MSE = 265.9130
Iteration 19 of 50 | Duration = 6.805 | MSE = 264.5077
Iteration 20 of 50 | Duration = 6.917 | MSE = 264.1710

Running polya filter for radius = 1, bins = 128, delta = 60.
Initial MSE: 1066.4604
Iteration 1 of 50 | Duration = 5.674 | MSE = 1063.7797
Iteration 2 of 50 | Duration = 7.579 | MSE = 535.8458
Iteration 3 of 50 | Duration = 6.862 | MSE = 428.4442
Iteration 4 of 50 | Duration = 7.483 | MSE = 320.1053
Iteration 5 of 50 | Duration = 7.181 | MSE = 295.1053
Iteration 6 of 50 | Duration = 7.236 | MSE = 282.2358
Iteration 7 of 50 | Duration = 7.103 | MSE = 280.4061
Iteration 8 of 50 | Duration = 7.148 | MSE = 277.6097
Iteration 9 of 50 | Duration = 6.910 | MSE = 274.8189
Iteration 10 of 50 | Duration = 7.008 | MSE = 270.9938
Iteration 11 of 50 | Duration = 6.964 | MSE = 269.0107
Iteration 12 of 50 | Duration = 6.876 | MSE = 266.1978
Iteration 13 of 50 | Duration = 6.859 | MSE = 264.7457
Iteration 14 of 50 | Duration = 6.779 | MSE = 262.6294
Iteration 15 of 50 | Duration = 6.984 | MSE = 261.9494
Iteration 16 of 50 | Duration = 7.012 | MSE = 261.0845
Iteration 17 of 50 | Duration = 7.087 | MSE = 260.5969

Running polya filter for radius = 1, bins = 128, delta = 80.
Initial MSE: 1066.4604
Iteration 1 of 50 | Duration = 6.203 | MSE = 1063.7797
Iteration 2 of 50 | Duration = 7.919 | MSE = 535.8458
Iteration 3 of 50 | Duration = 7.245 | MSE = 435.2032
Iteration 4 of 50 | Duration = 7.683 | MSE = 321.6784
Iteration 5 of 50 | Duration = 7.248 | MSE = 297.0699
Iteration 6 of 50 | Duration = 7.018 | MSE = 282.3526
Iteration 7 of 50 | Duration = 6.871 | MSE = 277.6091
Iteration 8 of 50 | Duration = 6.777 | MSE = 274.1603
Iteration 9 of 50 | Duration = 6.817 | MSE = 272.2232
Iteration 10 of 50 | Duration = 7.477 | MSE = 268.9388
Iteration 11 of 50 | Duration = 7.035 | MSE = 267.4747
Iteration 12 of 50 | Duration = 7.132 | MSE = 264.7605
Iteration 13 of 50 | Duration = 6.950 | MSE = 263.3673
Iteration 14 of 50 | Duration = 7.118 | MSE = 261.4883
Iteration 15 of 50 | Duration = 7.086 | MSE = 260.9614
Iteration 16 of 50 | Duration = 7.229 | MSE = 260.1955
Iteration 17 of 50 | Duration = 6.987 | MSE = 259.7735

Running polya filter for radius = 1, bins = 128, delta = 100.
Initial MSE: 1066.4604
Iteration 1 of 50 | Duration = 7.535 | MSE = 507.4622
Iteration 2 of 50 | Duration = 8.307 | MSE = 357.4951
Iteration 3 of 50 | Duration = 7.362 | MSE = 315.5801
Iteration 4 of 50 | Duration = 7.403 | MSE = 294.4364
Iteration 5 of 50 | Duration = 7.399 | MSE = 280.8483
Iteration 6 of 50 | Duration = 7.356 | MSE = 273.2005
Iteration 7 of 50 | Duration = 7.230 | MSE = 269.4513
Iteration 8 of 50 | Duration = 7.130 | MSE = 267.1320
Iteration 9 of 50 | Duration = 6.912 | MSE = 265.3152
Iteration 10 of 50 | Duration = 7.020 | MSE = 263.6534
Iteration 11 of 50 | Duration = 7.042 | MSE = 262.3241
Iteration 12 of 50 | Duration = 7.095 | MSE = 261.2471
Iteration 13 of 50 | Duration = 7.071 | MSE = 260.1468
Iteration 14 of 50 | Duration = 7.133 | MSE = 259.3142
Iteration 15 of 50 | Duration = 7.231 | MSE = 258.7382
Iteration 16 of 50 | Duration = 7.211 | MSE = 258.3099

Running polya filter for radius = 1, bins = 128, delta = 120.
Initial MSE: 1066.4604
Iteration 1 of 50 | Duration = 6.166 | MSE = 419.6042
Iteration 2 of 50 | Duration = 8.269 | MSE = 331.8449
Iteration 3 of 50 | Duration = 7.210 | MSE = 284.7469
Iteration 4 of 50 | Duration = 7.045 | MSE = 277.1936
Iteration 5 of 50 | Duration = 6.834 | MSE = 269.9833
Iteration 6 of 50 | Duration = 7.446 | MSE = 265.2910
Iteration 7 of 50 | Duration = 6.879 | MSE = 261.7077
Iteration 8 of 50 | Duration = 6.797 | MSE = 259.9480
Iteration 9 of 50 | Duration = 7.311 | MSE = 258.2766
Iteration 10 of 50 | Duration = 6.923 | MSE = 257.1469
Iteration 11 of 50 | Duration = 6.949 | MSE = 256.0078
Iteration 12 of 50 | Duration = 7.227 | MSE = 255.4939
Iteration 13 of 50 | Duration = 7.007 | MSE = 254.8651
Iteration 14 of 50 | Duration = 6.963 | MSE = 254.2714
Iteration 15 of 50 | Duration = 7.253 | MSE = 253.7489
Iteration 16 of 50 | Duration = 6.761 | MSE = 253.5724
New optimal MSE: 253.5724

Running polya filter for radius = 1, bins = 128, delta = 140.
Initial MSE: 1066.4604
Iteration 1 of 50 | Duration = 6.229 | MSE = 419.6042
Iteration 2 of 50 | Duration = 7.917 | MSE = 331.8449
Iteration 3 of 50 | Duration = 7.053 | MSE = 284.7824
Iteration 4 of 50 | Duration = 7.159 | MSE = 277.0552
Iteration 5 of 50 | Duration = 7.139 | MSE = 269.9747
Iteration 6 of 50 | Duration = 7.040 | MSE = 265.2302
Iteration 7 of 50 | Duration = 7.065 | MSE = 261.6268
Iteration 8 of 50 | Duration = 7.130 | MSE = 259.9092
Iteration 9 of 50 | Duration = 6.749 | MSE = 258.2340
Iteration 10 of 50 | Duration = 7.234 | MSE = 257.0963
Iteration 11 of 50 | Duration = 6.930 | MSE = 255.9697
Iteration 12 of 50 | Duration = 6.690 | MSE = 255.4616
Iteration 13 of 50 | Duration = 7.285 | MSE = 254.8357
Iteration 14 of 50 | Duration = 6.864 | MSE = 254.2485
Iteration 15 of 50 | Duration = 6.803 | MSE = 253.7287
Iteration 16 of 50 | Duration = 7.307 | MSE = 253.5545
New optimal MSE: 253.5545

Running polya filter for radius = 1, bins = 128, delta = 160.
Initial MSE: 1066.4604
Iteration 1 of 50 | Duration = 6.056 | MSE = 419.6042
Iteration 2 of 50 | Duration = 7.897 | MSE = 331.8449
Iteration 3 of 50 | Duration = 7.635 | MSE = 286.2842
Iteration 4 of 50 | Duration = 6.956 | MSE = 273.8975
Iteration 5 of 50 | Duration = 6.900 | MSE = 268.5432
Iteration 6 of 50 | Duration = 7.445 | MSE = 264.4451
Iteration 7 of 50 | Duration = 6.789 | MSE = 260.6266
Iteration 8 of 50 | Duration = 6.936 | MSE = 258.8594
Iteration 9 of 50 | Duration = 7.123 | MSE = 257.5151
Iteration 10 of 50 | Duration = 6.837 | MSE = 256.5912
Iteration 11 of 50 | Duration = 7.002 | MSE = 255.4856
Iteration 12 of 50 | Duration = 7.059 | MSE = 254.9633
Iteration 13 of 50 | Duration = 6.696 | MSE = 254.4796

Running polya filter for radius = 1, bins = 128, delta = 180.
Initial MSE: 1066.4604
Iteration 1 of 50 | Duration = 6.205 | MSE = 419.6042
Iteration 2 of 50 | Duration = 7.842 | MSE = 331.7812
Iteration 3 of 50 | Duration = 6.938 | MSE = 286.0838
Iteration 4 of 50 | Duration = 7.571 | MSE = 273.8458
Iteration 5 of 50 | Duration = 6.952 | MSE = 268.3859
Iteration 6 of 50 | Duration = 6.879 | MSE = 264.3136
Iteration 7 of 50 | Duration = 7.432 | MSE = 260.5366
Iteration 8 of 50 | Duration = 6.898 | MSE = 258.7431
Iteration 9 of 50 | Duration = 6.781 | MSE = 257.4149
Iteration 10 of 50 | Duration = 7.325 | MSE = 256.4966
Iteration 11 of 50 | Duration = 7.669 | MSE = 255.4115
Iteration 12 of 50 | Duration = 6.857 | MSE = 254.9038
Iteration 13 of 50 | Duration = 7.425 | MSE = 254.4129

Running polya filter for radius = 1, bins = 128, delta = 200.
Initial MSE: 1066.4604
Iteration 1 of 50 | Duration = 5.761 | MSE = 419.6042
Iteration 2 of 50 | Duration = 8.171 | MSE = 331.7615
Iteration 3 of 50 | Duration = 7.618 | MSE = 286.0694
Iteration 4 of 50 | Duration = 6.920 | MSE = 273.8416
Iteration 5 of 50 | Duration = 7.054 | MSE = 268.3838
Iteration 6 of 50 | Duration = 7.274 | MSE = 264.3173
Iteration 7 of 50 | Duration = 6.746 | MSE = 260.5406
Iteration 8 of 50 | Duration = 7.067 | MSE = 258.7525
Iteration 9 of 50 | Duration = 7.083 | MSE = 257.4250
Iteration 10 of 50 | Duration = 6.700 | MSE = 256.5072
Iteration 11 of 50 | Duration = 7.406 | MSE = 255.4221
Iteration 12 of 50 | Duration = 6.801 | MSE = 254.9134
Iteration 13 of 50 | Duration = 6.677 | MSE = 254.4224

Running polya filter for radius = 1, bins = 256, delta = 20.
Initial MSE: 1066.4604
Iteration 1 of 50 | Duration = 10.344 | MSE = 1066.4604
Iteration 2 of 50 | Duration = 12.009 | MSE = 1066.4604
Iteration 3 of 50 | Duration = 11.598 | MSE = 1066.4604

Running polya filter for radius = 1, bins = 256, delta = 40.
Initial MSE: 1066.4604
Iteration 1 of 50 | Duration = 9.853 | MSE = 1066.4604
Iteration 2 of 50 | Duration = 12.101 | MSE = 1066.4604
Iteration 3 of 50 | Duration = 12.018 | MSE = 542.7764
Iteration 4 of 50 | Duration = 11.488 | MSE = 438.5377
Iteration 5 of 50 | Duration = 11.603 | MSE = 424.0230
Iteration 6 of 50 | Duration = 12.147 | MSE = 323.1054
Iteration 7 of 50 | Duration = 11.539 | MSE = 301.2710
Iteration 8 of 50 | Duration = 11.183 | MSE = 294.3784
Iteration 9 of 50 | Duration = 10.992 | MSE = 282.4581
Iteration 10 of 50 | Duration = 11.023 | MSE = 280.9722
Iteration 11 of 50 | Duration = 11.023 | MSE = 279.2141
Iteration 12 of 50 | Duration = 11.072 | MSE = 278.2922
Iteration 13 of 50 | Duration = 11.215 | MSE = 275.9797
Iteration 14 of 50 | Duration = 11.120 | MSE = 273.3942
Iteration 15 of 50 | Duration = 11.067 | MSE = 270.7036
Iteration 16 of 50 | Duration = 11.055 | MSE = 269.4254
Iteration 17 of 50 | Duration = 11.111 | MSE = 268.4267
Iteration 18 of 50 | Duration = 10.959 | MSE = 266.2689
Iteration 19 of 50 | Duration = 11.012 | MSE = 264.9203
Iteration 20 of 50 | Duration = 10.802 | MSE = 264.5427

Running polya filter for radius = 1, bins = 256, delta = 60.
Initial MSE: 1066.4604
Iteration 1 of 50 | Duration = 9.593 | MSE = 1066.4604
Iteration 2 of 50 | Duration = 11.581 | MSE = 542.7764
Iteration 3 of 50 | Duration = 10.889 | MSE = 436.0216
Iteration 4 of 50 | Duration = 11.409 | MSE = 321.6637
Iteration 5 of 50 | Duration = 10.995 | MSE = 295.3152
Iteration 6 of 50 | Duration = 11.010 | MSE = 282.8119
Iteration 7 of 50 | Duration = 11.102 | MSE = 280.9011
Iteration 8 of 50 | Duration = 11.499 | MSE = 278.0391
Iteration 9 of 50 | Duration = 11.104 | MSE = 275.1452
Iteration 10 of 50 | Duration = 11.277 | MSE = 271.3077
Iteration 11 of 50 | Duration = 11.300 | MSE = 269.2524
Iteration 12 of 50 | Duration = 11.391 | MSE = 266.5807
Iteration 13 of 50 | Duration = 11.316 | MSE = 265.0914
Iteration 14 of 50 | Duration = 11.300 | MSE = 263.0954
Iteration 15 of 50 | Duration = 11.369 | MSE = 262.3690
Iteration 16 of 50 | Duration = 11.427 | MSE = 261.5192
Iteration 17 of 50 | Duration = 11.660 | MSE = 261.0373

Running polya filter for radius = 1, bins = 256, delta = 80.
Initial MSE: 1066.4604
Iteration 1 of 50 | Duration = 10.160 | MSE = 1066.4604
Iteration 2 of 50 | Duration = 12.182 | MSE = 542.7764
Iteration 3 of 50 | Duration = 11.643 | MSE = 443.0521
Iteration 4 of 50 | Duration = 12.249 | MSE = 323.6313
Iteration 5 of 50 | Duration = 11.495 | MSE = 297.6141
Iteration 6 of 50 | Duration = 11.598 | MSE = 282.9740
Iteration 7 of 50 | Duration = 11.544 | MSE = 277.8970
Iteration 8 of 50 | Duration = 11.230 | MSE = 274.5506
Iteration 9 of 50 | Duration = 11.235 | MSE = 272.6078
Iteration 10 of 50 | Duration = 11.296 | MSE = 269.3552
Iteration 11 of 50 | Duration = 11.369 | MSE = 267.7880
Iteration 12 of 50 | Duration = 11.368 | MSE = 265.1619
Iteration 13 of 50 | Duration = 11.128 | MSE = 263.7373
Iteration 14 of 50 | Duration = 11.042 | MSE = 261.9361
Iteration 15 of 50 | Duration = 10.993 | MSE = 261.3910
Iteration 16 of 50 | Duration = 10.882 | MSE = 260.6173
Iteration 17 of 50 | Duration = 11.067 | MSE = 260.2390

Running polya filter for radius = 1, bins = 256, delta = 100.
Initial MSE: 1066.4604
Iteration 1 of 50 | Duration = 11.565 | MSE = 509.5840
Iteration 2 of 50 | Duration = 12.521 | MSE = 358.1654
Iteration 3 of 50 | Duration = 11.820 | MSE = 315.9726
Iteration 4 of 50 | Duration = 12.040 | MSE = 294.6539
Iteration 5 of 50 | Duration = 12.194 | MSE = 281.1488
Iteration 6 of 50 | Duration = 11.630 | MSE = 273.5553
Iteration 7 of 50 | Duration = 12.354 | MSE = 269.7604
Iteration 8 of 50 | Duration = 12.372 | MSE = 267.4158
Iteration 9 of 50 | Duration = 11.828 | MSE = 265.6651
Iteration 10 of 50 | Duration = 11.948 | MSE = 263.9867
Iteration 11 of 50 | Duration = 11.338 | MSE = 262.6916
Iteration 12 of 50 | Duration = 11.677 | MSE = 261.5970
Iteration 13 of 50 | Duration = 11.840 | MSE = 260.5303
Iteration 14 of 50 | Duration = 11.616 | MSE = 259.6901
Iteration 15 of 50 | Duration = 11.642 | MSE = 259.1065
Iteration 16 of 50 | Duration = 12.017 | MSE = 258.6814

Running polya filter for radius = 1, bins = 256, delta = 120.
Initial MSE: 1066.4604
Iteration 1 of 50 | Duration = 10.151 | MSE = 420.4478
Iteration 2 of 50 | Duration = 12.746 | MSE = 332.1614
Iteration 3 of 50 | Duration = 11.983 | MSE = 285.2704
Iteration 4 of 50 | Duration = 11.638 | MSE = 277.7676
Iteration 5 of 50 | Duration = 11.772 | MSE = 270.2676
Iteration 6 of 50 | Duration = 11.405 | MSE = 265.6133
Iteration 7 of 50 | Duration = 11.343 | MSE = 262.1571
Iteration 8 of 50 | Duration = 11.368 | MSE = 260.3755
Iteration 9 of 50 | Duration = 11.172 | MSE = 258.7150
Iteration 10 of 50 | Duration = 11.382 | MSE = 257.5340
Iteration 11 of 50 | Duration = 11.269 | MSE = 256.4619
Iteration 12 of 50 | Duration = 10.897 | MSE = 255.9427
Iteration 13 of 50 | Duration = 11.354 | MSE = 255.2914
Iteration 14 of 50 | Duration = 11.279 | MSE = 254.6777
Iteration 15 of 50 | Duration = 11.089 | MSE = 254.1774
Iteration 16 of 50 | Duration = 11.371 | MSE = 253.9907

Running polya filter for radius = 1, bins = 256, delta = 140.
Initial MSE: 1066.4604
Iteration 1 of 50 | Duration = 9.855 | MSE = 420.4478
Iteration 2 of 50 | Duration = 12.274 | MSE = 332.1614
Iteration 3 of 50 | Duration = 11.529 | MSE = 285.3081
Iteration 4 of 50 | Duration = 10.899 | MSE = 277.6219
Iteration 5 of 50 | Duration = 11.651 | MSE = 270.2696
Iteration 6 of 50 | Duration = 11.333 | MSE = 265.5476
Iteration 7 of 50 | Duration = 11.279 | MSE = 262.0771
Iteration 8 of 50 | Duration = 11.501 | MSE = 260.3439
Iteration 9 of 50 | Duration = 12.136 | MSE = 258.6707
Iteration 10 of 50 | Duration = 11.131 | MSE = 257.4949
Iteration 11 of 50 | Duration = 10.952 | MSE = 256.4395
Iteration 12 of 50 | Duration = 11.434 | MSE = 255.9120
Iteration 13 of 50 | Duration = 11.197 | MSE = 255.2630
Iteration 14 of 50 | Duration = 11.397 | MSE = 254.6481
Iteration 15 of 50 | Duration = 11.465 | MSE = 254.1561

Running polya filter for radius = 1, bins = 256, delta = 160.
Initial MSE: 1066.4604
Iteration 1 of 50 | Duration = 9.967 | MSE = 420.4478
Iteration 2 of 50 | Duration = 12.250 | MSE = 332.1614
Iteration 3 of 50 | Duration = 11.116 | MSE = 286.8971
Iteration 4 of 50 | Duration = 11.453 | MSE = 274.2696
Iteration 5 of 50 | Duration = 11.179 | MSE = 268.9116
Iteration 6 of 50 | Duration = 11.323 | MSE = 264.7906
Iteration 7 of 50 | Duration = 11.286 | MSE = 261.0674
Iteration 8 of 50 | Duration = 10.761 | MSE = 259.3088
Iteration 9 of 50 | Duration = 11.400 | MSE = 257.9570
Iteration 10 of 50 | Duration = 10.972 | MSE = 257.0142
Iteration 11 of 50 | Duration = 11.386 | MSE = 255.9607
Iteration 12 of 50 | Duration = 11.397 | MSE = 255.4308
Iteration 13 of 50 | Duration = 12.008 | MSE = 254.9234
Iteration 14 of 50 | Duration = 11.958 | MSE = 254.4510

Running polya filter for radius = 1, bins = 256, delta = 180.
Initial MSE: 1066.4604
Iteration 1 of 50 | Duration = 10.106 | MSE = 420.4478
Iteration 2 of 50 | Duration = 13.107 | MSE = 332.0946
Iteration 3 of 50 | Duration = 11.027 | MSE = 286.6905
Iteration 4 of 50 | Duration = 11.425 | MSE = 274.2547
Iteration 5 of 50 | Duration = 11.233 | MSE = 268.7482
Iteration 6 of 50 | Duration = 11.288 | MSE = 264.6715
Iteration 7 of 50 | Duration = 11.451 | MSE = 260.9748
Iteration 8 of 50 | Duration = 11.181 | MSE = 259.1949
Iteration 9 of 50 | Duration = 11.168 | MSE = 257.8561
Iteration 10 of 50 | Duration = 11.210 | MSE = 256.9309
Iteration 11 of 50 | Duration = 11.234 | MSE = 255.8834
Iteration 12 of 50 | Duration = 11.184 | MSE = 255.3549
Iteration 13 of 50 | Duration = 11.335 | MSE = 254.8488
Iteration 14 of 50 | Duration = 11.276 | MSE = 254.3774

Running polya filter for radius = 1, bins = 256, delta = 200.
Initial MSE: 1066.4604
Iteration 1 of 50 | Duration = 9.800 | MSE = 420.4478
Iteration 2 of 50 | Duration = 12.477 | MSE = 332.0727
Iteration 3 of 50 | Duration = 11.826 | MSE = 286.6746
Iteration 4 of 50 | Duration = 11.691 | MSE = 274.2460
Iteration 5 of 50 | Duration = 11.656 | MSE = 268.7461
Iteration 6 of 50 | Duration = 11.528 | MSE = 264.6748
Iteration 7 of 50 | Duration = 11.475 | MSE = 260.9784
Iteration 8 of 50 | Duration = 11.321 | MSE = 259.2042
Iteration 9 of 50 | Duration = 11.276 | MSE = 257.8657
Iteration 10 of 50 | Duration = 11.278 | MSE = 256.9408
Iteration 11 of 50 | Duration = 11.279 | MSE = 255.8932
Iteration 12 of 50 | Duration = 11.138 | MSE = 255.3639
Iteration 13 of 50 | Duration = 11.057 | MSE = 254.8579
Iteration 14 of 50 | Duration = 11.017 | MSE = 254.3874

Removing edges for radius 2
Running polya filter for radius = 2, bins = 32, delta = 20.
Initial MSE: 1066.4604
Iteration 1 of 50 | Duration = 1.459 | MSE = 1065.9445
Iteration 2 of 50 | Duration = 1.188 | MSE = 1065.9445
Iteration 3 of 50 | Duration = 1.327 | MSE = 1065.9445

Running polya filter for radius = 2, bins = 32, delta = 40.
Initial MSE: 1066.4604
Iteration 1 of 50 | Duration = 1.678 | MSE = 1065.9445
Iteration 2 of 50 | Duration = 1.148 | MSE = 1065.9445
Iteration 3 of 50 | Duration = 1.054 | MSE = 518.7499
Iteration 4 of 50 | Duration = 0.982 | MSE = 315.5833
Iteration 5 of 50 | Duration = 0.965 | MSE = 233.2231
Iteration 6 of 50 | Duration = 1.042 | MSE = 196.3366
Iteration 7 of 50 | Duration = 0.979 | MSE = 186.5854
Iteration 8 of 50 | Duration = 1.009 | MSE = 182.3834
Iteration 9 of 50 | Duration = 1.008 | MSE = 180.1075
Iteration 10 of 50 | Duration = 1.001 | MSE = 178.5443
Iteration 11 of 50 | Duration = 0.972 | MSE = 177.7727
Iteration 12 of 50 | Duration = 1.150 | MSE = 177.0523
Iteration 13 of 50 | Duration = 1.130 | MSE = 176.3761
Iteration 14 of 50 | Duration = 1.080 | MSE = 175.6493
Iteration 15 of 50 | Duration = 1.044 | MSE = 175.1877
New optimal MSE: 175.1877

Running polya filter for radius = 2, bins = 32, delta = 60.
Initial MSE: 1066.4604
Iteration 1 of 50 | Duration = 1.504 | MSE = 1065.9445
Iteration 2 of 50 | Duration = 1.265 | MSE = 472.1208
Iteration 3 of 50 | Duration = 1.010 | MSE = 249.7054
Iteration 4 of 50 | Duration = 1.084 | MSE = 194.3448
Iteration 5 of 50 | Duration = 0.996 | MSE = 186.8445
Iteration 6 of 50 | Duration = 1.113 | MSE = 181.9080
Iteration 7 of 50 | Duration = 1.262 | MSE = 180.2426
Iteration 8 of 50 | Duration = 1.203 | MSE = 178.0350
Iteration 9 of 50 | Duration = 1.522 | MSE = 177.1504
Iteration 10 of 50 | Duration = 1.311 | MSE = 176.0236
Iteration 11 of 50 | Duration = 1.180 | MSE = 175.5916

Running polya filter for radius = 2, bins = 32, delta = 80.
Initial MSE: 1066.4604
Iteration 1 of 50 | Duration = 1.614 | MSE = 1065.9445
Iteration 2 of 50 | Duration = 1.240 | MSE = 475.4377
Iteration 3 of 50 | Duration = 1.538 | MSE = 254.2523
Iteration 4 of 50 | Duration = 1.284 | MSE = 192.7531
Iteration 5 of 50 | Duration = 1.013 | MSE = 185.8276
Iteration 6 of 50 | Duration = 1.024 | MSE = 181.2963
Iteration 7 of 50 | Duration = 1.066 | MSE = 179.5246
Iteration 8 of 50 | Duration = 1.245 | MSE = 177.3847
Iteration 9 of 50 | Duration = 1.101 | MSE = 176.8187
Iteration 10 of 50 | Duration = 1.067 | MSE = 175.7239
Iteration 11 of 50 | Duration = 1.044 | MSE = 175.3039

Running polya filter for radius = 2, bins = 32, delta = 100.
Initial MSE: 1066.4604
Iteration 1 of 50 | Duration = 2.252 | MSE = 391.3425
Iteration 2 of 50 | Duration = 1.325 | MSE = 210.1923
Iteration 3 of 50 | Duration = 1.093 | MSE = 190.7926
Iteration 4 of 50 | Duration = 1.055 | MSE = 183.1001
Iteration 5 of 50 | Duration = 1.104 | MSE = 179.0664
Iteration 6 of 50 | Duration = 1.126 | MSE = 175.6830
Iteration 7 of 50 | Duration = 1.127 | MSE = 174.1841
Iteration 8 of 50 | Duration = 1.081 | MSE = 173.1466
Iteration 9 of 50 | Duration = 1.044 | MSE = 172.2676
Iteration 10 of 50 | Duration = 0.977 | MSE = 171.4424
Iteration 11 of 50 | Duration = 0.992 | MSE = 170.9093
Iteration 12 of 50 | Duration = 0.971 | MSE = 170.3997
Iteration 13 of 50 | Duration = 0.985 | MSE = 170.0580
New optimal MSE: 170.0580

Running polya filter for radius = 2, bins = 32, delta = 120.
Initial MSE: 1066.4604
Iteration 1 of 50 | Duration = 1.427 | MSE = 243.1128
Iteration 2 of 50 | Duration = 1.543 | MSE = 203.4860
Iteration 3 of 50 | Duration = 1.223 | MSE = 188.0013
Iteration 4 of 50 | Duration = 1.303 | MSE = 182.8501
Iteration 5 of 50 | Duration = 1.104 | MSE = 179.7924
Iteration 6 of 50 | Duration = 1.051 | MSE = 177.2668
Iteration 7 of 50 | Duration = 0.976 | MSE = 175.9929
Iteration 8 of 50 | Duration = 1.002 | MSE = 175.2349
Iteration 9 of 50 | Duration = 1.010 | MSE = 174.5329
Iteration 10 of 50 | Duration = 0.997 | MSE = 173.7132
Iteration 11 of 50 | Duration = 1.016 | MSE = 173.2647

Running polya filter for radius = 2, bins = 32, delta = 140.
Initial MSE: 1066.4604
Iteration 1 of 50 | Duration = 1.360 | MSE = 243.1128
Iteration 2 of 50 | Duration = 1.432 | MSE = 203.4837
Iteration 3 of 50 | Duration = 1.178 | MSE = 188.1051
Iteration 4 of 50 | Duration = 1.177 | MSE = 182.6107
Iteration 5 of 50 | Duration = 1.103 | MSE = 179.6846
Iteration 6 of 50 | Duration = 1.009 | MSE = 177.1800
Iteration 7 of 50 | Duration = 1.004 | MSE = 175.8786
Iteration 8 of 50 | Duration = 1.017 | MSE = 175.1340
Iteration 9 of 50 | Duration = 0.994 | MSE = 174.4605
Iteration 10 of 50 | Duration = 1.001 | MSE = 173.6705
Iteration 11 of 50 | Duration = 0.986 | MSE = 173.2055

Running polya filter for radius = 2, bins = 32, delta = 160.
Initial MSE: 1066.4604
Iteration 1 of 50 | Duration = 1.369 | MSE = 243.1128
Iteration 2 of 50 | Duration = 1.488 | MSE = 203.4780
Iteration 3 of 50 | Duration = 1.162 | MSE = 188.3942
Iteration 4 of 50 | Duration = 1.095 | MSE = 181.7290
Iteration 5 of 50 | Duration = 1.140 | MSE = 179.0332
Iteration 6 of 50 | Duration = 1.016 | MSE = 176.9244
Iteration 7 of 50 | Duration = 1.002 | MSE = 175.4975
Iteration 8 of 50 | Duration = 1.001 | MSE = 174.5770
Iteration 9 of 50 | Duration = 0.995 | MSE = 174.0625
Iteration 10 of 50 | Duration = 0.996 | MSE = 173.3839
Iteration 11 of 50 | Duration = 0.972 | MSE = 172.8746
Iteration 12 of 50 | Duration = 0.983 | MSE = 172.5277

Running polya filter for radius = 2, bins = 32, delta = 180.
Initial MSE: 1066.4604
Iteration 1 of 50 | Duration = 1.365 | MSE = 243.1128
Iteration 2 of 50 | Duration = 1.603 | MSE = 203.1913
Iteration 3 of 50 | Duration = 1.093 | MSE = 187.9790
Iteration 4 of 50 | Duration = 1.111 | MSE = 181.5816
Iteration 5 of 50 | Duration = 0.997 | MSE = 178.8758
Iteration 6 of 50 | Duration = 0.998 | MSE = 176.7409
Iteration 7 of 50 | Duration = 0.996 | MSE = 175.3708
Iteration 8 of 50 | Duration = 0.975 | MSE = 174.5070
Iteration 9 of 50 | Duration = 0.987 | MSE = 173.9799
Iteration 10 of 50 | Duration = 0.975 | MSE = 173.2791
Iteration 11 of 50 | Duration = 0.976 | MSE = 172.7672
Iteration 12 of 50 | Duration = 1.043 | MSE = 172.4210

Running polya filter for radius = 2, bins = 32, delta = 200.
Initial MSE: 1066.4604
Iteration 1 of 50 | Duration = 1.634 | MSE = 243.1128
Iteration 2 of 50 | Duration = 1.537 | MSE = 203.1905
Iteration 3 of 50 | Duration = 1.061 | MSE = 187.9939
Iteration 4 of 50 | Duration = 1.103 | MSE = 181.6301
Iteration 5 of 50 | Duration = 1.005 | MSE = 178.9358
Iteration 6 of 50 | Duration = 1.008 | MSE = 176.7497
Iteration 7 of 50 | Duration = 1.161 | MSE = 175.3764
Iteration 8 of 50 | Duration = 1.171 | MSE = 174.5333
Iteration 9 of 50 | Duration = 0.978 | MSE = 173.9936
Iteration 10 of 50 | Duration = 1.055 | MSE = 173.2810
Iteration 11 of 50 | Duration = 1.170 | MSE = 172.7845

Running polya filter for radius = 2, bins = 64, delta = 20.
Initial MSE: 1066.4604
Iteration 1 of 50 | Duration = 3.072 | MSE = 1065.2545
Iteration 2 of 50 | Duration = 2.315 | MSE = 1065.2545
Iteration 3 of 50 | Duration = 2.137 | MSE = 1065.2545

Running polya filter for radius = 2, bins = 64, delta = 40.
Initial MSE: 1066.4604
Iteration 1 of 50 | Duration = 2.350 | MSE = 1065.2545
Iteration 2 of 50 | Duration = 2.536 | MSE = 1065.2545
Iteration 3 of 50 | Duration = 2.292 | MSE = 591.9952
Iteration 4 of 50 | Duration = 2.236 | MSE = 371.3679
Iteration 5 of 50 | Duration = 2.114 | MSE = 273.2097
Iteration 6 of 50 | Duration = 2.019 | MSE = 209.2324
Iteration 7 of 50 | Duration = 1.976 | MSE = 190.2869
Iteration 8 of 50 | Duration = 2.213 | MSE = 181.3185
Iteration 9 of 50 | Duration = 2.052 | MSE = 177.8566
Iteration 10 of 50 | Duration = 2.017 | MSE = 175.9692
Iteration 11 of 50 | Duration = 1.966 | MSE = 174.9639
Iteration 12 of 50 | Duration = 1.939 | MSE = 174.2427
Iteration 13 of 50 | Duration = 1.922 | MSE = 173.5633
Iteration 14 of 50 | Duration = 2.204 | MSE = 172.9227
Iteration 15 of 50 | Duration = 2.168 | MSE = 172.4561

Running polya filter for radius = 2, bins = 64, delta = 60.
Initial MSE: 1066.4604
Iteration 1 of 50 | Duration = 2.507 | MSE = 1065.2545
Iteration 2 of 50 | Duration = 2.016 | MSE = 536.8245
Iteration 3 of 50 | Duration = 2.032 | MSE = 292.7921
Iteration 4 of 50 | Duration = 2.024 | MSE = 201.1839
Iteration 5 of 50 | Duration = 2.059 | MSE = 184.9316
Iteration 6 of 50 | Duration = 2.310 | MSE = 179.5579
Iteration 7 of 50 | Duration = 2.035 | MSE = 177.3662
Iteration 8 of 50 | Duration = 1.951 | MSE = 175.3519
Iteration 9 of 50 | Duration = 1.948 | MSE = 174.3245
Iteration 10 of 50 | Duration = 1.928 | MSE = 173.3064
Iteration 11 of 50 | Duration = 2.259 | MSE = 172.6918
Iteration 12 of 50 | Duration = 2.347 | MSE = 171.8673
Iteration 13 of 50 | Duration = 2.075 | MSE = 171.4564

Running polya filter for radius = 2, bins = 64, delta = 80.
Initial MSE: 1066.4604
Iteration 1 of 50 | Duration = 2.405 | MSE = 1065.2545
Iteration 2 of 50 | Duration = 1.931 | MSE = 539.3282
Iteration 3 of 50 | Duration = 1.890 | MSE = 301.4771
Iteration 4 of 50 | Duration = 2.469 | MSE = 199.2961
Iteration 5 of 50 | Duration = 2.167 | MSE = 184.0785
Iteration 6 of 50 | Duration = 2.138 | MSE = 178.8834
Iteration 7 of 50 | Duration = 2.037 | MSE = 176.6756
Iteration 8 of 50 | Duration = 2.067 | MSE = 174.7713
Iteration 9 of 50 | Duration = 2.072 | MSE = 173.8751
Iteration 10 of 50 | Duration = 2.332 | MSE = 172.9386
Iteration 11 of 50 | Duration = 2.122 | MSE = 172.4166
Iteration 12 of 50 | Duration = 2.164 | MSE = 171.6171
Iteration 13 of 50 | Duration = 2.004 | MSE = 171.3477

Running polya filter for radius = 2, bins = 64, delta = 100.
Initial MSE: 1066.4604
Iteration 1 of 50 | Duration = 3.326 | MSE = 390.9506
Iteration 2 of 50 | Duration = 2.652 | MSE = 207.5699
Iteration 3 of 50 | Duration = 2.056 | MSE = 188.2290
Iteration 4 of 50 | Duration = 2.120 | MSE = 180.3491
Iteration 5 of 50 | Duration = 1.956 | MSE = 175.9134
Iteration 6 of 50 | Duration = 1.974 | MSE = 172.9200
Iteration 7 of 50 | Duration = 2.493 | MSE = 171.4015
Iteration 8 of 50 | Duration = 2.483 | MSE = 170.3287
Iteration 9 of 50 | Duration = 2.050 | MSE = 169.3813
Iteration 10 of 50 | Duration = 1.995 | MSE = 168.6310
Iteration 11 of 50 | Duration = 2.016 | MSE = 168.0440
Iteration 12 of 50 | Duration = 2.374 | MSE = 167.5317
Iteration 13 of 50 | Duration = 2.145 | MSE = 167.1554
New optimal MSE: 167.1554

Running polya filter for radius = 2, bins = 64, delta = 120.
Initial MSE: 1066.4604
Iteration 1 of 50 | Duration = 2.500 | MSE = 240.6853
Iteration 2 of 50 | Duration = 2.709 | MSE = 200.4663
Iteration 3 of 50 | Duration = 2.133 | MSE = 185.4607
Iteration 4 of 50 | Duration = 1.973 | MSE = 180.2777
Iteration 5 of 50 | Duration = 2.319 | MSE = 176.6005
Iteration 6 of 50 | Duration = 2.162 | MSE = 174.4067
Iteration 7 of 50 | Duration = 1.922 | MSE = 173.2050
Iteration 8 of 50 | Duration = 1.910 | MSE = 172.3835
Iteration 9 of 50 | Duration = 1.932 | MSE = 171.5814
Iteration 10 of 50 | Duration = 2.010 | MSE = 170.9392
Iteration 11 of 50 | Duration = 2.158 | MSE = 170.4364
Iteration 12 of 50 | Duration = 2.153 | MSE = 170.1072

Running polya filter for radius = 2, bins = 64, delta = 140.
Initial MSE: 1066.4604
Iteration 1 of 50 | Duration = 2.337 | MSE = 240.6853
Iteration 2 of 50 | Duration = 2.655 | MSE = 200.4629
Iteration 3 of 50 | Duration = 2.129 | MSE = 185.5626
Iteration 4 of 50 | Duration = 2.475 | MSE = 180.0017
Iteration 5 of 50 | Duration = 2.050 | MSE = 176.4834
Iteration 6 of 50 | Duration = 1.989 | MSE = 174.3054
Iteration 7 of 50 | Duration = 1.995 | MSE = 173.0764
Iteration 8 of 50 | Duration = 1.926 | MSE = 172.2716
Iteration 9 of 50 | Duration = 1.955 | MSE = 171.5275
Iteration 10 of 50 | Duration = 2.303 | MSE = 170.9118
Iteration 11 of 50 | Duration = 2.034 | MSE = 170.3841
Iteration 12 of 50 | Duration = 1.932 | MSE = 170.0421

Running polya filter for radius = 2, bins = 64, delta = 160.
Initial MSE: 1066.4604
Iteration 1 of 50 | Duration = 2.378 | MSE = 240.6853
Iteration 2 of 50 | Duration = 2.712 | MSE = 200.4587
Iteration 3 of 50 | Duration = 2.200 | MSE = 185.8589
Iteration 4 of 50 | Duration = 2.177 | MSE = 179.0248
Iteration 5 of 50 | Duration = 1.978 | MSE = 176.0220
Iteration 6 of 50 | Duration = 1.991 | MSE = 173.9988
Iteration 7 of 50 | Duration = 1.937 | MSE = 172.6425
Iteration 8 of 50 | Duration = 1.950 | MSE = 171.8017
Iteration 9 of 50 | Duration = 2.027 | MSE = 171.1636
Iteration 10 of 50 | Duration = 2.205 | MSE = 170.5454
Iteration 11 of 50 | Duration = 2.046 | MSE = 170.0593

Running polya filter for radius = 2, bins = 64, delta = 180.
Initial MSE: 1066.4604
Iteration 1 of 50 | Duration = 2.384 | MSE = 240.6853
Iteration 2 of 50 | Duration = 2.618 | MSE = 200.1547
Iteration 3 of 50 | Duration = 2.505 | MSE = 185.4700
Iteration 4 of 50 | Duration = 2.102 | MSE = 178.9805
Iteration 5 of 50 | Duration = 1.937 | MSE = 175.9077
Iteration 6 of 50 | Duration = 1.993 | MSE = 173.8432
Iteration 7 of 50 | Duration = 1.940 | MSE = 172.5794
Iteration 8 of 50 | Duration = 1.962 | MSE = 171.7413
Iteration 9 of 50 | Duration = 2.082 | MSE = 171.0905
Iteration 10 of 50 | Duration = 2.217 | MSE = 170.4697
Iteration 11 of 50 | Duration = 1.993 | MSE = 169.9688
Iteration 12 of 50 | Duration = 1.952 | MSE = 169.6328

Running polya filter for radius = 2, bins = 64, delta = 200.
Initial MSE: 1066.4604
Iteration 1 of 50 | Duration = 2.321 | MSE = 240.6853
Iteration 2 of 50 | Duration = 2.497 | MSE = 200.1363
Iteration 3 of 50 | Duration = 2.371 | MSE = 185.4682
Iteration 4 of 50 | Duration = 2.360 | MSE = 179.0368
Iteration 5 of 50 | Duration = 1.998 | MSE = 175.9527
Iteration 6 of 50 | Duration = 1.950 | MSE = 173.8584
Iteration 7 of 50 | Duration = 1.899 | MSE = 172.5855
Iteration 8 of 50 | Duration = 2.099 | MSE = 171.7472
Iteration 9 of 50 | Duration = 2.196 | MSE = 171.1064
Iteration 10 of 50 | Duration = 2.012 | MSE = 170.4780
Iteration 11 of 50 | Duration = 1.894 | MSE = 169.9837

Running polya filter for radius = 2, bins = 128, delta = 20.
Initial MSE: 1066.4604
Iteration 1 of 50 | Duration = 6.830 | MSE = 1063.7797
Iteration 2 of 50 | Duration = 7.361 | MSE = 1063.7797
Iteration 3 of 50 | Duration = 7.250 | MSE = 1063.7797

Running polya filter for radius = 2, bins = 128, delta = 40.
Initial MSE: 1066.4604
Iteration 1 of 50 | Duration = 6.693 | MSE = 1063.7797
Iteration 2 of 50 | Duration = 7.023 | MSE = 1063.7797
Iteration 3 of 50 | Duration = 6.863 | MSE = 637.1815
Iteration 4 of 50 | Duration = 6.886 | MSE = 415.6230
Iteration 5 of 50 | Duration = 7.058 | MSE = 310.3400
Iteration 6 of 50 | Duration = 6.850 | MSE = 225.3250
Iteration 7 of 50 | Duration = 7.528 | MSE = 198.3219
Iteration 8 of 50 | Duration = 7.244 | MSE = 183.6329
Iteration 9 of 50 | Duration = 7.232 | MSE = 177.5950
Iteration 10 of 50 | Duration = 7.338 | MSE = 174.6592
Iteration 11 of 50 | Duration = 7.080 | MSE = 173.0872
Iteration 12 of 50 | Duration = 7.557 | MSE = 172.2100
Iteration 13 of 50 | Duration = 7.272 | MSE = 171.4285
Iteration 14 of 50 | Duration = 6.770 | MSE = 170.7813
Iteration 15 of 50 | Duration = 7.232 | MSE = 170.2649
Iteration 16 of 50 | Duration = 7.103 | MSE = 169.8770

Running polya filter for radius = 2, bins = 128, delta = 60.
Initial MSE: 1066.4604
Iteration 1 of 50 | Duration = 7.263 | MSE = 1063.7797
Iteration 2 of 50 | Duration = 6.717 | MSE = 577.1399
Iteration 3 of 50 | Duration = 6.850 | MSE = 330.1346
Iteration 4 of 50 | Duration = 7.200 | MSE = 210.5995
Iteration 5 of 50 | Duration = 6.919 | MSE = 186.0577
Iteration 6 of 50 | Duration = 7.355 | MSE = 178.1425
Iteration 7 of 50 | Duration = 7.230 | MSE = 175.2883
Iteration 8 of 50 | Duration = 7.293 | MSE = 173.3541
Iteration 9 of 50 | Duration = 7.373 | MSE = 172.2292
Iteration 10 of 50 | Duration = 6.844 | MSE = 171.2031
Iteration 11 of 50 | Duration = 7.240 | MSE = 170.5768
Iteration 12 of 50 | Duration = 7.214 | MSE = 169.7918
Iteration 13 of 50 | Duration = 7.227 | MSE = 169.3039

Running polya filter for radius = 2, bins = 128, delta = 80.
Initial MSE: 1066.4604
Iteration 1 of 50 | Duration = 7.147 | MSE = 1063.7797
Iteration 2 of 50 | Duration = 6.484 | MSE = 578.7822
Iteration 3 of 50 | Duration = 7.498 | MSE = 342.3548
Iteration 4 of 50 | Duration = 7.328 | MSE = 208.5947
Iteration 5 of 50 | Duration = 7.147 | MSE = 185.0590
Iteration 6 of 50 | Duration = 7.198 | MSE = 177.3474
Iteration 7 of 50 | Duration = 7.211 | MSE = 174.5932
Iteration 8 of 50 | Duration = 7.843 | MSE = 172.7795
Iteration 9 of 50 | Duration = 7.925 | MSE = 171.7819
Iteration 10 of 50 | Duration = 7.993 | MSE = 170.8620
Iteration 11 of 50 | Duration = 7.977 | MSE = 170.2729
Iteration 12 of 50 | Duration = 7.663 | MSE = 169.6171
Iteration 13 of 50 | Duration = 7.933 | MSE = 169.2313

Running polya filter for radius = 2, bins = 128, delta = 100.
Initial MSE: 1066.4604
Iteration 1 of 50 | Duration = 9.960 | MSE = 391.0420
Iteration 2 of 50 | Duration = 7.921 | MSE = 205.6880
Iteration 3 of 50 | Duration = 7.464 | MSE = 186.7341
Iteration 4 of 50 | Duration = 7.409 | MSE = 178.7726
Iteration 5 of 50 | Duration = 7.673 | MSE = 173.9877
Iteration 6 of 50 | Duration = 7.480 | MSE = 171.0799
Iteration 7 of 50 | Duration = 7.526 | MSE = 169.4778
Iteration 8 of 50 | Duration = 7.688 | MSE = 168.3615
Iteration 9 of 50 | Duration = 8.006 | MSE = 167.4550
Iteration 10 of 50 | Duration = 7.689 | MSE = 166.7071
Iteration 11 of 50 | Duration = 7.601 | MSE = 166.1295
Iteration 12 of 50 | Duration = 7.656 | MSE = 165.6646
New optimal MSE: 165.6646

Running polya filter for radius = 2, bins = 128, delta = 120.
Initial MSE: 1066.4604
Iteration 1 of 50 | Duration = 7.280 | MSE = 238.6941
Iteration 2 of 50 | Duration = 8.339 | MSE = 199.1738
Iteration 3 of 50 | Duration = 7.510 | MSE = 183.5393
Iteration 4 of 50 | Duration = 7.617 | MSE = 178.4539
Iteration 5 of 50 | Duration = 7.742 | MSE = 174.5076
Iteration 6 of 50 | Duration = 7.326 | MSE = 172.4284
Iteration 7 of 50 | Duration = 7.504 | MSE = 171.1758
Iteration 8 of 50 | Duration = 7.662 | MSE = 170.2803
Iteration 9 of 50 | Duration = 7.610 | MSE = 169.5200
Iteration 10 of 50 | Duration = 8.290 | MSE = 168.8883
Iteration 11 of 50 | Duration = 7.745 | MSE = 168.3583
Iteration 12 of 50 | Duration = 7.564 | MSE = 168.0320

Running polya filter for radius = 2, bins = 128, delta = 140.
Initial MSE: 1066.4604
Iteration 1 of 50 | Duration = 7.361 | MSE = 238.6941
Iteration 2 of 50 | Duration = 8.137 | MSE = 199.1704
Iteration 3 of 50 | Duration = 7.751 | MSE = 183.6441
Iteration 4 of 50 | Duration = 7.409 | MSE = 178.1703
Iteration 5 of 50 | Duration = 7.672 | MSE = 174.4017
Iteration 6 of 50 | Duration = 7.556 | MSE = 172.3059
Iteration 7 of 50 | Duration = 7.527 | MSE = 171.0703
Iteration 8 of 50 | Duration = 7.624 | MSE = 170.1999
Iteration 9 of 50 | Duration = 7.010 | MSE = 169.4568
Iteration 10 of 50 | Duration = 7.027 | MSE = 168.8537
Iteration 11 of 50 | Duration = 7.272 | MSE = 168.3341
Iteration 12 of 50 | Duration = 7.143 | MSE = 168.0082

Running polya filter for radius = 2, bins = 128, delta = 160.
Initial MSE: 1066.4604
Iteration 1 of 50 | Duration = 6.793 | MSE = 238.6941
Iteration 2 of 50 | Duration = 7.822 | MSE = 199.1662
Iteration 3 of 50 | Duration = 7.258 | MSE = 183.9714
Iteration 4 of 50 | Duration = 7.169 | MSE = 177.1300
Iteration 5 of 50 | Duration = 7.360 | MSE = 174.0379
Iteration 6 of 50 | Duration = 7.271 | MSE = 171.9566
Iteration 7 of 50 | Duration = 6.993 | MSE = 170.6612
Iteration 8 of 50 | Duration = 7.245 | MSE = 169.7589
Iteration 9 of 50 | Duration = 7.405 | MSE = 169.0790
Iteration 10 of 50 | Duration = 7.367 | MSE = 168.5203
Iteration 11 of 50 | Duration = 7.044 | MSE = 168.0094
Iteration 12 of 50 | Duration = 7.159 | MSE = 167.6928

Running polya filter for radius = 2, bins = 128, delta = 180.
Initial MSE: 1066.4604
Iteration 1 of 50 | Duration = 6.774 | MSE = 238.6941
Iteration 2 of 50 | Duration = 8.115 | MSE = 198.8615
Iteration 3 of 50 | Duration = 7.146 | MSE = 183.5816
Iteration 4 of 50 | Duration = 7.233 | MSE = 177.1026
Iteration 5 of 50 | Duration = 7.156 | MSE = 173.8933
Iteration 6 of 50 | Duration = 7.014 | MSE = 171.8448
Iteration 7 of 50 | Duration = 7.458 | MSE = 170.5851
Iteration 8 of 50 | Duration = 7.085 | MSE = 169.6953
Iteration 9 of 50 | Duration = 6.842 | MSE = 169.0258
Iteration 10 of 50 | Duration = 7.004 | MSE = 168.4526
Iteration 11 of 50 | Duration = 7.227 | MSE = 167.9417
Iteration 12 of 50 | Duration = 7.357 | MSE = 167.6003

Running polya filter for radius = 2, bins = 128, delta = 200.
Initial MSE: 1066.4604
Iteration 1 of 50 | Duration = 6.933 | MSE = 238.6941
Iteration 2 of 50 | Duration = 7.485 | MSE = 198.8397
Iteration 3 of 50 | Duration = 7.232 | MSE = 183.5873
Iteration 4 of 50 | Duration = 7.165 | MSE = 177.1564
Iteration 5 of 50 | Duration = 7.364 | MSE = 173.9428
Iteration 6 of 50 | Duration = 7.363 | MSE = 171.8584
Iteration 7 of 50 | Duration = 7.215 | MSE = 170.6113
Iteration 8 of 50 | Duration = 7.013 | MSE = 169.7122
Iteration 9 of 50 | Duration = 7.164 | MSE = 169.0580
Iteration 10 of 50 | Duration = 7.123 | MSE = 168.4642
Iteration 11 of 50 | Duration = 7.456 | MSE = 167.9521
Iteration 12 of 50 | Duration = 6.966 | MSE = 167.6212

Running polya filter for radius = 2, bins = 256, delta = 20.
Initial MSE: 1066.4604
Iteration 1 of 50 | Duration = 10.600 | MSE = 1066.4604
Iteration 2 of 50 | Duration = 11.436 | MSE = 1066.4604
Iteration 3 of 50 | Duration = 11.783 | MSE = 1066.4604

Running polya filter for radius = 2, bins = 256, delta = 40.
Initial MSE: 1066.4604
Iteration 1 of 50 | Duration = 11.387 | MSE = 1066.4604
Iteration 2 of 50 | Duration = 11.718 | MSE = 1066.4604
Iteration 3 of 50 | Duration = 11.014 | MSE = 664.8649
Iteration 4 of 50 | Duration = 11.789 | MSE = 446.1050
Iteration 5 of 50 | Duration = 11.968 | MSE = 337.8775
Iteration 6 of 50 | Duration = 11.984 | MSE = 240.0864
Iteration 7 of 50 | Duration = 11.649 | MSE = 207.2413
Iteration 8 of 50 | Duration = 12.325 | MSE = 188.0565
Iteration 9 of 50 | Duration = 12.187 | MSE = 179.6103
Iteration 10 of 50 | Duration = 12.250 | MSE = 175.6984
Iteration 11 of 50 | Duration = 11.792 | MSE = 173.7171
Iteration 12 of 50 | Duration = 12.181 | MSE = 172.5961
Iteration 13 of 50 | Duration = 12.319 | MSE = 171.7165
Iteration 14 of 50 | Duration = 11.997 | MSE = 171.0891
Iteration 15 of 50 | Duration = 12.312 | MSE = 170.5784
Iteration 16 of 50 | Duration = 12.404 | MSE = 170.1266

Running polya filter for radius = 2, bins = 256, delta = 60.
Initial MSE: 1066.4604
Iteration 1 of 50 | Duration = 11.217 | MSE = 1066.4604
Iteration 2 of 50 | Duration = 11.325 | MSE = 602.4755
Iteration 3 of 50 | Duration = 11.587 | MSE = 356.8348
Iteration 4 of 50 | Duration = 12.624 | MSE = 221.1915
Iteration 5 of 50 | Duration = 11.826 | MSE = 189.7542
Iteration 6 of 50 | Duration = 11.959 | MSE = 179.3406
Iteration 7 of 50 | Duration = 12.196 | MSE = 175.8844
Iteration 8 of 50 | Duration = 11.858 | MSE = 173.7224
Iteration 9 of 50 | Duration = 11.915 | MSE = 172.5690
Iteration 10 of 50 | Duration = 11.685 | MSE = 171.4989
Iteration 11 of 50 | Duration = 12.232 | MSE = 170.8214
Iteration 12 of 50 | Duration = 12.383 | MSE = 170.0705
Iteration 13 of 50 | Duration = 11.969 | MSE = 169.5671
Iteration 14 of 50 | Duration = 12.016 | MSE = 169.1446

Running polya filter for radius = 2, bins = 256, delta = 80.
Initial MSE: 1066.4604
Iteration 1 of 50 | Duration = 10.988 | MSE = 1066.4604
Iteration 2 of 50 | Duration = 11.187 | MSE = 603.4666
Iteration 3 of 50 | Duration = 12.133 | MSE = 371.3228
Iteration 4 of 50 | Duration = 12.358 | MSE = 219.1836
Iteration 5 of 50 | Duration = 12.577 | MSE = 189.4723
Iteration 6 of 50 | Duration = 12.049 | MSE = 178.4913
Iteration 7 of 50 | Duration = 12.240 | MSE = 175.0399
Iteration 8 of 50 | Duration = 12.006 | MSE = 173.1652
Iteration 9 of 50 | Duration = 12.733 | MSE = 172.0642
Iteration 10 of 50 | Duration = 12.548 | MSE = 171.1651
Iteration 11 of 50 | Duration = 12.134 | MSE = 170.5492
Iteration 12 of 50 | Duration = 12.127 | MSE = 169.9152
Iteration 13 of 50 | Duration = 12.102 | MSE = 169.4633

Running polya filter for radius = 2, bins = 256, delta = 100.
Initial MSE: 1066.4604
Iteration 1 of 50 | Duration = 13.407 | MSE = 393.1370
Iteration 2 of 50 | Duration = 12.797 | MSE = 206.0537
Iteration 3 of 50 | Duration = 12.007 | MSE = 187.3191
Iteration 4 of 50 | Duration = 12.195 | MSE = 179.2566
Iteration 5 of 50 | Duration = 12.502 | MSE = 174.3910
Iteration 6 of 50 | Duration = 12.710 | MSE = 171.4186
Iteration 7 of 50 | Duration = 12.673 | MSE = 169.7159
Iteration 8 of 50 | Duration = 11.744 | MSE = 168.5370
Iteration 9 of 50 | Duration = 12.163 | MSE = 167.6486
Iteration 10 of 50 | Duration = 12.501 | MSE = 166.9172
Iteration 11 of 50 | Duration = 12.496 | MSE = 166.3398
Iteration 12 of 50 | Duration = 12.523 | MSE = 165.8604

Running polya filter for radius = 2, bins = 256, delta = 120.
Initial MSE: 1066.4604
Iteration 1 of 50 | Duration = 11.123 | MSE = 239.1945
Iteration 2 of 50 | Duration = 12.590 | MSE = 199.9641
Iteration 3 of 50 | Duration = 12.127 | MSE = 183.9123
Iteration 4 of 50 | Duration = 12.598 | MSE = 178.9500
Iteration 5 of 50 | Duration = 12.921 | MSE = 174.8678
Iteration 6 of 50 | Duration = 12.355 | MSE = 172.7424
Iteration 7 of 50 | Duration = 12.301 | MSE = 171.3708
Iteration 8 of 50 | Duration = 12.298 | MSE = 170.4500
Iteration 9 of 50 | Duration = 12.066 | MSE = 169.7028
Iteration 10 of 50 | Duration = 12.416 | MSE = 169.0752
Iteration 11 of 50 | Duration = 12.979 | MSE = 168.5670
Iteration 12 of 50 | Duration = 11.975 | MSE = 168.2420

Running polya filter for radius = 2, bins = 256, delta = 140.
Initial MSE: 1066.4604
Iteration 1 of 50 | Duration = 10.934 | MSE = 239.1945
Iteration 2 of 50 | Duration = 12.575 | MSE = 199.9621
Iteration 3 of 50 | Duration = 12.082 | MSE = 184.0063
Iteration 4 of 50 | Duration = 12.634 | MSE = 178.6488
Iteration 5 of 50 | Duration = 12.282 | MSE = 174.7656
Iteration 6 of 50 | Duration = 12.503 | MSE = 172.6091
Iteration 7 of 50 | Duration = 11.749 | MSE = 171.2661
Iteration 8 of 50 | Duration = 11.583 | MSE = 170.3832
Iteration 9 of 50 | Duration = 12.241 | MSE = 169.6637
Iteration 10 of 50 | Duration = 12.092 | MSE = 169.0531
Iteration 11 of 50 | Duration = 12.931 | MSE = 168.5430
Iteration 12 of 50 | Duration = 12.492 | MSE = 168.2021

Running polya filter for radius = 2, bins = 256, delta = 160.
Initial MSE: 1066.4604
Iteration 1 of 50 | Duration = 11.069 | MSE = 239.1945
Iteration 2 of 50 | Duration = 12.700 | MSE = 199.9570
Iteration 3 of 50 | Duration = 12.220 | MSE = 184.3216
Iteration 4 of 50 | Duration = 12.410 | MSE = 177.5287
Iteration 5 of 50 | Duration = 12.854 | MSE = 174.3948
Iteration 6 of 50 | Duration = 12.240 | MSE = 172.2214
Iteration 7 of 50 | Duration = 11.856 | MSE = 170.8612
Iteration 8 of 50 | Duration = 12.318 | MSE = 169.9521
Iteration 9 of 50 | Duration = 12.747 | MSE = 169.2771
Iteration 10 of 50 | Duration = 12.934 | MSE = 168.7022
Iteration 11 of 50 | Duration = 12.719 | MSE = 168.2267

Running polya filter for radius = 2, bins = 256, delta = 180.
Initial MSE: 1066.4604
Iteration 1 of 50 | Duration = 10.653 | MSE = 239.1945
Iteration 2 of 50 | Duration = 12.326 | MSE = 199.6315
Iteration 3 of 50 | Duration = 12.297 | MSE = 183.9309
Iteration 4 of 50 | Duration = 12.380 | MSE = 177.5022
Iteration 5 of 50 | Duration = 12.910 | MSE = 174.2300
Iteration 6 of 50 | Duration = 12.428 | MSE = 172.0967
Iteration 7 of 50 | Duration = 12.296 | MSE = 170.7938
Iteration 8 of 50 | Duration = 12.228 | MSE = 169.8974
Iteration 9 of 50 | Duration = 12.704 | MSE = 169.2285
Iteration 10 of 50 | Duration = 12.354 | MSE = 168.6292
Iteration 11 of 50 | Duration = 12.494 | MSE = 168.1377

Running polya filter for radius = 2, bins = 256, delta = 200.
Initial MSE: 1066.4604
Iteration 1 of 50 | Duration = 10.929 | MSE = 239.1945
Iteration 2 of 50 | Duration = 12.500 | MSE = 199.6098
Iteration 3 of 50 | Duration = 12.342 | MSE = 183.9369
Iteration 4 of 50 | Duration = 12.423 | MSE = 177.5581
Iteration 5 of 50 | Duration = 12.567 | MSE = 174.2831
Iteration 6 of 50 | Duration = 11.920 | MSE = 172.1157
Iteration 7 of 50 | Duration = 12.255 | MSE = 170.8260
Iteration 8 of 50 | Duration = 11.841 | MSE = 169.9146
Iteration 9 of 50 | Duration = 12.462 | MSE = 169.2611
Iteration 10 of 50 | Duration = 12.866 | MSE = 168.6455
Iteration 11 of 50 | Duration = 12.562 | MSE = 168.1535

Optimal Median:  N = 8, MSE = 146.8677, PSNR = 26.4615, SSIM = 0.6857
